# JRE version: OpenJDK Runtime Environment (8.0_265-b01) (build 1.8.0_265-b01)
# Java VM: OpenJDK 64-Bit Server VM (25.265-b01 mixed mode linux-amd64 compressed oops)
Heap:
 def new generation   total 161856K, used 0K [0x00000000c0000000, 0x00000000cafa0000, 0x00000000d5550000)
  eden space 143872K,   0% used [0x00000000c0000000, 0x00000000c0000000, 0x00000000c8c80000)
  from space 17984K,   0% used [0x00000000c8c80000, 0x00000000c8c80000, 0x00000000c9e10000)
  to   space 17984K,   0% used [0x00000000c9e10000, 0x00000000c9e10000, 0x00000000cafa0000)
 tenured generation   total 361440K, used 296553K [0x00000000d5550000, 0x00000000eb648000, 0x0000000100000000)
   the space 361440K,  82% used [0x00000000d5550000, 0x00000000e76ea728, 0x00000000e76ea800, 0x00000000eb648000)
 Metaspace       used 83490K, capacity 91784K, committed 91904K, reserved 1128448K
  class space    used 11511K, capacity 13486K, committed 13568K, reserved 1048576K
GC Heap History (250 events):
Event: 23.780 GC heap after
Heap after GC invocations=89 (full 7):
 def new generation   total 95296K, used 5422K [0x00000000c0000000, 0x00000000c6760000, 0x00000000d5550000)
  eden space 84736K,   0% used [0x00000000c0000000, 0x00000000c0000000, 0x00000000c52c0000)
  from space 10560K,  51% used [0x00000000c5d10000, 0x00000000c625b8e8, 0x00000000c6760000)
  to   space 10560K,   0% used [0x00000000c52c0000, 0x00000000c52c0000, 0x00000000c5d10000)
 tenured generation   total 211680K, used 154282K [0x00000000d5550000, 0x00000000e2408000, 0x0000000100000000)
   the space 211680K,  72% used [0x00000000d5550000, 0x00000000debfab60, 0x00000000debfac00, 0x00000000e2408000)
 Metaspace       used 61692K, capacity 67657K, committed 67712K, reserved 1107968K
  class space    used 8499K, capacity 10085K, committed 10112K, reserved 1048576K
}
Event: 23.969 GC heap before
{Heap before GC invocations=89 (full 7):
 def new generation   total 95296K, used 90158K [0x00000000c0000000, 0x00000000c6760000, 0x00000000d5550000)
  eden space 84736K, 100% used [0x00000000c0000000, 0x00000000c52c0000, 0x00000000c52c0000)
  from space 10560K,  51% used [0x00000000c5d10000, 0x00000000c625b8e8, 0x00000000c6760000)
  to   space 10560K,   0% used [0x00000000c52c0000, 0x00000000c52c0000, 0x00000000c5d10000)
 tenured generation   total 211680K, used 154282K [0x00000000d5550000, 0x00000000e2408000, 0x0000000100000000)
   the space 211680K,  72% used [0x00000000d5550000, 0x00000000debfab60, 0x00000000debfac00, 0x00000000e2408000)
 Metaspace       used 62042K, capacity 68039K, committed 68352K, reserved 1107968K
  class space    used 8551K, capacity 10131K, committed 10240K, reserved 1048576K
Event: 23.989 GC heap after
Heap after GC invocations=90 (full 7):
 def new generation   total 95296K, used 4556K [0x00000000c0000000, 0x00000000c6760000, 0x00000000d5550000)
  eden space 84736K,   0% used [0x00000000c0000000, 0x00000000c0000000, 0x00000000c52c0000)
  from space 10560K,  43% used [0x00000000c52c0000, 0x00000000c5733130, 0x00000000c5d10000)
  to   space 10560K,   0% used [0x00000000c5d10000, 0x00000000c5d10000, 0x00000000c6760000)
 tenured generation   total 211680K, used 154659K [0x00000000d5550000, 0x00000000e2408000, 0x0000000100000000)
   the space 211680K,  73% used [0x00000000d5550000, 0x00000000dec58db8, 0x00000000dec58e00, 0x00000000e2408000)
 Metaspace       used 62042K, capacity 68039K, committed 68352K, reserved 1107968K
  class space    used 8551K, capacity 10131K, committed 10240K, reserved 1048576K
}
Event: 24.165 GC heap before
{Heap before GC invocations=90 (full 7):
 def new generation   total 95296K, used 89720K [0x00000000c0000000, 0x00000000c6760000, 0x00000000d5550000)
  eden space 84736K, 100% used [0x00000000c0000000, 0x00000000c52c0000, 0x00000000c52c0000)
  from space 10560K,  47% used [0x00000000c52c0000, 0x00000000c579e028, 0x00000000c5d10000)
  to   space 10560K,   0% used [0x00000000c5d10000, 0x00000000c5d10000, 0x00000000c6760000)
 tenured generation   total 211680K, used 154659K [0x00000000d5550000, 0x00000000e2408000, 0x0000000100000000)
   the space 211680K,  73% used [0x00000000d5550000, 0x00000000dec58db8, 0x00000000dec58e00, 0x00000000e2408000)
 Metaspace       used 62506K, capacity 68467K, committed 68608K, reserved 1107968K
  class space    used 8604K, capacity 10183K, committed 10240K, reserved 1048576K
Event: 24.186 GC heap after
Heap after GC invocations=91 (full 7):
 def new generation   total 95296K, used 4821K [0x00000000c0000000, 0x00000000c6760000, 0x00000000d5550000)
  eden space 84736K,   0% used [0x00000000c0000000, 0x00000000c0000000, 0x00000000c52c0000)
  from space 10560K,  45% used [0x00000000c5d10000, 0x00000000c61c57f8, 0x00000000c6760000)
  to   space 10560K,   0% used [0x00000000c52c0000, 0x00000000c52c0000, 0x00000000c5d10000)
 tenured generation   total 211680K, used 154659K [0x00000000d5550000, 0x00000000e2408000, 0x0000000100000000)
   the space 211680K,  73% used [0x00000000d5550000, 0x00000000dec58db8, 0x00000000dec58e00, 0x00000000e2408000)
 Metaspace       used 62506K, capacity 68467K, committed 68608K, reserved 1107968K
  class space    used 8604K, capacity 10183K, committed 10240K, reserved 1048576K
}
Event: 24.361 GC heap before
{Heap before GC invocations=91 (full 7):
 def new generation   total 95296K, used 89557K [0x00000000c0000000, 0x00000000c6760000, 0x00000000d5550000)
  eden space 84736K, 100% used [0x00000000c0000000, 0x00000000c52c0000, 0x00000000c52c0000)
  from space 10560K,  45% used [0x00000000c5d10000, 0x00000000c61c57f8, 0x00000000c6760000)
  to   space 10560K,   0% used [0x00000000c52c0000, 0x00000000c52c0000, 0x00000000c5d10000)
 tenured generation   total 211680K, used 154659K [0x00000000d5550000, 0x00000000e2408000, 0x0000000100000000)
   the space 211680K,  73% used [0x00000000d5550000, 0x00000000dec58db8, 0x00000000dec58e00, 0x00000000e2408000)
 Metaspace       used 63262K, capacity 69301K, committed 69504K, reserved 1107968K
  class space    used 8704K, capacity 10305K, committed 10368K, reserved 1048576K
Event: 24.387 GC heap after
Heap after GC invocations=92 (full 7):
 def new generation   total 95296K, used 5960K [0x00000000c0000000, 0x00000000c6760000, 0x00000000d5550000)
  eden space 84736K,   0% used [0x00000000c0000000, 0x00000000c0000000, 0x00000000c52c0000)
  from space 10560K,  56% used [0x00000000c52c0000, 0x00000000c58920b8, 0x00000000c5d10000)
  to   space 10560K,   0% used [0x00000000c5d10000, 0x00000000c5d10000, 0x00000000c6760000)
 tenured generation   total 211680K, used 154659K [0x00000000d5550000, 0x00000000e2408000, 0x0000000100000000)
   the space 211680K,  73% used [0x00000000d5550000, 0x00000000dec58db8, 0x00000000dec58e00, 0x00000000e2408000)
 Metaspace       used 63262K, capacity 69301K, committed 69504K, reserved 1107968K
  class space    used 8704K, capacity 10305K, committed 10368K, reserved 1048576K
}
Event: 24.941 GC heap before
{Heap before GC invocations=92 (full 7):
 def new generation   total 95296K, used 90696K [0x00000000c0000000, 0x00000000c6760000, 0x00000000d5550000)
  eden space 84736K, 100% used [0x00000000c0000000, 0x00000000c52c0000, 0x00000000c52c0000)
  from space 10560K,  56% used [0x00000000c52c0000, 0x00000000c58920b8, 0x00000000c5d10000)
  to   space 10560K,   0% used [0x00000000c5d10000, 0x00000000c5d10000, 0x00000000c6760000)
 tenured generation   total 211680K, used 154659K [0x00000000d5550000, 0x00000000e2408000, 0x0000000100000000)
   the space 211680K,  73% used [0x00000000d5550000, 0x00000000dec58db8, 0x00000000dec58e00, 0x00000000e2408000)
 Metaspace       used 64252K, capacity 70523K, committed 70656K, reserved 1110016K
  class space    used 8838K, capacity 10476K, committed 10496K, reserved 1048576K
Event: 24.991 GC heap after
Heap after GC invocations=93 (full 7):
 def new generation   total 95296K, used 10560K [0x00000000c0000000, 0x00000000c6760000, 0x00000000d5550000)
  eden space 84736K,   0% used [0x00000000c0000000, 0x00000000c0000000, 0x00000000c52c0000)
  from space 10560K, 100% used [0x00000000c5d10000, 0x00000000c6760000, 0x00000000c6760000)
  to   space 10560K,   0% used [0x00000000c52c0000, 0x00000000c52c0000, 0x00000000c5d10000)
 tenured generation   total 211680K, used 156597K [0x00000000d5550000, 0x00000000e2408000, 0x0000000100000000)
   the space 211680K,  73% used [0x00000000d5550000, 0x00000000dee3d638, 0x00000000dee3d800, 0x00000000e2408000)
 Metaspace       used 64252K, capacity 70523K, committed 70656K, reserved 1110016K
  class space    used 8838K, capacity 10476K, committed 10496K, reserved 1048576K
}
Event: 25.230 GC heap before
{Heap before GC invocations=93 (full 7):
 def new generation   total 95296K, used 95296K [0x00000000c0000000, 0x00000000c6760000, 0x00000000d5550000)
  eden space 84736K, 100% used [0x00000000c0000000, 0x00000000c52c0000, 0x00000000c52c0000)
  from space 10560K, 100% used [0x00000000c5d10000, 0x00000000c6760000, 0x00000000c6760000)
  to   space 10560K,   0% used [0x00000000c52c0000, 0x00000000c52c0000, 0x00000000c5d10000)
 tenured generation   total 211680K, used 156597K [0x00000000d5550000, 0x00000000e2408000, 0x0000000100000000)
   the space 211680K,  73% used [0x00000000d5550000, 0x00000000dee3d638, 0x00000000dee3d800, 0x00000000e2408000)
 Metaspace       used 64327K, capacity 70599K, committed 70656K, reserved 1110016K
  class space    used 8839K, capacity 10476K, committed 10496K, reserved 1048576K
Event: 25.270 GC heap after
Heap after GC invocations=94 (full 7):
 def new generation   total 95296K, used 2364K [0x00000000c0000000, 0x00000000c6760000, 0x00000000d5550000)
  eden space 84736K,   0% used [0x00000000c0000000, 0x00000000c0000000, 0x00000000c52c0000)
  from space 10560K,  22% used [0x00000000c52c0000, 0x00000000c550f110, 0x00000000c5d10000)
  to   space 10560K,   0% used [0x00000000c5d10000, 0x00000000c5d10000, 0x00000000c6760000)
 tenured generation   total 211680K, used 167135K [0x00000000d5550000, 0x00000000e2408000, 0x0000000100000000)
   the space 211680K,  78% used [0x00000000d5550000, 0x00000000df887d00, 0x00000000df887e00, 0x00000000e2408000)
 Metaspace       used 64327K, capacity 70599K, committed 70656K, reserved 1110016K
  class space    used 8839K, capacity 10476K, committed 10496K, reserved 1048576K
}
Event: 25.881 GC heap before
{Heap before GC invocations=94 (full 7):
 def new generation   total 95296K, used 87100K [0x00000000c0000000, 0x00000000c6760000, 0x00000000d5550000)
  eden space 84736K, 100% used [0x00000000c0000000, 0x00000000c52c0000, 0x00000000c52c0000)
  from space 10560K,  22% used [0x00000000c52c0000, 0x00000000c550f110, 0x00000000c5d10000)
  to   space 10560K,   0% used [0x00000000c5d10000, 0x00000000c5d10000, 0x00000000c6760000)
 tenured generation   total 211680K, used 167135K [0x00000000d5550000, 0x00000000e2408000, 0x0000000100000000)
   the space 211680K,  78% used [0x00000000d5550000, 0x00000000df887d00, 0x00000000df887e00, 0x00000000e2408000)
 Metaspace       used 64669K, capacity 70967K, committed 71168K, reserved 1110016K
  class space    used 8863K, capacity 10486K, committed 10496K, reserved 1048576K
Event: 25.897 GC heap after
Heap after GC invocations=95 (full 7):
 def new generation   total 95296K, used 10560K [0x00000000c0000000, 0x00000000c6760000, 0x00000000d5550000)
  eden space 84736K,   0% used [0x00000000c0000000, 0x00000000c0000000, 0x00000000c52c0000)
  from space 10560K, 100% used [0x00000000c5d10000, 0x00000000c6760000, 0x00000000c6760000)
  to   space 10560K,   0% used [0x00000000c52c0000, 0x00000000c52c0000, 0x00000000c5d10000)
 tenured generation   total 211680K, used 167970K [0x00000000d5550000, 0x00000000e2408000, 0x0000000100000000)
   the space 211680K,  79% used [0x00000000d5550000, 0x00000000df958b60, 0x00000000df958c00, 0x00000000e2408000)
 Metaspace       used 64669K, capacity 70967K, committed 71168K, reserved 1110016K
  class space    used 8863K, capacity 10486K, committed 10496K, reserved 1048576K
}
Event: 26.585 GC heap before
{Heap before GC invocations=95 (full 7):
 def new generation   total 95296K, used 95296K [0x00000000c0000000, 0x00000000c6760000, 0x00000000d5550000)
  eden space 84736K, 100% used [0x00000000c0000000, 0x00000000c52c0000, 0x00000000c52c0000)
  from space 10560K, 100% used [0x00000000c5d10000, 0x00000000c6760000, 0x00000000c6760000)
  to   space 10560K,   0% used [0x00000000c52c0000, 0x00000000c52c0000, 0x00000000c5d10000)
 tenured generation   total 211680K, used 167970K [0x00000000d5550000, 0x00000000e2408000, 0x0000000100000000)
   the space 211680K,  79% used [0x00000000d5550000, 0x00000000df958b60, 0x00000000df958c00, 0x00000000e2408000)
 Metaspace       used 64759K, capacity 71095K, committed 71168K, reserved 1110016K
  class space    used 8863K, capacity 10486K, committed 10496K, reserved 1048576K
Event: 26.632 GC heap after
Heap after GC invocations=96 (full 7):
 def new generation   total 95296K, used 10560K [0x00000000c0000000, 0x00000000c6760000, 0x00000000d5550000)
  eden space 84736K,   0% used [0x00000000c0000000, 0x00000000c0000000, 0x00000000c52c0000)
  from space 10560K, 100% used [0x00000000c52c0000, 0x00000000c5d10000, 0x00000000c5d10000)
  to   space 10560K,   0% used [0x00000000c5d10000, 0x00000000c5d10000, 0x00000000c6760000)
 tenured generation   total 211680K, used 185462K [0x00000000d5550000, 0x00000000e2408000, 0x0000000100000000)
   the space 211680K,  87% used [0x00000000d5550000, 0x00000000e0a6d9d0, 0x00000000e0a6da00, 0x00000000e2408000)
 Metaspace       used 64759K, capacity 71095K, committed 71168K, reserved 1110016K
  class space    used 8863K, capacity 10486K, committed 10496K, reserved 1048576K
}
Event: 26.807 GC heap before
{Heap before GC invocations=96 (full 7):
 def new generation   total 95296K, used 95296K [0x00000000c0000000, 0x00000000c6760000, 0x00000000d5550000)
  eden space 84736K, 100% used [0x00000000c0000000, 0x00000000c52c0000, 0x00000000c52c0000)
  from space 10560K, 100% used [0x00000000c52c0000, 0x00000000c5d10000, 0x00000000c5d10000)
  to   space 10560K,   0% used [0x00000000c5d10000, 0x00000000c5d10000, 0x00000000c6760000)
 tenured generation   total 211680K, used 185462K [0x00000000d5550000, 0x00000000e2408000, 0x0000000100000000)
   the space 211680K,  87% used [0x00000000d5550000, 0x00000000e0a6d9d0, 0x00000000e0a6da00, 0x00000000e2408000)
 Metaspace       used 64887K, capacity 71307K, committed 71552K, reserved 1110016K
  class space    used 8890K, capacity 10548K, committed 10624K, reserved 1048576K
Event: 26.827 GC heap after
Heap after GC invocations=97 (full 7):
 def new generation   total 95296K, used 3785K [0x00000000c0000000, 0x00000000c6760000, 0x00000000d5550000)
  eden space 84736K,   0% used [0x00000000c0000000, 0x00000000c0000000, 0x00000000c52c0000)
  from space 10560K,  35% used [0x00000000c5d10000, 0x00000000c60c24f0, 0x00000000c6760000)
  to   space 10560K,   0% used [0x00000000c52c0000, 0x00000000c52c0000, 0x00000000c5d10000)
 tenured generation   total 211680K, used 195993K [0x00000000d5550000, 0x00000000e2408000, 0x0000000100000000)
   the space 211680K,  92% used [0x00000000d5550000, 0x00000000e14b6600, 0x00000000e14b6600, 0x00000000e2408000)
 Metaspace       used 64887K, capacity 71307K, committed 71552K, reserved 1110016K
  class space    used 8890K, capacity 10548K, committed 10624K, reserved 1048576K
}
Event: 27.011 GC heap before
{Heap before GC invocations=97 (full 7):
 def new generation   total 95296K, used 88521K [0x00000000c0000000, 0x00000000c6760000, 0x00000000d5550000)
  eden space 84736K, 100% used [0x00000000c0000000, 0x00000000c52c0000, 0x00000000c52c0000)
  from space 10560K,  35% used [0x00000000c5d10000, 0x00000000c60c24f0, 0x00000000c6760000)
  to   space 10560K,   0% used [0x00000000c52c0000, 0x00000000c52c0000, 0x00000000c5d10000)
 tenured generation   total 211680K, used 195993K [0x00000000d5550000, 0x00000000e2408000, 0x0000000100000000)
   the space 211680K,  92% used [0x00000000d5550000, 0x00000000e14b6600, 0x00000000e14b6600, 0x00000000e2408000)
 Metaspace       used 64924K, capacity 71321K, committed 71552K, reserved 1110016K
  class space    used 8890K, capacity 10549K, committed 10624K, reserved 1048576K
Event: 27.023 GC heap after
Heap after GC invocations=98 (full 7):
 def new generation   total 95296K, used 9532K [0x00000000c0000000, 0x00000000c6760000, 0x00000000d5550000)
  eden space 84736K,   0% used [0x00000000c0000000, 0x00000000c0000000, 0x00000000c52c0000)
  from space 10560K,  90% used [0x00000000c52c0000, 0x00000000c5c0f1a8, 0x00000000c5d10000)
  to   space 10560K,   0% used [0x00000000c5d10000, 0x00000000c5d10000, 0x00000000c6760000)
 tenured generation   total 211680K, used 195993K [0x00000000d5550000, 0x00000000e2408000, 0x0000000100000000)
   the space 211680K,  92% used [0x00000000d5550000, 0x00000000e14b6600, 0x00000000e14b6600, 0x00000000e2408000)
 Metaspace       used 64924K, capacity 71321K, committed 71552K, reserved 1110016K
  class space    used 8890K, capacity 10549K, committed 10624K, reserved 1048576K
}
Event: 27.303 GC heap before
{Heap before GC invocations=98 (full 7):
 def new generation   total 95296K, used 94268K [0x00000000c0000000, 0x00000000c6760000, 0x00000000d5550000)
  eden space 84736K, 100% used [0x00000000c0000000, 0x00000000c52c0000, 0x00000000c52c0000)
  from space 10560K,  90% used [0x00000000c52c0000, 0x00000000c5c0f1a8, 0x00000000c5d10000)
  to   space 10560K,   0% used [0x00000000c5d10000, 0x00000000c5d10000, 0x00000000c6760000)
 tenured generation   total 211680K, used 195993K [0x00000000d5550000, 0x00000000e2408000, 0x0000000100000000)
   the space 211680K,  92% used [0x00000000d5550000, 0x00000000e14b6600, 0x00000000e14b6600, 0x00000000e2408000)
 Metaspace       used 64925K, capacity 71321K, committed 71552K, reserved 1110016K
  class space    used 8890K, capacity 10549K, committed 10624K, reserved 1048576K
Event: 27.337 GC heap after
Heap after GC invocations=99 (full 7):
 def new generation   total 95296K, used 8319K [0x00000000c0000000, 0x00000000c6760000, 0x00000000d5550000)
  eden space 84736K,   0% used [0x00000000c0000000, 0x00000000c0000000, 0x00000000c52c0000)
  from space 10560K,  78% used [0x00000000c5d10000, 0x00000000c652fca8, 0x00000000c6760000)
  to   space 10560K,   0% used [0x00000000c52c0000, 0x00000000c52c0000, 0x00000000c5d10000)
 tenured generation   total 211680K, used 205489K [0x00000000d5550000, 0x00000000e2408000, 0x0000000100000000)
   the space 211680K,  97% used [0x00000000d5550000, 0x00000000e1dfc628, 0x00000000e1dfc800, 0x00000000e2408000)
 Metaspace       used 64925K, capacity 71321K, committed 71552K, reserved 1110016K
  class space    used 8890K, capacity 10549K, committed 10624K, reserved 1048576K
}
Event: 28.013 GC heap before
{Heap before GC invocations=99 (full 7):
 def new generation   total 95296K, used 93055K [0x00000000c0000000, 0x00000000c6760000, 0x00000000d5550000)
  eden space 84736K, 100% used [0x00000000c0000000, 0x00000000c52c0000, 0x00000000c52c0000)
  from space 10560K,  78% used [0x00000000c5d10000, 0x00000000c652fca8, 0x00000000c6760000)
  to   space 10560K,   0% used [0x00000000c52c0000, 0x00000000c52c0000, 0x00000000c5d10000)
 tenured generation   total 211680K, used 205489K [0x00000000d5550000, 0x00000000e2408000, 0x0000000100000000)
   the space 211680K,  97% used [0x00000000d5550000, 0x00000000e1dfc628, 0x00000000e1dfc800, 0x00000000e2408000)
 Metaspace       used 65149K, capacity 71655K, committed 71808K, reserved 1110016K
  class space    used 8920K, capacity 10582K, committed 10624K, reserved 1048576K
Event: 28.684 GC heap after
Heap after GC invocations=100 (full 8):
 def new generation   total 161856K, used 664K [0x00000000c0000000, 0x00000000cafa0000, 0x00000000d5550000)
  eden space 143872K,   0% used [0x00000000c0000000, 0x00000000c00a62e0, 0x00000000c8c80000)
  from space 17984K,   0% used [0x00000000c8c80000, 0x00000000c8c80000, 0x00000000c9e10000)
  to   space 17984K,   0% used [0x00000000c9e10000, 0x00000000c9e10000, 0x00000000cafa0000)
 tenured generation   total 359520K, used 215711K [0x00000000d5550000, 0x00000000eb468000, 0x0000000100000000)
   the space 359520K,  59% used [0x00000000d5550000, 0x00000000e27f7ff0, 0x00000000e27f8000, 0x00000000eb468000)
 Metaspace       used 65149K, capacity 71655K, committed 71808K, reserved 1110016K
  class space    used 8920K, capacity 10582K, committed 10624K, reserved 1048576K
}
Event: 29.549 GC heap before
{Heap before GC invocations=100 (full 8):
 def new generation   total 161856K, used 143872K [0x00000000c0000000, 0x00000000cafa0000, 0x00000000d5550000)
  eden space 143872K, 100% used [0x00000000c0000000, 0x00000000c8c80000, 0x00000000c8c80000)
  from space 17984K,   0% used [0x00000000c8c80000, 0x00000000c8c80000, 0x00000000c9e10000)
  to   space 17984K,   0% used [0x00000000c9e10000, 0x00000000c9e10000, 0x00000000cafa0000)
 tenured generation   total 359520K, used 215711K [0x00000000d5550000, 0x00000000eb468000, 0x0000000100000000)
   the space 359520K,  59% used [0x00000000d5550000, 0x00000000e27f7ff0, 0x00000000e27f8000, 0x00000000eb468000)
 Metaspace       used 65331K, capacity 71939K, committed 72192K, reserved 1110016K
  class space    used 8961K, capacity 10636K, committed 10752K, reserved 1048576K
Event: 29.669 GC heap after
Heap after GC invocations=101 (full 8):
 def new generation   total 161856K, used 2409K [0x00000000c0000000, 0x00000000cafa0000, 0x00000000d5550000)
  eden space 143872K,   0% used [0x00000000c0000000, 0x00000000c0000000, 0x00000000c8c80000)
  from space 17984K,  13% used [0x00000000c9e10000, 0x00000000ca06a6b0, 0x00000000cafa0000)
  to   space 17984K,   0% used [0x00000000c8c80000, 0x00000000c8c80000, 0x00000000c9e10000)
 tenured generation   total 359520K, used 215711K [0x00000000d5550000, 0x00000000eb468000, 0x0000000100000000)
   the space 359520K,  59% used [0x00000000d5550000, 0x00000000e27f7ff0, 0x00000000e27f8000, 0x00000000eb468000)
 Metaspace       used 65331K, capacity 71939K, committed 72192K, reserved 1110016K
  class space    used 8961K, capacity 10636K, committed 10752K, reserved 1048576K
}
Event: 29.939 GC heap before
{Heap before GC invocations=101 (full 8):
 def new generation   total 161856K, used 146281K [0x00000000c0000000, 0x00000000cafa0000, 0x00000000d5550000)
  eden space 143872K, 100% used [0x00000000c0000000, 0x00000000c8c80000, 0x00000000c8c80000)
  from space 17984K,  13% used [0x00000000c9e10000, 0x00000000ca06a6b0, 0x00000000cafa0000)
  to   space 17984K,   0% used [0x00000000c8c80000, 0x00000000c8c80000, 0x00000000c9e10000)
 tenured generation   total 359520K, used 215711K [0x00000000d5550000, 0x00000000eb468000, 0x0000000100000000)
   the space 359520K,  59% used [0x00000000d5550000, 0x00000000e27f7ff0, 0x00000000e27f8000, 0x00000000eb468000)
 Metaspace       used 67771K, capacity 74377K, committed 74624K, reserved 1112064K
  class space    used 9655K, capacity 11315K, committed 11392K, reserved 1048576K
Event: 29.947 GC heap after
Heap after GC invocations=102 (full 8):
 def new generation   total 161856K, used 2580K [0x00000000c0000000, 0x00000000cafa0000, 0x00000000d5550000)
  eden space 143872K,   0% used [0x00000000c0000000, 0x00000000c0000000, 0x00000000c8c80000)
  from space 17984K,  14% used [0x00000000c8c80000, 0x00000000c8f052e0, 0x00000000c9e10000)
  to   space 17984K,   0% used [0x00000000c9e10000, 0x00000000c9e10000, 0x00000000cafa0000)
 tenured generation   total 359520K, used 215711K [0x00000000d5550000, 0x00000000eb468000, 0x0000000100000000)
   the space 359520K,  59% used [0x00000000d5550000, 0x00000000e27f7ff0, 0x00000000e27f8000, 0x00000000eb468000)
 Metaspace       used 67771K, capacity 74377K, committed 74624K, reserved 1112064K
  class space    used 9655K, capacity 11315K, committed 11392K, reserved 1048576K
}
Event: 30.514 GC heap before
{Heap before GC invocations=102 (full 8):
 def new generation   total 161856K, used 146452K [0x00000000c0000000, 0x00000000cafa0000, 0x00000000d5550000)
  eden space 143872K, 100% used [0x00000000c0000000, 0x00000000c8c80000, 0x00000000c8c80000)
  from space 17984K,  14% used [0x00000000c8c80000, 0x00000000c8f052e0, 0x00000000c9e10000)
  to   space 17984K,   0% used [0x00000000c9e10000, 0x00000000c9e10000, 0x00000000cafa0000)
 tenured generation   total 359520K, used 215711K [0x00000000d5550000, 0x00000000eb468000, 0x0000000100000000)
   the space 359520K,  59% used [0x00000000d5550000, 0x00000000e27f7ff0, 0x00000000e27f8000, 0x00000000eb468000)
 Metaspace       used 71259K, capacity 77885K, committed 78080K, reserved 1116160K
  class space    used 10367K, capacity 12027K, committed 12032K, reserved 1048576K
Event: 30.526 GC heap after
Heap after GC invocations=103 (full 8):
 def new generation   total 161856K, used 3426K [0x00000000c0000000, 0x00000000cafa0000, 0x00000000d5550000)
  eden space 143872K,   0% used [0x00000000c0000000, 0x00000000c0000000, 0x00000000c8c80000)
  from space 17984K,  19% used [0x00000000c9e10000, 0x00000000ca168ba0, 0x00000000cafa0000)
  to   space 17984K,   0% used [0x00000000c8c80000, 0x00000000c8c80000, 0x00000000c9e10000)
 tenured generation   total 359520K, used 215711K [0x00000000d5550000, 0x00000000eb468000, 0x0000000100000000)
   the space 359520K,  59% used [0x00000000d5550000, 0x00000000e27f7ff0, 0x00000000e27f8000, 0x00000000eb468000)
 Metaspace       used 71259K, capacity 77885K, committed 78080K, reserved 1116160K
  class space    used 10367K, capacity 12027K, committed 12032K, reserved 1048576K
}
Event: 30.873 GC heap before
{Heap before GC invocations=103 (full 8):
 def new generation   total 161856K, used 147298K [0x00000000c0000000, 0x00000000cafa0000, 0x00000000d5550000)
  eden space 143872K, 100% used [0x00000000c0000000, 0x00000000c8c80000, 0x00000000c8c80000)
  from space 17984K,  19% used [0x00000000c9e10000, 0x00000000ca168ba0, 0x00000000cafa0000)
  to   space 17984K,   0% used [0x00000000c8c80000, 0x00000000c8c80000, 0x00000000c9e10000)
 tenured generation   total 359520K, used 215711K [0x00000000d5550000, 0x00000000eb468000, 0x0000000100000000)
   the space 359520K,  59% used [0x00000000d5550000, 0x00000000e27f7ff0, 0x00000000e27f8000, 0x00000000eb468000)
 Metaspace       used 71490K, capacity 78209K, committed 78464K, reserved 1116160K
  class space    used 10382K, capacity 12077K, committed 12160K, reserved 1048576K
Event: 30.897 GC heap after
Heap after GC invocations=104 (full 8):
 def new generation   total 161856K, used 7504K [0x00000000c0000000, 0x00000000cafa0000, 0x00000000d5550000)
  eden space 143872K,   0% used [0x00000000c0000000, 0x00000000c0000000, 0x00000000c8c80000)
  from space 17984K,  41% used [0x00000000c8c80000, 0x00000000c93d40d0, 0x00000000c9e10000)
  to   space 17984K,   0% used [0x00000000c9e10000, 0x00000000c9e10000, 0x00000000cafa0000)
 tenured generation   total 359520K, used 215711K [0x00000000d5550000, 0x00000000eb468000, 0x0000000100000000)
   the space 359520K,  59% used [0x00000000d5550000, 0x00000000e27f7ff0, 0x00000000e27f8000, 0x00000000eb468000)
 Metaspace       used 71490K, capacity 78209K, committed 78464K, reserved 1116160K
  class space    used 10382K, capacity 12077K, committed 12160K, reserved 1048576K
}
Event: 31.372 GC heap before
{Heap before GC invocations=104 (full 8):
 def new generation   total 161856K, used 151376K [0x00000000c0000000, 0x00000000cafa0000, 0x00000000d5550000)
  eden space 143872K, 100% used [0x00000000c0000000, 0x00000000c8c80000, 0x00000000c8c80000)
  from space 17984K,  41% used [0x00000000c8c80000, 0x00000000c93d40d0, 0x00000000c9e10000)
  to   space 17984K,   0% used [0x00000000c9e10000, 0x00000000c9e10000, 0x00000000cafa0000)
 tenured generation   total 359520K, used 215711K [0x00000000d5550000, 0x00000000eb468000, 0x0000000100000000)
   the space 359520K,  59% used [0x00000000d5550000, 0x00000000e27f7ff0, 0x00000000e27f8000, 0x00000000eb468000)
 Metaspace       used 71616K, capacity 78337K, committed 78464K, reserved 1116160K
  class space    used 10387K, capacity 12077K, committed 12160K, reserved 1048576K
Event: 31.426 GC heap after
Heap after GC invocations=105 (full 8):
 def new generation   total 161856K, used 17984K [0x00000000c0000000, 0x00000000cafa0000, 0x00000000d5550000)
  eden space 143872K,   0% used [0x00000000c0000000, 0x00000000c0000000, 0x00000000c8c80000)
  from space 17984K, 100% used [0x00000000c9e10000, 0x00000000cafa0000, 0x00000000cafa0000)
  to   space 17984K,   0% used [0x00000000c8c80000, 0x00000000c8c80000, 0x00000000c9e10000)
 tenured generation   total 359520K, used 221560K [0x00000000d5550000, 0x00000000eb468000, 0x0000000100000000)
   the space 359520K,  61% used [0x00000000d5550000, 0x00000000e2dae2a0, 0x00000000e2dae400, 0x00000000eb468000)
 Metaspace       used 71616K, capacity 78337K, committed 78464K, reserved 1116160K
  class space    used 10387K, capacity 12077K, committed 12160K, reserved 1048576K
}
Event: 32.128 GC heap before
{Heap before GC invocations=105 (full 8):
 def new generation   total 161856K, used 161856K [0x00000000c0000000, 0x00000000cafa0000, 0x00000000d5550000)
  eden space 143872K, 100% used [0x00000000c0000000, 0x00000000c8c80000, 0x00000000c8c80000)
  from space 17984K, 100% used [0x00000000c9e10000, 0x00000000cafa0000, 0x00000000cafa0000)
  to   space 17984K,   0% used [0x00000000c8c80000, 0x00000000c8c80000, 0x00000000c9e10000)
 tenured generation   total 359520K, used 221560K [0x00000000d5550000, 0x00000000eb468000, 0x0000000100000000)
   the space 359520K,  61% used [0x00000000d5550000, 0x00000000e2dae2a0, 0x00000000e2dae400, 0x00000000eb468000)
 Metaspace       used 71620K, capacity 78337K, committed 78464K, reserved 1116160K
  class space    used 10387K, capacity 12077K, committed 12160K, reserved 1048576K
Event: 32.212 GC heap after
Heap after GC invocations=106 (full 8):
 def new generation   total 161856K, used 17983K [0x00000000c0000000, 0x00000000cafa0000, 0x00000000d5550000)
  eden space 143872K,   0% used [0x00000000c0000000, 0x00000000c0000000, 0x00000000c8c80000)
  from space 17984K,  99% used [0x00000000c8c80000, 0x00000000c9e0fff8, 0x00000000c9e10000)
  to   space 17984K,   0% used [0x00000000c9e10000, 0x00000000c9e10000, 0x00000000cafa0000)
 tenured generation   total 359520K, used 247594K [0x00000000d5550000, 0x00000000eb468000, 0x0000000100000000)
   the space 359520K,  68% used [0x00000000d5550000, 0x00000000e471aab8, 0x00000000e471ac00, 0x00000000eb468000)
 Metaspace       used 71620K, capacity 78337K, committed 78464K, reserved 1116160K
  class space    used 10387K, capacity 12077K, committed 12160K, reserved 1048576K
}
Event: 32.881 GC heap before
{Heap before GC invocations=106 (full 8):
 def new generation   total 161856K, used 161855K [0x00000000c0000000, 0x00000000cafa0000, 0x00000000d5550000)
  eden space 143872K, 100% used [0x00000000c0000000, 0x00000000c8c80000, 0x00000000c8c80000)
  from space 17984K,  99% used [0x00000000c8c80000, 0x00000000c9e0fff8, 0x00000000c9e10000)
  to   space 17984K,   0% used [0x00000000c9e10000, 0x00000000c9e10000, 0x00000000cafa0000)
 tenured generation   total 359520K, used 247594K [0x00000000d5550000, 0x00000000eb468000, 0x0000000100000000)
   the space 359520K,  68% used [0x00000000d5550000, 0x00000000e471aab8, 0x00000000e471ac00, 0x00000000eb468000)
 Metaspace       used 71747K, capacity 78481K, committed 78720K, reserved 1116160K
  class space    used 10405K, capacity 12097K, committed 12160K, reserved 1048576K
Event: 32.950 GC heap after
Heap after GC invocations=107 (full 8):
 def new generation   total 161856K, used 17983K [0x00000000c0000000, 0x00000000cafa0000, 0x00000000d5550000)
  eden space 143872K,   0% used [0x00000000c0000000, 0x00000000c0000000, 0x00000000c8c80000)
  from space 17984K,  99% used [0x00000000c9e10000, 0x00000000caf9fff8, 0x00000000cafa0000)
  to   space 17984K,   0% used [0x00000000c8c80000, 0x00000000c8c80000, 0x00000000c9e10000)
 tenured generation   total 359520K, used 269434K [0x00000000d5550000, 0x00000000eb468000, 0x0000000100000000)
   the space 359520K,  74% used [0x00000000d5550000, 0x00000000e5c6e888, 0x00000000e5c6ea00, 0x00000000eb468000)
 Metaspace       used 71747K, capacity 78481K, committed 78720K, reserved 1116160K
  class space    used 10405K, capacity 12097K, committed 12160K, reserved 1048576K
}
Event: 33.257 GC heap before
{Heap before GC invocations=107 (full 8):
 def new generation   total 161856K, used 161855K [0x00000000c0000000, 0x00000000cafa0000, 0x00000000d5550000)
  eden space 143872K, 100% used [0x00000000c0000000, 0x00000000c8c80000, 0x00000000c8c80000)
  from space 17984K,  99% used [0x00000000c9e10000, 0x00000000caf9fff8, 0x00000000cafa0000)
  to   space 17984K,   0% used [0x00000000c8c80000, 0x00000000c8c80000, 0x00000000c9e10000)
 tenured generation   total 359520K, used 269434K [0x00000000d5550000, 0x00000000eb468000, 0x0000000100000000)
   the space 359520K,  74% used [0x00000000d5550000, 0x00000000e5c6e888, 0x00000000e5c6ea00, 0x00000000eb468000)
 Metaspace       used 71758K, capacity 78497K, committed 78720K, reserved 1116160K
  class space    used 10407K, capacity 12101K, committed 12160K, reserved 1048576K
Event: 33.294 GC heap after
Heap after GC invocations=108 (full 8):
 def new generation   total 161856K, used 11009K [0x00000000c0000000, 0x00000000cafa0000, 0x00000000d5550000)
  eden space 143872K,   0% used [0x00000000c0000000, 0x00000000c0000000, 0x00000000c8c80000)
  from space 17984K,  61% used [0x00000000c8c80000, 0x00000000c9740780, 0x00000000c9e10000)
  to   space 17984K,   0% used [0x00000000c9e10000, 0x00000000c9e10000, 0x00000000cafa0000)
 tenured generation   total 359520K, used 287076K [0x00000000d5550000, 0x00000000eb468000, 0x0000000100000000)
   the space 359520K,  79% used [0x00000000d5550000, 0x00000000e6da92c0, 0x00000000e6da9400, 0x00000000eb468000)
 Metaspace       used 71758K, capacity 78497K, committed 78720K, reserved 1116160K
  class space    used 10407K, capacity 12101K, committed 12160K, reserved 1048576K
}
Event: 33.600 GC heap before
{Heap before GC invocations=108 (full 8):
 def new generation   total 161856K, used 154881K [0x00000000c0000000, 0x00000000cafa0000, 0x00000000d5550000)
  eden space 143872K, 100% used [0x00000000c0000000, 0x00000000c8c80000, 0x00000000c8c80000)
  from space 17984K,  61% used [0x00000000c8c80000, 0x00000000c9740780, 0x00000000c9e10000)
  to   space 17984K,   0% used [0x00000000c9e10000, 0x00000000c9e10000, 0x00000000cafa0000)
 tenured generation   total 359520K, used 287076K [0x00000000d5550000, 0x00000000eb468000, 0x0000000100000000)
   the space 359520K,  79% used [0x00000000d5550000, 0x00000000e6da92c0, 0x00000000e6da9400, 0x00000000eb468000)
 Metaspace       used 71759K, capacity 78497K, committed 78720K, reserved 1116160K
  class space    used 10407K, capacity 12101K, committed 12160K, reserved 1048576K
Event: 33.629 GC heap after
Heap after GC invocations=109 (full 8):
 def new generation   total 161856K, used 11491K [0x00000000c0000000, 0x00000000cafa0000, 0x00000000d5550000)
  eden space 143872K,   0% used [0x00000000c0000000, 0x00000000c0000000, 0x00000000c8c80000)
  from space 17984K,  63% used [0x00000000c9e10000, 0x00000000ca948ef0, 0x00000000cafa0000)
  to   space 17984K,   0% used [0x00000000c8c80000, 0x00000000c8c80000, 0x00000000c9e10000)
 tenured generation   total 359520K, used 298016K [0x00000000d5550000, 0x00000000eb468000, 0x0000000100000000)
   the space 359520K,  82% used [0x00000000d5550000, 0x00000000e7858370, 0x00000000e7858400, 0x00000000eb468000)
 Metaspace       used 71759K, capacity 78497K, committed 78720K, reserved 1116160K
  class space    used 10407K, capacity 12101K, committed 12160K, reserved 1048576K
}
Event: 34.379 GC heap before
{Heap before GC invocations=109 (full 8):
 def new generation   total 161856K, used 155363K [0x00000000c0000000, 0x00000000cafa0000, 0x00000000d5550000)
  eden space 143872K, 100% used [0x00000000c0000000, 0x00000000c8c80000, 0x00000000c8c80000)
  from space 17984K,  63% used [0x00000000c9e10000, 0x00000000ca948ef0, 0x00000000cafa0000)
  to   space 17984K,   0% used [0x00000000c8c80000, 0x00000000c8c80000, 0x00000000c9e10000)
 tenured generation   total 359520K, used 298016K [0x00000000d5550000, 0x00000000eb468000, 0x0000000100000000)
   the space 359520K,  82% used [0x00000000d5550000, 0x00000000e7858370, 0x00000000e7858400, 0x00000000eb468000)
 Metaspace       used 71956K, capacity 78729K, committed 78976K, reserved 1116160K
  class space    used 10428K, capacity 12121K, committed 12160K, reserved 1048576K
Event: 34.405 GC heap after
Heap after GC invocations=110 (full 8):
 def new generation   total 161856K, used 3268K [0x00000000c0000000, 0x00000000cafa0000, 0x00000000d5550000)
  eden space 143872K,   0% used [0x00000000c0000000, 0x00000000c0000000, 0x00000000c8c80000)
  from space 17984K,  18% used [0x00000000c8c80000, 0x00000000c8fb1010, 0x00000000c9e10000)
  to   space 17984K,   0% used [0x00000000c9e10000, 0x00000000c9e10000, 0x00000000cafa0000)
 tenured generation   total 359520K, used 309481K [0x00000000d5550000, 0x00000000eb468000, 0x0000000100000000)
   the space 359520K,  86% used [0x00000000d5550000, 0x00000000e838a4a0, 0x00000000e838a600, 0x00000000eb468000)
 Metaspace       used 71956K, capacity 78729K, committed 78976K, reserved 1116160K
  class space    used 10428K, capacity 12121K, committed 12160K, reserved 1048576K
}
Event: 35.527 GC heap before
{Heap before GC invocations=110 (full 8):
 def new generation   total 161856K, used 147140K [0x00000000c0000000, 0x00000000cafa0000, 0x00000000d5550000)
  eden space 143872K, 100% used [0x00000000c0000000, 0x00000000c8c80000, 0x00000000c8c80000)
  from space 17984K,  18% used [0x00000000c8c80000, 0x00000000c8fb1010, 0x00000000c9e10000)
  to   space 17984K,   0% used [0x00000000c9e10000, 0x00000000c9e10000, 0x00000000cafa0000)
 tenured generation   total 359520K, used 309481K [0x00000000d5550000, 0x00000000eb468000, 0x0000000100000000)
   the space 359520K,  86% used [0x00000000d5550000, 0x00000000e838a4a0, 0x00000000e838a600, 0x00000000eb468000)
 Metaspace       used 72013K, capacity 78793K, committed 78976K, reserved 1116160K
  class space    used 10428K, capacity 12121K, committed 12160K, reserved 1048576K
Event: 35.549 GC heap after
Heap after GC invocations=111 (full 8):
 def new generation   total 161856K, used 5451K [0x00000000c0000000, 0x00000000cafa0000, 0x00000000d5550000)
  eden space 143872K,   0% used [0x00000000c0000000, 0x00000000c0000000, 0x00000000c8c80000)
  from space 17984K,  30% used [0x00000000c9e10000, 0x00000000ca362eb8, 0x00000000cafa0000)
  to   space 17984K,   0% used [0x00000000c8c80000, 0x00000000c8c80000, 0x00000000c9e10000)
 tenured generation   total 359520K, used 309481K [0x00000000d5550000, 0x00000000eb468000, 0x0000000100000000)
   the space 359520K,  86% used [0x00000000d5550000, 0x00000000e838a4a0, 0x00000000e838a600, 0x00000000eb468000)
 Metaspace       used 72013K, capacity 78793K, committed 78976K, reserved 1116160K
  class space    used 10428K, capacity 12121K, committed 12160K, reserved 1048576K
}
Event: 35.905 GC heap before
{Heap before GC invocations=111 (full 8):
 def new generation   total 161856K, used 149323K [0x00000000c0000000, 0x00000000cafa0000, 0x00000000d5550000)
  eden space 143872K, 100% used [0x00000000c0000000, 0x00000000c8c80000, 0x00000000c8c80000)
  from space 17984K,  30% used [0x00000000c9e10000, 0x00000000ca362eb8, 0x00000000cafa0000)
  to   space 17984K,   0% used [0x00000000c8c80000, 0x00000000c8c80000, 0x00000000c9e10000)
 tenured generation   total 359520K, used 309481K [0x00000000d5550000, 0x00000000eb468000, 0x0000000100000000)
   the space 359520K,  86% used [0x00000000d5550000, 0x00000000e838a4a0, 0x00000000e838a600, 0x00000000eb468000)
 Metaspace       used 72388K, capacity 79323K, committed 79616K, reserved 1116160K
  class space    used 10489K, capacity 12206K, committed 12288K, reserved 1048576K
Event: 35.922 GC heap after
Heap after GC invocations=112 (full 8):
 def new generation   total 161856K, used 5892K [0x00000000c0000000, 0x00000000cafa0000, 0x00000000d5550000)
  eden space 143872K,   0% used [0x00000000c0000000, 0x00000000c0000000, 0x00000000c8c80000)
  from space 17984K,  32% used [0x00000000c8c80000, 0x00000000c9241128, 0x00000000c9e10000)
  to   space 17984K,   0% used [0x00000000c9e10000, 0x00000000c9e10000, 0x00000000cafa0000)
 tenured generation   total 359520K, used 309481K [0x00000000d5550000, 0x00000000eb468000, 0x0000000100000000)
   the space 359520K,  86% used [0x00000000d5550000, 0x00000000e838a4a0, 0x00000000e838a600, 0x00000000eb468000)
 Metaspace       used 72388K, capacity 79323K, committed 79616K, reserved 1116160K
  class space    used 10489K, capacity 12206K, committed 12288K, reserved 1048576K
}
Event: 36.648 GC heap before
{Heap before GC invocations=112 (full 8):
 def new generation   total 161856K, used 149764K [0x00000000c0000000, 0x00000000cafa0000, 0x00000000d5550000)
  eden space 143872K, 100% used [0x00000000c0000000, 0x00000000c8c80000, 0x00000000c8c80000)
  from space 17984K,  32% used [0x00000000c8c80000, 0x00000000c9241128, 0x00000000c9e10000)
  to   space 17984K,   0% used [0x00000000c9e10000, 0x00000000c9e10000, 0x00000000cafa0000)
 tenured generation   total 359520K, used 309481K [0x00000000d5550000, 0x00000000eb468000, 0x0000000100000000)
   the space 359520K,  86% used [0x00000000d5550000, 0x00000000e838a4a0, 0x00000000e838a600, 0x00000000eb468000)
 Metaspace       used 72391K, capacity 79323K, committed 79616K, reserved 1116160K
  class space    used 10489K, capacity 12206K, committed 12288K, reserved 1048576K
Event: 36.672 GC heap after
Heap after GC invocations=113 (full 8):
 def new generation   total 161856K, used 6931K [0x00000000c0000000, 0x00000000cafa0000, 0x00000000d5550000)
  eden space 143872K,   0% used [0x00000000c0000000, 0x00000000c0000000, 0x00000000c8c80000)
  from space 17984K,  38% used [0x00000000c9e10000, 0x00000000ca4d4d48, 0x00000000cafa0000)
  to   space 17984K,   0% used [0x00000000c8c80000, 0x00000000c8c80000, 0x00000000c9e10000)
 tenured generation   total 359520K, used 309481K [0x00000000d5550000, 0x00000000eb468000, 0x0000000100000000)
   the space 359520K,  86% used [0x00000000d5550000, 0x00000000e838a4a0, 0x00000000e838a600, 0x00000000eb468000)
 Metaspace       used 72391K, capacity 79323K, committed 79616K, reserved 1116160K
  class space    used 10489K, capacity 12206K, committed 12288K, reserved 1048576K
}
Event: 37.436 GC heap before
{Heap before GC invocations=113 (full 8):
 def new generation   total 161856K, used 150803K [0x00000000c0000000, 0x00000000cafa0000, 0x00000000d5550000)
  eden space 143872K, 100% used [0x00000000c0000000, 0x00000000c8c80000, 0x00000000c8c80000)
  from space 17984K,  38% used [0x00000000c9e10000, 0x00000000ca4d4d48, 0x00000000cafa0000)
  to   space 17984K,   0% used [0x00000000c8c80000, 0x00000000c8c80000, 0x00000000c9e10000)
 tenured generation   total 359520K, used 309481K [0x00000000d5550000, 0x00000000eb468000, 0x0000000100000000)
   the space 359520K,  86% used [0x00000000d5550000, 0x00000000e838a4a0, 0x00000000e838a600, 0x00000000eb468000)
 Metaspace       used 72438K, capacity 79349K, committed 79616K, reserved 1116160K
  class space    used 10491K, capacity 12209K, committed 12288K, reserved 1048576K
Event: 37.450 GC heap after
Heap after GC invocations=114 (full 8):
 def new generation   total 161856K, used 7280K [0x00000000c0000000, 0x00000000cafa0000, 0x00000000d5550000)
  eden space 143872K,   0% used [0x00000000c0000000, 0x00000000c0000000, 0x00000000c8c80000)
  from space 17984K,  40% used [0x00000000c8c80000, 0x00000000c939c180, 0x00000000c9e10000)
  to   space 17984K,   0% used [0x00000000c9e10000, 0x00000000c9e10000, 0x00000000cafa0000)
 tenured generation   total 359520K, used 309481K [0x00000000d5550000, 0x00000000eb468000, 0x0000000100000000)
   the space 359520K,  86% used [0x00000000d5550000, 0x00000000e838a4a0, 0x00000000e838a600, 0x00000000eb468000)
 Metaspace       used 72438K, capacity 79349K, committed 79616K, reserved 1116160K
  class space    used 10491K, capacity 12209K, committed 12288K, reserved 1048576K
}
Event: 37.785 GC heap before
{Heap before GC invocations=114 (full 8):
 def new generation   total 161856K, used 151152K [0x00000000c0000000, 0x00000000cafa0000, 0x00000000d5550000)
  eden space 143872K, 100% used [0x00000000c0000000, 0x00000000c8c80000, 0x00000000c8c80000)
  from space 17984K,  40% used [0x00000000c8c80000, 0x00000000c939c180, 0x00000000c9e10000)
  to   space 17984K,   0% used [0x00000000c9e10000, 0x00000000c9e10000, 0x00000000cafa0000)
 tenured generation   total 359520K, used 309481K [0x00000000d5550000, 0x00000000eb468000, 0x0000000100000000)
   the space 359520K,  86% used [0x00000000d5550000, 0x00000000e838a4a0, 0x00000000e838a600, 0x00000000eb468000)
 Metaspace       used 72466K, capacity 79429K, committed 79616K, reserved 1116160K
  class space    used 10491K, capacity 12209K, committed 12288K, reserved 1048576K
Event: 37.799 GC heap after
Heap after GC invocations=115 (full 8):
 def new generation   total 161856K, used 7680K [0x00000000c0000000, 0x00000000cafa0000, 0x00000000d5550000)
  eden space 143872K,   0% used [0x00000000c0000000, 0x00000000c0000000, 0x00000000c8c80000)
  from space 17984K,  42% used [0x00000000c9e10000, 0x00000000ca590188, 0x00000000cafa0000)
  to   space 17984K,   0% used [0x00000000c8c80000, 0x00000000c8c80000, 0x00000000c9e10000)
 tenured generation   total 359520K, used 309481K [0x00000000d5550000, 0x00000000eb468000, 0x0000000100000000)
   the space 359520K,  86% used [0x00000000d5550000, 0x00000000e838a4a0, 0x00000000e838a600, 0x00000000eb468000)
 Metaspace       used 72466K, capacity 79429K, committed 79616K, reserved 1116160K
  class space    used 10491K, capacity 12209K, committed 12288K, reserved 1048576K
}
Event: 38.394 GC heap before
{Heap before GC invocations=115 (full 8):
 def new generation   total 161856K, used 151552K [0x00000000c0000000, 0x00000000cafa0000, 0x00000000d5550000)
  eden space 143872K, 100% used [0x00000000c0000000, 0x00000000c8c80000, 0x00000000c8c80000)
  from space 17984K,  42% used [0x00000000c9e10000, 0x00000000ca590188, 0x00000000cafa0000)
  to   space 17984K,   0% used [0x00000000c8c80000, 0x00000000c8c80000, 0x00000000c9e10000)
 tenured generation   total 359520K, used 309481K [0x00000000d5550000, 0x00000000eb468000, 0x0000000100000000)
   the space 359520K,  86% used [0x00000000d5550000, 0x00000000e838a4a0, 0x00000000e838a600, 0x00000000eb468000)
 Metaspace       used 72587K, capacity 79565K, committed 79872K, reserved 1116160K
  class space    used 10507K, capacity 12227K, committed 12288K, reserved 1048576K
Event: 38.450 GC heap after
Heap after GC invocations=116 (full 8):
 def new generation   total 161856K, used 17984K [0x00000000c0000000, 0x00000000cafa0000, 0x00000000d5550000)
  eden space 143872K,   0% used [0x00000000c0000000, 0x00000000c0000000, 0x00000000c8c80000)
  from space 17984K, 100% used [0x00000000c8c80000, 0x00000000c9e10000, 0x00000000c9e10000)
  to   space 17984K,   0% used [0x00000000c9e10000, 0x00000000c9e10000, 0x00000000cafa0000)
 tenured generation   total 359520K, used 311420K [0x00000000d5550000, 0x00000000eb468000, 0x0000000100000000)
   the space 359520K,  86% used [0x00000000d5550000, 0x00000000e856f158, 0x00000000e856f200, 0x00000000eb468000)
 Metaspace       used 72587K, capacity 79565K, committed 79872K, reserved 1116160K
  class space    used 10507K, capacity 12227K, committed 12288K, reserved 1048576K
}
Event: 38.789 GC heap before
{Heap before GC invocations=116 (full 8):
 def new generation   total 161856K, used 161856K [0x00000000c0000000, 0x00000000cafa0000, 0x00000000d5550000)
  eden space 143872K, 100% used [0x00000000c0000000, 0x00000000c8c80000, 0x00000000c8c80000)
  from space 17984K, 100% used [0x00000000c8c80000, 0x00000000c9e10000, 0x00000000c9e10000)
  to   space 17984K,   0% used [0x00000000c9e10000, 0x00000000c9e10000, 0x00000000cafa0000)
 tenured generation   total 359520K, used 311420K [0x00000000d5550000, 0x00000000eb468000, 0x0000000100000000)
   the space 359520K,  86% used [0x00000000d5550000, 0x00000000e856f158, 0x00000000e856f200, 0x00000000eb468000)
 Metaspace       used 72587K, capacity 79565K, committed 79872K, reserved 1116160K
  class space    used 10507K, capacity 12227K, committed 12288K, reserved 1048576K
Event: 38.839 GC heap after
Heap after GC invocations=117 (full 8):
 def new generation   total 161856K, used 7985K [0x00000000c0000000, 0x00000000cafa0000, 0x00000000d5550000)
  eden space 143872K,   0% used [0x00000000c0000000, 0x00000000c0000000, 0x00000000c8c80000)
  from space 17984K,  44% used [0x00000000c9e10000, 0x00000000ca5dc500, 0x00000000cafa0000)
  to   space 17984K,   0% used [0x00000000c8c80000, 0x00000000c8c80000, 0x00000000c9e10000)
 tenured generation   total 359520K, used 329367K [0x00000000d5550000, 0x00000000eb468000, 0x0000000100000000)
   the space 359520K,  91% used [0x00000000d5550000, 0x00000000e96f5c50, 0x00000000e96f5e00, 0x00000000eb468000)
 Metaspace       used 72587K, capacity 79565K, committed 79872K, reserved 1116160K
  class space    used 10507K, capacity 12227K, committed 12288K, reserved 1048576K
}
Event: 39.270 GC heap before
{Heap before GC invocations=117 (full 8):
 def new generation   total 161856K, used 151857K [0x00000000c0000000, 0x00000000cafa0000, 0x00000000d5550000)
  eden space 143872K, 100% used [0x00000000c0000000, 0x00000000c8c80000, 0x00000000c8c80000)
  from space 17984K,  44% used [0x00000000c9e10000, 0x00000000ca5dc500, 0x00000000cafa0000)
  to   space 17984K,   0% used [0x00000000c8c80000, 0x00000000c8c80000, 0x00000000c9e10000)
 tenured generation   total 359520K, used 329367K [0x00000000d5550000, 0x00000000eb468000, 0x0000000100000000)
   the space 359520K,  91% used [0x00000000d5550000, 0x00000000e96f5c50, 0x00000000e96f5e00, 0x00000000eb468000)
 Metaspace       used 72602K, capacity 79565K, committed 79872K, reserved 1116160K
  class space    used 10508K, capacity 12227K, committed 12288K, reserved 1048576K
Event: 39.292 GC heap after
Heap after GC invocations=118 (full 8):
 def new generation   total 161856K, used 13391K [0x00000000c0000000, 0x00000000cafa0000, 0x00000000d5550000)
  eden space 143872K,   0% used [0x00000000c0000000, 0x00000000c0000000, 0x00000000c8c80000)
  from space 17984K,  74% used [0x00000000c8c80000, 0x00000000c9993dd0, 0x00000000c9e10000)
  to   space 17984K,   0% used [0x00000000c9e10000, 0x00000000c9e10000, 0x00000000cafa0000)
 tenured generation   total 359520K, used 329367K [0x00000000d5550000, 0x00000000eb468000, 0x0000000100000000)
   the space 359520K,  91% used [0x00000000d5550000, 0x00000000e96f5c50, 0x00000000e96f5e00, 0x00000000eb468000)
 Metaspace       used 72602K, capacity 79565K, committed 79872K, reserved 1116160K
  class space    used 10508K, capacity 12227K, committed 12288K, reserved 1048576K
}
Event: 40.291 GC heap before
{Heap before GC invocations=118 (full 8):
 def new generation   total 161856K, used 157263K [0x00000000c0000000, 0x00000000cafa0000, 0x00000000d5550000)
  eden space 143872K, 100% used [0x00000000c0000000, 0x00000000c8c80000, 0x00000000c8c80000)
  from space 17984K,  74% used [0x00000000c8c80000, 0x00000000c9993dd0, 0x00000000c9e10000)
  to   space 17984K,   0% used [0x00000000c9e10000, 0x00000000c9e10000, 0x00000000cafa0000)
 tenured generation   total 359520K, used 329367K [0x00000000d5550000, 0x00000000eb468000, 0x0000000100000000)
   the space 359520K,  91% used [0x00000000d5550000, 0x00000000e96f5c50, 0x00000000e96f5e00, 0x00000000eb468000)
 Metaspace       used 72625K, capacity 79565K, committed 79872K, reserved 1116160K
  class space    used 10508K, capacity 12227K, committed 12288K, reserved 1048576K
Event: 40.336 GC heap after
Heap after GC invocations=119 (full 8):
 def new generation   total 161856K, used 8617K [0x00000000c0000000, 0x00000000cafa0000, 0x00000000d5550000)
  eden space 143872K,   0% used [0x00000000c0000000, 0x00000000c0000000, 0x00000000c8c80000)
  from space 17984K,  47% used [0x00000000c9e10000, 0x00000000ca67a468, 0x00000000cafa0000)
  to   space 17984K,   0% used [0x00000000c8c80000, 0x00000000c8c80000, 0x00000000c9e10000)
 tenured generation   total 359520K, used 335847K [0x00000000d5550000, 0x00000000eb468000, 0x0000000100000000)
   the space 359520K,  93% used [0x00000000d5550000, 0x00000000e9d49c80, 0x00000000e9d49e00, 0x00000000eb468000)
 Metaspace       used 72625K, capacity 79565K, committed 79872K, reserved 1116160K
  class space    used 10508K, capacity 12227K, committed 12288K, reserved 1048576K
}
Event: 40.750 GC heap before
{Heap before GC invocations=119 (full 8):
 def new generation   total 161856K, used 152489K [0x00000000c0000000, 0x00000000cafa0000, 0x00000000d5550000)
  eden space 143872K, 100% used [0x00000000c0000000, 0x00000000c8c80000, 0x00000000c8c80000)
  from space 17984K,  47% used [0x00000000c9e10000, 0x00000000ca67a468, 0x00000000cafa0000)
  to   space 17984K,   0% used [0x00000000c8c80000, 0x00000000c8c80000, 0x00000000c9e10000)
 tenured generation   total 359520K, used 335847K [0x00000000d5550000, 0x00000000eb468000, 0x0000000100000000)
   the space 359520K,  93% used [0x00000000d5550000, 0x00000000e9d49c80, 0x00000000e9d49e00, 0x00000000eb468000)
 Metaspace       used 72627K, capacity 79565K, committed 79872K, reserved 1116160K
  class space    used 10508K, capacity 12227K, committed 12288K, reserved 1048576K
Event: 40.782 GC heap after
Heap after GC invocations=120 (full 8):
 def new generation   total 161856K, used 9209K [0x00000000c0000000, 0x00000000cafa0000, 0x00000000d5550000)
  eden space 143872K,   0% used [0x00000000c0000000, 0x00000000c0000000, 0x00000000c8c80000)
  from space 17984K,  51% used [0x00000000c8c80000, 0x00000000c957e7b0, 0x00000000c9e10000)
  to   space 17984K,   0% used [0x00000000c9e10000, 0x00000000c9e10000, 0x00000000cafa0000)
 tenured generation   total 359520K, used 335847K [0x00000000d5550000, 0x00000000eb468000, 0x0000000100000000)
   the space 359520K,  93% used [0x00000000d5550000, 0x00000000e9d49c80, 0x00000000e9d49e00, 0x00000000eb468000)
 Metaspace       used 72627K, capacity 79565K, committed 79872K, reserved 1116160K
  class space    used 10508K, capacity 12227K, committed 12288K, reserved 1048576K
}
Event: 41.103 GC heap before
{Heap before GC invocations=120 (full 8):
 def new generation   total 161856K, used 153081K [0x00000000c0000000, 0x00000000cafa0000, 0x00000000d5550000)
  eden space 143872K, 100% used [0x00000000c0000000, 0x00000000c8c80000, 0x00000000c8c80000)
  from space 17984K,  51% used [0x00000000c8c80000, 0x00000000c957e7b0, 0x00000000c9e10000)
  to   space 17984K,   0% used [0x00000000c9e10000, 0x00000000c9e10000, 0x00000000cafa0000)
 tenured generation   total 359520K, used 335847K [0x00000000d5550000, 0x00000000eb468000, 0x0000000100000000)
   the space 359520K,  93% used [0x00000000d5550000, 0x00000000e9d49c80, 0x00000000e9d49e00, 0x00000000eb468000)
 Metaspace       used 72638K, capacity 79569K, committed 79872K, reserved 1116160K
  class space    used 10508K, capacity 12227K, committed 12288K, reserved 1048576K
Event: 41.126 GC heap after
Heap after GC invocations=121 (full 8):
 def new generation   total 161856K, used 5327K [0x00000000c0000000, 0x00000000cafa0000, 0x00000000d5550000)
  eden space 143872K,   0% used [0x00000000c0000000, 0x00000000c0000000, 0x00000000c8c80000)
  from space 17984K,  29% used [0x00000000c9e10000, 0x00000000ca343da8, 0x00000000cafa0000)
  to   space 17984K,   0% used [0x00000000c8c80000, 0x00000000c8c80000, 0x00000000c9e10000)
 tenured generation   total 359520K, used 340853K [0x00000000d5550000, 0x00000000eb468000, 0x0000000100000000)
   the space 359520K,  94% used [0x00000000d5550000, 0x00000000ea22d7d8, 0x00000000ea22d800, 0x00000000eb468000)
 Metaspace       used 72638K, capacity 79569K, committed 79872K, reserved 1116160K
  class space    used 10508K, capacity 12227K, committed 12288K, reserved 1048576K
}
Event: 41.714 GC heap before
{Heap before GC invocations=121 (full 8):
 def new generation   total 161856K, used 149199K [0x00000000c0000000, 0x00000000cafa0000, 0x00000000d5550000)
  eden space 143872K, 100% used [0x00000000c0000000, 0x00000000c8c80000, 0x00000000c8c80000)
  from space 17984K,  29% used [0x00000000c9e10000, 0x00000000ca343da8, 0x00000000cafa0000)
  to   space 17984K,   0% used [0x00000000c8c80000, 0x00000000c8c80000, 0x00000000c9e10000)
 tenured generation   total 359520K, used 340853K [0x00000000d5550000, 0x00000000eb468000, 0x0000000100000000)
   the space 359520K,  94% used [0x00000000d5550000, 0x00000000ea22d7d8, 0x00000000ea22d800, 0x00000000eb468000)
 Metaspace       used 72647K, capacity 79633K, committed 79872K, reserved 1116160K
  class space    used 10509K, capacity 12227K, committed 12288K, reserved 1048576K
Event: 41.739 GC heap after
Heap after GC invocations=122 (full 8):
 def new generation   total 161856K, used 7195K [0x00000000c0000000, 0x00000000cafa0000, 0x00000000d5550000)
  eden space 143872K,   0% used [0x00000000c0000000, 0x00000000c0000000, 0x00000000c8c80000)
  from space 17984K,  40% used [0x00000000c8c80000, 0x00000000c9386e58, 0x00000000c9e10000)
  to   space 17984K,   0% used [0x00000000c9e10000, 0x00000000c9e10000, 0x00000000cafa0000)
 tenured generation   total 359520K, used 340853K [0x00000000d5550000, 0x00000000eb468000, 0x0000000100000000)
   the space 359520K,  94% used [0x00000000d5550000, 0x00000000ea22d7d8, 0x00000000ea22d800, 0x00000000eb468000)
 Metaspace       used 72647K, capacity 79633K, committed 79872K, reserved 1116160K
  class space    used 10509K, capacity 12227K, committed 12288K, reserved 1048576K
}
Event: 42.793 GC heap before
{Heap before GC invocations=122 (full 8):
 def new generation   total 161856K, used 151067K [0x00000000c0000000, 0x00000000cafa0000, 0x00000000d5550000)
  eden space 143872K, 100% used [0x00000000c0000000, 0x00000000c8c80000, 0x00000000c8c80000)
  from space 17984K,  40% used [0x00000000c8c80000, 0x00000000c9386e58, 0x00000000c9e10000)
  to   space 17984K,   0% used [0x00000000c9e10000, 0x00000000c9e10000, 0x00000000cafa0000)
 tenured generation   total 359520K, used 340853K [0x00000000d5550000, 0x00000000eb468000, 0x0000000100000000)
   the space 359520K,  94% used [0x00000000d5550000, 0x00000000ea22d7d8, 0x00000000ea22d800, 0x00000000eb468000)
 Metaspace       used 73409K, capacity 80435K, committed 80512K, reserved 1118208K
  class space    used 10599K, capacity 12375K, committed 12416K, reserved 1048576K
Event: 42.810 GC heap after
Heap after GC invocations=123 (full 8):
 def new generation   total 161856K, used 10967K [0x00000000c0000000, 0x00000000cafa0000, 0x00000000d5550000)
  eden space 143872K,   0% used [0x00000000c0000000, 0x00000000c0000000, 0x00000000c8c80000)
  from space 17984K,  60% used [0x00000000c9e10000, 0x00000000ca8c5f28, 0x00000000cafa0000)
  to   space 17984K,   0% used [0x00000000c8c80000, 0x00000000c8c80000, 0x00000000c9e10000)
 tenured generation   total 359520K, used 340853K [0x00000000d5550000, 0x00000000eb468000, 0x0000000100000000)
   the space 359520K,  94% used [0x00000000d5550000, 0x00000000ea22d7d8, 0x00000000ea22d800, 0x00000000eb468000)
 Metaspace       used 73409K, capacity 80435K, committed 80512K, reserved 1118208K
  class space    used 10599K, capacity 12375K, committed 12416K, reserved 1048576K
}
Event: 43.081 GC heap before
{Heap before GC invocations=123 (full 8):
 def new generation   total 161856K, used 154839K [0x00000000c0000000, 0x00000000cafa0000, 0x00000000d5550000)
  eden space 143872K, 100% used [0x00000000c0000000, 0x00000000c8c80000, 0x00000000c8c80000)
  from space 17984K,  60% used [0x00000000c9e10000, 0x00000000ca8c5f28, 0x00000000cafa0000)
  to   space 17984K,   0% used [0x00000000c8c80000, 0x00000000c8c80000, 0x00000000c9e10000)
 tenured generation   total 359520K, used 340853K [0x00000000d5550000, 0x00000000eb468000, 0x0000000100000000)
   the space 359520K,  94% used [0x00000000d5550000, 0x00000000ea22d7d8, 0x00000000ea22d800, 0x00000000eb468000)
 Metaspace       used 73968K, capacity 81021K, committed 81152K, reserved 1118208K
  class space    used 10685K, capacity 12448K, committed 12544K, reserved 1048576K
Event: 43.105 GC heap after
Heap after GC invocations=124 (full 8):
 def new generation   total 161856K, used 8543K [0x00000000c0000000, 0x00000000cafa0000, 0x00000000d5550000)
  eden space 143872K,   0% used [0x00000000c0000000, 0x00000000c0000000, 0x00000000c8c80000)
  from space 17984K,  47% used [0x00000000c8c80000, 0x00000000c94d7c28, 0x00000000c9e10000)
  to   space 17984K,   0% used [0x00000000c9e10000, 0x00000000c9e10000, 0x00000000cafa0000)
 tenured generation   total 359520K, used 343496K [0x00000000d5550000, 0x00000000eb468000, 0x0000000100000000)
   the space 359520K,  95% used [0x00000000d5550000, 0x00000000ea4c21b8, 0x00000000ea4c2200, 0x00000000eb468000)
 Metaspace       used 73968K, capacity 81021K, committed 81152K, reserved 1118208K
  class space    used 10685K, capacity 12448K, committed 12544K, reserved 1048576K
}
Event: 43.815 GC heap before
{Heap before GC invocations=124 (full 8):
 def new generation   total 161856K, used 152415K [0x00000000c0000000, 0x00000000cafa0000, 0x00000000d5550000)
  eden space 143872K, 100% used [0x00000000c0000000, 0x00000000c8c80000, 0x00000000c8c80000)
  from space 17984K,  47% used [0x00000000c8c80000, 0x00000000c94d7c28, 0x00000000c9e10000)
  to   space 17984K,   0% used [0x00000000c9e10000, 0x00000000c9e10000, 0x00000000cafa0000)
 tenured generation   total 359520K, used 343496K [0x00000000d5550000, 0x00000000eb468000, 0x0000000100000000)
   the space 359520K,  95% used [0x00000000d5550000, 0x00000000ea4c21b8, 0x00000000ea4c2200, 0x00000000eb468000)
 Metaspace       used 75579K, capacity 82807K, committed 83200K, reserved 1120256K
  class space    used 10883K, capacity 12722K, committed 12800K, reserved 1048576K
Event: 43.846 GC heap after
Heap after GC invocations=125 (full 8):
 def new generation   total 161856K, used 10501K [0x00000000c0000000, 0x00000000cafa0000, 0x00000000d5550000)
  eden space 143872K,   0% used [0x00000000c0000000, 0x00000000c0000000, 0x00000000c8c80000)
  from space 17984K,  58% used [0x00000000c9e10000, 0x00000000ca851790, 0x00000000cafa0000)
  to   space 17984K,   0% used [0x00000000c8c80000, 0x00000000c8c80000, 0x00000000c9e10000)
 tenured generation   total 359520K, used 343496K [0x00000000d5550000, 0x00000000eb468000, 0x0000000100000000)
   the space 359520K,  95% used [0x00000000d5550000, 0x00000000ea4c21b8, 0x00000000ea4c2200, 0x00000000eb468000)
 Metaspace       used 75579K, capacity 82807K, committed 83200K, reserved 1120256K
  class space    used 10883K, capacity 12722K, committed 12800K, reserved 1048576K
}
Event: 44.374 GC heap before
{Heap before GC invocations=125 (full 8):
 def new generation   total 161856K, used 154373K [0x00000000c0000000, 0x00000000cafa0000, 0x00000000d5550000)
  eden space 143872K, 100% used [0x00000000c0000000, 0x00000000c8c80000, 0x00000000c8c80000)
  from space 17984K,  58% used [0x00000000c9e10000, 0x00000000ca851790, 0x00000000cafa0000)
  to   space 17984K,   0% used [0x00000000c8c80000, 0x00000000c8c80000, 0x00000000c9e10000)
 tenured generation   total 359520K, used 343496K [0x00000000d5550000, 0x00000000eb468000, 0x0000000100000000)
   the space 359520K,  95% used [0x00000000d5550000, 0x00000000ea4c21b8, 0x00000000ea4c2200, 0x00000000eb468000)
 Metaspace       used 76523K, capacity 83793K, committed 83968K, reserved 1120256K
  class space    used 10965K, capacity 12797K, committed 12800K, reserved 1048576K
Event: 44.412 GC heap after
Heap after GC invocations=126 (full 8):
 def new generation   total 161856K, used 9380K [0x00000000c0000000, 0x00000000cafa0000, 0x00000000d5550000)
  eden space 143872K,   0% used [0x00000000c0000000, 0x00000000c0000000, 0x00000000c8c80000)
  from space 17984K,  52% used [0x00000000c8c80000, 0x00000000c95a92b8, 0x00000000c9e10000)
  to   space 17984K,   0% used [0x00000000c9e10000, 0x00000000c9e10000, 0x00000000cafa0000)
 tenured generation   total 359520K, used 345035K [0x00000000d5550000, 0x00000000eb468000, 0x0000000100000000)
   the space 359520K,  95% used [0x00000000d5550000, 0x00000000ea642f10, 0x00000000ea643000, 0x00000000eb468000)
 Metaspace       used 76523K, capacity 83793K, committed 83968K, reserved 1120256K
  class space    used 10965K, capacity 12797K, committed 12800K, reserved 1048576K
}
Event: 44.871 GC heap before
{Heap before GC invocations=126 (full 8):
 def new generation   total 161856K, used 153252K [0x00000000c0000000, 0x00000000cafa0000, 0x00000000d5550000)
  eden space 143872K, 100% used [0x00000000c0000000, 0x00000000c8c80000, 0x00000000c8c80000)
  from space 17984K,  52% used [0x00000000c8c80000, 0x00000000c95a92b8, 0x00000000c9e10000)
  to   space 17984K,   0% used [0x00000000c9e10000, 0x00000000c9e10000, 0x00000000cafa0000)
 tenured generation   total 359520K, used 345035K [0x00000000d5550000, 0x00000000eb468000, 0x0000000100000000)
   the space 359520K,  95% used [0x00000000d5550000, 0x00000000ea642f10, 0x00000000ea643000, 0x00000000eb468000)
 Metaspace       used 76604K, capacity 83857K, committed 83968K, reserved 1120256K
  class space    used 10967K, capacity 12797K, committed 12800K, reserved 1048576K
Event: 44.886 GC heap after
Heap after GC invocations=127 (full 8):
 def new generation   total 161856K, used 6107K [0x00000000c0000000, 0x00000000cafa0000, 0x00000000d5550000)
  eden space 143872K,   0% used [0x00000000c0000000, 0x00000000c0000000, 0x00000000c8c80000)
  from space 17984K,  33% used [0x00000000c9e10000, 0x00000000ca406d98, 0x00000000cafa0000)
  to   space 17984K,   0% used [0x00000000c8c80000, 0x00000000c8c80000, 0x00000000c9e10000)
 tenured generation   total 359520K, used 347506K [0x00000000d5550000, 0x00000000eb468000, 0x0000000100000000)
   the space 359520K,  96% used [0x00000000d5550000, 0x00000000ea8ac828, 0x00000000ea8aca00, 0x00000000eb468000)
 Metaspace       used 76604K, capacity 83857K, committed 83968K, reserved 1120256K
  class space    used 10967K, capacity 12797K, committed 12800K, reserved 1048576K
}
Event: 45.445 GC heap before
{Heap before GC invocations=127 (full 8):
 def new generation   total 161856K, used 149979K [0x00000000c0000000, 0x00000000cafa0000, 0x00000000d5550000)
  eden space 143872K, 100% used [0x00000000c0000000, 0x00000000c8c80000, 0x00000000c8c80000)
  from space 17984K,  33% used [0x00000000c9e10000, 0x00000000ca406d98, 0x00000000cafa0000)
  to   space 17984K,   0% used [0x00000000c8c80000, 0x00000000c8c80000, 0x00000000c9e10000)
 tenured generation   total 359520K, used 347506K [0x00000000d5550000, 0x00000000eb468000, 0x0000000100000000)
   the space 359520K,  96% used [0x00000000d5550000, 0x00000000ea8ac828, 0x00000000ea8aca00, 0x00000000eb468000)
 Metaspace       used 76726K, capacity 84009K, committed 84352K, reserved 1120256K
  class space    used 10971K, capacity 12801K, committed 12928K, reserved 1048576K
Event: 45.457 GC heap after
Heap after GC invocations=128 (full 8):
 def new generation   total 161856K, used 6198K [0x00000000c0000000, 0x00000000cafa0000, 0x00000000d5550000)
  eden space 143872K,   0% used [0x00000000c0000000, 0x00000000c0000000, 0x00000000c8c80000)
  from space 17984K,  34% used [0x00000000c8c80000, 0x00000000c928da00, 0x00000000c9e10000)
  to   space 17984K,   0% used [0x00000000c9e10000, 0x00000000c9e10000, 0x00000000cafa0000)
 tenured generation   total 359520K, used 347506K [0x00000000d5550000, 0x00000000eb468000, 0x0000000100000000)
   the space 359520K,  96% used [0x00000000d5550000, 0x00000000ea8ac828, 0x00000000ea8aca00, 0x00000000eb468000)
 Metaspace       used 76726K, capacity 84009K, committed 84352K, reserved 1120256K
  class space    used 10971K, capacity 12801K, committed 12928K, reserved 1048576K
}
Event: 45.833 GC heap before
{Heap before GC invocations=128 (full 8):
 def new generation   total 161856K, used 150070K [0x00000000c0000000, 0x00000000cafa0000, 0x00000000d5550000)
  eden space 143872K, 100% used [0x00000000c0000000, 0x00000000c8c80000, 0x00000000c8c80000)
  from space 17984K,  34% used [0x00000000c8c80000, 0x00000000c928da00, 0x00000000c9e10000)
  to   space 17984K,   0% used [0x00000000c9e10000, 0x00000000c9e10000, 0x00000000cafa0000)
 tenured generation   total 359520K, used 347506K [0x00000000d5550000, 0x00000000eb468000, 0x0000000100000000)
   the space 359520K,  96% used [0x00000000d5550000, 0x00000000ea8ac828, 0x00000000ea8aca00, 0x00000000eb468000)
 Metaspace       used 76777K, capacity 84009K, committed 84352K, reserved 1120256K
  class space    used 10971K, capacity 12801K, committed 12928K, reserved 1048576K
Event: 45.844 GC heap after
Heap after GC invocations=129 (full 8):
 def new generation   total 161856K, used 6163K [0x00000000c0000000, 0x00000000cafa0000, 0x00000000d5550000)
  eden space 143872K,   0% used [0x00000000c0000000, 0x00000000c0000000, 0x00000000c8c80000)
  from space 17984K,  34% used [0x00000000c9e10000, 0x00000000ca414d18, 0x00000000cafa0000)
  to   space 17984K,   0% used [0x00000000c8c80000, 0x00000000c8c80000, 0x00000000c9e10000)
 tenured generation   total 359520K, used 347506K [0x00000000d5550000, 0x00000000eb468000, 0x0000000100000000)
   the space 359520K,  96% used [0x00000000d5550000, 0x00000000ea8ac828, 0x00000000ea8aca00, 0x00000000eb468000)
 Metaspace       used 76777K, capacity 84009K, committed 84352K, reserved 1120256K
  class space    used 10971K, capacity 12801K, committed 12928K, reserved 1048576K
}
Event: 46.346 GC heap before
{Heap before GC invocations=129 (full 8):
 def new generation   total 161856K, used 150035K [0x00000000c0000000, 0x00000000cafa0000, 0x00000000d5550000)
  eden space 143872K, 100% used [0x00000000c0000000, 0x00000000c8c80000, 0x00000000c8c80000)
  from space 17984K,  34% used [0x00000000c9e10000, 0x00000000ca414d18, 0x00000000cafa0000)
  to   space 17984K,   0% used [0x00000000c8c80000, 0x00000000c8c80000, 0x00000000c9e10000)
 tenured generation   total 359520K, used 347506K [0x00000000d5550000, 0x00000000eb468000, 0x0000000100000000)
   the space 359520K,  96% used [0x00000000d5550000, 0x00000000ea8ac828, 0x00000000ea8aca00, 0x00000000eb468000)
 Metaspace       used 76973K, capacity 84201K, committed 84608K, reserved 1120256K
  class space    used 10974K, capacity 12801K, committed 12928K, reserved 1048576K
Event: 46.358 GC heap after
Heap after GC invocations=130 (full 8):
 def new generation   total 161856K, used 6180K [0x00000000c0000000, 0x00000000cafa0000, 0x00000000d5550000)
  eden space 143872K,   0% used [0x00000000c0000000, 0x00000000c0000000, 0x00000000c8c80000)
  from space 17984K,  34% used [0x00000000c8c80000, 0x00000000c92891e8, 0x00000000c9e10000)
  to   space 17984K,   0% used [0x00000000c9e10000, 0x00000000c9e10000, 0x00000000cafa0000)
 tenured generation   total 359520K, used 347506K [0x00000000d5550000, 0x00000000eb468000, 0x0000000100000000)
   the space 359520K,  96% used [0x00000000d5550000, 0x00000000ea8ac828, 0x00000000ea8aca00, 0x00000000eb468000)
 Metaspace       used 76973K, capacity 84201K, committed 84608K, reserved 1120256K
  class space    used 10974K, capacity 12801K, committed 12928K, reserved 1048576K
}
Event: 46.826 GC heap before
{Heap before GC invocations=130 (full 8):
 def new generation   total 161856K, used 150052K [0x00000000c0000000, 0x00000000cafa0000, 0x00000000d5550000)
  eden space 143872K, 100% used [0x00000000c0000000, 0x00000000c8c80000, 0x00000000c8c80000)
  from space 17984K,  34% used [0x00000000c8c80000, 0x00000000c92891e8, 0x00000000c9e10000)
  to   space 17984K,   0% used [0x00000000c9e10000, 0x00000000c9e10000, 0x00000000cafa0000)
 tenured generation   total 359520K, used 347506K [0x00000000d5550000, 0x00000000eb468000, 0x0000000100000000)
   the space 359520K,  96% used [0x00000000d5550000, 0x00000000ea8ac828, 0x00000000ea8aca00, 0x00000000eb468000)
 Metaspace       used 77037K, capacity 84265K, committed 84608K, reserved 1120256K
  class space    used 10974K, capacity 12801K, committed 12928K, reserved 1048576K
Event: 46.837 GC heap after
Heap after GC invocations=131 (full 8):
 def new generation   total 161856K, used 6201K [0x00000000c0000000, 0x00000000cafa0000, 0x00000000d5550000)
  eden space 143872K,   0% used [0x00000000c0000000, 0x00000000c0000000, 0x00000000c8c80000)
  from space 17984K,  34% used [0x00000000c9e10000, 0x00000000ca41e6c0, 0x00000000cafa0000)
  to   space 17984K,   0% used [0x00000000c8c80000, 0x00000000c8c80000, 0x00000000c9e10000)
 tenured generation   total 359520K, used 347506K [0x00000000d5550000, 0x00000000eb468000, 0x0000000100000000)
   the space 359520K,  96% used [0x00000000d5550000, 0x00000000ea8ac828, 0x00000000ea8aca00, 0x00000000eb468000)
 Metaspace       used 77037K, capacity 84265K, committed 84608K, reserved 1120256K
  class space    used 10974K, capacity 12801K, committed 12928K, reserved 1048576K
}
Event: 46.952 GC heap before
{Heap before GC invocations=131 (full 8):
 def new generation   total 161856K, used 150073K [0x00000000c0000000, 0x00000000cafa0000, 0x00000000d5550000)
  eden space 143872K, 100% used [0x00000000c0000000, 0x00000000c8c80000, 0x00000000c8c80000)
  from space 17984K,  34% used [0x00000000c9e10000, 0x00000000ca41e6c0, 0x00000000cafa0000)
  to   space 17984K,   0% used [0x00000000c8c80000, 0x00000000c8c80000, 0x00000000c9e10000)
 tenured generation   total 359520K, used 347506K [0x00000000d5550000, 0x00000000eb468000, 0x0000000100000000)
   the space 359520K,  96% used [0x00000000d5550000, 0x00000000ea8ac828, 0x00000000ea8aca00, 0x00000000eb468000)
 Metaspace       used 77045K, capacity 84271K, committed 84608K, reserved 1120256K
  class space    used 10975K, capacity 12802K, committed 12928K, reserved 1048576K
Event: 46.964 GC heap after
Heap after GC invocations=132 (full 8):
 def new generation   total 161856K, used 6262K [0x00000000c0000000, 0x00000000cafa0000, 0x00000000d5550000)
  eden space 143872K,   0% used [0x00000000c0000000, 0x00000000c0000000, 0x00000000c8c80000)
  from space 17984K,  34% used [0x00000000c8c80000, 0x00000000c929d8b0, 0x00000000c9e10000)
  to   space 17984K,   0% used [0x00000000c9e10000, 0x00000000c9e10000, 0x00000000cafa0000)
 tenured generation   total 359520K, used 347506K [0x00000000d5550000, 0x00000000eb468000, 0x0000000100000000)
   the space 359520K,  96% used [0x00000000d5550000, 0x00000000ea8ac828, 0x00000000ea8aca00, 0x00000000eb468000)
 Metaspace       used 77045K, capacity 84271K, committed 84608K, reserved 1120256K
  class space    used 10975K, capacity 12802K, committed 12928K, reserved 1048576K
}
Event: 47.282 GC heap before
{Heap before GC invocations=132 (full 8):
 def new generation   total 161856K, used 150134K [0x00000000c0000000, 0x00000000cafa0000, 0x00000000d5550000)
  eden space 143872K, 100% used [0x00000000c0000000, 0x00000000c8c80000, 0x00000000c8c80000)
  from space 17984K,  34% used [0x00000000c8c80000, 0x00000000c929d8b0, 0x00000000c9e10000)
  to   space 17984K,   0% used [0x00000000c9e10000, 0x00000000c9e10000, 0x00000000cafa0000)
 tenured generation   total 359520K, used 347506K [0x00000000d5550000, 0x00000000eb468000, 0x0000000100000000)
   the space 359520K,  96% used [0x00000000d5550000, 0x00000000ea8ac828, 0x00000000ea8aca00, 0x00000000eb468000)
 Metaspace       used 77109K, capacity 84335K, committed 84608K, reserved 1120256K
  class space    used 10975K, capacity 12802K, committed 12928K, reserved 1048576K
Event: 47.294 GC heap after
Heap after GC invocations=133 (full 8):
 def new generation   total 161856K, used 6281K [0x00000000c0000000, 0x00000000cafa0000, 0x00000000d5550000)
  eden space 143872K,   0% used [0x00000000c0000000, 0x00000000c0000000, 0x00000000c8c80000)
  from space 17984K,  34% used [0x00000000c9e10000, 0x00000000ca432718, 0x00000000cafa0000)
  to   space 17984K,   0% used [0x00000000c8c80000, 0x00000000c8c80000, 0x00000000c9e10000)
 tenured generation   total 359520K, used 347506K [0x00000000d5550000, 0x00000000eb468000, 0x0000000100000000)
   the space 359520K,  96% used [0x00000000d5550000, 0x00000000ea8ac828, 0x00000000ea8aca00, 0x00000000eb468000)
 Metaspace       used 77109K, capacity 84335K, committed 84608K, reserved 1120256K
  class space    used 10975K, capacity 12802K, committed 12928K, reserved 1048576K
}
Event: 47.770 GC heap before
{Heap before GC invocations=133 (full 8):
 def new generation   total 161856K, used 150153K [0x00000000c0000000, 0x00000000cafa0000, 0x00000000d5550000)
  eden space 143872K, 100% used [0x00000000c0000000, 0x00000000c8c80000, 0x00000000c8c80000)
  from space 17984K,  34% used [0x00000000c9e10000, 0x00000000ca432718, 0x00000000cafa0000)
  to   space 17984K,   0% used [0x00000000c8c80000, 0x00000000c8c80000, 0x00000000c9e10000)
 tenured generation   total 359520K, used 347506K [0x00000000d5550000, 0x00000000eb468000, 0x0000000100000000)
   the space 359520K,  96% used [0x00000000d5550000, 0x00000000ea8ac828, 0x00000000ea8aca00, 0x00000000eb468000)
 Metaspace       used 77172K, capacity 84399K, committed 84608K, reserved 1120256K
  class space    used 10975K, capacity 12802K, committed 12928K, reserved 1048576K
Event: 47.782 GC heap after
Heap after GC invocations=134 (full 8):
 def new generation   total 161856K, used 6324K [0x00000000c0000000, 0x00000000cafa0000, 0x00000000d5550000)
  eden space 143872K,   0% used [0x00000000c0000000, 0x00000000c0000000, 0x00000000c8c80000)
  from space 17984K,  35% used [0x00000000c8c80000, 0x00000000c92ad128, 0x00000000c9e10000)
  to   space 17984K,   0% used [0x00000000c9e10000, 0x00000000c9e10000, 0x00000000cafa0000)
 tenured generation   total 359520K, used 347506K [0x00000000d5550000, 0x00000000eb468000, 0x0000000100000000)
   the space 359520K,  96% used [0x00000000d5550000, 0x00000000ea8ac828, 0x00000000ea8aca00, 0x00000000eb468000)
 Metaspace       used 77172K, capacity 84399K, committed 84608K, reserved 1120256K
  class space    used 10975K, capacity 12802K, committed 12928K, reserved 1048576K
}
Event: 47.972 GC heap before
{Heap before GC invocations=134 (full 8):
 def new generation   total 161856K, used 150196K [0x00000000c0000000, 0x00000000cafa0000, 0x00000000d5550000)
  eden space 143872K, 100% used [0x00000000c0000000, 0x00000000c8c80000, 0x00000000c8c80000)
  from space 17984K,  35% used [0x00000000c8c80000, 0x00000000c92ad128, 0x00000000c9e10000)
  to   space 17984K,   0% used [0x00000000c9e10000, 0x00000000c9e10000, 0x00000000cafa0000)
 tenured generation   total 359520K, used 347506K [0x00000000d5550000, 0x00000000eb468000, 0x0000000100000000)
   the space 359520K,  96% used [0x00000000d5550000, 0x00000000ea8ac828, 0x00000000ea8aca00, 0x00000000eb468000)
 Metaspace       used 77192K, capacity 84469K, committed 84864K, reserved 1122304K
  class space    used 10975K, capacity 12803K, committed 12928K, reserved 1048576K
Event: 47.984 GC heap after
Heap after GC invocations=135 (full 8):
 def new generation   total 161856K, used 6388K [0x00000000c0000000, 0x00000000cafa0000, 0x00000000d5550000)
  eden space 143872K,   0% used [0x00000000c0000000, 0x00000000c0000000, 0x00000000c8c80000)
  from space 17984K,  35% used [0x00000000c9e10000, 0x00000000ca44d0f8, 0x00000000cafa0000)
  to   space 17984K,   0% used [0x00000000c8c80000, 0x00000000c8c80000, 0x00000000c9e10000)
 tenured generation   total 359520K, used 347506K [0x00000000d5550000, 0x00000000eb468000, 0x0000000100000000)
   the space 359520K,  96% used [0x00000000d5550000, 0x00000000ea8ac828, 0x00000000ea8aca00, 0x00000000eb468000)
 Metaspace       used 77192K, capacity 84469K, committed 84864K, reserved 1122304K
  class space    used 10975K, capacity 12803K, committed 12928K, reserved 1048576K
}
Event: 48.728 GC heap before
{Heap before GC invocations=135 (full 8):
 def new generation   total 161856K, used 150260K [0x00000000c0000000, 0x00000000cafa0000, 0x00000000d5550000)
  eden space 143872K, 100% used [0x00000000c0000000, 0x00000000c8c80000, 0x00000000c8c80000)
  from space 17984K,  35% used [0x00000000c9e10000, 0x00000000ca44d0f8, 0x00000000cafa0000)
  to   space 17984K,   0% used [0x00000000c8c80000, 0x00000000c8c80000, 0x00000000c9e10000)
 tenured generation   total 359520K, used 347506K [0x00000000d5550000, 0x00000000eb468000, 0x0000000100000000)
   the space 359520K,  96% used [0x00000000d5550000, 0x00000000ea8ac828, 0x00000000ea8aca00, 0x00000000eb468000)
 Metaspace       used 77313K, capacity 84597K, committed 84864K, reserved 1122304K
  class space    used 10976K, capacity 12803K, committed 12928K, reserved 1048576K
Event: 48.741 GC heap after
Heap after GC invocations=136 (full 8):
 def new generation   total 161856K, used 6432K [0x00000000c0000000, 0x00000000cafa0000, 0x00000000d5550000)
  eden space 143872K,   0% used [0x00000000c0000000, 0x00000000c0000000, 0x00000000c8c80000)
  from space 17984K,  35% used [0x00000000c8c80000, 0x00000000c92c83f8, 0x00000000c9e10000)
  to   space 17984K,   0% used [0x00000000c9e10000, 0x00000000c9e10000, 0x00000000cafa0000)
 tenured generation   total 359520K, used 347506K [0x00000000d5550000, 0x00000000eb468000, 0x0000000100000000)
   the space 359520K,  96% used [0x00000000d5550000, 0x00000000ea8ac828, 0x00000000ea8aca00, 0x00000000eb468000)
 Metaspace       used 77313K, capacity 84597K, committed 84864K, reserved 1122304K
  class space    used 10976K, capacity 12803K, committed 12928K, reserved 1048576K
}
Event: 49.049 GC heap before
{Heap before GC invocations=136 (full 8):
 def new generation   total 161856K, used 150304K [0x00000000c0000000, 0x00000000cafa0000, 0x00000000d5550000)
  eden space 143872K, 100% used [0x00000000c0000000, 0x00000000c8c80000, 0x00000000c8c80000)
  from space 17984K,  35% used [0x00000000c8c80000, 0x00000000c92c83f8, 0x00000000c9e10000)
  to   space 17984K,   0% used [0x00000000c9e10000, 0x00000000c9e10000, 0x00000000cafa0000)
 tenured generation   total 359520K, used 347506K [0x00000000d5550000, 0x00000000eb468000, 0x0000000100000000)
   the space 359520K,  96% used [0x00000000d5550000, 0x00000000ea8ac828, 0x00000000ea8aca00, 0x00000000eb468000)
 Metaspace       used 77379K, capacity 84661K, committed 84864K, reserved 1122304K
  class space    used 10976K, capacity 12803K, committed 12928K, reserved 1048576K
Event: 49.061 GC heap after
Heap after GC invocations=137 (full 8):
 def new generation   total 161856K, used 6435K [0x00000000c0000000, 0x00000000cafa0000, 0x00000000d5550000)
  eden space 143872K,   0% used [0x00000000c0000000, 0x00000000c0000000, 0x00000000c8c80000)
  from space 17984K,  35% used [0x00000000c9e10000, 0x00000000ca458e18, 0x00000000cafa0000)
  to   space 17984K,   0% used [0x00000000c8c80000, 0x00000000c8c80000, 0x00000000c9e10000)
 tenured generation   total 359520K, used 347506K [0x00000000d5550000, 0x00000000eb468000, 0x0000000100000000)
   the space 359520K,  96% used [0x00000000d5550000, 0x00000000ea8ac828, 0x00000000ea8aca00, 0x00000000eb468000)
 Metaspace       used 77379K, capacity 84661K, committed 84864K, reserved 1122304K
  class space    used 10976K, capacity 12803K, committed 12928K, reserved 1048576K
}
Event: 49.591 GC heap before
{Heap before GC invocations=137 (full 8):
 def new generation   total 161856K, used 150307K [0x00000000c0000000, 0x00000000cafa0000, 0x00000000d5550000)
  eden space 143872K, 100% used [0x00000000c0000000, 0x00000000c8c80000, 0x00000000c8c80000)
  from space 17984K,  35% used [0x00000000c9e10000, 0x00000000ca458e18, 0x00000000cafa0000)
  to   space 17984K,   0% used [0x00000000c8c80000, 0x00000000c8c80000, 0x00000000c9e10000)
 tenured generation   total 359520K, used 347506K [0x00000000d5550000, 0x00000000eb468000, 0x0000000100000000)
   the space 359520K,  96% used [0x00000000d5550000, 0x00000000ea8ac828, 0x00000000ea8aca00, 0x00000000eb468000)
 Metaspace       used 77440K, capacity 84725K, committed 85120K, reserved 1122304K
  class space    used 10976K, capacity 12803K, committed 12928K, reserved 1048576K
Event: 49.606 GC heap after
Heap after GC invocations=138 (full 8):
 def new generation   total 161856K, used 2912K [0x00000000c0000000, 0x00000000cafa0000, 0x00000000d5550000)
  eden space 143872K,   0% used [0x00000000c0000000, 0x00000000c0000000, 0x00000000c8c80000)
  from space 17984K,  16% used [0x00000000c8c80000, 0x00000000c8f58020, 0x00000000c9e10000)
  to   space 17984K,   0% used [0x00000000c9e10000, 0x00000000c9e10000, 0x00000000cafa0000)
 tenured generation   total 359520K, used 351103K [0x00000000d5550000, 0x00000000eb468000, 0x0000000100000000)
   the space 359520K,  97% used [0x00000000d5550000, 0x00000000eac2fc70, 0x00000000eac2fe00, 0x00000000eb468000)
 Metaspace       used 77440K, capacity 84725K, committed 85120K, reserved 1122304K
  class space    used 10976K, capacity 12803K, committed 12928K, reserved 1048576K
}
Event: 49.965 GC heap before
{Heap before GC invocations=138 (full 8):
 def new generation   total 161856K, used 146784K [0x00000000c0000000, 0x00000000cafa0000, 0x00000000d5550000)
  eden space 143872K, 100% used [0x00000000c0000000, 0x00000000c8c80000, 0x00000000c8c80000)
  from space 17984K,  16% used [0x00000000c8c80000, 0x00000000c8f58020, 0x00000000c9e10000)
  to   space 17984K,   0% used [0x00000000c9e10000, 0x00000000c9e10000, 0x00000000cafa0000)
 tenured generation   total 359520K, used 351103K [0x00000000d5550000, 0x00000000eb468000, 0x0000000100000000)
   the space 359520K,  97% used [0x00000000d5550000, 0x00000000eac2fc70, 0x00000000eac2fe00, 0x00000000eb468000)
 Metaspace       used 77620K, capacity 84900K, committed 85120K, reserved 1122304K
  class space    used 10976K, capacity 12803K, committed 12928K, reserved 1048576K
Event: 49.973 GC heap after
Heap after GC invocations=139 (full 8):
 def new generation   total 161856K, used 2524K [0x00000000c0000000, 0x00000000cafa0000, 0x00000000d5550000)
  eden space 143872K,   0% used [0x00000000c0000000, 0x00000000c0000000, 0x00000000c8c80000)
  from space 17984K,  14% used [0x00000000c9e10000, 0x00000000ca0870a8, 0x00000000cafa0000)
  to   space 17984K,   0% used [0x00000000c8c80000, 0x00000000c8c80000, 0x00000000c9e10000)
 tenured generation   total 359520K, used 351558K [0x00000000d5550000, 0x00000000eb468000, 0x0000000100000000)
   the space 359520K,  97% used [0x00000000d5550000, 0x00000000eaca1a40, 0x00000000eaca1c00, 0x00000000eb468000)
 Metaspace       used 77620K, capacity 84900K, committed 85120K, reserved 1122304K
  class space    used 10976K, capacity 12803K, committed 12928K, reserved 1048576K
}
Event: 50.283 GC heap before
{Heap before GC invocations=139 (full 8):
 def new generation   total 161856K, used 146396K [0x00000000c0000000, 0x00000000cafa0000, 0x00000000d5550000)
  eden space 143872K, 100% used [0x00000000c0000000, 0x00000000c8c80000, 0x00000000c8c80000)
  from space 17984K,  14% used [0x00000000c9e10000, 0x00000000ca0870a8, 0x00000000cafa0000)
  to   space 17984K,   0% used [0x00000000c8c80000, 0x00000000c8c80000, 0x00000000c9e10000)
 tenured generation   total 359520K, used 351558K [0x00000000d5550000, 0x00000000eb468000, 0x0000000100000000)
   the space 359520K,  97% used [0x00000000d5550000, 0x00000000eaca1a40, 0x00000000eaca1c00, 0x00000000eb468000)
 Metaspace       used 77682K, capacity 84964K, committed 85376K, reserved 1122304K
  class space    used 10976K, capacity 12803K, committed 12928K, reserved 1048576K
Event: 50.290 GC heap after
Heap after GC invocations=140 (full 8):
 def new generation   total 161856K, used 1775K [0x00000000c0000000, 0x00000000cafa0000, 0x00000000d5550000)
  eden space 143872K,   0% used [0x00000000c0000000, 0x00000000c0000000, 0x00000000c8c80000)
  from space 17984K,   9% used [0x00000000c8c80000, 0x00000000c8e3bf78, 0x00000000c9e10000)
  to   space 17984K,   0% used [0x00000000c9e10000, 0x00000000c9e10000, 0x00000000cafa0000)
 tenured generation   total 359520K, used 352313K [0x00000000d5550000, 0x00000000eb468000, 0x0000000100000000)
   the space 359520K,  97% used [0x00000000d5550000, 0x00000000ead5e780, 0x00000000ead5e800, 0x00000000eb468000)
 Metaspace       used 77682K, capacity 84964K, committed 85376K, reserved 1122304K
  class space    used 10976K, capacity 12803K, committed 12928K, reserved 1048576K
}
Event: 50.630 GC heap before
{Heap before GC invocations=140 (full 8):
 def new generation   total 161856K, used 145647K [0x00000000c0000000, 0x00000000cafa0000, 0x00000000d5550000)
  eden space 143872K, 100% used [0x00000000c0000000, 0x00000000c8c80000, 0x00000000c8c80000)
  from space 17984K,   9% used [0x00000000c8c80000, 0x00000000c8e3bf78, 0x00000000c9e10000)
  to   space 17984K,   0% used [0x00000000c9e10000, 0x00000000c9e10000, 0x00000000cafa0000)
 tenured generation   total 359520K, used 352313K [0x00000000d5550000, 0x00000000eb468000, 0x0000000100000000)
   the space 359520K,  97% used [0x00000000d5550000, 0x00000000ead5e780, 0x00000000ead5e800, 0x00000000eb468000)
 Metaspace       used 77749K, capacity 85028K, committed 85376K, reserved 1122304K
  class space    used 10976K, capacity 12803K, committed 12928K, reserved 1048576K
Event: 50.636 GC heap after
Heap after GC invocations=141 (full 8):
 def new generation   total 161856K, used 679K [0x00000000c0000000, 0x00000000cafa0000, 0x00000000d5550000)
  eden space 143872K,   0% used [0x00000000c0000000, 0x00000000c0000000, 0x00000000c8c80000)
  from space 17984K,   3% used [0x00000000c9e10000, 0x00000000c9eb9e68, 0x00000000cafa0000)
  to   space 17984K,   0% used [0x00000000c8c80000, 0x00000000c8c80000, 0x00000000c9e10000)
 tenured generation   total 359520K, used 353438K [0x00000000d5550000, 0x00000000eb468000, 0x0000000100000000)
   the space 359520K,  98% used [0x00000000d5550000, 0x00000000eae77aa8, 0x00000000eae77c00, 0x00000000eb468000)
 Metaspace       used 77749K, capacity 85028K, committed 85376K, reserved 1122304K
  class space    used 10976K, capacity 12803K, committed 12928K, reserved 1048576K
}
Event: 50.803 GC heap before
{Heap before GC invocations=141 (full 8):
 def new generation   total 161856K, used 144551K [0x00000000c0000000, 0x00000000cafa0000, 0x00000000d5550000)
  eden space 143872K, 100% used [0x00000000c0000000, 0x00000000c8c80000, 0x00000000c8c80000)
  from space 17984K,   3% used [0x00000000c9e10000, 0x00000000c9eb9e68, 0x00000000cafa0000)
  to   space 17984K,   0% used [0x00000000c8c80000, 0x00000000c8c80000, 0x00000000c9e10000)
 tenured generation   total 359520K, used 353438K [0x00000000d5550000, 0x00000000eb468000, 0x0000000100000000)
   the space 359520K,  98% used [0x00000000d5550000, 0x00000000eae77aa8, 0x00000000eae77c00, 0x00000000eb468000)
 Metaspace       used 77760K, capacity 85028K, committed 85376K, reserved 1122304K
  class space    used 10978K, capacity 12803K, committed 12928K, reserved 1048576K
Event: 50.807 GC heap after
Heap after GC invocations=142 (full 8):
 def new generation   total 161856K, used 677K [0x00000000c0000000, 0x00000000cafa0000, 0x00000000d5550000)
  eden space 143872K,   0% used [0x00000000c0000000, 0x00000000c0000000, 0x00000000c8c80000)
  from space 17984K,   3% used [0x00000000c8c80000, 0x00000000c8d29658, 0x00000000c9e10000)
  to   space 17984K,   0% used [0x00000000c9e10000, 0x00000000c9e10000, 0x00000000cafa0000)
 tenured generation   total 359520K, used 353560K [0x00000000d5550000, 0x00000000eb468000, 0x0000000100000000)
   the space 359520K,  98% used [0x00000000d5550000, 0x00000000eae960a0, 0x00000000eae96200, 0x00000000eb468000)
 Metaspace       used 77760K, capacity 85028K, committed 85376K, reserved 1122304K
  class space    used 10978K, capacity 12803K, committed 12928K, reserved 1048576K
}
Event: 50.921 GC heap before
{Heap before GC invocations=142 (full 8):
 def new generation   total 161856K, used 144549K [0x00000000c0000000, 0x00000000cafa0000, 0x00000000d5550000)
  eden space 143872K, 100% used [0x00000000c0000000, 0x00000000c8c80000, 0x00000000c8c80000)
  from space 17984K,   3% used [0x00000000c8c80000, 0x00000000c8d29658, 0x00000000c9e10000)
  to   space 17984K,   0% used [0x00000000c9e10000, 0x00000000c9e10000, 0x00000000cafa0000)
 tenured generation   total 359520K, used 353560K [0x00000000d5550000, 0x00000000eb468000, 0x0000000100000000)
   the space 359520K,  98% used [0x00000000d5550000, 0x00000000eae960a0, 0x00000000eae96200, 0x00000000eb468000)
 Metaspace       used 77760K, capacity 85028K, committed 85376K, reserved 1122304K
  class space    used 10978K, capacity 12803K, committed 12928K, reserved 1048576K
Event: 50.925 GC heap after
Heap after GC invocations=143 (full 8):
 def new generation   total 161856K, used 625K [0x00000000c0000000, 0x00000000cafa0000, 0x00000000d5550000)
  eden space 143872K,   0% used [0x00000000c0000000, 0x00000000c0000000, 0x00000000c8c80000)
  from space 17984K,   3% used [0x00000000c9e10000, 0x00000000c9eac670, 0x00000000cafa0000)
  to   space 17984K,   0% used [0x00000000c8c80000, 0x00000000c8c80000, 0x00000000c9e10000)
 tenured generation   total 359520K, used 353640K [0x00000000d5550000, 0x00000000eb468000, 0x0000000100000000)
   the space 359520K,  98% used [0x00000000d5550000, 0x00000000eaeaa2e0, 0x00000000eaeaa400, 0x00000000eb468000)
 Metaspace       used 77760K, capacity 85028K, committed 85376K, reserved 1122304K
  class space    used 10978K, capacity 12803K, committed 12928K, reserved 1048576K
}
Event: 51.050 GC heap before
{Heap before GC invocations=143 (full 8):
 def new generation   total 161856K, used 144497K [0x00000000c0000000, 0x00000000cafa0000, 0x00000000d5550000)
  eden space 143872K, 100% used [0x00000000c0000000, 0x00000000c8c80000, 0x00000000c8c80000)
  from space 17984K,   3% used [0x00000000c9e10000, 0x00000000c9eac670, 0x00000000cafa0000)
  to   space 17984K,   0% used [0x00000000c8c80000, 0x00000000c8c80000, 0x00000000c9e10000)
 tenured generation   total 359520K, used 353640K [0x00000000d5550000, 0x00000000eb468000, 0x0000000100000000)
   the space 359520K,  98% used [0x00000000d5550000, 0x00000000eaeaa2e0, 0x00000000eaeaa400, 0x00000000eb468000)
 Metaspace       used 77767K, capacity 85028K, committed 85376K, reserved 1122304K
  class space    used 10979K, capacity 12803K, committed 12928K, reserved 1048576K
Event: 51.064 GC heap after
Heap after GC invocations=144 (full 8):
 def new generation   total 161856K, used 716K [0x00000000c0000000, 0x00000000cafa0000, 0x00000000d5550000)
  eden space 143872K,   0% used [0x00000000c0000000, 0x00000000c0000000, 0x00000000c8c80000)
  from space 17984K,   3% used [0x00000000c8c80000, 0x00000000c8d332c8, 0x00000000c9e10000)
  to   space 17984K,   0% used [0x00000000c9e10000, 0x00000000c9e10000, 0x00000000cafa0000)
 tenured generation   total 359520K, used 353645K [0x00000000d5550000, 0x00000000eb468000, 0x0000000100000000)
   the space 359520K,  98% used [0x00000000d5550000, 0x00000000eaeab488, 0x00000000eaeab600, 0x00000000eb468000)
 Metaspace       used 77767K, capacity 85028K, committed 85376K, reserved 1122304K
  class space    used 10979K, capacity 12803K, committed 12928K, reserved 1048576K
}
Event: 51.321 GC heap before
{Heap before GC invocations=144 (full 8):
 def new generation   total 161856K, used 144588K [0x00000000c0000000, 0x00000000cafa0000, 0x00000000d5550000)
  eden space 143872K, 100% used [0x00000000c0000000, 0x00000000c8c80000, 0x00000000c8c80000)
  from space 17984K,   3% used [0x00000000c8c80000, 0x00000000c8d332c8, 0x00000000c9e10000)
  to   space 17984K,   0% used [0x00000000c9e10000, 0x00000000c9e10000, 0x00000000cafa0000)
 tenured generation   total 359520K, used 353645K [0x00000000d5550000, 0x00000000eb468000, 0x0000000100000000)
   the space 359520K,  98% used [0x00000000d5550000, 0x00000000eaeab488, 0x00000000eaeab600, 0x00000000eb468000)
 Metaspace       used 77900K, capacity 85306K, committed 85376K, reserved 1122304K
  class space    used 11016K, capacity 12872K, committed 12928K, reserved 1048576K
Event: 51.326 GC heap after
Heap after GC invocations=145 (full 8):
 def new generation   total 161856K, used 974K [0x00000000c0000000, 0x00000000cafa0000, 0x00000000d5550000)
  eden space 143872K,   0% used [0x00000000c0000000, 0x00000000c0000000, 0x00000000c8c80000)
  from space 17984K,   5% used [0x00000000c9e10000, 0x00000000c9f03ad0, 0x00000000cafa0000)
  to   space 17984K,   0% used [0x00000000c8c80000, 0x00000000c8c80000, 0x00000000c9e10000)
 tenured generation   total 359520K, used 353657K [0x00000000d5550000, 0x00000000eb468000, 0x0000000100000000)
   the space 359520K,  98% used [0x00000000d5550000, 0x00000000eaeae598, 0x00000000eaeae600, 0x00000000eb468000)
 Metaspace       used 77900K, capacity 85306K, committed 85376K, reserved 1122304K
  class space    used 11016K, capacity 12872K, committed 12928K, reserved 1048576K
}
Event: 51.900 GC heap before
{Heap before GC invocations=145 (full 8):
 def new generation   total 161856K, used 144846K [0x00000000c0000000, 0x00000000cafa0000, 0x00000000d5550000)
  eden space 143872K, 100% used [0x00000000c0000000, 0x00000000c8c80000, 0x00000000c8c80000)
  from space 17984K,   5% used [0x00000000c9e10000, 0x00000000c9f03ad0, 0x00000000cafa0000)
  to   space 17984K,   0% used [0x00000000c8c80000, 0x00000000c8c80000, 0x00000000c9e10000)
 tenured generation   total 359520K, used 353657K [0x00000000d5550000, 0x00000000eb468000, 0x0000000100000000)
   the space 359520K,  98% used [0x00000000d5550000, 0x00000000eaeae598, 0x00000000eaeae600, 0x00000000eb468000)
 Metaspace       used 78226K, capacity 85836K, committed 86016K, reserved 1122304K
  class space    used 11075K, capacity 12947K, committed 13056K, reserved 1048576K
Event: 51.907 GC heap after
Heap after GC invocations=146 (full 8):
 def new generation   total 161856K, used 1210K [0x00000000c0000000, 0x00000000cafa0000, 0x00000000d5550000)
  eden space 143872K,   0% used [0x00000000c0000000, 0x00000000c0000000, 0x00000000c8c80000)
  from space 17984K,   6% used [0x00000000c8c80000, 0x00000000c8daebb0, 0x00000000c9e10000)
  to   space 17984K,   0% used [0x00000000c9e10000, 0x00000000c9e10000, 0x00000000cafa0000)
 tenured generation   total 359520K, used 353684K [0x00000000d5550000, 0x00000000eb468000, 0x0000000100000000)
   the space 359520K,  98% used [0x00000000d5550000, 0x00000000eaeb5250, 0x00000000eaeb5400, 0x00000000eb468000)
 Metaspace       used 78226K, capacity 85836K, committed 86016K, reserved 1122304K
  class space    used 11075K, capacity 12947K, committed 13056K, reserved 1048576K
}
Event: 52.343 GC heap before
{Heap before GC invocations=146 (full 8):
 def new generation   total 161856K, used 145082K [0x00000000c0000000, 0x00000000cafa0000, 0x00000000d5550000)
  eden space 143872K, 100% used [0x00000000c0000000, 0x00000000c8c80000, 0x00000000c8c80000)
  from space 17984K,   6% used [0x00000000c8c80000, 0x00000000c8daebb0, 0x00000000c9e10000)
  to   space 17984K,   0% used [0x00000000c9e10000, 0x00000000c9e10000, 0x00000000cafa0000)
 tenured generation   total 359520K, used 353684K [0x00000000d5550000, 0x00000000eb468000, 0x0000000100000000)
   the space 359520K,  98% used [0x00000000d5550000, 0x00000000eaeb5250, 0x00000000eaeb5400, 0x00000000eb468000)
 Metaspace       used 78305K, capacity 85888K, committed 86016K, reserved 1122304K
  class space    used 11075K, capacity 12947K, committed 13056K, reserved 1048576K
Event: 52.349 GC heap after
Heap after GC invocations=147 (full 8):
 def new generation   total 161856K, used 1143K [0x00000000c0000000, 0x00000000cafa0000, 0x00000000d5550000)
  eden space 143872K,   0% used [0x00000000c0000000, 0x00000000c0000000, 0x00000000c8c80000)
  from space 17984K,   6% used [0x00000000c9e10000, 0x00000000c9f2de50, 0x00000000cafa0000)
  to   space 17984K,   0% used [0x00000000c8c80000, 0x00000000c8c80000, 0x00000000c9e10000)
 tenured generation   total 359520K, used 353726K [0x00000000d5550000, 0x00000000eb468000, 0x0000000100000000)
   the space 359520K,  98% used [0x00000000d5550000, 0x00000000eaebfa80, 0x00000000eaebfc00, 0x00000000eb468000)
 Metaspace       used 78305K, capacity 85888K, committed 86016K, reserved 1122304K
  class space    used 11075K, capacity 12947K, committed 13056K, reserved 1048576K
}
Event: 52.577 GC heap before
{Heap before GC invocations=147 (full 8):
 def new generation   total 161856K, used 145015K [0x00000000c0000000, 0x00000000cafa0000, 0x00000000d5550000)
  eden space 143872K, 100% used [0x00000000c0000000, 0x00000000c8c80000, 0x00000000c8c80000)
  from space 17984K,   6% used [0x00000000c9e10000, 0x00000000c9f2de50, 0x00000000cafa0000)
  to   space 17984K,   0% used [0x00000000c8c80000, 0x00000000c8c80000, 0x00000000c9e10000)
 tenured generation   total 359520K, used 353726K [0x00000000d5550000, 0x00000000eb468000, 0x0000000100000000)
   the space 359520K,  98% used [0x00000000d5550000, 0x00000000eaebfa80, 0x00000000eaebfc00, 0x00000000eb468000)
 Metaspace       used 78350K, capacity 85996K, committed 86272K, reserved 1122304K
  class space    used 11075K, capacity 12947K, committed 13056K, reserved 1048576K
Event: 52.587 GC heap after
Heap after GC invocations=148 (full 8):
 def new generation   total 161856K, used 1125K [0x00000000c0000000, 0x00000000cafa0000, 0x00000000d5550000)
  eden space 143872K,   0% used [0x00000000c0000000, 0x00000000c0000000, 0x00000000c8c80000)
  from space 17984K,   6% used [0x00000000c8c80000, 0x00000000c8d99788, 0x00000000c9e10000)
  to   space 17984K,   0% used [0x00000000c9e10000, 0x00000000c9e10000, 0x00000000cafa0000)
 tenured generation   total 359520K, used 353756K [0x00000000d5550000, 0x00000000eb468000, 0x0000000100000000)
   the space 359520K,  98% used [0x00000000d5550000, 0x00000000eaec72d0, 0x00000000eaec7400, 0x00000000eb468000)
 Metaspace       used 78350K, capacity 85996K, committed 86272K, reserved 1122304K
  class space    used 11075K, capacity 12947K, committed 13056K, reserved 1048576K
}
Event: 52.977 GC heap before
{Heap before GC invocations=148 (full 8):
 def new generation   total 161856K, used 144997K [0x00000000c0000000, 0x00000000cafa0000, 0x00000000d5550000)
  eden space 143872K, 100% used [0x00000000c0000000, 0x00000000c8c80000, 0x00000000c8c80000)
  from space 17984K,   6% used [0x00000000c8c80000, 0x00000000c8d99788, 0x00000000c9e10000)
  to   space 17984K,   0% used [0x00000000c9e10000, 0x00000000c9e10000, 0x00000000cafa0000)
 tenured generation   total 359520K, used 353756K [0x00000000d5550000, 0x00000000eb468000, 0x0000000100000000)
   the space 359520K,  98% used [0x00000000d5550000, 0x00000000eaec72d0, 0x00000000eaec7400, 0x00000000eb468000)
 Metaspace       used 78374K, capacity 86008K, committed 86272K, reserved 1122304K
  class space    used 11075K, capacity 12947K, committed 13056K, reserved 1048576K
Event: 52.983 GC heap after
Heap after GC invocations=149 (full 8):
 def new generation   total 161856K, used 1115K [0x00000000c0000000, 0x00000000cafa0000, 0x00000000d5550000)
  eden space 143872K,   0% used [0x00000000c0000000, 0x00000000c0000000, 0x00000000c8c80000)
  from space 17984K,   6% used [0x00000000c9e10000, 0x00000000c9f26da8, 0x00000000cafa0000)
  to   space 17984K,   0% used [0x00000000c8c80000, 0x00000000c8c80000, 0x00000000c9e10000)
 tenured generation   total 359520K, used 353798K [0x00000000d5550000, 0x00000000eb468000, 0x0000000100000000)
   the space 359520K,  98% used [0x00000000d5550000, 0x00000000eaed18d8, 0x00000000eaed1a00, 0x00000000eb468000)
 Metaspace       used 78374K, capacity 86008K, committed 86272K, reserved 1122304K
  class space    used 11075K, capacity 12947K, committed 13056K, reserved 1048576K
}
Event: 53.310 GC heap before
{Heap before GC invocations=149 (full 8):
 def new generation   total 161856K, used 144987K [0x00000000c0000000, 0x00000000cafa0000, 0x00000000d5550000)
  eden space 143872K, 100% used [0x00000000c0000000, 0x00000000c8c80000, 0x00000000c8c80000)
  from space 17984K,   6% used [0x00000000c9e10000, 0x00000000c9f26da8, 0x00000000cafa0000)
  to   space 17984K,   0% used [0x00000000c8c80000, 0x00000000c8c80000, 0x00000000c9e10000)
 tenured generation   total 359520K, used 353798K [0x00000000d5550000, 0x00000000eb468000, 0x0000000100000000)
   the space 359520K,  98% used [0x00000000d5550000, 0x00000000eaed18d8, 0x00000000eaed1a00, 0x00000000eb468000)
 Metaspace       used 78413K, capacity 86084K, committed 86272K, reserved 1122304K
  class space    used 11075K, capacity 12947K, committed 13056K, reserved 1048576K
Event: 53.318 GC heap after
Heap after GC invocations=150 (full 8):
 def new generation   total 161856K, used 1103K [0x00000000c0000000, 0x00000000cafa0000, 0x00000000d5550000)
  eden space 143872K,   0% used [0x00000000c0000000, 0x00000000c0000000, 0x00000000c8c80000)
  from space 17984K,   6% used [0x00000000c8c80000, 0x00000000c8d93fa8, 0x00000000c9e10000)
  to   space 17984K,   0% used [0x00000000c9e10000, 0x00000000c9e10000, 0x00000000cafa0000)
 tenured generation   total 359520K, used 353855K [0x00000000d5550000, 0x00000000eb468000, 0x0000000100000000)
   the space 359520K,  98% used [0x00000000d5550000, 0x00000000eaedfcd8, 0x00000000eaedfe00, 0x00000000eb468000)
 Metaspace       used 78413K, capacity 86084K, committed 86272K, reserved 1122304K
  class space    used 11075K, capacity 12947K, committed 13056K, reserved 1048576K
}
Event: 53.721 GC heap before
{Heap before GC invocations=150 (full 8):
 def new generation   total 161856K, used 144975K [0x00000000c0000000, 0x00000000cafa0000, 0x00000000d5550000)
  eden space 143872K, 100% used [0x00000000c0000000, 0x00000000c8c80000, 0x00000000c8c80000)
  from space 17984K,   6% used [0x00000000c8c80000, 0x00000000c8d93fa8, 0x00000000c9e10000)
  to   space 17984K,   0% used [0x00000000c9e10000, 0x00000000c9e10000, 0x00000000cafa0000)
 tenured generation   total 359520K, used 353855K [0x00000000d5550000, 0x00000000eb468000, 0x0000000100000000)
   the space 359520K,  98% used [0x00000000d5550000, 0x00000000eaedfcd8, 0x00000000eaedfe00, 0x00000000eb468000)
 Metaspace       used 78424K, capacity 86110K, committed 86272K, reserved 1122304K
  class space    used 11078K, capacity 12952K, committed 13056K, reserved 1048576K
Event: 53.727 GC heap after
Heap after GC invocations=151 (full 8):
 def new generation   total 161856K, used 1107K [0x00000000c0000000, 0x00000000cafa0000, 0x00000000d5550000)
  eden space 143872K,   0% used [0x00000000c0000000, 0x00000000c0000000, 0x00000000c8c80000)
  from space 17984K,   6% used [0x00000000c9e10000, 0x00000000c9f24eb0, 0x00000000cafa0000)
  to   space 17984K,   0% used [0x00000000c8c80000, 0x00000000c8c80000, 0x00000000c9e10000)
 tenured generation   total 359520K, used 353899K [0x00000000d5550000, 0x00000000eb468000, 0x0000000100000000)
   the space 359520K,  98% used [0x00000000d5550000, 0x00000000eaeeafe0, 0x00000000eaeeb000, 0x00000000eb468000)
 Metaspace       used 78424K, capacity 86110K, committed 86272K, reserved 1122304K
  class space    used 11078K, capacity 12952K, committed 13056K, reserved 1048576K
}
Event: 54.192 GC heap before
{Heap before GC invocations=151 (full 8):
 def new generation   total 161856K, used 144979K [0x00000000c0000000, 0x00000000cafa0000, 0x00000000d5550000)
  eden space 143872K, 100% used [0x00000000c0000000, 0x00000000c8c80000, 0x00000000c8c80000)
  from space 17984K,   6% used [0x00000000c9e10000, 0x00000000c9f24eb0, 0x00000000cafa0000)
  to   space 17984K,   0% used [0x00000000c8c80000, 0x00000000c8c80000, 0x00000000c9e10000)
 tenured generation   total 359520K, used 353899K [0x00000000d5550000, 0x00000000eb468000, 0x0000000100000000)
   the space 359520K,  98% used [0x00000000d5550000, 0x00000000eaeeafe0, 0x00000000eaeeb000, 0x00000000eb468000)
 Metaspace       used 78424K, capacity 86110K, committed 86272K, reserved 1122304K
  class space    used 11078K, capacity 12952K, committed 13056K, reserved 1048576K
Event: 54.198 GC heap after
Heap after GC invocations=152 (full 8):
 def new generation   total 161856K, used 1185K [0x00000000c0000000, 0x00000000cafa0000, 0x00000000d5550000)
  eden space 143872K,   0% used [0x00000000c0000000, 0x00000000c0000000, 0x00000000c8c80000)
  from space 17984K,   6% used [0x00000000c8c80000, 0x00000000c8da86b8, 0x00000000c9e10000)
  to   space 17984K,   0% used [0x00000000c9e10000, 0x00000000c9e10000, 0x00000000cafa0000)
 tenured generation   total 359520K, used 353905K [0x00000000d5550000, 0x00000000eb468000, 0x0000000100000000)
   the space 359520K,  98% used [0x00000000d5550000, 0x00000000eaeec428, 0x00000000eaeec600, 0x00000000eb468000)
 Metaspace       used 78424K, capacity 86110K, committed 86272K, reserved 1122304K
  class space    used 11078K, capacity 12952K, committed 13056K, reserved 1048576K
}
Event: 54.398 GC heap before
{Heap before GC invocations=152 (full 8):
 def new generation   total 161856K, used 145057K [0x00000000c0000000, 0x00000000cafa0000, 0x00000000d5550000)
  eden space 143872K, 100% used [0x00000000c0000000, 0x00000000c8c80000, 0x00000000c8c80000)
  from space 17984K,   6% used [0x00000000c8c80000, 0x00000000c8da86b8, 0x00000000c9e10000)
  to   space 17984K,   0% used [0x00000000c9e10000, 0x00000000c9e10000, 0x00000000cafa0000)
 tenured generation   total 359520K, used 353905K [0x00000000d5550000, 0x00000000eb468000, 0x0000000100000000)
   the space 359520K,  98% used [0x00000000d5550000, 0x00000000eaeec428, 0x00000000eaeec600, 0x00000000eb468000)
 Metaspace       used 78424K, capacity 86110K, committed 86272K, reserved 1122304K
  class space    used 11078K, capacity 12952K, committed 13056K, reserved 1048576K
Event: 54.404 GC heap after
Heap after GC invocations=153 (full 8):
 def new generation   total 161856K, used 1151K [0x00000000c0000000, 0x00000000cafa0000, 0x00000000d5550000)
  eden space 143872K,   0% used [0x00000000c0000000, 0x00000000c0000000, 0x00000000c8c80000)
  from space 17984K,   6% used [0x00000000c9e10000, 0x00000000c9f2fc50, 0x00000000cafa0000)
  to   space 17984K,   0% used [0x00000000c8c80000, 0x00000000c8c80000, 0x00000000c9e10000)
 tenured generation   total 359520K, used 353979K [0x00000000d5550000, 0x00000000eb468000, 0x0000000100000000)
   the space 359520K,  98% used [0x00000000d5550000, 0x00000000eaefec70, 0x00000000eaefee00, 0x00000000eb468000)
 Metaspace       used 78424K, capacity 86110K, committed 86272K, reserved 1122304K
  class space    used 11078K, capacity 12952K, committed 13056K, reserved 1048576K
}
Event: 54.605 GC heap before
{Heap before GC invocations=153 (full 8):
 def new generation   total 161856K, used 145023K [0x00000000c0000000, 0x00000000cafa0000, 0x00000000d5550000)
  eden space 143872K, 100% used [0x00000000c0000000, 0x00000000c8c80000, 0x00000000c8c80000)
  from space 17984K,   6% used [0x00000000c9e10000, 0x00000000c9f2fc50, 0x00000000cafa0000)
  to   space 17984K,   0% used [0x00000000c8c80000, 0x00000000c8c80000, 0x00000000c9e10000)
 tenured generation   total 359520K, used 353979K [0x00000000d5550000, 0x00000000eb468000, 0x0000000100000000)
   the space 359520K,  98% used [0x00000000d5550000, 0x00000000eaefec70, 0x00000000eaefee00, 0x00000000eb468000)
 Metaspace       used 78424K, capacity 86110K, committed 86272K, reserved 1122304K
  class space    used 11078K, capacity 12952K, committed 13056K, reserved 1048576K
Event: 54.612 GC heap after
Heap after GC invocations=154 (full 8):
 def new generation   total 161856K, used 1125K [0x00000000c0000000, 0x00000000cafa0000, 0x00000000d5550000)
  eden space 143872K,   0% used [0x00000000c0000000, 0x00000000c0000000, 0x00000000c8c80000)
  from space 17984K,   6% used [0x00000000c8c80000, 0x00000000c8d994f0, 0x00000000c9e10000)
  to   space 17984K,   0% used [0x00000000c9e10000, 0x00000000c9e10000, 0x00000000cafa0000)
 tenured generation   total 359520K, used 354055K [0x00000000d5550000, 0x00000000eb468000, 0x0000000100000000)
   the space 359520K,  98% used [0x00000000d5550000, 0x00000000eaf11ca0, 0x00000000eaf11e00, 0x00000000eb468000)
 Metaspace       used 78424K, capacity 86110K, committed 86272K, reserved 1122304K
  class space    used 11078K, capacity 12952K, committed 13056K, reserved 1048576K
}
Event: 55.003 GC heap before
{Heap before GC invocations=154 (full 8):
 def new generation   total 161856K, used 144997K [0x00000000c0000000, 0x00000000cafa0000, 0x00000000d5550000)
  eden space 143872K, 100% used [0x00000000c0000000, 0x00000000c8c80000, 0x00000000c8c80000)
  from space 17984K,   6% used [0x00000000c8c80000, 0x00000000c8d994f0, 0x00000000c9e10000)
  to   space 17984K,   0% used [0x00000000c9e10000, 0x00000000c9e10000, 0x00000000cafa0000)
 tenured generation   total 359520K, used 354055K [0x00000000d5550000, 0x00000000eb468000, 0x0000000100000000)
   the space 359520K,  98% used [0x00000000d5550000, 0x00000000eaf11ca0, 0x00000000eaf11e00, 0x00000000eb468000)
 Metaspace       used 78424K, capacity 86110K, committed 86272K, reserved 1122304K
  class space    used 11078K, capacity 12952K, committed 13056K, reserved 1048576K
Event: 55.014 GC heap after
Heap after GC invocations=155 (full 8):
 def new generation   total 161856K, used 1183K [0x00000000c0000000, 0x00000000cafa0000, 0x00000000d5550000)
  eden space 143872K,   0% used [0x00000000c0000000, 0x00000000c0000000, 0x00000000c8c80000)
  from space 17984K,   6% used [0x00000000c9e10000, 0x00000000c9f37e00, 0x00000000cafa0000)
  to   space 17984K,   0% used [0x00000000c8c80000, 0x00000000c8c80000, 0x00000000c9e10000)
 tenured generation   total 359520K, used 354062K [0x00000000d5550000, 0x00000000eb468000, 0x0000000100000000)
   the space 359520K,  98% used [0x00000000d5550000, 0x00000000eaf13948, 0x00000000eaf13a00, 0x00000000eb468000)
 Metaspace       used 78424K, capacity 86110K, committed 86272K, reserved 1122304K
  class space    used 11078K, capacity 12952K, committed 13056K, reserved 1048576K
}
Event: 55.507 GC heap before
{Heap before GC invocations=155 (full 8):
 def new generation   total 161856K, used 145055K [0x00000000c0000000, 0x00000000cafa0000, 0x00000000d5550000)
  eden space 143872K, 100% used [0x00000000c0000000, 0x00000000c8c80000, 0x00000000c8c80000)
  from space 17984K,   6% used [0x00000000c9e10000, 0x00000000c9f37e00, 0x00000000cafa0000)
  to   space 17984K,   0% used [0x00000000c8c80000, 0x00000000c8c80000, 0x00000000c9e10000)
 tenured generation   total 359520K, used 354062K [0x00000000d5550000, 0x00000000eb468000, 0x0000000100000000)
   the space 359520K,  98% used [0x00000000d5550000, 0x00000000eaf13948, 0x00000000eaf13a00, 0x00000000eb468000)
 Metaspace       used 78430K, capacity 86122K, committed 86272K, reserved 1122304K
  class space    used 11081K, capacity 12956K, committed 13056K, reserved 1048576K
Event: 55.513 GC heap after
Heap after GC invocations=156 (full 8):
 def new generation   total 161856K, used 1216K [0x00000000c0000000, 0x00000000cafa0000, 0x00000000d5550000)
  eden space 143872K,   0% used [0x00000000c0000000, 0x00000000c0000000, 0x00000000c8c80000)
  from space 17984K,   6% used [0x00000000c8c80000, 0x00000000c8db0200, 0x00000000c9e10000)
  to   space 17984K,   0% used [0x00000000c9e10000, 0x00000000c9e10000, 0x00000000cafa0000)
 tenured generation   total 359520K, used 354104K [0x00000000d5550000, 0x00000000eb468000, 0x0000000100000000)
   the space 359520K,  98% used [0x00000000d5550000, 0x00000000eaf1e118, 0x00000000eaf1e200, 0x00000000eb468000)
 Metaspace       used 78430K, capacity 86122K, committed 86272K, reserved 1122304K
  class space    used 11081K, capacity 12956K, committed 13056K, reserved 1048576K
}
Event: 55.699 GC heap before
{Heap before GC invocations=156 (full 8):
 def new generation   total 161856K, used 145088K [0x00000000c0000000, 0x00000000cafa0000, 0x00000000d5550000)
  eden space 143872K, 100% used [0x00000000c0000000, 0x00000000c8c80000, 0x00000000c8c80000)
  from space 17984K,   6% used [0x00000000c8c80000, 0x00000000c8db0200, 0x00000000c9e10000)
  to   space 17984K,   0% used [0x00000000c9e10000, 0x00000000c9e10000, 0x00000000cafa0000)
 tenured generation   total 359520K, used 354104K [0x00000000d5550000, 0x00000000eb468000, 0x0000000100000000)
   the space 359520K,  98% used [0x00000000d5550000, 0x00000000eaf1e118, 0x00000000eaf1e200, 0x00000000eb468000)
 Metaspace       used 78430K, capacity 86122K, committed 86272K, reserved 1122304K
  class space    used 11081K, capacity 12956K, committed 13056K, reserved 1048576K
Event: 55.705 GC heap after
Heap after GC invocations=157 (full 8):
 def new generation   total 161856K, used 1170K [0x00000000c0000000, 0x00000000cafa0000, 0x00000000d5550000)
  eden space 143872K,   0% used [0x00000000c0000000, 0x00000000c0000000, 0x00000000c8c80000)
  from space 17984K,   6% used [0x00000000c9e10000, 0x00000000c9f34828, 0x00000000cafa0000)
  to   space 17984K,   0% used [0x00000000c8c80000, 0x00000000c8c80000, 0x00000000c9e10000)
 tenured generation   total 359520K, used 354207K [0x00000000d5550000, 0x00000000eb468000, 0x0000000100000000)
   the space 359520K,  98% used [0x00000000d5550000, 0x00000000eaf37f28, 0x00000000eaf38000, 0x00000000eb468000)
 Metaspace       used 78430K, capacity 86122K, committed 86272K, reserved 1122304K
  class space    used 11081K, capacity 12956K, committed 13056K, reserved 1048576K
}
Event: 55.848 GC heap before
{Heap before GC invocations=157 (full 8):
 def new generation   total 161856K, used 145042K [0x00000000c0000000, 0x00000000cafa0000, 0x00000000d5550000)
  eden space 143872K, 100% used [0x00000000c0000000, 0x00000000c8c80000, 0x00000000c8c80000)
  from space 17984K,   6% used [0x00000000c9e10000, 0x00000000c9f34828, 0x00000000cafa0000)
  to   space 17984K,   0% used [0x00000000c8c80000, 0x00000000c8c80000, 0x00000000c9e10000)
 tenured generation   total 359520K, used 354207K [0x00000000d5550000, 0x00000000eb468000, 0x0000000100000000)
   the space 359520K,  98% used [0x00000000d5550000, 0x00000000eaf37f28, 0x00000000eaf38000, 0x00000000eb468000)
 Metaspace       used 78430K, capacity 86122K, committed 86272K, reserved 1122304K
  class space    used 11081K, capacity 12956K, committed 13056K, reserved 1048576K
Event: 55.854 GC heap after
Heap after GC invocations=158 (full 8):
 def new generation   total 161856K, used 1195K [0x00000000c0000000, 0x00000000cafa0000, 0x00000000d5550000)
  eden space 143872K,   0% used [0x00000000c0000000, 0x00000000c0000000, 0x00000000c8c80000)
  from space 17984K,   6% used [0x00000000c8c80000, 0x00000000c8daae70, 0x00000000c9e10000)
  to   space 17984K,   0% used [0x00000000c9e10000, 0x00000000c9e10000, 0x00000000cafa0000)
 tenured generation   total 359520K, used 354239K [0x00000000d5550000, 0x00000000eb468000, 0x0000000100000000)
   the space 359520K,  98% used [0x00000000d5550000, 0x00000000eaf3ff98, 0x00000000eaf40000, 0x00000000eb468000)
 Metaspace       used 78430K, capacity 86122K, committed 86272K, reserved 1122304K
  class space    used 11081K, capacity 12956K, committed 13056K, reserved 1048576K
}
Event: 55.994 GC heap before
{Heap before GC invocations=158 (full 8):
 def new generation   total 161856K, used 145067K [0x00000000c0000000, 0x00000000cafa0000, 0x00000000d5550000)
  eden space 143872K, 100% used [0x00000000c0000000, 0x00000000c8c80000, 0x00000000c8c80000)
  from space 17984K,   6% used [0x00000000c8c80000, 0x00000000c8daae70, 0x00000000c9e10000)
  to   space 17984K,   0% used [0x00000000c9e10000, 0x00000000c9e10000, 0x00000000cafa0000)
 tenured generation   total 359520K, used 354239K [0x00000000d5550000, 0x00000000eb468000, 0x0000000100000000)
   the space 359520K,  98% used [0x00000000d5550000, 0x00000000eaf3ff98, 0x00000000eaf40000, 0x00000000eb468000)
 Metaspace       used 78430K, capacity 86122K, committed 86272K, reserved 1122304K
  class space    used 11081K, capacity 12956K, committed 13056K, reserved 1048576K
Event: 56.001 GC heap after
Heap after GC invocations=159 (full 8):
 def new generation   total 161856K, used 1145K [0x00000000c0000000, 0x00000000cafa0000, 0x00000000d5550000)
  eden space 143872K,   0% used [0x00000000c0000000, 0x00000000c0000000, 0x00000000c8c80000)
  from space 17984K,   6% used [0x00000000c9e10000, 0x00000000c9f2e570, 0x00000000cafa0000)
  to   space 17984K,   0% used [0x00000000c8c80000, 0x00000000c8c80000, 0x00000000c9e10000)
 tenured generation   total 359520K, used 354321K [0x00000000d5550000, 0x00000000eb468000, 0x0000000100000000)
   the space 359520K,  98% used [0x00000000d5550000, 0x00000000eaf54710, 0x00000000eaf54800, 0x00000000eb468000)
 Metaspace       used 78430K, capacity 86122K, committed 86272K, reserved 1122304K
  class space    used 11081K, capacity 12956K, committed 13056K, reserved 1048576K
}
Event: 56.266 GC heap before
{Heap before GC invocations=159 (full 8):
 def new generation   total 161856K, used 145017K [0x00000000c0000000, 0x00000000cafa0000, 0x00000000d5550000)
  eden space 143872K, 100% used [0x00000000c0000000, 0x00000000c8c80000, 0x00000000c8c80000)
  from space 17984K,   6% used [0x00000000c9e10000, 0x00000000c9f2e570, 0x00000000cafa0000)
  to   space 17984K,   0% used [0x00000000c8c80000, 0x00000000c8c80000, 0x00000000c9e10000)
 tenured generation   total 359520K, used 354321K [0x00000000d5550000, 0x00000000eb468000, 0x0000000100000000)
   the space 359520K,  98% used [0x00000000d5550000, 0x00000000eaf54710, 0x00000000eaf54800, 0x00000000eb468000)
 Metaspace       used 78430K, capacity 86122K, committed 86272K, reserved 1122304K
  class space    used 11081K, capacity 12956K, committed 13056K, reserved 1048576K
Event: 56.272 GC heap after
Heap after GC invocations=160 (full 8):
 def new generation   total 161856K, used 1019K [0x00000000c0000000, 0x00000000cafa0000, 0x00000000d5550000)
  eden space 143872K,   0% used [0x00000000c0000000, 0x00000000c0000000, 0x00000000c8c80000)
  from space 17984K,   5% used [0x00000000c8c80000, 0x00000000c8d7ef40, 0x00000000c9e10000)
  to   space 17984K,   0% used [0x00000000c9e10000, 0x00000000c9e10000, 0x00000000cafa0000)
 tenured generation   total 359520K, used 354533K [0x00000000d5550000, 0x00000000eb468000, 0x0000000100000000)
   the space 359520K,  98% used [0x00000000d5550000, 0x00000000eaf89618, 0x00000000eaf89800, 0x00000000eb468000)
 Metaspace       used 78430K, capacity 86122K, committed 86272K, reserved 1122304K
  class space    used 11081K, capacity 12956K, committed 13056K, reserved 1048576K
}
Event: 56.493 GC heap before
{Heap before GC invocations=160 (full 8):
 def new generation   total 161856K, used 144891K [0x00000000c0000000, 0x00000000cafa0000, 0x00000000d5550000)
  eden space 143872K, 100% used [0x00000000c0000000, 0x00000000c8c80000, 0x00000000c8c80000)
  from space 17984K,   5% used [0x00000000c8c80000, 0x00000000c8d7ef40, 0x00000000c9e10000)
  to   space 17984K,   0% used [0x00000000c9e10000, 0x00000000c9e10000, 0x00000000cafa0000)
 tenured generation   total 359520K, used 354533K [0x00000000d5550000, 0x00000000eb468000, 0x0000000100000000)
   the space 359520K,  98% used [0x00000000d5550000, 0x00000000eaf89618, 0x00000000eaf89800, 0x00000000eb468000)
 Metaspace       used 78430K, capacity 86122K, committed 86272K, reserved 1122304K
  class space    used 11081K, capacity 12956K, committed 13056K, reserved 1048576K
Event: 56.498 GC heap after
Heap after GC invocations=161 (full 8):
 def new generation   total 161856K, used 812K [0x00000000c0000000, 0x00000000cafa0000, 0x00000000d5550000)
  eden space 143872K,   0% used [0x00000000c0000000, 0x00000000c0000000, 0x00000000c8c80000)
  from space 17984K,   4% used [0x00000000c9e10000, 0x00000000c9edb038, 0x00000000cafa0000)
  to   space 17984K,   0% used [0x00000000c8c80000, 0x00000000c8c80000, 0x00000000c9e10000)
 tenured generation   total 359520K, used 354754K [0x00000000d5550000, 0x00000000eb468000, 0x0000000100000000)
   the space 359520K,  98% used [0x00000000d5550000, 0x00000000eafc0900, 0x00000000eafc0a00, 0x00000000eb468000)
 Metaspace       used 78430K, capacity 86122K, committed 86272K, reserved 1122304K
  class space    used 11081K, capacity 12956K, committed 13056K, reserved 1048576K
}
Event: 56.653 GC heap before
{Heap before GC invocations=161 (full 8):
 def new generation   total 161856K, used 144684K [0x00000000c0000000, 0x00000000cafa0000, 0x00000000d5550000)
  eden space 143872K, 100% used [0x00000000c0000000, 0x00000000c8c80000, 0x00000000c8c80000)
  from space 17984K,   4% used [0x00000000c9e10000, 0x00000000c9edb038, 0x00000000cafa0000)
  to   space 17984K,   0% used [0x00000000c8c80000, 0x00000000c8c80000, 0x00000000c9e10000)
 tenured generation   total 359520K, used 354754K [0x00000000d5550000, 0x00000000eb468000, 0x0000000100000000)
   the space 359520K,  98% used [0x00000000d5550000, 0x00000000eafc0900, 0x00000000eafc0a00, 0x00000000eb468000)
 Metaspace       used 78430K, capacity 86122K, committed 86272K, reserved 1122304K
  class space    used 11081K, capacity 12956K, committed 13056K, reserved 1048576K
Event: 56.662 GC heap after
Heap after GC invocations=162 (full 8):
 def new generation   total 161856K, used 817K [0x00000000c0000000, 0x00000000cafa0000, 0x00000000d5550000)
  eden space 143872K,   0% used [0x00000000c0000000, 0x00000000c0000000, 0x00000000c8c80000)
  from space 17984K,   4% used [0x00000000c8c80000, 0x00000000c8d4c750, 0x00000000c9e10000)
  to   space 17984K,   0% used [0x00000000c9e10000, 0x00000000c9e10000, 0x00000000cafa0000)
 tenured generation   total 359520K, used 354791K [0x00000000d5550000, 0x00000000eb468000, 0x0000000100000000)
   the space 359520K,  98% used [0x00000000d5550000, 0x00000000eafc9e38, 0x00000000eafca000, 0x00000000eb468000)
 Metaspace       used 78430K, capacity 86122K, committed 86272K, reserved 1122304K
  class space    used 11081K, capacity 12956K, committed 13056K, reserved 1048576K
}
Event: 56.907 GC heap before
{Heap before GC invocations=162 (full 8):
 def new generation   total 161856K, used 144689K [0x00000000c0000000, 0x00000000cafa0000, 0x00000000d5550000)
  eden space 143872K, 100% used [0x00000000c0000000, 0x00000000c8c80000, 0x00000000c8c80000)
  from space 17984K,   4% used [0x00000000c8c80000, 0x00000000c8d4c750, 0x00000000c9e10000)
  to   space 17984K,   0% used [0x00000000c9e10000, 0x00000000c9e10000, 0x00000000cafa0000)
 tenured generation   total 359520K, used 354791K [0x00000000d5550000, 0x00000000eb468000, 0x0000000100000000)
   the space 359520K,  98% used [0x00000000d5550000, 0x00000000eafc9e38, 0x00000000eafca000, 0x00000000eb468000)
 Metaspace       used 78430K, capacity 86122K, committed 86272K, reserved 1122304K
  class space    used 11081K, capacity 12956K, committed 13056K, reserved 1048576K
Event: 56.911 GC heap after
Heap after GC invocations=163 (full 8):
 def new generation   total 161856K, used 834K [0x00000000c0000000, 0x00000000cafa0000, 0x00000000d5550000)
  eden space 143872K,   0% used [0x00000000c0000000, 0x00000000c0000000, 0x00000000c8c80000)
  from space 17984K,   4% used [0x00000000c9e10000, 0x00000000c9ee0b98, 0x00000000cafa0000)
  to   space 17984K,   0% used [0x00000000c8c80000, 0x00000000c8c80000, 0x00000000c9e10000)
 tenured generation   total 359520K, used 354809K [0x00000000d5550000, 0x00000000eb468000, 0x0000000100000000)
   the space 359520K,  98% used [0x00000000d5550000, 0x00000000eafce578, 0x00000000eafce600, 0x00000000eb468000)
 Metaspace       used 78430K, capacity 86122K, committed 86272K, reserved 1122304K
  class space    used 11081K, capacity 12956K, committed 13056K, reserved 1048576K
}
Event: 57.231 GC heap before
{Heap before GC invocations=163 (full 8):
 def new generation   total 161856K, used 144706K [0x00000000c0000000, 0x00000000cafa0000, 0x00000000d5550000)
  eden space 143872K, 100% used [0x00000000c0000000, 0x00000000c8c80000, 0x00000000c8c80000)
  from space 17984K,   4% used [0x00000000c9e10000, 0x00000000c9ee0b98, 0x00000000cafa0000)
  to   space 17984K,   0% used [0x00000000c8c80000, 0x00000000c8c80000, 0x00000000c9e10000)
 tenured generation   total 359520K, used 354809K [0x00000000d5550000, 0x00000000eb468000, 0x0000000100000000)
   the space 359520K,  98% used [0x00000000d5550000, 0x00000000eafce578, 0x00000000eafce600, 0x00000000eb468000)
 Metaspace       used 78591K, capacity 86349K, committed 86528K, reserved 1122304K
  class space    used 11096K, capacity 12982K, committed 13056K, reserved 1048576K
Event: 57.236 GC heap after
Heap after GC invocations=164 (full 8):
 def new generation   total 161856K, used 842K [0x00000000c0000000, 0x00000000cafa0000, 0x00000000d5550000)
  eden space 143872K,   0% used [0x00000000c0000000, 0x00000000c0000000, 0x00000000c8c80000)
  from space 17984K,   4% used [0x00000000c8c80000, 0x00000000c8d52990, 0x00000000c9e10000)
  to   space 17984K,   0% used [0x00000000c9e10000, 0x00000000c9e10000, 0x00000000cafa0000)
 tenured generation   total 359520K, used 354862K [0x00000000d5550000, 0x00000000eb468000, 0x0000000100000000)
   the space 359520K,  98% used [0x00000000d5550000, 0x00000000eafdbb00, 0x00000000eafdbc00, 0x00000000eb468000)
 Metaspace       used 78591K, capacity 86349K, committed 86528K, reserved 1122304K
  class space    used 11096K, capacity 12982K, committed 13056K, reserved 1048576K
}
Event: 57.536 GC heap before
{Heap before GC invocations=164 (full 8):
 def new generation   total 161856K, used 144714K [0x00000000c0000000, 0x00000000cafa0000, 0x00000000d5550000)
  eden space 143872K, 100% used [0x00000000c0000000, 0x00000000c8c80000, 0x00000000c8c80000)
  from space 17984K,   4% used [0x00000000c8c80000, 0x00000000c8d52990, 0x00000000c9e10000)
  to   space 17984K,   0% used [0x00000000c9e10000, 0x00000000c9e10000, 0x00000000cafa0000)
 tenured generation   total 359520K, used 354862K [0x00000000d5550000, 0x00000000eb468000, 0x0000000100000000)
   the space 359520K,  98% used [0x00000000d5550000, 0x00000000eafdbb00, 0x00000000eafdbc00, 0x00000000eb468000)
 Metaspace       used 78591K, capacity 86349K, committed 86528K, reserved 1122304K
  class space    used 11096K, capacity 12982K, committed 13056K, reserved 1048576K
Event: 57.541 GC heap after
Heap after GC invocations=165 (full 8):
 def new generation   total 161856K, used 815K [0x00000000c0000000, 0x00000000cafa0000, 0x00000000d5550000)
  eden space 143872K,   0% used [0x00000000c0000000, 0x00000000c0000000, 0x00000000c8c80000)
  from space 17984K,   4% used [0x00000000c9e10000, 0x00000000c9edbc28, 0x00000000cafa0000)
  to   space 17984K,   0% used [0x00000000c8c80000, 0x00000000c8c80000, 0x00000000c9e10000)
 tenured generation   total 359520K, used 354901K [0x00000000d5550000, 0x00000000eb468000, 0x0000000100000000)
   the space 359520K,  98% used [0x00000000d5550000, 0x00000000eafe5690, 0x00000000eafe5800, 0x00000000eb468000)
 Metaspace       used 78591K, capacity 86349K, committed 86528K, reserved 1122304K
  class space    used 11096K, capacity 12982K, committed 13056K, reserved 1048576K
}
Event: 57.773 GC heap before
{Heap before GC invocations=165 (full 8):
 def new generation   total 161856K, used 144687K [0x00000000c0000000, 0x00000000cafa0000, 0x00000000d5550000)
  eden space 143872K, 100% used [0x00000000c0000000, 0x00000000c8c80000, 0x00000000c8c80000)
  from space 17984K,   4% used [0x00000000c9e10000, 0x00000000c9edbc28, 0x00000000cafa0000)
  to   space 17984K,   0% used [0x00000000c8c80000, 0x00000000c8c80000, 0x00000000c9e10000)
 tenured generation   total 359520K, used 354901K [0x00000000d5550000, 0x00000000eb468000, 0x0000000100000000)
   the space 359520K,  98% used [0x00000000d5550000, 0x00000000eafe5690, 0x00000000eafe5800, 0x00000000eb468000)
 Metaspace       used 78600K, capacity 86355K, committed 86528K, reserved 1122304K
  class space    used 11097K, capacity 12983K, committed 13056K, reserved 1048576K
Event: 57.780 GC heap after
Heap after GC invocations=166 (full 8):
 def new generation   total 161856K, used 789K [0x00000000c0000000, 0x00000000cafa0000, 0x00000000d5550000)
  eden space 143872K,   0% used [0x00000000c0000000, 0x00000000c0000000, 0x00000000c8c80000)
  from space 17984K,   4% used [0x00000000c8c80000, 0x00000000c8d454d8, 0x00000000c9e10000)
  to   space 17984K,   0% used [0x00000000c9e10000, 0x00000000c9e10000, 0x00000000cafa0000)
 tenured generation   total 359520K, used 354958K [0x00000000d5550000, 0x00000000eb468000, 0x0000000100000000)
   the space 359520K,  98% used [0x00000000d5550000, 0x00000000eaff38d0, 0x00000000eaff3a00, 0x00000000eb468000)
 Metaspace       used 78600K, capacity 86355K, committed 86528K, reserved 1122304K
  class space    used 11097K, capacity 12983K, committed 13056K, reserved 1048576K
}
Event: 57.946 GC heap before
{Heap before GC invocations=166 (full 8):
 def new generation   total 161856K, used 144661K [0x00000000c0000000, 0x00000000cafa0000, 0x00000000d5550000)
  eden space 143872K, 100% used [0x00000000c0000000, 0x00000000c8c80000, 0x00000000c8c80000)
  from space 17984K,   4% used [0x00000000c8c80000, 0x00000000c8d454d8, 0x00000000c9e10000)
  to   space 17984K,   0% used [0x00000000c9e10000, 0x00000000c9e10000, 0x00000000cafa0000)
 tenured generation   total 359520K, used 354958K [0x00000000d5550000, 0x00000000eb468000, 0x0000000100000000)
   the space 359520K,  98% used [0x00000000d5550000, 0x00000000eaff38d0, 0x00000000eaff3a00, 0x00000000eb468000)
 Metaspace       used 78601K, capacity 86359K, committed 86528K, reserved 1122304K
  class space    used 11097K, capacity 12983K, committed 13056K, reserved 1048576K
Event: 57.950 GC heap after
Heap after GC invocations=167 (full 8):
 def new generation   total 161856K, used 752K [0x00000000c0000000, 0x00000000cafa0000, 0x00000000d5550000)
  eden space 143872K,   0% used [0x00000000c0000000, 0x00000000c0000000, 0x00000000c8c80000)
  from space 17984K,   4% used [0x00000000c9e10000, 0x00000000c9ecc318, 0x00000000cafa0000)
  to   space 17984K,   0% used [0x00000000c8c80000, 0x00000000c8c80000, 0x00000000c9e10000)
 tenured generation   total 359520K, used 355031K [0x00000000d5550000, 0x00000000eb468000, 0x0000000100000000)
   the space 359520K,  98% used [0x00000000d5550000, 0x00000000eb005e70, 0x00000000eb006000, 0x00000000eb468000)
 Metaspace       used 78601K, capacity 86359K, committed 86528K, reserved 1122304K
  class space    used 11097K, capacity 12983K, committed 13056K, reserved 1048576K
}
Event: 58.089 GC heap before
{Heap before GC invocations=167 (full 8):
 def new generation   total 161856K, used 144624K [0x00000000c0000000, 0x00000000cafa0000, 0x00000000d5550000)
  eden space 143872K, 100% used [0x00000000c0000000, 0x00000000c8c80000, 0x00000000c8c80000)
  from space 17984K,   4% used [0x00000000c9e10000, 0x00000000c9ecc318, 0x00000000cafa0000)
  to   space 17984K,   0% used [0x00000000c8c80000, 0x00000000c8c80000, 0x00000000c9e10000)
 tenured generation   total 359520K, used 355031K [0x00000000d5550000, 0x00000000eb468000, 0x0000000100000000)
   the space 359520K,  98% used [0x00000000d5550000, 0x00000000eb005e70, 0x00000000eb006000, 0x00000000eb468000)
 Metaspace       used 78601K, capacity 86359K, committed 86528K, reserved 1122304K
  class space    used 11097K, capacity 12983K, committed 13056K, reserved 1048576K
Event: 58.097 GC heap after
Heap after GC invocations=168 (full 8):
 def new generation   total 161856K, used 735K [0x00000000c0000000, 0x00000000cafa0000, 0x00000000d5550000)
  eden space 143872K,   0% used [0x00000000c0000000, 0x00000000c0000000, 0x00000000c8c80000)
  from space 17984K,   4% used [0x00000000c8c80000, 0x00000000c8d37eb8, 0x00000000c9e10000)
  to   space 17984K,   0% used [0x00000000c9e10000, 0x00000000c9e10000, 0x00000000cafa0000)
 tenured generation   total 359520K, used 355067K [0x00000000d5550000, 0x00000000eb468000, 0x0000000100000000)
   the space 359520K,  98% used [0x00000000d5550000, 0x00000000eb00efb8, 0x00000000eb00f000, 0x00000000eb468000)
 Metaspace       used 78601K, capacity 86359K, committed 86528K, reserved 1122304K
  class space    used 11097K, capacity 12983K, committed 13056K, reserved 1048576K
}
Event: 58.341 GC heap before
{Heap before GC invocations=168 (full 8):
 def new generation   total 161856K, used 144607K [0x00000000c0000000, 0x00000000cafa0000, 0x00000000d5550000)
  eden space 143872K, 100% used [0x00000000c0000000, 0x00000000c8c80000, 0x00000000c8c80000)
  from space 17984K,   4% used [0x00000000c8c80000, 0x00000000c8d37eb8, 0x00000000c9e10000)
  to   space 17984K,   0% used [0x00000000c9e10000, 0x00000000c9e10000, 0x00000000cafa0000)
 tenured generation   total 359520K, used 355067K [0x00000000d5550000, 0x00000000eb468000, 0x0000000100000000)
   the space 359520K,  98% used [0x00000000d5550000, 0x00000000eb00efb8, 0x00000000eb00f000, 0x00000000eb468000)
 Metaspace       used 78601K, capacity 86359K, committed 86528K, reserved 1122304K
  class space    used 11097K, capacity 12983K, committed 13056K, reserved 1048576K
Event: 58.346 GC heap after
Heap after GC invocations=169 (full 8):
 def new generation   total 161856K, used 729K [0x00000000c0000000, 0x00000000cafa0000, 0x00000000d5550000)
  eden space 143872K,   0% used [0x00000000c0000000, 0x00000000c0000000, 0x00000000c8c80000)
  from space 17984K,   4% used [0x00000000c9e10000, 0x00000000c9ec6570, 0x00000000cafa0000)
  to   space 17984K,   0% used [0x00000000c8c80000, 0x00000000c8c80000, 0x00000000c9e10000)
 tenured generation   total 359520K, used 355111K [0x00000000d5550000, 0x00000000eb468000, 0x0000000100000000)
   the space 359520K,  98% used [0x00000000d5550000, 0x00000000eb019c68, 0x00000000eb019e00, 0x00000000eb468000)
 Metaspace       used 78601K, capacity 86359K, committed 86528K, reserved 1122304K
  class space    used 11097K, capacity 12983K, committed 13056K, reserved 1048576K
}
Event: 58.538 GC heap before
{Heap before GC invocations=169 (full 8):
 def new generation   total 161856K, used 144601K [0x00000000c0000000, 0x00000000cafa0000, 0x00000000d5550000)
  eden space 143872K, 100% used [0x00000000c0000000, 0x00000000c8c80000, 0x00000000c8c80000)
  from space 17984K,   4% used [0x00000000c9e10000, 0x00000000c9ec6570, 0x00000000cafa0000)
  to   space 17984K,   0% used [0x00000000c8c80000, 0x00000000c8c80000, 0x00000000c9e10000)
 tenured generation   total 359520K, used 355111K [0x00000000d5550000, 0x00000000eb468000, 0x0000000100000000)
   the space 359520K,  98% used [0x00000000d5550000, 0x00000000eb019c68, 0x00000000eb019e00, 0x00000000eb468000)
 Metaspace       used 78601K, capacity 86359K, committed 86528K, reserved 1122304K
  class space    used 11097K, capacity 12983K, committed 13056K, reserved 1048576K
Event: 58.543 GC heap after
Heap after GC invocations=170 (full 8):
 def new generation   total 161856K, used 652K [0x00000000c0000000, 0x00000000cafa0000, 0x00000000d5550000)
  eden space 143872K,   0% used [0x00000000c0000000, 0x00000000c0000000, 0x00000000c8c80000)
  from space 17984K,   3% used [0x00000000c8c80000, 0x00000000c8d231b8, 0x00000000c9e10000)
  to   space 17984K,   0% used [0x00000000c9e10000, 0x00000000c9e10000, 0x00000000cafa0000)
 tenured generation   total 359520K, used 355191K [0x00000000d5550000, 0x00000000eb468000, 0x0000000100000000)
   the space 359520K,  98% used [0x00000000d5550000, 0x00000000eb02df88, 0x00000000eb02e000, 0x00000000eb468000)
 Metaspace       used 78601K, capacity 86359K, committed 86528K, reserved 1122304K
  class space    used 11097K, capacity 12983K, committed 13056K, reserved 1048576K
}
Event: 58.862 GC heap before
{Heap before GC invocations=170 (full 8):
 def new generation   total 161856K, used 144524K [0x00000000c0000000, 0x00000000cafa0000, 0x00000000d5550000)
  eden space 143872K, 100% used [0x00000000c0000000, 0x00000000c8c80000, 0x00000000c8c80000)
  from space 17984K,   3% used [0x00000000c8c80000, 0x00000000c8d231b8, 0x00000000c9e10000)
  to   space 17984K,   0% used [0x00000000c9e10000, 0x00000000c9e10000, 0x00000000cafa0000)
 tenured generation   total 359520K, used 355191K [0x00000000d5550000, 0x00000000eb468000, 0x0000000100000000)
   the space 359520K,  98% used [0x00000000d5550000, 0x00000000eb02df88, 0x00000000eb02e000, 0x00000000eb468000)
 Metaspace       used 78602K, capacity 86359K, committed 86528K, reserved 1122304K
  class space    used 11097K, capacity 12983K, committed 13056K, reserved 1048576K
Event: 58.867 GC heap after
Heap after GC invocations=171 (full 8):
 def new generation   total 161856K, used 599K [0x00000000c0000000, 0x00000000cafa0000, 0x00000000d5550000)
  eden space 143872K,   0% used [0x00000000c0000000, 0x00000000c0000000, 0x00000000c8c80000)
  from space 17984K,   3% used [0x00000000c9e10000, 0x00000000c9ea5c08, 0x00000000cafa0000)
  to   space 17984K,   0% used [0x00000000c8c80000, 0x00000000c8c80000, 0x00000000c9e10000)
 tenured generation   total 359520K, used 355275K [0x00000000d5550000, 0x00000000eb468000, 0x0000000100000000)
   the space 359520K,  98% used [0x00000000d5550000, 0x00000000eb042ef0, 0x00000000eb043000, 0x00000000eb468000)
 Metaspace       used 78602K, capacity 86359K, committed 86528K, reserved 1122304K
  class space    used 11097K, capacity 12983K, committed 13056K, reserved 1048576K
}
Event: 59.423 GC heap before
{Heap before GC invocations=171 (full 8):
 def new generation   total 161856K, used 144471K [0x00000000c0000000, 0x00000000cafa0000, 0x00000000d5550000)
  eden space 143872K, 100% used [0x00000000c0000000, 0x00000000c8c80000, 0x00000000c8c80000)
  from space 17984K,   3% used [0x00000000c9e10000, 0x00000000c9ea5c08, 0x00000000cafa0000)
  to   space 17984K,   0% used [0x00000000c8c80000, 0x00000000c8c80000, 0x00000000c9e10000)
 tenured generation   total 359520K, used 355275K [0x00000000d5550000, 0x00000000eb468000, 0x0000000100000000)
   the space 359520K,  98% used [0x00000000d5550000, 0x00000000eb042ef0, 0x00000000eb043000, 0x00000000eb468000)
 Metaspace       used 78651K, capacity 86359K, committed 86528K, reserved 1122304K
  class space    used 11097K, capacity 12983K, committed 13056K, reserved 1048576K
Event: 59.428 GC heap after
Heap after GC invocations=172 (full 8):
 def new generation   total 161856K, used 653K [0x00000000c0000000, 0x00000000cafa0000, 0x00000000d5550000)
  eden space 143872K,   0% used [0x00000000c0000000, 0x00000000c0000000, 0x00000000c8c80000)
  from space 17984K,   3% used [0x00000000c8c80000, 0x00000000c8d23448, 0x00000000c9e10000)
  to   space 17984K,   0% used [0x00000000c9e10000, 0x00000000c9e10000, 0x00000000cafa0000)
 tenured generation   total 359520K, used 355323K [0x00000000d5550000, 0x00000000eb468000, 0x0000000100000000)
   the space 359520K,  98% used [0x00000000d5550000, 0x00000000eb04ecc8, 0x00000000eb04ee00, 0x00000000eb468000)
 Metaspace       used 78651K, capacity 86359K, committed 86528K, reserved 1122304K
  class space    used 11097K, capacity 12983K, committed 13056K, reserved 1048576K
}
Event: 59.740 GC heap before
{Heap before GC invocations=172 (full 8):
 def new generation   total 161856K, used 144525K [0x00000000c0000000, 0x00000000cafa0000, 0x00000000d5550000)
  eden space 143872K, 100% used [0x00000000c0000000, 0x00000000c8c80000, 0x00000000c8c80000)
  from space 17984K,   3% used [0x00000000c8c80000, 0x00000000c8d23448, 0x00000000c9e10000)
  to   space 17984K,   0% used [0x00000000c9e10000, 0x00000000c9e10000, 0x00000000cafa0000)
 tenured generation   total 359520K, used 355323K [0x00000000d5550000, 0x00000000eb468000, 0x0000000100000000)
   the space 359520K,  98% used [0x00000000d5550000, 0x00000000eb04ecc8, 0x00000000eb04ee00, 0x00000000eb468000)
 Metaspace       used 78652K, capacity 86359K, committed 86528K, reserved 1122304K
  class space    used 11097K, capacity 12983K, committed 13056K, reserved 1048576K
Event: 59.745 GC heap after
Heap after GC invocations=173 (full 8):
 def new generation   total 161856K, used 660K [0x00000000c0000000, 0x00000000cafa0000, 0x00000000d5550000)
  eden space 143872K,   0% used [0x00000000c0000000, 0x00000000c0000000, 0x00000000c8c80000)
  from space 17984K,   3% used [0x00000000c9e10000, 0x00000000c9eb5030, 0x00000000cafa0000)
  to   space 17984K,   0% used [0x00000000c8c80000, 0x00000000c8c80000, 0x00000000c9e10000)
 tenured generation   total 359520K, used 355352K [0x00000000d5550000, 0x00000000eb468000, 0x0000000100000000)
   the space 359520K,  98% used [0x00000000d5550000, 0x00000000eb056210, 0x00000000eb056400, 0x00000000eb468000)
 Metaspace       used 78652K, capacity 86359K, committed 86528K, reserved 1122304K
  class space    used 11097K, capacity 12983K, committed 13056K, reserved 1048576K
}
Event: 60.215 GC heap before
{Heap before GC invocations=173 (full 8):
 def new generation   total 161856K, used 144532K [0x00000000c0000000, 0x00000000cafa0000, 0x00000000d5550000)
  eden space 143872K, 100% used [0x00000000c0000000, 0x00000000c8c80000, 0x00000000c8c80000)
  from space 17984K,   3% used [0x00000000c9e10000, 0x00000000c9eb5030, 0x00000000cafa0000)
  to   space 17984K,   0% used [0x00000000c8c80000, 0x00000000c8c80000, 0x00000000c9e10000)
 tenured generation   total 359520K, used 355352K [0x00000000d5550000, 0x00000000eb468000, 0x0000000100000000)
   the space 359520K,  98% used [0x00000000d5550000, 0x00000000eb056210, 0x00000000eb056400, 0x00000000eb468000)
 Metaspace       used 78771K, capacity 86487K, committed 86784K, reserved 1122304K
  class space    used 11098K, capacity 12983K, committed 13056K, reserved 1048576K
Event: 60.220 GC heap after
Heap after GC invocations=174 (full 8):
 def new generation   total 161856K, used 685K [0x00000000c0000000, 0x00000000cafa0000, 0x00000000d5550000)
  eden space 143872K,   0% used [0x00000000c0000000, 0x00000000c0000000, 0x00000000c8c80000)
  from space 17984K,   3% used [0x00000000c8c80000, 0x00000000c8d2b458, 0x00000000c9e10000)
  to   space 17984K,   0% used [0x00000000c9e10000, 0x00000000c9e10000, 0x00000000cafa0000)
 tenured generation   total 359520K, used 355383K [0x00000000d5550000, 0x00000000eb468000, 0x0000000100000000)
   the space 359520K,  98% used [0x00000000d5550000, 0x00000000eb05dd08, 0x00000000eb05de00, 0x00000000eb468000)
 Metaspace       used 78771K, capacity 86487K, committed 86784K, reserved 1122304K
  class space    used 11098K, capacity 12983K, committed 13056K, reserved 1048576K
}
Event: 60.624 GC heap before
{Heap before GC invocations=174 (full 8):
 def new generation   total 161856K, used 144557K [0x00000000c0000000, 0x00000000cafa0000, 0x00000000d5550000)
  eden space 143872K, 100% used [0x00000000c0000000, 0x00000000c8c80000, 0x00000000c8c80000)
  from space 17984K,   3% used [0x00000000c8c80000, 0x00000000c8d2b458, 0x00000000c9e10000)
  to   space 17984K,   0% used [0x00000000c9e10000, 0x00000000c9e10000, 0x00000000cafa0000)
 tenured generation   total 359520K, used 355383K [0x00000000d5550000, 0x00000000eb468000, 0x0000000100000000)
   the space 359520K,  98% used [0x00000000d5550000, 0x00000000eb05dd08, 0x00000000eb05de00, 0x00000000eb468000)
 Metaspace       used 78837K, capacity 86551K, committed 86784K, reserved 1122304K
  class space    used 11098K, capacity 12983K, committed 13056K, reserved 1048576K
Event: 60.629 GC heap after
Heap after GC invocations=175 (full 8):
 def new generation   total 161856K, used 571K [0x00000000c0000000, 0x00000000cafa0000, 0x00000000d5550000)
  eden space 143872K,   0% used [0x00000000c0000000, 0x00000000c0000000, 0x00000000c8c80000)
  from space 17984K,   3% used [0x00000000c9e10000, 0x00000000c9e9ef38, 0x00000000cafa0000)
  to   space 17984K,   0% used [0x00000000c8c80000, 0x00000000c8c80000, 0x00000000c9e10000)
 tenured generation   total 359520K, used 355517K [0x00000000d5550000, 0x00000000eb468000, 0x0000000100000000)
   the space 359520K,  98% used [0x00000000d5550000, 0x00000000eb07f428, 0x00000000eb07f600, 0x00000000eb468000)
 Metaspace       used 78837K, capacity 86551K, committed 86784K, reserved 1122304K
  class space    used 11098K, capacity 12983K, committed 13056K, reserved 1048576K
}
Event: 60.730 GC heap before
{Heap before GC invocations=175 (full 8):
 def new generation   total 161856K, used 144443K [0x00000000c0000000, 0x00000000cafa0000, 0x00000000d5550000)
  eden space 143872K, 100% used [0x00000000c0000000, 0x00000000c8c80000, 0x00000000c8c80000)
  from space 17984K,   3% used [0x00000000c9e10000, 0x00000000c9e9ef38, 0x00000000cafa0000)
  to   space 17984K,   0% used [0x00000000c8c80000, 0x00000000c8c80000, 0x00000000c9e10000)
 tenured generation   total 359520K, used 355517K [0x00000000d5550000, 0x00000000eb468000, 0x0000000100000000)
   the space 359520K,  98% used [0x00000000d5550000, 0x00000000eb07f428, 0x00000000eb07f600, 0x00000000eb468000)
 Metaspace       used 78837K, capacity 86551K, committed 86784K, reserved 1122304K
  class space    used 11098K, capacity 12983K, committed 13056K, reserved 1048576K
Event: 60.735 GC heap after
Heap after GC invocations=176 (full 8):
 def new generation   total 161856K, used 583K [0x00000000c0000000, 0x00000000cafa0000, 0x00000000d5550000)
  eden space 143872K,   0% used [0x00000000c0000000, 0x00000000c0000000, 0x00000000c8c80000)
  from space 17984K,   3% used [0x00000000c8c80000, 0x00000000c8d11c50, 0x00000000c9e10000)
  to   space 17984K,   0% used [0x00000000c9e10000, 0x00000000c9e10000, 0x00000000cafa0000)
 tenured generation   total 359520K, used 355541K [0x00000000d5550000, 0x00000000eb468000, 0x0000000100000000)
   the space 359520K,  98% used [0x00000000d5550000, 0x00000000eb085408, 0x00000000eb085600, 0x00000000eb468000)
 Metaspace       used 78837K, capacity 86551K, committed 86784K, reserved 1122304K
  class space    used 11098K, capacity 12983K, committed 13056K, reserved 1048576K
}
Event: 60.836 GC heap before
{Heap before GC invocations=176 (full 8):
 def new generation   total 161856K, used 144455K [0x00000000c0000000, 0x00000000cafa0000, 0x00000000d5550000)
  eden space 143872K, 100% used [0x00000000c0000000, 0x00000000c8c80000, 0x00000000c8c80000)
  from space 17984K,   3% used [0x00000000c8c80000, 0x00000000c8d11c50, 0x00000000c9e10000)
  to   space 17984K,   0% used [0x00000000c9e10000, 0x00000000c9e10000, 0x00000000cafa0000)
 tenured generation   total 359520K, used 355541K [0x00000000d5550000, 0x00000000eb468000, 0x0000000100000000)
   the space 359520K,  98% used [0x00000000d5550000, 0x00000000eb085408, 0x00000000eb085600, 0x00000000eb468000)
 Metaspace       used 78838K, capacity 86551K, committed 86784K, reserved 1122304K
  class space    used 11098K, capacity 12983K, committed 13056K, reserved 1048576K
Event: 60.841 GC heap after
Heap after GC invocations=177 (full 8):
 def new generation   total 161856K, used 597K [0x00000000c0000000, 0x00000000cafa0000, 0x00000000d5550000)
  eden space 143872K,   0% used [0x00000000c0000000, 0x00000000c0000000, 0x00000000c8c80000)
  from space 17984K,   3% used [0x00000000c9e10000, 0x00000000c9ea56f8, 0x00000000cafa0000)
  to   space 17984K,   0% used [0x00000000c8c80000, 0x00000000c8c80000, 0x00000000c9e10000)
 tenured generation   total 359520K, used 355566K [0x00000000d5550000, 0x00000000eb468000, 0x0000000100000000)
   the space 359520K,  98% used [0x00000000d5550000, 0x00000000eb08baa8, 0x00000000eb08bc00, 0x00000000eb468000)
 Metaspace       used 78838K, capacity 86551K, committed 86784K, reserved 1122304K
  class space    used 11098K, capacity 12983K, committed 13056K, reserved 1048576K
}
Event: 61.003 GC heap before
{Heap before GC invocations=177 (full 8):
 def new generation   total 161856K, used 144469K [0x00000000c0000000, 0x00000000cafa0000, 0x00000000d5550000)
  eden space 143872K, 100% used [0x00000000c0000000, 0x00000000c8c80000, 0x00000000c8c80000)
  from space 17984K,   3% used [0x00000000c9e10000, 0x00000000c9ea56f8, 0x00000000cafa0000)
  to   space 17984K,   0% used [0x00000000c8c80000, 0x00000000c8c80000, 0x00000000c9e10000)
 tenured generation   total 359520K, used 355566K [0x00000000d5550000, 0x00000000eb468000, 0x0000000100000000)
   the space 359520K,  98% used [0x00000000d5550000, 0x00000000eb08baa8, 0x00000000eb08bc00, 0x00000000eb468000)
 Metaspace       used 78838K, capacity 86551K, committed 86784K, reserved 1122304K
  class space    used 11098K, capacity 12983K, committed 13056K, reserved 1048576K
Event: 61.008 GC heap after
Heap after GC invocations=178 (full 8):
 def new generation   total 161856K, used 574K [0x00000000c0000000, 0x00000000cafa0000, 0x00000000d5550000)
  eden space 143872K,   0% used [0x00000000c0000000, 0x00000000c0000000, 0x00000000c8c80000)
  from space 17984K,   3% used [0x00000000c8c80000, 0x00000000c8d0fad0, 0x00000000c9e10000)
  to   space 17984K,   0% used [0x00000000c9e10000, 0x00000000c9e10000, 0x00000000cafa0000)
 tenured generation   total 359520K, used 355604K [0x00000000d5550000, 0x00000000eb468000, 0x0000000100000000)
   the space 359520K,  98% used [0x00000000d5550000, 0x00000000eb095018, 0x00000000eb095200, 0x00000000eb468000)
 Metaspace       used 78838K, capacity 86551K, committed 86784K, reserved 1122304K
  class space    used 11098K, capacity 12983K, committed 13056K, reserved 1048576K
}
Event: 61.178 GC heap before
{Heap before GC invocations=178 (full 8):
 def new generation   total 161856K, used 144446K [0x00000000c0000000, 0x00000000cafa0000, 0x00000000d5550000)
  eden space 143872K, 100% used [0x00000000c0000000, 0x00000000c8c80000, 0x00000000c8c80000)
  from space 17984K,   3% used [0x00000000c8c80000, 0x00000000c8d0fad0, 0x00000000c9e10000)
  to   space 17984K,   0% used [0x00000000c9e10000, 0x00000000c9e10000, 0x00000000cafa0000)
 tenured generation   total 359520K, used 355604K [0x00000000d5550000, 0x00000000eb468000, 0x0000000100000000)
   the space 359520K,  98% used [0x00000000d5550000, 0x00000000eb095018, 0x00000000eb095200, 0x00000000eb468000)
 Metaspace       used 78838K, capacity 86551K, committed 86784K, reserved 1122304K
  class space    used 11098K, capacity 12983K, committed 13056K, reserved 1048576K
Event: 61.183 GC heap after
Heap after GC invocations=179 (full 8):
 def new generation   total 161856K, used 539K [0x00000000c0000000, 0x00000000cafa0000, 0x00000000d5550000)
  eden space 143872K,   0% used [0x00000000c0000000, 0x00000000c0000000, 0x00000000c8c80000)
  from space 17984K,   3% used [0x00000000c9e10000, 0x00000000c9e96e50, 0x00000000cafa0000)
  to   space 17984K,   0% used [0x00000000c8c80000, 0x00000000c8c80000, 0x00000000c9e10000)
 tenured generation   total 359520K, used 355664K [0x00000000d5550000, 0x00000000eb468000, 0x0000000100000000)
   the space 359520K,  98% used [0x00000000d5550000, 0x00000000eb0a4140, 0x00000000eb0a4200, 0x00000000eb468000)
 Metaspace       used 78838K, capacity 86551K, committed 86784K, reserved 1122304K
  class space    used 11098K, capacity 12983K, committed 13056K, reserved 1048576K
}
Event: 61.423 GC heap before
{Heap before GC invocations=179 (full 8):
 def new generation   total 161856K, used 144411K [0x00000000c0000000, 0x00000000cafa0000, 0x00000000d5550000)
  eden space 143872K, 100% used [0x00000000c0000000, 0x00000000c8c80000, 0x00000000c8c80000)
  from space 17984K,   3% used [0x00000000c9e10000, 0x00000000c9e96e50, 0x00000000cafa0000)
  to   space 17984K,   0% used [0x00000000c8c80000, 0x00000000c8c80000, 0x00000000c9e10000)
 tenured generation   total 359520K, used 355664K [0x00000000d5550000, 0x00000000eb468000, 0x0000000100000000)
   the space 359520K,  98% used [0x00000000d5550000, 0x00000000eb0a4140, 0x00000000eb0a4200, 0x00000000eb468000)
 Metaspace       used 78971K, capacity 86711K, committed 86784K, reserved 1122304K
  class space    used 11108K, capacity 13015K, committed 13056K, reserved 1048576K
Event: 61.434 GC heap after
Heap after GC invocations=180 (full 8):
 def new generation   total 161856K, used 1610K [0x00000000c0000000, 0x00000000cafa0000, 0x00000000d5550000)
  eden space 143872K,   0% used [0x00000000c0000000, 0x00000000c0000000, 0x00000000c8c80000)
  from space 17984K,   8% used [0x00000000c8c80000, 0x00000000c8e12a50, 0x00000000c9e10000)
  to   space 17984K,   0% used [0x00000000c9e10000, 0x00000000c9e10000, 0x00000000cafa0000)
 tenured generation   total 359520K, used 355696K [0x00000000d5550000, 0x00000000eb468000, 0x0000000100000000)
   the space 359520K,  98% used [0x00000000d5550000, 0x00000000eb0ac0e0, 0x00000000eb0ac200, 0x00000000eb468000)
 Metaspace       used 78971K, capacity 86711K, committed 86784K, reserved 1122304K
  class space    used 11108K, capacity 13015K, committed 13056K, reserved 1048576K
}
Event: 61.820 GC heap before
{Heap before GC invocations=180 (full 8):
 def new generation   total 161856K, used 145482K [0x00000000c0000000, 0x00000000cafa0000, 0x00000000d5550000)
  eden space 143872K, 100% used [0x00000000c0000000, 0x00000000c8c80000, 0x00000000c8c80000)
  from space 17984K,   8% used [0x00000000c8c80000, 0x00000000c8e12a50, 0x00000000c9e10000)
  to   space 17984K,   0% used [0x00000000c9e10000, 0x00000000c9e10000, 0x00000000cafa0000)
 tenured generation   total 359520K, used 355696K [0x00000000d5550000, 0x00000000eb468000, 0x0000000100000000)
   the space 359520K,  98% used [0x00000000d5550000, 0x00000000eb0ac0e0, 0x00000000eb0ac200, 0x00000000eb468000)
 Metaspace       used 79257K, capacity 86978K, committed 87296K, reserved 1124352K
  class space    used 11111K, capacity 13015K, committed 13056K, reserved 1048576K
Event: 61.834 GC heap after
Heap after GC invocations=181 (full 8):
 def new generation   total 161856K, used 1579K [0x00000000c0000000, 0x00000000cafa0000, 0x00000000d5550000)
  eden space 143872K,   0% used [0x00000000c0000000, 0x00000000c0000000, 0x00000000c8c80000)
  from space 17984K,   8% used [0x00000000c9e10000, 0x00000000c9f9ad60, 0x00000000cafa0000)
  to   space 17984K,   0% used [0x00000000c8c80000, 0x00000000c8c80000, 0x00000000c9e10000)
 tenured generation   total 359520K, used 355720K [0x00000000d5550000, 0x00000000eb468000, 0x0000000100000000)
   the space 359520K,  98% used [0x00000000d5550000, 0x00000000eb0b2230, 0x00000000eb0b2400, 0x00000000eb468000)
 Metaspace       used 79257K, capacity 86978K, committed 87296K, reserved 1124352K
  class space    used 11111K, capacity 13015K, committed 13056K, reserved 1048576K
}
Event: 62.131 GC heap before
{Heap before GC invocations=181 (full 8):
 def new generation   total 161856K, used 145451K [0x00000000c0000000, 0x00000000cafa0000, 0x00000000d5550000)
  eden space 143872K, 100% used [0x00000000c0000000, 0x00000000c8c80000, 0x00000000c8c80000)
  from space 17984K,   8% used [0x00000000c9e10000, 0x00000000c9f9ad60, 0x00000000cafa0000)
  to   space 17984K,   0% used [0x00000000c8c80000, 0x00000000c8c80000, 0x00000000c9e10000)
 tenured generation   total 359520K, used 355720K [0x00000000d5550000, 0x00000000eb468000, 0x0000000100000000)
   the space 359520K,  98% used [0x00000000d5550000, 0x00000000eb0b2230, 0x00000000eb0b2400, 0x00000000eb468000)
 Metaspace       used 79257K, capacity 86978K, committed 87296K, reserved 1124352K
  class space    used 11111K, capacity 13015K, committed 13056K, reserved 1048576K
Event: 62.137 GC heap after
Heap after GC invocations=182 (full 8):
 def new generation   total 161856K, used 1561K [0x00000000c0000000, 0x00000000cafa0000, 0x00000000d5550000)
  eden space 143872K,   0% used [0x00000000c0000000, 0x00000000c0000000, 0x00000000c8c80000)
  from space 17984K,   8% used [0x00000000c8c80000, 0x00000000c8e06790, 0x00000000c9e10000)
  to   space 17984K,   0% used [0x00000000c9e10000, 0x00000000c9e10000, 0x00000000cafa0000)
 tenured generation   total 359520K, used 355733K [0x00000000d5550000, 0x00000000eb468000, 0x0000000100000000)
   the space 359520K,  98% used [0x00000000d5550000, 0x00000000eb0b5430, 0x00000000eb0b5600, 0x00000000eb468000)
 Metaspace       used 79257K, capacity 86978K, committed 87296K, reserved 1124352K
  class space    used 11111K, capacity 13015K, committed 13056K, reserved 1048576K
}
Event: 62.469 GC heap before
{Heap before GC invocations=182 (full 8):
 def new generation   total 161856K, used 145433K [0x00000000c0000000, 0x00000000cafa0000, 0x00000000d5550000)
  eden space 143872K, 100% used [0x00000000c0000000, 0x00000000c8c80000, 0x00000000c8c80000)
  from space 17984K,   8% used [0x00000000c8c80000, 0x00000000c8e06790, 0x00000000c9e10000)
  to   space 17984K,   0% used [0x00000000c9e10000, 0x00000000c9e10000, 0x00000000cafa0000)
 tenured generation   total 359520K, used 355733K [0x00000000d5550000, 0x00000000eb468000, 0x0000000100000000)
   the space 359520K,  98% used [0x00000000d5550000, 0x00000000eb0b5430, 0x00000000eb0b5600, 0x00000000eb468000)
 Metaspace       used 79257K, capacity 86978K, committed 87296K, reserved 1124352K
  class space    used 11111K, capacity 13015K, committed 13056K, reserved 1048576K
Event: 62.474 GC heap after
Heap after GC invocations=183 (full 8):
 def new generation   total 161856K, used 1576K [0x00000000c0000000, 0x00000000cafa0000, 0x00000000d5550000)
  eden space 143872K,   0% used [0x00000000c0000000, 0x00000000c0000000, 0x00000000c8c80000)
  from space 17984K,   8% used [0x00000000c9e10000, 0x00000000c9f9a1d0, 0x00000000cafa0000)
  to   space 17984K,   0% used [0x00000000c8c80000, 0x00000000c8c80000, 0x00000000c9e10000)
 tenured generation   total 359520K, used 355746K [0x00000000d5550000, 0x00000000eb468000, 0x0000000100000000)
   the space 359520K,  98% used [0x00000000d5550000, 0x00000000eb0b8aa0, 0x00000000eb0b8c00, 0x00000000eb468000)
 Metaspace       used 79257K, capacity 86978K, committed 87296K, reserved 1124352K
  class space    used 11111K, capacity 13015K, committed 13056K, reserved 1048576K
}
Event: 62.737 GC heap before
{Heap before GC invocations=183 (full 8):
 def new generation   total 161856K, used 145448K [0x00000000c0000000, 0x00000000cafa0000, 0x00000000d5550000)
  eden space 143872K, 100% used [0x00000000c0000000, 0x00000000c8c80000, 0x00000000c8c80000)
  from space 17984K,   8% used [0x00000000c9e10000, 0x00000000c9f9a1d0, 0x00000000cafa0000)
  to   space 17984K,   0% used [0x00000000c8c80000, 0x00000000c8c80000, 0x00000000c9e10000)
 tenured generation   total 359520K, used 355746K [0x00000000d5550000, 0x00000000eb468000, 0x0000000100000000)
   the space 359520K,  98% used [0x00000000d5550000, 0x00000000eb0b8aa0, 0x00000000eb0b8c00, 0x00000000eb468000)
 Metaspace       used 79257K, capacity 86978K, committed 87296K, reserved 1124352K
  class space    used 11111K, capacity 13015K, committed 13056K, reserved 1048576K
Event: 62.743 GC heap after
Heap after GC invocations=184 (full 8):
 def new generation   total 161856K, used 1564K [0x00000000c0000000, 0x00000000cafa0000, 0x00000000d5550000)
  eden space 143872K,   0% used [0x00000000c0000000, 0x00000000c0000000, 0x00000000c8c80000)
  from space 17984K,   8% used [0x00000000c8c80000, 0x00000000c8e07370, 0x00000000c9e10000)
  to   space 17984K,   0% used [0x00000000c9e10000, 0x00000000c9e10000, 0x00000000cafa0000)
 tenured generation   total 359520K, used 355800K [0x00000000d5550000, 0x00000000eb468000, 0x0000000100000000)
   the space 359520K,  98% used [0x00000000d5550000, 0x00000000eb0c6030, 0x00000000eb0c6200, 0x00000000eb468000)
 Metaspace       used 79257K, capacity 86978K, committed 87296K, reserved 1124352K
  class space    used 11111K, capacity 13015K, committed 13056K, reserved 1048576K
}
Event: 62.901 GC heap before
{Heap before GC invocations=184 (full 8):
 def new generation   total 161856K, used 145436K [0x00000000c0000000, 0x00000000cafa0000, 0x00000000d5550000)
  eden space 143872K, 100% used [0x00000000c0000000, 0x00000000c8c80000, 0x00000000c8c80000)
  from space 17984K,   8% used [0x00000000c8c80000, 0x00000000c8e07370, 0x00000000c9e10000)
  to   space 17984K,   0% used [0x00000000c9e10000, 0x00000000c9e10000, 0x00000000cafa0000)
 tenured generation   total 359520K, used 355800K [0x00000000d5550000, 0x00000000eb468000, 0x0000000100000000)
   the space 359520K,  98% used [0x00000000d5550000, 0x00000000eb0c6030, 0x00000000eb0c6200, 0x00000000eb468000)
 Metaspace       used 79257K, capacity 86978K, committed 87296K, reserved 1124352K
  class space    used 11111K, capacity 13015K, committed 13056K, reserved 1048576K
Event: 62.907 GC heap after
Heap after GC invocations=185 (full 8):
 def new generation   total 161856K, used 1568K [0x00000000c0000000, 0x00000000cafa0000, 0x00000000d5550000)
  eden space 143872K,   0% used [0x00000000c0000000, 0x00000000c0000000, 0x00000000c8c80000)
  from space 17984K,   8% used [0x00000000c9e10000, 0x00000000c9f98178, 0x00000000cafa0000)
  to   space 17984K,   0% used [0x00000000c8c80000, 0x00000000c8c80000, 0x00000000c9e10000)
 tenured generation   total 359520K, used 355815K [0x00000000d5550000, 0x00000000eb468000, 0x0000000100000000)
   the space 359520K,  98% used [0x00000000d5550000, 0x00000000eb0c9fe8, 0x00000000eb0ca000, 0x00000000eb468000)
 Metaspace       used 79257K, capacity 86978K, committed 87296K, reserved 1124352K
  class space    used 11111K, capacity 13015K, committed 13056K, reserved 1048576K
}
Event: 63.069 GC heap before
{Heap before GC invocations=185 (full 8):
 def new generation   total 161856K, used 145440K [0x00000000c0000000, 0x00000000cafa0000, 0x00000000d5550000)
  eden space 143872K, 100% used [0x00000000c0000000, 0x00000000c8c80000, 0x00000000c8c80000)
  from space 17984K,   8% used [0x00000000c9e10000, 0x00000000c9f98178, 0x00000000cafa0000)
  to   space 17984K,   0% used [0x00000000c8c80000, 0x00000000c8c80000, 0x00000000c9e10000)
 tenured generation   total 359520K, used 355815K [0x00000000d5550000, 0x00000000eb468000, 0x0000000100000000)
   the space 359520K,  98% used [0x00000000d5550000, 0x00000000eb0c9fe8, 0x00000000eb0ca000, 0x00000000eb468000)
 Metaspace       used 79257K, capacity 86978K, committed 87296K, reserved 1124352K
  class space    used 11111K, capacity 13015K, committed 13056K, reserved 1048576K
Event: 63.079 GC heap after
Heap after GC invocations=186 (full 8):
 def new generation   total 161856K, used 1546K [0x00000000c0000000, 0x00000000cafa0000, 0x00000000d5550000)
  eden space 143872K,   0% used [0x00000000c0000000, 0x00000000c0000000, 0x00000000c8c80000)
  from space 17984K,   8% used [0x00000000c8c80000, 0x00000000c8e02820, 0x00000000c9e10000)
  to   space 17984K,   0% used [0x00000000c9e10000, 0x00000000c9e10000, 0x00000000cafa0000)
 tenured generation   total 359520K, used 355852K [0x00000000d5550000, 0x00000000eb468000, 0x0000000100000000)
   the space 359520K,  98% used [0x00000000d5550000, 0x00000000eb0d3060, 0x00000000eb0d3200, 0x00000000eb468000)
 Metaspace       used 79257K, capacity 86978K, committed 87296K, reserved 1124352K
  class space    used 11111K, capacity 13015K, committed 13056K, reserved 1048576K
}
Event: 63.385 GC heap before
{Heap before GC invocations=186 (full 8):
 def new generation   total 161856K, used 145418K [0x00000000c0000000, 0x00000000cafa0000, 0x00000000d5550000)
  eden space 143872K, 100% used [0x00000000c0000000, 0x00000000c8c80000, 0x00000000c8c80000)
  from space 17984K,   8% used [0x00000000c8c80000, 0x00000000c8e02820, 0x00000000c9e10000)
  to   space 17984K,   0% used [0x00000000c9e10000, 0x00000000c9e10000, 0x00000000cafa0000)
 tenured generation   total 359520K, used 355852K [0x00000000d5550000, 0x00000000eb468000, 0x0000000100000000)
   the space 359520K,  98% used [0x00000000d5550000, 0x00000000eb0d3060, 0x00000000eb0d3200, 0x00000000eb468000)
 Metaspace       used 79257K, capacity 86978K, committed 87296K, reserved 1124352K
  class space    used 11111K, capacity 13015K, committed 13056K, reserved 1048576K
Event: 63.391 GC heap after
Heap after GC invocations=187 (full 8):
 def new generation   total 161856K, used 1484K [0x00000000c0000000, 0x00000000cafa0000, 0x00000000d5550000)
  eden space 143872K,   0% used [0x00000000c0000000, 0x00000000c0000000, 0x00000000c8c80000)
  from space 17984K,   8% used [0x00000000c9e10000, 0x00000000c9f832f8, 0x00000000cafa0000)
  to   space 17984K,   0% used [0x00000000c8c80000, 0x00000000c8c80000, 0x00000000c9e10000)
 tenured generation   total 359520K, used 355958K [0x00000000d5550000, 0x00000000eb468000, 0x0000000100000000)
   the space 359520K,  99% used [0x00000000d5550000, 0x00000000eb0edbf0, 0x00000000eb0edc00, 0x00000000eb468000)
 Metaspace       used 79257K, capacity 86978K, committed 87296K, reserved 1124352K
  class space    used 11111K, capacity 13015K, committed 13056K, reserved 1048576K
}
Event: 63.586 GC heap before
{Heap before GC invocations=187 (full 8):
 def new generation   total 161856K, used 145356K [0x00000000c0000000, 0x00000000cafa0000, 0x00000000d5550000)
  eden space 143872K, 100% used [0x00000000c0000000, 0x00000000c8c80000, 0x00000000c8c80000)
  from space 17984K,   8% used [0x00000000c9e10000, 0x00000000c9f832f8, 0x00000000cafa0000)
  to   space 17984K,   0% used [0x00000000c8c80000, 0x00000000c8c80000, 0x00000000c9e10000)
 tenured generation   total 359520K, used 355958K [0x00000000d5550000, 0x00000000eb468000, 0x0000000100000000)
   the space 359520K,  99% used [0x00000000d5550000, 0x00000000eb0edbf0, 0x00000000eb0edc00, 0x00000000eb468000)
 Metaspace       used 79257K, capacity 86978K, committed 87296K, reserved 1124352K
  class space    used 11111K, capacity 13015K, committed 13056K, reserved 1048576K
Event: 63.592 GC heap after
Heap after GC invocations=188 (full 8):
 def new generation   total 161856K, used 1485K [0x00000000c0000000, 0x00000000cafa0000, 0x00000000d5550000)
  eden space 143872K,   0% used [0x00000000c0000000, 0x00000000c0000000, 0x00000000c8c80000)
  from space 17984K,   8% used [0x00000000c8c80000, 0x00000000c8df37b0, 0x00000000c9e10000)
  to   space 17984K,   0% used [0x00000000c9e10000, 0x00000000c9e10000, 0x00000000cafa0000)
 tenured generation   total 359520K, used 355984K [0x00000000d5550000, 0x00000000eb468000, 0x0000000100000000)
   the space 359520K,  99% used [0x00000000d5550000, 0x00000000eb0f42b8, 0x00000000eb0f4400, 0x00000000eb468000)
 Metaspace       used 79257K, capacity 86978K, committed 87296K, reserved 1124352K
  class space    used 11111K, capacity 13015K, committed 13056K, reserved 1048576K
}
Event: 63.883 GC heap before
{Heap before GC invocations=188 (full 8):
 def new generation   total 161856K, used 145357K [0x00000000c0000000, 0x00000000cafa0000, 0x00000000d5550000)
  eden space 143872K, 100% used [0x00000000c0000000, 0x00000000c8c80000, 0x00000000c8c80000)
  from space 17984K,   8% used [0x00000000c8c80000, 0x00000000c8df37b0, 0x00000000c9e10000)
  to   space 17984K,   0% used [0x00000000c9e10000, 0x00000000c9e10000, 0x00000000cafa0000)
 tenured generation   total 359520K, used 355984K [0x00000000d5550000, 0x00000000eb468000, 0x0000000100000000)
   the space 359520K,  99% used [0x00000000d5550000, 0x00000000eb0f42b8, 0x00000000eb0f4400, 0x00000000eb468000)
 Metaspace       used 79257K, capacity 86978K, committed 87296K, reserved 1124352K
  class space    used 11111K, capacity 13015K, committed 13056K, reserved 1048576K
Event: 63.889 GC heap after
Heap after GC invocations=189 (full 8):
 def new generation   total 161856K, used 1461K [0x00000000c0000000, 0x00000000cafa0000, 0x00000000d5550000)
  eden space 143872K,   0% used [0x00000000c0000000, 0x00000000c0000000, 0x00000000c8c80000)
  from space 17984K,   8% used [0x00000000c9e10000, 0x00000000c9f7d518, 0x00000000cafa0000)
  to   space 17984K,   0% used [0x00000000c8c80000, 0x00000000c8c80000, 0x00000000c9e10000)
 tenured generation   total 359520K, used 356041K [0x00000000d5550000, 0x00000000eb468000, 0x0000000100000000)
   the space 359520K,  99% used [0x00000000d5550000, 0x00000000eb102760, 0x00000000eb102800, 0x00000000eb468000)
 Metaspace       used 79257K, capacity 86978K, committed 87296K, reserved 1124352K
  class space    used 11111K, capacity 13015K, committed 13056K, reserved 1048576K
}
Event: 64.258 GC heap before
{Heap before GC invocations=189 (full 8):
 def new generation   total 161856K, used 145333K [0x00000000c0000000, 0x00000000cafa0000, 0x00000000d5550000)
  eden space 143872K, 100% used [0x00000000c0000000, 0x00000000c8c80000, 0x00000000c8c80000)
  from space 17984K,   8% used [0x00000000c9e10000, 0x00000000c9f7d518, 0x00000000cafa0000)
  to   space 17984K,   0% used [0x00000000c8c80000, 0x00000000c8c80000, 0x00000000c9e10000)
 tenured generation   total 359520K, used 356041K [0x00000000d5550000, 0x00000000eb468000, 0x0000000100000000)
   the space 359520K,  99% used [0x00000000d5550000, 0x00000000eb102760, 0x00000000eb102800, 0x00000000eb468000)
 Metaspace       used 79257K, capacity 86978K, committed 87296K, reserved 1124352K
  class space    used 11111K, capacity 13015K, committed 13056K, reserved 1048576K
Event: 64.264 GC heap after
Heap after GC invocations=190 (full 8):
 def new generation   total 161856K, used 1471K [0x00000000c0000000, 0x00000000cafa0000, 0x00000000d5550000)
  eden space 143872K,   0% used [0x00000000c0000000, 0x00000000c0000000, 0x00000000c8c80000)
  from space 17984K,   8% used [0x00000000c8c80000, 0x00000000c8defcb8, 0x00000000c9e10000)
  to   space 17984K,   0% used [0x00000000c9e10000, 0x00000000c9e10000, 0x00000000cafa0000)
 tenured generation   total 359520K, used 356067K [0x00000000d5550000, 0x00000000eb468000, 0x0000000100000000)
   the space 359520K,  99% used [0x00000000d5550000, 0x00000000eb108c40, 0x00000000eb108e00, 0x00000000eb468000)
 Metaspace       used 79257K, capacity 86978K, committed 87296K, reserved 1124352K
  class space    used 11111K, capacity 13015K, committed 13056K, reserved 1048576K
}
Event: 64.506 GC heap before
{Heap before GC invocations=190 (full 8):
 def new generation   total 161856K, used 145343K [0x00000000c0000000, 0x00000000cafa0000, 0x00000000d5550000)
  eden space 143872K, 100% used [0x00000000c0000000, 0x00000000c8c80000, 0x00000000c8c80000)
  from space 17984K,   8% used [0x00000000c8c80000, 0x00000000c8defcb8, 0x00000000c9e10000)
  to   space 17984K,   0% used [0x00000000c9e10000, 0x00000000c9e10000, 0x00000000cafa0000)
 tenured generation   total 359520K, used 356067K [0x00000000d5550000, 0x00000000eb468000, 0x0000000100000000)
   the space 359520K,  99% used [0x00000000d5550000, 0x00000000eb108c40, 0x00000000eb108e00, 0x00000000eb468000)
 Metaspace       used 79257K, capacity 86978K, committed 87296K, reserved 1124352K
  class space    used 11111K, capacity 13015K, committed 13056K, reserved 1048576K
Event: 64.512 GC heap after
Heap after GC invocations=191 (full 8):
 def new generation   total 161856K, used 1480K [0x00000000c0000000, 0x00000000cafa0000, 0x00000000d5550000)
  eden space 143872K,   0% used [0x00000000c0000000, 0x00000000c0000000, 0x00000000c8c80000)
  from space 17984K,   8% used [0x00000000c9e10000, 0x00000000c9f82040, 0x00000000cafa0000)
  to   space 17984K,   0% used [0x00000000c8c80000, 0x00000000c8c80000, 0x00000000c9e10000)
 tenured generation   total 359520K, used 356096K [0x00000000d5550000, 0x00000000eb468000, 0x0000000100000000)
   the space 359520K,  99% used [0x00000000d5550000, 0x00000000eb110320, 0x00000000eb110400, 0x00000000eb468000)
 Metaspace       used 79257K, capacity 86978K, committed 87296K, reserved 1124352K
  class space    used 11111K, capacity 13015K, committed 13056K, reserved 1048576K
}
Event: 64.678 GC heap before
{Heap before GC invocations=191 (full 8):
 def new generation   total 161856K, used 145352K [0x00000000c0000000, 0x00000000cafa0000, 0x00000000d5550000)
  eden space 143872K, 100% used [0x00000000c0000000, 0x00000000c8c80000, 0x00000000c8c80000)
  from space 17984K,   8% used [0x00000000c9e10000, 0x00000000c9f82040, 0x00000000cafa0000)
  to   space 17984K,   0% used [0x00000000c8c80000, 0x00000000c8c80000, 0x00000000c9e10000)
 tenured generation   total 359520K, used 356096K [0x00000000d5550000, 0x00000000eb468000, 0x0000000100000000)
   the space 359520K,  99% used [0x00000000d5550000, 0x00000000eb110320, 0x00000000eb110400, 0x00000000eb468000)
 Metaspace       used 79259K, capacity 87042K, committed 87296K, reserved 1124352K
  class space    used 11111K, capacity 13015K, committed 13056K, reserved 1048576K
Event: 64.684 GC heap after
Heap after GC invocations=192 (full 8):
 def new generation   total 161856K, used 1477K [0x00000000c0000000, 0x00000000cafa0000, 0x00000000d5550000)
  eden space 143872K,   0% used [0x00000000c0000000, 0x00000000c0000000, 0x00000000c8c80000)
  from space 17984K,   8% used [0x00000000c8c80000, 0x00000000c8df1688, 0x00000000c9e10000)
  to   space 17984K,   0% used [0x00000000c9e10000, 0x00000000c9e10000, 0x00000000cafa0000)
 tenured generation   total 359520K, used 356122K [0x00000000d5550000, 0x00000000eb468000, 0x0000000100000000)
   the space 359520K,  99% used [0x00000000d5550000, 0x00000000eb116948, 0x00000000eb116a00, 0x00000000eb468000)
 Metaspace       used 79259K, capacity 87042K, committed 87296K, reserved 1124352K
  class space    used 11111K, capacity 13015K, committed 13056K, reserved 1048576K
}
Event: 65.207 GC heap before
{Heap before GC invocations=192 (full 8):
 def new generation   total 161856K, used 145349K [0x00000000c0000000, 0x00000000cafa0000, 0x00000000d5550000)
  eden space 143872K, 100% used [0x00000000c0000000, 0x00000000c8c80000, 0x00000000c8c80000)
  from space 17984K,   8% used [0x00000000c8c80000, 0x00000000c8df1688, 0x00000000c9e10000)
  to   space 17984K,   0% used [0x00000000c9e10000, 0x00000000c9e10000, 0x00000000cafa0000)
 tenured generation   total 359520K, used 356122K [0x00000000d5550000, 0x00000000eb468000, 0x0000000100000000)
   the space 359520K,  99% used [0x00000000d5550000, 0x00000000eb116948, 0x00000000eb116a00, 0x00000000eb468000)
 Metaspace       used 79309K, capacity 87170K, committed 87296K, reserved 1124352K
  class space    used 11114K, capacity 13015K, committed 13056K, reserved 1048576K
Event: 65.214 GC heap after
Heap after GC invocations=193 (full 8):
 def new generation   total 161856K, used 2190K [0x00000000c0000000, 0x00000000cafa0000, 0x00000000d5550000)
  eden space 143872K,   0% used [0x00000000c0000000, 0x00000000c0000000, 0x00000000c8c80000)
  from space 17984K,  12% used [0x00000000c9e10000, 0x00000000ca0338b8, 0x00000000cafa0000)
  to   space 17984K,   0% used [0x00000000c8c80000, 0x00000000c8c80000, 0x00000000c9e10000)
 tenured generation   total 359520K, used 356166K [0x00000000d5550000, 0x00000000eb468000, 0x0000000100000000)
   the space 359520K,  99% used [0x00000000d5550000, 0x00000000eb121b48, 0x00000000eb121c00, 0x00000000eb468000)
 Metaspace       used 79309K, capacity 87170K, committed 87296K, reserved 1124352K
  class space    used 11114K, capacity 13015K, committed 13056K, reserved 1048576K
}
Event: 65.738 GC heap before
{Heap before GC invocations=193 (full 8):
 def new generation   total 161856K, used 146062K [0x00000000c0000000, 0x00000000cafa0000, 0x00000000d5550000)
  eden space 143872K, 100% used [0x00000000c0000000, 0x00000000c8c80000, 0x00000000c8c80000)
  from space 17984K,  12% used [0x00000000c9e10000, 0x00000000ca0338b8, 0x00000000cafa0000)
  to   space 17984K,   0% used [0x00000000c8c80000, 0x00000000c8c80000, 0x00000000c9e10000)
 tenured generation   total 359520K, used 356166K [0x00000000d5550000, 0x00000000eb468000, 0x0000000100000000)
   the space 359520K,  99% used [0x00000000d5550000, 0x00000000eb121b48, 0x00000000eb121c00, 0x00000000eb468000)
 Metaspace       used 79465K, capacity 87302K, committed 87552K, reserved 1124352K
  class space    used 11124K, capacity 13017K, committed 13056K, reserved 1048576K
Event: 65.750 GC heap after
Heap after GC invocations=194 (full 8):
 def new generation   total 161856K, used 4111K [0x00000000c0000000, 0x00000000cafa0000, 0x00000000d5550000)
  eden space 143872K,   0% used [0x00000000c0000000, 0x00000000c0000000, 0x00000000c8c80000)
  from space 17984K,  22% used [0x00000000c8c80000, 0x00000000c9083f18, 0x00000000c9e10000)
  to   space 17984K,   0% used [0x00000000c9e10000, 0x00000000c9e10000, 0x00000000cafa0000)
 tenured generation   total 359520K, used 356182K [0x00000000d5550000, 0x00000000eb468000, 0x0000000100000000)
   the space 359520K,  99% used [0x00000000d5550000, 0x00000000eb1258f8, 0x00000000eb125a00, 0x00000000eb468000)
 Metaspace       used 79465K, capacity 87302K, committed 87552K, reserved 1124352K
  class space    used 11124K, capacity 13017K, committed 13056K, reserved 1048576K
}
Event: 65.999 GC heap before
{Heap before GC invocations=194 (full 8):
 def new generation   total 161856K, used 147983K [0x00000000c0000000, 0x00000000cafa0000, 0x00000000d5550000)
  eden space 143872K, 100% used [0x00000000c0000000, 0x00000000c8c80000, 0x00000000c8c80000)
  from space 17984K,  22% used [0x00000000c8c80000, 0x00000000c9083f18, 0x00000000c9e10000)
  to   space 17984K,   0% used [0x00000000c9e10000, 0x00000000c9e10000, 0x00000000cafa0000)
 tenured generation   total 359520K, used 356182K [0x00000000d5550000, 0x00000000eb468000, 0x0000000100000000)
   the space 359520K,  99% used [0x00000000d5550000, 0x00000000eb1258f8, 0x00000000eb125a00, 0x00000000eb468000)
 Metaspace       used 79490K, capacity 87302K, committed 87552K, reserved 1124352K
  class space    used 11124K, capacity 13017K, committed 13056K, reserved 1048576K
Event: 66.015 GC heap after
Heap after GC invocations=195 (full 8):
 def new generation   total 161856K, used 4264K [0x00000000c0000000, 0x00000000cafa0000, 0x00000000d5550000)
  eden space 143872K,   0% used [0x00000000c0000000, 0x00000000c0000000, 0x00000000c8c80000)
  from space 17984K,  23% used [0x00000000c9e10000, 0x00000000ca23a1d8, 0x00000000cafa0000)
  to   space 17984K,   0% used [0x00000000c8c80000, 0x00000000c8c80000, 0x00000000c9e10000)
 tenured generation   total 359520K, used 356474K [0x00000000d5550000, 0x00000000eb468000, 0x0000000100000000)
   the space 359520K,  99% used [0x00000000d5550000, 0x00000000eb16eac8, 0x00000000eb16ec00, 0x00000000eb468000)
 Metaspace       used 79490K, capacity 87302K, committed 87552K, reserved 1124352K
  class space    used 11124K, capacity 13017K, committed 13056K, reserved 1048576K
}
Event: 66.528 GC heap before
{Heap before GC invocations=195 (full 8):
 def new generation   total 161856K, used 148136K [0x00000000c0000000, 0x00000000cafa0000, 0x00000000d5550000)
  eden space 143872K, 100% used [0x00000000c0000000, 0x00000000c8c80000, 0x00000000c8c80000)
  from space 17984K,  23% used [0x00000000c9e10000, 0x00000000ca23a1d8, 0x00000000cafa0000)
  to   space 17984K,   0% used [0x00000000c8c80000, 0x00000000c8c80000, 0x00000000c9e10000)
 tenured generation   total 359520K, used 356474K [0x00000000d5550000, 0x00000000eb468000, 0x0000000100000000)
   the space 359520K,  99% used [0x00000000d5550000, 0x00000000eb16eac8, 0x00000000eb16ec00, 0x00000000eb468000)
 Metaspace       used 79939K, capacity 87686K, committed 87808K, reserved 1124352K
  class space    used 11141K, capacity 13017K, committed 13056K, reserved 1048576K
Event: 66.536 GC heap after
Heap after GC invocations=196 (full 8):
 def new generation   total 161856K, used 1835K [0x00000000c0000000, 0x00000000cafa0000, 0x00000000d5550000)
  eden space 143872K,   0% used [0x00000000c0000000, 0x00000000c0000000, 0x00000000c8c80000)
  from space 17984K,  10% used [0x00000000c8c80000, 0x00000000c8e4add8, 0x00000000c9e10000)
  to   space 17984K,   0% used [0x00000000c9e10000, 0x00000000c9e10000, 0x00000000cafa0000)
 tenured generation   total 359520K, used 357210K [0x00000000d5550000, 0x00000000eb468000, 0x0000000100000000)
   the space 359520K,  99% used [0x00000000d5550000, 0x00000000eb226bb0, 0x00000000eb226c00, 0x00000000eb468000)
 Metaspace       used 79939K, capacity 87686K, committed 87808K, reserved 1124352K
  class space    used 11141K, capacity 13017K, committed 13056K, reserved 1048576K
}
Event: 66.895 GC heap before
{Heap before GC invocations=196 (full 8):
 def new generation   total 161856K, used 145707K [0x00000000c0000000, 0x00000000cafa0000, 0x00000000d5550000)
  eden space 143872K, 100% used [0x00000000c0000000, 0x00000000c8c80000, 0x00000000c8c80000)
  from space 17984K,  10% used [0x00000000c8c80000, 0x00000000c8e4add8, 0x00000000c9e10000)
  to   space 17984K,   0% used [0x00000000c9e10000, 0x00000000c9e10000, 0x00000000cafa0000)
 tenured generation   total 359520K, used 357210K [0x00000000d5550000, 0x00000000eb468000, 0x0000000100000000)
   the space 359520K,  99% used [0x00000000d5550000, 0x00000000eb226bb0, 0x00000000eb226c00, 0x00000000eb468000)
 Metaspace       used 80612K, capacity 88430K, committed 88704K, reserved 1124352K
  class space    used 11204K, capacity 13115K, committed 13184K, reserved 1048576K
Event: 66.902 GC heap after
Heap after GC invocations=197 (full 8):
 def new generation   total 161856K, used 3015K [0x00000000c0000000, 0x00000000cafa0000, 0x00000000d5550000)
  eden space 143872K,   0% used [0x00000000c0000000, 0x00000000c0000000, 0x00000000c8c80000)
  from space 17984K,  16% used [0x00000000c9e10000, 0x00000000ca101c48, 0x00000000cafa0000)
  to   space 17984K,   0% used [0x00000000c8c80000, 0x00000000c8c80000, 0x00000000c9e10000)
 tenured generation   total 359520K, used 357243K [0x00000000d5550000, 0x00000000eb468000, 0x0000000100000000)
   the space 359520K,  99% used [0x00000000d5550000, 0x00000000eb22ec20, 0x00000000eb22ee00, 0x00000000eb468000)
 Metaspace       used 80612K, capacity 88430K, committed 88704K, reserved 1124352K
  class space    used 11204K, capacity 13115K, committed 13184K, reserved 1048576K
}
Event: 67.151 GC heap before
{Heap before GC invocations=197 (full 8):
 def new generation   total 161856K, used 146887K [0x00000000c0000000, 0x00000000cafa0000, 0x00000000d5550000)
  eden space 143872K, 100% used [0x00000000c0000000, 0x00000000c8c80000, 0x00000000c8c80000)
  from space 17984K,  16% used [0x00000000c9e10000, 0x00000000ca101c48, 0x00000000cafa0000)
  to   space 17984K,   0% used [0x00000000c8c80000, 0x00000000c8c80000, 0x00000000c9e10000)
 tenured generation   total 359520K, used 357243K [0x00000000d5550000, 0x00000000eb468000, 0x0000000100000000)
   the space 359520K,  99% used [0x00000000d5550000, 0x00000000eb22ec20, 0x00000000eb22ee00, 0x00000000eb468000)
 Metaspace       used 80732K, capacity 88574K, committed 88704K, reserved 1124352K
  class space    used 11215K, capacity 13117K, committed 13184K, reserved 1048576K
Event: 67.166 GC heap after
Heap after GC invocations=198 (full 8):
 def new generation   total 161856K, used 2672K [0x00000000c0000000, 0x00000000cafa0000, 0x00000000d5550000)
  eden space 143872K,   0% used [0x00000000c0000000, 0x00000000c0000000, 0x00000000c8c80000)
  from space 17984K,  14% used [0x00000000c8c80000, 0x00000000c8f1c078, 0x00000000c9e10000)
  to   space 17984K,   0% used [0x00000000c9e10000, 0x00000000c9e10000, 0x00000000cafa0000)
 tenured generation   total 359520K, used 357277K [0x00000000d5550000, 0x00000000eb468000, 0x0000000100000000)
   the space 359520K,  99% used [0x00000000d5550000, 0x00000000eb237690, 0x00000000eb237800, 0x00000000eb468000)
 Metaspace       used 80732K, capacity 88574K, committed 88704K, reserved 1124352K
  class space    used 11215K, capacity 13117K, committed 13184K, reserved 1048576K
}
Event: 68.381 GC heap before
{Heap before GC invocations=198 (full 8):
 def new generation   total 161856K, used 146544K [0x00000000c0000000, 0x00000000cafa0000, 0x00000000d5550000)
  eden space 143872K, 100% used [0x00000000c0000000, 0x00000000c8c80000, 0x00000000c8c80000)
  from space 17984K,  14% used [0x00000000c8c80000, 0x00000000c8f1c078, 0x00000000c9e10000)
  to   space 17984K,   0% used [0x00000000c9e10000, 0x00000000c9e10000, 0x00000000cafa0000)
 tenured generation   total 359520K, used 357277K [0x00000000d5550000, 0x00000000eb468000, 0x0000000100000000)
   the space 359520K,  99% used [0x00000000d5550000, 0x00000000eb237690, 0x00000000eb237800, 0x00000000eb468000)
 Metaspace       used 83005K, capacity 91046K, committed 91264K, reserved 1126400K
  class space    used 11484K, capacity 13419K, committed 13440K, reserved 1048576K
Event: 68.396 GC heap after
Heap after GC invocations=199 (full 8):
 def new generation   total 161856K, used 4830K [0x00000000c0000000, 0x00000000cafa0000, 0x00000000d5550000)
  eden space 143872K,   0% used [0x00000000c0000000, 0x00000000c0000000, 0x00000000c8c80000)
  from space 17984K,  26% used [0x00000000c9e10000, 0x00000000ca2c7a60, 0x00000000cafa0000)
  to   space 17984K,   0% used [0x00000000c8c80000, 0x00000000c8c80000, 0x00000000c9e10000)
 tenured generation   total 359520K, used 357308K [0x00000000d5550000, 0x00000000eb468000, 0x0000000100000000)
   the space 359520K,  99% used [0x00000000d5550000, 0x00000000eb23f0d0, 0x00000000eb23f200, 0x00000000eb468000)
 Metaspace       used 83005K, capacity 91046K, committed 91264K, reserved 1126400K
  class space    used 11484K, capacity 13419K, committed 13440K, reserved 1048576K
}
Event: 68.905 GC heap before
{Heap before GC invocations=199 (full 8):
 def new generation   total 161856K, used 148702K [0x00000000c0000000, 0x00000000cafa0000, 0x00000000d5550000)
  eden space 143872K, 100% used [0x00000000c0000000, 0x00000000c8c80000, 0x00000000c8c80000)
  from space 17984K,  26% used [0x00000000c9e10000, 0x00000000ca2c7a60, 0x00000000cafa0000)
  to   space 17984K,   0% used [0x00000000c8c80000, 0x00000000c8c80000, 0x00000000c9e10000)
 tenured generation   total 359520K, used 357308K [0x00000000d5550000, 0x00000000eb468000, 0x0000000100000000)
   the space 359520K,  99% used [0x00000000d5550000, 0x00000000eb23f0d0, 0x00000000eb23f200, 0x00000000eb468000)
 Metaspace       used 83185K, capacity 91428K, committed 91648K, reserved 1128448K
  class space    used 11507K, capacity 13480K, committed 13568K, reserved 1048576K
Event: 68.917 GC heap after
Heap after GC invocations=200 (full 8):
 def new generation   total 161856K, used 5009K [0x00000000c0000000, 0x00000000cafa0000, 0x00000000d5550000)
  eden space 143872K,   0% used [0x00000000c0000000, 0x00000000c0000000, 0x00000000c8c80000)
  from space 17984K,  27% used [0x00000000c8c80000, 0x00000000c9164650, 0x00000000c9e10000)
  to   space 17984K,   0% used [0x00000000c9e10000, 0x00000000c9e10000, 0x00000000cafa0000)
 tenured generation   total 359520K, used 357322K [0x00000000d5550000, 0x00000000eb468000, 0x0000000100000000)
   the space 359520K,  99% used [0x00000000d5550000, 0x00000000eb242b50, 0x00000000eb242c00, 0x00000000eb468000)
 Metaspace       used 83185K, capacity 91428K, committed 91648K, reserved 1128448K
  class space    used 11507K, capacity 13480K, committed 13568K, reserved 1048576K
}
Event: 69.095 GC heap before
{Heap before GC invocations=200 (full 8):
 def new generation   total 161856K, used 148881K [0x00000000c0000000, 0x00000000cafa0000, 0x00000000d5550000)
  eden space 143872K, 100% used [0x00000000c0000000, 0x00000000c8c80000, 0x00000000c8c80000)
  from space 17984K,  27% used [0x00000000c8c80000, 0x00000000c9164650, 0x00000000c9e10000)
  to   space 17984K,   0% used [0x00000000c9e10000, 0x00000000c9e10000, 0x00000000cafa0000)
 tenured generation   total 359520K, used 357322K [0x00000000d5550000, 0x00000000eb468000, 0x0000000100000000)
   the space 359520K,  99% used [0x00000000d5550000, 0x00000000eb242b50, 0x00000000eb242c00, 0x00000000eb468000)
 Metaspace       used 83189K, capacity 91428K, committed 91648K, reserved 1128448K
  class space    used 11507K, capacity 13480K, committed 13568K, reserved 1048576K
Event: 69.108 GC heap after
Heap after GC invocations=201 (full 8):
 def new generation   total 161856K, used 4986K [0x00000000c0000000, 0x00000000cafa0000, 0x00000000d5550000)
  eden space 143872K,   0% used [0x00000000c0000000, 0x00000000c0000000, 0x00000000c8c80000)
  from space 17984K,  27% used [0x00000000c9e10000, 0x00000000ca2eea70, 0x00000000cafa0000)
  to   space 17984K,   0% used [0x00000000c8c80000, 0x00000000c8c80000, 0x00000000c9e10000)
 tenured generation   total 359520K, used 357337K [0x00000000d5550000, 0x00000000eb468000, 0x0000000100000000)
   the space 359520K,  99% used [0x00000000d5550000, 0x00000000eb2467b0, 0x00000000eb246800, 0x00000000eb468000)
 Metaspace       used 83189K, capacity 91428K, committed 91648K, reserved 1128448K
  class space    used 11507K, capacity 13480K, committed 13568K, reserved 1048576K
}
Event: 69.567 GC heap before
{Heap before GC invocations=201 (full 8):
 def new generation   total 161856K, used 148858K [0x00000000c0000000, 0x00000000cafa0000, 0x00000000d5550000)
  eden space 143872K, 100% used [0x00000000c0000000, 0x00000000c8c80000, 0x00000000c8c80000)
  from space 17984K,  27% used [0x00000000c9e10000, 0x00000000ca2eea70, 0x00000000cafa0000)
  to   space 17984K,   0% used [0x00000000c8c80000, 0x00000000c8c80000, 0x00000000c9e10000)
 tenured generation   total 359520K, used 357337K [0x00000000d5550000, 0x00000000eb468000, 0x0000000100000000)
   the space 359520K,  99% used [0x00000000d5550000, 0x00000000eb2467b0, 0x00000000eb246800, 0x00000000eb468000)
 Metaspace       used 83236K, capacity 91432K, committed 91648K, reserved 1128448K
  class space    used 11507K, capacity 13480K, committed 13568K, reserved 1048576K
Event: 69.586 GC heap after
Heap after GC invocations=202 (full 8):
 def new generation   total 161856K, used 4950K [0x00000000c0000000, 0x00000000cafa0000, 0x00000000d5550000)
  eden space 143872K,   0% used [0x00000000c0000000, 0x00000000c0000000, 0x00000000c8c80000)
  from space 17984K,  27% used [0x00000000c8c80000, 0x00000000c9155a48, 0x00000000c9e10000)
  to   space 17984K,   0% used [0x00000000c9e10000, 0x00000000c9e10000, 0x00000000cafa0000)
 tenured generation   total 359520K, used 357393K [0x00000000d5550000, 0x00000000eb468000, 0x0000000100000000)
   the space 359520K,  99% used [0x00000000d5550000, 0x00000000eb2547c8, 0x00000000eb254800, 0x00000000eb468000)
 Metaspace       used 83236K, capacity 91432K, committed 91648K, reserved 1128448K
  class space    used 11507K, capacity 13480K, committed 13568K, reserved 1048576K
}
Event: 70.329 GC heap before
{Heap before GC invocations=202 (full 8):
 def new generation   total 161856K, used 148822K [0x00000000c0000000, 0x00000000cafa0000, 0x00000000d5550000)
  eden space 143872K, 100% used [0x00000000c0000000, 0x00000000c8c80000, 0x00000000c8c80000)
  from space 17984K,  27% used [0x00000000c8c80000, 0x00000000c9155a48, 0x00000000c9e10000)
  to   space 17984K,   0% used [0x00000000c9e10000, 0x00000000c9e10000, 0x00000000cafa0000)
 tenured generation   total 359520K, used 357393K [0x00000000d5550000, 0x00000000eb468000, 0x0000000100000000)
   the space 359520K,  99% used [0x00000000d5550000, 0x00000000eb2547c8, 0x00000000eb254800, 0x00000000eb468000)
 Metaspace       used 83286K, capacity 91496K, committed 91648K, reserved 1128448K
  class space    used 11507K, capacity 13480K, committed 13568K, reserved 1048576K
Event: 70.347 GC heap after
Heap after GC invocations=203 (full 8):
 def new generation   total 161856K, used 4963K [0x00000000c0000000, 0x00000000cafa0000, 0x00000000d5550000)
  eden space 143872K,   0% used [0x00000000c0000000, 0x00000000c0000000, 0x00000000c8c80000)
  from space 17984K,  27% used [0x00000000c9e10000, 0x00000000ca2e8c20, 0x00000000cafa0000)
  to   space 17984K,   0% used [0x00000000c8c80000, 0x00000000c8c80000, 0x00000000c9e10000)
 tenured generation   total 359520K, used 357413K [0x00000000d5550000, 0x00000000eb468000, 0x0000000100000000)
   the space 359520K,  99% used [0x00000000d5550000, 0x00000000eb259588, 0x00000000eb259600, 0x00000000eb468000)
 Metaspace       used 83286K, capacity 91496K, committed 91648K, reserved 1128448K
  class space    used 11507K, capacity 13480K, committed 13568K, reserved 1048576K
}
Event: 70.794 GC heap before
{Heap before GC invocations=203 (full 8):
 def new generation   total 161856K, used 148835K [0x00000000c0000000, 0x00000000cafa0000, 0x00000000d5550000)
  eden space 143872K, 100% used [0x00000000c0000000, 0x00000000c8c80000, 0x00000000c8c80000)
  from space 17984K,  27% used [0x00000000c9e10000, 0x00000000ca2e8c20, 0x00000000cafa0000)
  to   space 17984K,   0% used [0x00000000c8c80000, 0x00000000c8c80000, 0x00000000c9e10000)
 tenured generation   total 359520K, used 357413K [0x00000000d5550000, 0x00000000eb468000, 0x0000000100000000)
   the space 359520K,  99% used [0x00000000d5550000, 0x00000000eb259588, 0x00000000eb259600, 0x00000000eb468000)
 Metaspace       used 83343K, capacity 91578K, committed 91904K, reserved 1128448K
  class space    used 11510K, capacity 13485K, committed 13568K, reserved 1048576K
Event: 70.805 GC heap after
Heap after GC invocations=204 (full 8):
 def new generation   total 161856K, used 4948K [0x00000000c0000000, 0x00000000cafa0000, 0x00000000d5550000)
  eden space 143872K,   0% used [0x00000000c0000000, 0x00000000c0000000, 0x00000000c8c80000)
  from space 17984K,  27% used [0x00000000c8c80000, 0x00000000c9155118, 0x00000000c9e10000)
  to   space 17984K,   0% used [0x00000000c9e10000, 0x00000000c9e10000, 0x00000000cafa0000)
 tenured generation   total 359520K, used 357451K [0x00000000d5550000, 0x00000000eb468000, 0x0000000100000000)
   the space 359520K,  99% used [0x00000000d5550000, 0x00000000eb262df8, 0x00000000eb262e00, 0x00000000eb468000)
 Metaspace       used 83343K, capacity 91578K, committed 91904K, reserved 1128448K
  class space    used 11510K, capacity 13485K, committed 13568K, reserved 1048576K
}
Event: 71.348 GC heap before
{Heap before GC invocations=204 (full 8):
 def new generation   total 161856K, used 148820K [0x00000000c0000000, 0x00000000cafa0000, 0x00000000d5550000)
  eden space 143872K, 100% used [0x00000000c0000000, 0x00000000c8c80000, 0x00000000c8c80000)
  from space 17984K,  27% used [0x00000000c8c80000, 0x00000000c9155118, 0x00000000c9e10000)
  to   space 17984K,   0% used [0x00000000c9e10000, 0x00000000c9e10000, 0x00000000cafa0000)
 tenured generation   total 359520K, used 357451K [0x00000000d5550000, 0x00000000eb468000, 0x0000000100000000)
   the space 359520K,  99% used [0x00000000d5550000, 0x00000000eb262df8, 0x00000000eb262e00, 0x00000000eb468000)
 Metaspace       used 83346K, capacity 91578K, committed 91904K, reserved 1128448K
  class space    used 11510K, capacity 13485K, committed 13568K, reserved 1048576K
Event: 71.359 GC heap after
Heap after GC invocations=205 (full 8):
 def new generation   total 161856K, used 4967K [0x00000000c0000000, 0x00000000cafa0000, 0x00000000d5550000)
  eden space 143872K,   0% used [0x00000000c0000000, 0x00000000c0000000, 0x00000000c8c80000)
  from space 17984K,  27% used [0x00000000c9e10000, 0x00000000ca2e9fd0, 0x00000000cafa0000)
  to   space 17984K,   0% used [0x00000000c8c80000, 0x00000000c8c80000, 0x00000000c9e10000)
 tenured generation   total 359520K, used 357489K [0x00000000d5550000, 0x00000000eb468000, 0x0000000100000000)
   the space 359520K,  99% used [0x00000000d5550000, 0x00000000eb26c508, 0x00000000eb26c600, 0x00000000eb468000)
 Metaspace       used 83346K, capacity 91578K, committed 91904K, reserved 1128448K
  class space    used 11510K, capacity 13485K, committed 13568K, reserved 1048576K
}
Event: 71.615 GC heap before
{Heap before GC invocations=205 (full 8):
 def new generation   total 161856K, used 148839K [0x00000000c0000000, 0x00000000cafa0000, 0x00000000d5550000)
  eden space 143872K, 100% used [0x00000000c0000000, 0x00000000c8c80000, 0x00000000c8c80000)
  from space 17984K,  27% used [0x00000000c9e10000, 0x00000000ca2e9fd0, 0x00000000cafa0000)
  to   space 17984K,   0% used [0x00000000c8c80000, 0x00000000c8c80000, 0x00000000c9e10000)
 tenured generation   total 359520K, used 357489K [0x00000000d5550000, 0x00000000eb468000, 0x0000000100000000)
   the space 359520K,  99% used [0x00000000d5550000, 0x00000000eb26c508, 0x00000000eb26c600, 0x00000000eb468000)
 Metaspace       used 83387K, capacity 91592K, committed 91904K, reserved 1128448K
  class space    used 11511K, capacity 13486K, committed 13568K, reserved 1048576K
Event: 71.625 GC heap after
Heap after GC invocations=206 (full 8):
 def new generation   total 161856K, used 4960K [0x00000000c0000000, 0x00000000cafa0000, 0x00000000d5550000)
  eden space 143872K,   0% used [0x00000000c0000000, 0x00000000c0000000, 0x00000000c8c80000)
  from space 17984K,  27% used [0x00000000c8c80000, 0x00000000c91582c0, 0x00000000c9e10000)
  to   space 17984K,   0% used [0x00000000c9e10000, 0x00000000c9e10000, 0x00000000cafa0000)
 tenured generation   total 359520K, used 357521K [0x00000000d5550000, 0x00000000eb468000, 0x0000000100000000)
   the space 359520K,  99% used [0x00000000d5550000, 0x00000000eb274410, 0x00000000eb274600, 0x00000000eb468000)
 Metaspace       used 83387K, capacity 91592K, committed 91904K, reserved 1128448K
  class space    used 11511K, capacity 13486K, committed 13568K, reserved 1048576K
}
Event: 71.920 GC heap before
{Heap before GC invocations=206 (full 8):
 def new generation   total 161856K, used 148832K [0x00000000c0000000, 0x00000000cafa0000, 0x00000000d5550000)
  eden space 143872K, 100% used [0x00000000c0000000, 0x00000000c8c80000, 0x00000000c8c80000)
  from space 17984K,  27% used [0x00000000c8c80000, 0x00000000c91582c0, 0x00000000c9e10000)
  to   space 17984K,   0% used [0x00000000c9e10000, 0x00000000c9e10000, 0x00000000cafa0000)
 tenured generation   total 359520K, used 357521K [0x00000000d5550000, 0x00000000eb468000, 0x0000000100000000)
   the space 359520K,  99% used [0x00000000d5550000, 0x00000000eb274410, 0x00000000eb274600, 0x00000000eb468000)
 Metaspace       used 83389K, capacity 91592K, committed 91904K, reserved 1128448K
  class space    used 11511K, capacity 13486K, committed 13568K, reserved 1048576K
Event: 71.931 GC heap after
Heap after GC invocations=207 (full 8):
 def new generation   total 161856K, used 4960K [0x00000000c0000000, 0x00000000cafa0000, 0x00000000d5550000)
  eden space 143872K,   0% used [0x00000000c0000000, 0x00000000c0000000, 0x00000000c8c80000)
  from space 17984K,  27% used [0x00000000c9e10000, 0x00000000ca2e80b8, 0x00000000cafa0000)
  to   space 17984K,   0% used [0x00000000c8c80000, 0x00000000c8c80000, 0x00000000c9e10000)
 tenured generation   total 359520K, used 357538K [0x00000000d5550000, 0x00000000eb468000, 0x0000000100000000)
   the space 359520K,  99% used [0x00000000d5550000, 0x00000000eb278bd8, 0x00000000eb278c00, 0x00000000eb468000)
 Metaspace       used 83389K, capacity 91592K, committed 91904K, reserved 1128448K
  class space    used 11511K, capacity 13486K, committed 13568K, reserved 1048576K
}
Event: 72.101 GC heap before
{Heap before GC invocations=207 (full 8):
 def new generation   total 161856K, used 148832K [0x00000000c0000000, 0x00000000cafa0000, 0x00000000d5550000)
  eden space 143872K, 100% used [0x00000000c0000000, 0x00000000c8c80000, 0x00000000c8c80000)
  from space 17984K,  27% used [0x00000000c9e10000, 0x00000000ca2e80b8, 0x00000000cafa0000)
  to   space 17984K,   0% used [0x00000000c8c80000, 0x00000000c8c80000, 0x00000000c9e10000)
 tenured generation   total 359520K, used 357538K [0x00000000d5550000, 0x00000000eb468000, 0x0000000100000000)
   the space 359520K,  99% used [0x00000000d5550000, 0x00000000eb278bd8, 0x00000000eb278c00, 0x00000000eb468000)
 Metaspace       used 83393K, capacity 91592K, committed 91904K, reserved 1128448K
  class space    used 11511K, capacity 13486K, committed 13568K, reserved 1048576K
Event: 72.111 GC heap after
Heap after GC invocations=208 (full 8):
 def new generation   total 161856K, used 4827K [0x00000000c0000000, 0x00000000cafa0000, 0x00000000d5550000)
  eden space 143872K,   0% used [0x00000000c0000000, 0x00000000c0000000, 0x00000000c8c80000)
  from space 17984K,  26% used [0x00000000c8c80000, 0x00000000c9136e88, 0x00000000c9e10000)
  to   space 17984K,   0% used [0x00000000c9e10000, 0x00000000c9e10000, 0x00000000cafa0000)
 tenured generation   total 359520K, used 357681K [0x00000000d5550000, 0x00000000eb468000, 0x0000000100000000)
   the space 359520K,  99% used [0x00000000d5550000, 0x00000000eb29c530, 0x00000000eb29c600, 0x00000000eb468000)
 Metaspace       used 83393K, capacity 91592K, committed 91904K, reserved 1128448K
  class space    used 11511K, capacity 13486K, committed 13568K, reserved 1048576K
}
Event: 72.504 GC heap before
{Heap before GC invocations=208 (full 8):
 def new generation   total 161856K, used 148699K [0x00000000c0000000, 0x00000000cafa0000, 0x00000000d5550000)
  eden space 143872K, 100% used [0x00000000c0000000, 0x00000000c8c80000, 0x00000000c8c80000)
  from space 17984K,  26% used [0x00000000c8c80000, 0x00000000c9136e88, 0x00000000c9e10000)
  to   space 17984K,   0% used [0x00000000c9e10000, 0x00000000c9e10000, 0x00000000cafa0000)
 tenured generation   total 359520K, used 357681K [0x00000000d5550000, 0x00000000eb468000, 0x0000000100000000)
   the space 359520K,  99% used [0x00000000d5550000, 0x00000000eb29c530, 0x00000000eb29c600, 0x00000000eb468000)
 Metaspace       used 83396K, capacity 91592K, committed 91904K, reserved 1128448K
  class space    used 11511K, capacity 13486K, committed 13568K, reserved 1048576K
Event: 72.515 GC heap after
Heap after GC invocations=209 (full 8):
 def new generation   total 161856K, used 4017K [0x00000000c0000000, 0x00000000cafa0000, 0x00000000d5550000)
  eden space 143872K,   0% used [0x00000000c0000000, 0x00000000c0000000, 0x00000000c8c80000)
  from space 17984K,  22% used [0x00000000c9e10000, 0x00000000ca1fc400, 0x00000000cafa0000)
  to   space 17984K,   0% used [0x00000000c8c80000, 0x00000000c8c80000, 0x00000000c9e10000)
 tenured generation   total 359520K, used 358494K [0x00000000d5550000, 0x00000000eb468000, 0x0000000100000000)
   the space 359520K,  99% used [0x00000000d5550000, 0x00000000eb367aa0, 0x00000000eb367c00, 0x00000000eb468000)
 Metaspace       used 83396K, capacity 91592K, committed 91904K, reserved 1128448K
  class space    used 11511K, capacity 13486K, committed 13568K, reserved 1048576K
}
Event: 72.739 GC heap before
{Heap before GC invocations=209 (full 8):
 def new generation   total 161856K, used 147889K [0x00000000c0000000, 0x00000000cafa0000, 0x00000000d5550000)
  eden space 143872K, 100% used [0x00000000c0000000, 0x00000000c8c80000, 0x00000000c8c80000)
  from space 17984K,  22% used [0x00000000c9e10000, 0x00000000ca1fc400, 0x00000000cafa0000)
  to   space 17984K,   0% used [0x00000000c8c80000, 0x00000000c8c80000, 0x00000000c9e10000)
 tenured generation   total 359520K, used 358494K [0x00000000d5550000, 0x00000000eb468000, 0x0000000100000000)
   the space 359520K,  99% used [0x00000000d5550000, 0x00000000eb367aa0, 0x00000000eb367c00, 0x00000000eb468000)
 Metaspace       used 83453K, capacity 91656K, committed 91904K, reserved 1128448K
  class space    used 11511K, capacity 13486K, committed 13568K, reserved 1048576K
Event: 72.749 GC heap after
Heap after GC invocations=210 (full 8):
 def new generation   total 161856K, used 4013K [0x00000000c0000000, 0x00000000cafa0000, 0x00000000d5550000)
  eden space 143872K,   0% used [0x00000000c0000000, 0x00000000c0000000, 0x00000000c8c80000)
  from space 17984K,  22% used [0x00000000c8c80000, 0x00000000c906b7a0, 0x00000000c9e10000)
  to   space 17984K,   0% used [0x00000000c9e10000, 0x00000000c9e10000, 0x00000000cafa0000)
 tenured generation   total 359520K, used 358523K [0x00000000d5550000, 0x00000000eb468000, 0x0000000100000000)
   the space 359520K,  99% used [0x00000000d5550000, 0x00000000eb36eda0, 0x00000000eb36ee00, 0x00000000eb468000)
 Metaspace       used 83453K, capacity 91656K, committed 91904K, reserved 1128448K
  class space    used 11511K, capacity 13486K, committed 13568K, reserved 1048576K
}
Event: 72.855 GC heap before
{Heap before GC invocations=210 (full 8):
 def new generation   total 161856K, used 147885K [0x00000000c0000000, 0x00000000cafa0000, 0x00000000d5550000)
  eden space 143872K, 100% used [0x00000000c0000000, 0x00000000c8c80000, 0x00000000c8c80000)
  from space 17984K,  22% used [0x00000000c8c80000, 0x00000000c906b7a0, 0x00000000c9e10000)
  to   space 17984K,   0% used [0x00000000c9e10000, 0x00000000c9e10000, 0x00000000cafa0000)
 tenured generation   total 359520K, used 358523K [0x00000000d5550000, 0x00000000eb468000, 0x0000000100000000)
   the space 359520K,  99% used [0x00000000d5550000, 0x00000000eb36eda0, 0x00000000eb36ee00, 0x00000000eb468000)
 Metaspace       used 83453K, capacity 91656K, committed 91904K, reserved 1128448K
  class space    used 11511K, capacity 13486K, committed 13568K, reserved 1048576K
Event: 72.865 GC heap after
Heap after GC invocations=211 (full 8):
 def new generation   total 161856K, used 3691K [0x00000000c0000000, 0x00000000cafa0000, 0x00000000d5550000)
  eden space 143872K,   0% used [0x00000000c0000000, 0x00000000c0000000, 0x00000000c8c80000)
  from space 17984K,  20% used [0x00000000c9e10000, 0x00000000ca1aada8, 0x00000000cafa0000)
  to   space 17984K,   0% used [0x00000000c8c80000, 0x00000000c8c80000, 0x00000000c9e10000)
 tenured generation   total 359520K, used 358857K [0x00000000d5550000, 0x00000000eb468000, 0x0000000100000000)
   the space 359520K,  99% used [0x00000000d5550000, 0x00000000eb3c2720, 0x00000000eb3c2800, 0x00000000eb468000)
 Metaspace       used 83453K, capacity 91656K, committed 91904K, reserved 1128448K
  class space    used 11511K, capacity 13486K, committed 13568K, reserved 1048576K
}
Event: 73.109 GC heap before
{Heap before GC invocations=211 (full 8):
 def new generation   total 161856K, used 147563K [0x00000000c0000000, 0x00000000cafa0000, 0x00000000d5550000)
  eden space 143872K, 100% used [0x00000000c0000000, 0x00000000c8c80000, 0x00000000c8c80000)
  from space 17984K,  20% used [0x00000000c9e10000, 0x00000000ca1aada8, 0x00000000cafa0000)
  to   space 17984K,   0% used [0x00000000c8c80000, 0x00000000c8c80000, 0x00000000c9e10000)
 tenured generation   total 359520K, used 358857K [0x00000000d5550000, 0x00000000eb468000, 0x0000000100000000)
   the space 359520K,  99% used [0x00000000d5550000, 0x00000000eb3c2720, 0x00000000eb3c2800, 0x00000000eb468000)
 Metaspace       used 83458K, capacity 91656K, committed 91904K, reserved 1128448K
  class space    used 11511K, capacity 13486K, committed 13568K, reserved 1048576K
Event: 73.119 GC heap after
Heap after GC invocations=212 (full 8):
 def new generation   total 161856K, used 3331K [0x00000000c0000000, 0x00000000cafa0000, 0x00000000d5550000)
  eden space 143872K,   0% used [0x00000000c0000000, 0x00000000c0000000, 0x00000000c8c80000)
  from space 17984K,  18% used [0x00000000c8c80000, 0x00000000c8fc0c00, 0x00000000c9e10000)
  to   space 17984K,   0% used [0x00000000c9e10000, 0x00000000c9e10000, 0x00000000cafa0000)
 tenured generation   total 359520K, used 359237K [0x00000000d5550000, 0x00000000eb468000, 0x0000000100000000)
   the space 359520K,  99% used [0x00000000d5550000, 0x00000000eb4216d8, 0x00000000eb421800, 0x00000000eb468000)
 Metaspace       used 83458K, capacity 91656K, committed 91904K, reserved 1128448K
  class space    used 11511K, capacity 13486K, committed 13568K, reserved 1048576K
}
Event: 73.583 GC heap before
{Heap before GC invocations=212 (full 8):
 def new generation   total 161856K, used 147203K [0x00000000c0000000, 0x00000000cafa0000, 0x00000000d5550000)
  eden space 143872K, 100% used [0x00000000c0000000, 0x00000000c8c80000, 0x00000000c8c80000)
  from space 17984K,  18% used [0x00000000c8c80000, 0x00000000c8fc0c00, 0x00000000c9e10000)
  to   space 17984K,   0% used [0x00000000c9e10000, 0x00000000c9e10000, 0x00000000cafa0000)
 tenured generation   total 359520K, used 359237K [0x00000000d5550000, 0x00000000eb468000, 0x0000000100000000)
   the space 359520K,  99% used [0x00000000d5550000, 0x00000000eb4216d8, 0x00000000eb421800, 0x00000000eb468000)
 Metaspace       used 83487K, capacity 91784K, committed 91904K, reserved 1128448K
  class space    used 11511K, capacity 13486K, committed 13568K, reserved 1048576K
Event: 73.592 GC heap after
Heap after GC invocations=213 (full 8):
 def new generation   total 161856K, used 3186K [0x00000000c0000000, 0x00000000cafa0000, 0x00000000d5550000)
  eden space 143872K,   0% used [0x00000000c0000000, 0x00000000c0000000, 0x00000000c8c80000)
  from space 17984K,  17% used [0x00000000c9e10000, 0x00000000ca12cad0, 0x00000000cafa0000)
  to   space 17984K,   0% used [0x00000000c8c80000, 0x00000000c8c80000, 0x00000000c9e10000)
 tenured generation   total 359520K, used 359402K [0x00000000d5550000, 0x00000000eb468000, 0x0000000100000000)
   the space 359520K,  99% used [0x00000000d5550000, 0x00000000eb44a828, 0x00000000eb44aa00, 0x00000000eb468000)
 Metaspace       used 83487K, capacity 91784K, committed 91904K, reserved 1128448K
  class space    used 11511K, capacity 13486K, committed 13568K, reserved 1048576K
}
Event: 73.822 GC heap before
{Heap before GC invocations=213 (full 8):
 def new generation   total 161856K, used 147058K [0x00000000c0000000, 0x00000000cafa0000, 0x00000000d5550000)
  eden space 143872K, 100% used [0x00000000c0000000, 0x00000000c8c80000, 0x00000000c8c80000)
  from space 17984K,  17% used [0x00000000c9e10000, 0x00000000ca12cad0, 0x00000000cafa0000)
  to   space 17984K,   0% used [0x00000000c8c80000, 0x00000000c8c80000, 0x00000000c9e10000)
 tenured generation   total 359520K, used 359402K [0x00000000d5550000, 0x00000000eb468000, 0x0000000100000000)
   the space 359520K,  99% used [0x00000000d5550000, 0x00000000eb44a828, 0x00000000eb44aa00, 0x00000000eb468000)
 Metaspace       used 83490K, capacity 91784K, committed 91904K, reserved 1128448K
  class space    used 11511K, capacity 13486K, committed 13568K, reserved 1048576K

