# JRE version: OpenJDK Runtime Environment (8.0_265-b01) (build 1.8.0_265-b01)
# Java VM: OpenJDK 64-Bit Server VM (25.265-b01 mixed mode linux-amd64 compressed oops)
Heap:
 def new generation   total 162816K, used 0K [0x00000000c0000000, 0x00000000cb0a0000, 0x00000000d5550000)
  eden space 144768K,   0% used [0x00000000c0000000, 0x00000000c0000000, 0x00000000c8d60000)
  from space 18048K,   0% used [0x00000000c9f00000, 0x00000000c9f00000, 0x00000000cb0a0000)
  to   space 18048K,   0% used [0x00000000c8d60000, 0x00000000c8d60000, 0x00000000c9f00000)
 tenured generation   total 362520K, used 295585K [0x00000000d5550000, 0x00000000eb756000, 0x0000000100000000)
   the space 362520K,  81% used [0x00000000d5550000, 0x00000000e75f85b0, 0x00000000e75f8600, 0x00000000eb756000)
 Metaspace       used 81821K, capacity 89910K, committed 89984K, reserved 1126400K
  class space    used 11437K, capacity 13395K, committed 13440K, reserved 1048576K
GC Heap History (250 events):
Event: 78.635 GC heap after
Heap after GC invocations=265 (full 8):
 def new generation   total 162816K, used 507K [0x00000000c0000000, 0x00000000cb0a0000, 0x00000000d5550000)
  eden space 144768K,   0% used [0x00000000c0000000, 0x00000000c0000000, 0x00000000c8d60000)
  from space 18048K,   2% used [0x00000000c8d60000, 0x00000000c8ddec60, 0x00000000c9f00000)
  to   space 18048K,   0% used [0x00000000c9f00000, 0x00000000c9f00000, 0x00000000cb0a0000)
 tenured generation   total 361560K, used 346414K [0x00000000d5550000, 0x00000000eb666000, 0x0000000100000000)
   the space 361560K,  95% used [0x00000000d5550000, 0x00000000ea79bbd0, 0x00000000ea79bc00, 0x00000000eb666000)
 Metaspace       used 77083K, capacity 84563K, committed 84864K, reserved 1122304K
  class space    used 10830K, capacity 12624K, committed 12672K, reserved 1048576K
}
Event: 78.807 GC heap before
{Heap before GC invocations=265 (full 8):
 def new generation   total 162816K, used 145275K [0x00000000c0000000, 0x00000000cb0a0000, 0x00000000d5550000)
  eden space 144768K, 100% used [0x00000000c0000000, 0x00000000c8d60000, 0x00000000c8d60000)
  from space 18048K,   2% used [0x00000000c8d60000, 0x00000000c8ddec60, 0x00000000c9f00000)
  to   space 18048K,   0% used [0x00000000c9f00000, 0x00000000c9f00000, 0x00000000cb0a0000)
 tenured generation   total 361560K, used 346414K [0x00000000d5550000, 0x00000000eb666000, 0x0000000100000000)
   the space 361560K,  95% used [0x00000000d5550000, 0x00000000ea79bbd0, 0x00000000ea79bc00, 0x00000000eb666000)
 Metaspace       used 77083K, capacity 84563K, committed 84864K, reserved 1122304K
  class space    used 10830K, capacity 12624K, committed 12672K, reserved 1048576K
Event: 78.810 GC heap after
Heap after GC invocations=266 (full 8):
 def new generation   total 162816K, used 495K [0x00000000c0000000, 0x00000000cb0a0000, 0x00000000d5550000)
  eden space 144768K,   0% used [0x00000000c0000000, 0x00000000c0000000, 0x00000000c8d60000)
  from space 18048K,   2% used [0x00000000c9f00000, 0x00000000c9f7bf10, 0x00000000cb0a0000)
  to   space 18048K,   0% used [0x00000000c8d60000, 0x00000000c8d60000, 0x00000000c9f00000)
 tenured generation   total 361560K, used 346429K [0x00000000d5550000, 0x00000000eb666000, 0x0000000100000000)
   the space 361560K,  95% used [0x00000000d5550000, 0x00000000ea79f400, 0x00000000ea79f400, 0x00000000eb666000)
 Metaspace       used 77083K, capacity 84563K, committed 84864K, reserved 1122304K
  class space    used 10830K, capacity 12624K, committed 12672K, reserved 1048576K
}
Event: 79.056 GC heap before
{Heap before GC invocations=266 (full 8):
 def new generation   total 162816K, used 145263K [0x00000000c0000000, 0x00000000cb0a0000, 0x00000000d5550000)
  eden space 144768K, 100% used [0x00000000c0000000, 0x00000000c8d60000, 0x00000000c8d60000)
  from space 18048K,   2% used [0x00000000c9f00000, 0x00000000c9f7bf10, 0x00000000cb0a0000)
  to   space 18048K,   0% used [0x00000000c8d60000, 0x00000000c8d60000, 0x00000000c9f00000)
 tenured generation   total 361560K, used 346429K [0x00000000d5550000, 0x00000000eb666000, 0x0000000100000000)
   the space 361560K,  95% used [0x00000000d5550000, 0x00000000ea79f400, 0x00000000ea79f400, 0x00000000eb666000)
 Metaspace       used 77083K, capacity 84563K, committed 84864K, reserved 1122304K
  class space    used 10830K, capacity 12624K, committed 12672K, reserved 1048576K
Event: 79.060 GC heap after
Heap after GC invocations=267 (full 8):
 def new generation   total 162816K, used 497K [0x00000000c0000000, 0x00000000cb0a0000, 0x00000000d5550000)
  eden space 144768K,   0% used [0x00000000c0000000, 0x00000000c0000000, 0x00000000c8d60000)
  from space 18048K,   2% used [0x00000000c8d60000, 0x00000000c8ddc758, 0x00000000c9f00000)
  to   space 18048K,   0% used [0x00000000c9f00000, 0x00000000c9f00000, 0x00000000cb0a0000)
 tenured generation   total 361560K, used 346444K [0x00000000d5550000, 0x00000000eb666000, 0x0000000100000000)
   the space 361560K,  95% used [0x00000000d5550000, 0x00000000ea7a3388, 0x00000000ea7a3400, 0x00000000eb666000)
 Metaspace       used 77083K, capacity 84563K, committed 84864K, reserved 1122304K
  class space    used 10830K, capacity 12624K, committed 12672K, reserved 1048576K
}
Event: 79.160 GC heap before
{Heap before GC invocations=267 (full 8):
 def new generation   total 162816K, used 145265K [0x00000000c0000000, 0x00000000cb0a0000, 0x00000000d5550000)
  eden space 144768K, 100% used [0x00000000c0000000, 0x00000000c8d60000, 0x00000000c8d60000)
  from space 18048K,   2% used [0x00000000c8d60000, 0x00000000c8ddc758, 0x00000000c9f00000)
  to   space 18048K,   0% used [0x00000000c9f00000, 0x00000000c9f00000, 0x00000000cb0a0000)
 tenured generation   total 361560K, used 346444K [0x00000000d5550000, 0x00000000eb666000, 0x0000000100000000)
   the space 361560K,  95% used [0x00000000d5550000, 0x00000000ea7a3388, 0x00000000ea7a3400, 0x00000000eb666000)
 Metaspace       used 77083K, capacity 84563K, committed 84864K, reserved 1122304K
  class space    used 10830K, capacity 12624K, committed 12672K, reserved 1048576K
Event: 79.164 GC heap after
Heap after GC invocations=268 (full 8):
 def new generation   total 162816K, used 473K [0x00000000c0000000, 0x00000000cb0a0000, 0x00000000d5550000)
  eden space 144768K,   0% used [0x00000000c0000000, 0x00000000c0000000, 0x00000000c8d60000)
  from space 18048K,   2% used [0x00000000c9f00000, 0x00000000c9f766a0, 0x00000000cb0a0000)
  to   space 18048K,   0% used [0x00000000c8d60000, 0x00000000c8d60000, 0x00000000c9f00000)
 tenured generation   total 361560K, used 346473K [0x00000000d5550000, 0x00000000eb666000, 0x0000000100000000)
   the space 361560K,  95% used [0x00000000d5550000, 0x00000000ea7aa578, 0x00000000ea7aa600, 0x00000000eb666000)
 Metaspace       used 77083K, capacity 84563K, committed 84864K, reserved 1122304K
  class space    used 10830K, capacity 12624K, committed 12672K, reserved 1048576K
}
Event: 79.497 GC heap before
{Heap before GC invocations=268 (full 8):
 def new generation   total 162816K, used 145241K [0x00000000c0000000, 0x00000000cb0a0000, 0x00000000d5550000)
  eden space 144768K, 100% used [0x00000000c0000000, 0x00000000c8d60000, 0x00000000c8d60000)
  from space 18048K,   2% used [0x00000000c9f00000, 0x00000000c9f766a0, 0x00000000cb0a0000)
  to   space 18048K,   0% used [0x00000000c8d60000, 0x00000000c8d60000, 0x00000000c9f00000)
 tenured generation   total 361560K, used 346473K [0x00000000d5550000, 0x00000000eb666000, 0x0000000100000000)
   the space 361560K,  95% used [0x00000000d5550000, 0x00000000ea7aa578, 0x00000000ea7aa600, 0x00000000eb666000)
 Metaspace       used 77084K, capacity 84563K, committed 84864K, reserved 1122304K
  class space    used 10830K, capacity 12624K, committed 12672K, reserved 1048576K
Event: 79.500 GC heap after
Heap after GC invocations=269 (full 8):
 def new generation   total 162816K, used 496K [0x00000000c0000000, 0x00000000cb0a0000, 0x00000000d5550000)
  eden space 144768K,   0% used [0x00000000c0000000, 0x00000000c0000000, 0x00000000c8d60000)
  from space 18048K,   2% used [0x00000000c8d60000, 0x00000000c8ddc010, 0x00000000c9f00000)
  to   space 18048K,   0% used [0x00000000c9f00000, 0x00000000c9f00000, 0x00000000cb0a0000)
 tenured generation   total 361560K, used 346479K [0x00000000d5550000, 0x00000000eb666000, 0x0000000100000000)
   the space 361560K,  95% used [0x00000000d5550000, 0x00000000ea7abd38, 0x00000000ea7abe00, 0x00000000eb666000)
 Metaspace       used 77084K, capacity 84563K, committed 84864K, reserved 1122304K
  class space    used 10830K, capacity 12624K, committed 12672K, reserved 1048576K
}
Event: 79.649 GC heap before
{Heap before GC invocations=269 (full 8):
 def new generation   total 162816K, used 145264K [0x00000000c0000000, 0x00000000cb0a0000, 0x00000000d5550000)
  eden space 144768K, 100% used [0x00000000c0000000, 0x00000000c8d60000, 0x00000000c8d60000)
  from space 18048K,   2% used [0x00000000c8d60000, 0x00000000c8ddc010, 0x00000000c9f00000)
  to   space 18048K,   0% used [0x00000000c9f00000, 0x00000000c9f00000, 0x00000000cb0a0000)
 tenured generation   total 361560K, used 346479K [0x00000000d5550000, 0x00000000eb666000, 0x0000000100000000)
   the space 361560K,  95% used [0x00000000d5550000, 0x00000000ea7abd38, 0x00000000ea7abe00, 0x00000000eb666000)
 Metaspace       used 77084K, capacity 84563K, committed 84864K, reserved 1122304K
  class space    used 10830K, capacity 12624K, committed 12672K, reserved 1048576K
Event: 79.653 GC heap after
Heap after GC invocations=270 (full 8):
 def new generation   total 162816K, used 346K [0x00000000c0000000, 0x00000000cb0a0000, 0x00000000d5550000)
  eden space 144768K,   0% used [0x00000000c0000000, 0x00000000c0000000, 0x00000000c8d60000)
  from space 18048K,   1% used [0x00000000c9f00000, 0x00000000c9f56b40, 0x00000000cb0a0000)
  to   space 18048K,   0% used [0x00000000c8d60000, 0x00000000c8d60000, 0x00000000c9f00000)
 tenured generation   total 361560K, used 346646K [0x00000000d5550000, 0x00000000eb666000, 0x0000000100000000)
   the space 361560K,  95% used [0x00000000d5550000, 0x00000000ea7d5808, 0x00000000ea7d5a00, 0x00000000eb666000)
 Metaspace       used 77084K, capacity 84563K, committed 84864K, reserved 1122304K
  class space    used 10830K, capacity 12624K, committed 12672K, reserved 1048576K
}
Event: 79.927 GC heap before
{Heap before GC invocations=270 (full 8):
 def new generation   total 162816K, used 145114K [0x00000000c0000000, 0x00000000cb0a0000, 0x00000000d5550000)
  eden space 144768K, 100% used [0x00000000c0000000, 0x00000000c8d60000, 0x00000000c8d60000)
  from space 18048K,   1% used [0x00000000c9f00000, 0x00000000c9f56b40, 0x00000000cb0a0000)
  to   space 18048K,   0% used [0x00000000c8d60000, 0x00000000c8d60000, 0x00000000c9f00000)
 tenured generation   total 361560K, used 346646K [0x00000000d5550000, 0x00000000eb666000, 0x0000000100000000)
   the space 361560K,  95% used [0x00000000d5550000, 0x00000000ea7d5808, 0x00000000ea7d5a00, 0x00000000eb666000)
 Metaspace       used 77084K, capacity 84627K, committed 84864K, reserved 1122304K
  class space    used 10830K, capacity 12624K, committed 12672K, reserved 1048576K
Event: 79.931 GC heap after
Heap after GC invocations=271 (full 8):
 def new generation   total 162816K, used 396K [0x00000000c0000000, 0x00000000cb0a0000, 0x00000000d5550000)
  eden space 144768K,   0% used [0x00000000c0000000, 0x00000000c0000000, 0x00000000c8d60000)
  from space 18048K,   2% used [0x00000000c8d60000, 0x00000000c8dc3310, 0x00000000c9f00000)
  to   space 18048K,   0% used [0x00000000c9f00000, 0x00000000c9f00000, 0x00000000cb0a0000)
 tenured generation   total 361560K, used 346646K [0x00000000d5550000, 0x00000000eb666000, 0x0000000100000000)
   the space 361560K,  95% used [0x00000000d5550000, 0x00000000ea7d5808, 0x00000000ea7d5a00, 0x00000000eb666000)
 Metaspace       used 77084K, capacity 84627K, committed 84864K, reserved 1122304K
  class space    used 10830K, capacity 12624K, committed 12672K, reserved 1048576K
}
Event: 80.032 GC heap before
{Heap before GC invocations=271 (full 8):
 def new generation   total 162816K, used 145164K [0x00000000c0000000, 0x00000000cb0a0000, 0x00000000d5550000)
  eden space 144768K, 100% used [0x00000000c0000000, 0x00000000c8d60000, 0x00000000c8d60000)
  from space 18048K,   2% used [0x00000000c8d60000, 0x00000000c8dc3310, 0x00000000c9f00000)
  to   space 18048K,   0% used [0x00000000c9f00000, 0x00000000c9f00000, 0x00000000cb0a0000)
 tenured generation   total 361560K, used 346646K [0x00000000d5550000, 0x00000000eb666000, 0x0000000100000000)
   the space 361560K,  95% used [0x00000000d5550000, 0x00000000ea7d5808, 0x00000000ea7d5a00, 0x00000000eb666000)
 Metaspace       used 77084K, capacity 84627K, committed 84864K, reserved 1122304K
  class space    used 10830K, capacity 12624K, committed 12672K, reserved 1048576K
Event: 80.036 GC heap after
Heap after GC invocations=272 (full 8):
 def new generation   total 162816K, used 375K [0x00000000c0000000, 0x00000000cb0a0000, 0x00000000d5550000)
  eden space 144768K,   0% used [0x00000000c0000000, 0x00000000c0000000, 0x00000000c8d60000)
  from space 18048K,   2% used [0x00000000c9f00000, 0x00000000c9f5dd70, 0x00000000cb0a0000)
  to   space 18048K,   0% used [0x00000000c8d60000, 0x00000000c8d60000, 0x00000000c9f00000)
 tenured generation   total 361560K, used 346670K [0x00000000d5550000, 0x00000000eb666000, 0x0000000100000000)
   the space 361560K,  95% used [0x00000000d5550000, 0x00000000ea7db960, 0x00000000ea7dba00, 0x00000000eb666000)
 Metaspace       used 77084K, capacity 84627K, committed 84864K, reserved 1122304K
  class space    used 10830K, capacity 12624K, committed 12672K, reserved 1048576K
}
Event: 80.219 GC heap before
{Heap before GC invocations=272 (full 8):
 def new generation   total 162816K, used 145143K [0x00000000c0000000, 0x00000000cb0a0000, 0x00000000d5550000)
  eden space 144768K, 100% used [0x00000000c0000000, 0x00000000c8d60000, 0x00000000c8d60000)
  from space 18048K,   2% used [0x00000000c9f00000, 0x00000000c9f5dd70, 0x00000000cb0a0000)
  to   space 18048K,   0% used [0x00000000c8d60000, 0x00000000c8d60000, 0x00000000c9f00000)
 tenured generation   total 361560K, used 346670K [0x00000000d5550000, 0x00000000eb666000, 0x0000000100000000)
   the space 361560K,  95% used [0x00000000d5550000, 0x00000000ea7db960, 0x00000000ea7dba00, 0x00000000eb666000)
 Metaspace       used 77084K, capacity 84627K, committed 84864K, reserved 1122304K
  class space    used 10830K, capacity 12624K, committed 12672K, reserved 1048576K
Event: 80.222 GC heap after
Heap after GC invocations=273 (full 8):
 def new generation   total 162816K, used 385K [0x00000000c0000000, 0x00000000cb0a0000, 0x00000000d5550000)
  eden space 144768K,   0% used [0x00000000c0000000, 0x00000000c0000000, 0x00000000c8d60000)
  from space 18048K,   2% used [0x00000000c8d60000, 0x00000000c8dc0510, 0x00000000c9f00000)
  to   space 18048K,   0% used [0x00000000c9f00000, 0x00000000c9f00000, 0x00000000cb0a0000)
 tenured generation   total 361560K, used 346676K [0x00000000d5550000, 0x00000000eb666000, 0x0000000100000000)
   the space 361560K,  95% used [0x00000000d5550000, 0x00000000ea7dd280, 0x00000000ea7dd400, 0x00000000eb666000)
 Metaspace       used 77084K, capacity 84627K, committed 84864K, reserved 1122304K
  class space    used 10830K, capacity 12624K, committed 12672K, reserved 1048576K
}
Event: 80.446 GC heap before
{Heap before GC invocations=273 (full 8):
 def new generation   total 162816K, used 145153K [0x00000000c0000000, 0x00000000cb0a0000, 0x00000000d5550000)
  eden space 144768K, 100% used [0x00000000c0000000, 0x00000000c8d60000, 0x00000000c8d60000)
  from space 18048K,   2% used [0x00000000c8d60000, 0x00000000c8dc0510, 0x00000000c9f00000)
  to   space 18048K,   0% used [0x00000000c9f00000, 0x00000000c9f00000, 0x00000000cb0a0000)
 tenured generation   total 361560K, used 346676K [0x00000000d5550000, 0x00000000eb666000, 0x0000000100000000)
   the space 361560K,  95% used [0x00000000d5550000, 0x00000000ea7dd280, 0x00000000ea7dd400, 0x00000000eb666000)
 Metaspace       used 77087K, capacity 84627K, committed 84864K, reserved 1122304K
  class space    used 10830K, capacity 12624K, committed 12672K, reserved 1048576K
Event: 80.449 GC heap after
Heap after GC invocations=274 (full 8):
 def new generation   total 162816K, used 377K [0x00000000c0000000, 0x00000000cb0a0000, 0x00000000d5550000)
  eden space 144768K,   0% used [0x00000000c0000000, 0x00000000c0000000, 0x00000000c8d60000)
  from space 18048K,   2% used [0x00000000c9f00000, 0x00000000c9f5e7e8, 0x00000000cb0a0000)
  to   space 18048K,   0% used [0x00000000c8d60000, 0x00000000c8d60000, 0x00000000c9f00000)
 tenured generation   total 361560K, used 346691K [0x00000000d5550000, 0x00000000eb666000, 0x0000000100000000)
   the space 361560K,  95% used [0x00000000d5550000, 0x00000000ea7e0ca8, 0x00000000ea7e0e00, 0x00000000eb666000)
 Metaspace       used 77087K, capacity 84627K, committed 84864K, reserved 1122304K
  class space    used 10830K, capacity 12624K, committed 12672K, reserved 1048576K
}
Event: 80.653 GC heap before
{Heap before GC invocations=274 (full 8):
 def new generation   total 162816K, used 145145K [0x00000000c0000000, 0x00000000cb0a0000, 0x00000000d5550000)
  eden space 144768K, 100% used [0x00000000c0000000, 0x00000000c8d60000, 0x00000000c8d60000)
  from space 18048K,   2% used [0x00000000c9f00000, 0x00000000c9f5e7e8, 0x00000000cb0a0000)
  to   space 18048K,   0% used [0x00000000c8d60000, 0x00000000c8d60000, 0x00000000c9f00000)
 tenured generation   total 361560K, used 346691K [0x00000000d5550000, 0x00000000eb666000, 0x0000000100000000)
   the space 361560K,  95% used [0x00000000d5550000, 0x00000000ea7e0ca8, 0x00000000ea7e0e00, 0x00000000eb666000)
 Metaspace       used 77087K, capacity 84627K, committed 84864K, reserved 1122304K
  class space    used 10830K, capacity 12624K, committed 12672K, reserved 1048576K
Event: 80.656 GC heap after
Heap after GC invocations=275 (full 8):
 def new generation   total 162816K, used 392K [0x00000000c0000000, 0x00000000cb0a0000, 0x00000000d5550000)
  eden space 144768K,   0% used [0x00000000c0000000, 0x00000000c0000000, 0x00000000c8d60000)
  from space 18048K,   2% used [0x00000000c8d60000, 0x00000000c8dc2038, 0x00000000c9f00000)
  to   space 18048K,   0% used [0x00000000c9f00000, 0x00000000c9f00000, 0x00000000cb0a0000)
 tenured generation   total 361560K, used 346691K [0x00000000d5550000, 0x00000000eb666000, 0x0000000100000000)
   the space 361560K,  95% used [0x00000000d5550000, 0x00000000ea7e0cc0, 0x00000000ea7e0e00, 0x00000000eb666000)
 Metaspace       used 77087K, capacity 84627K, committed 84864K, reserved 1122304K
  class space    used 10830K, capacity 12624K, committed 12672K, reserved 1048576K
}
Event: 80.815 GC heap before
{Heap before GC invocations=275 (full 8):
 def new generation   total 162816K, used 145160K [0x00000000c0000000, 0x00000000cb0a0000, 0x00000000d5550000)
  eden space 144768K, 100% used [0x00000000c0000000, 0x00000000c8d60000, 0x00000000c8d60000)
  from space 18048K,   2% used [0x00000000c8d60000, 0x00000000c8dc2038, 0x00000000c9f00000)
  to   space 18048K,   0% used [0x00000000c9f00000, 0x00000000c9f00000, 0x00000000cb0a0000)
 tenured generation   total 361560K, used 346691K [0x00000000d5550000, 0x00000000eb666000, 0x0000000100000000)
   the space 361560K,  95% used [0x00000000d5550000, 0x00000000ea7e0cc0, 0x00000000ea7e0e00, 0x00000000eb666000)
 Metaspace       used 77087K, capacity 84627K, committed 84864K, reserved 1122304K
  class space    used 10830K, capacity 12624K, committed 12672K, reserved 1048576K
Event: 80.818 GC heap after
Heap after GC invocations=276 (full 8):
 def new generation   total 162816K, used 371K [0x00000000c0000000, 0x00000000cb0a0000, 0x00000000d5550000)
  eden space 144768K,   0% used [0x00000000c0000000, 0x00000000c0000000, 0x00000000c8d60000)
  from space 18048K,   2% used [0x00000000c9f00000, 0x00000000c9f5ce20, 0x00000000cb0a0000)
  to   space 18048K,   0% used [0x00000000c8d60000, 0x00000000c8d60000, 0x00000000c9f00000)
 tenured generation   total 361560K, used 346728K [0x00000000d5550000, 0x00000000eb666000, 0x0000000100000000)
   the space 361560K,  95% used [0x00000000d5550000, 0x00000000ea7ea3f0, 0x00000000ea7ea400, 0x00000000eb666000)
 Metaspace       used 77087K, capacity 84627K, committed 84864K, reserved 1122304K
  class space    used 10830K, capacity 12624K, committed 12672K, reserved 1048576K
}
Event: 81.117 GC heap before
{Heap before GC invocations=276 (full 8):
 def new generation   total 162816K, used 145139K [0x00000000c0000000, 0x00000000cb0a0000, 0x00000000d5550000)
  eden space 144768K, 100% used [0x00000000c0000000, 0x00000000c8d60000, 0x00000000c8d60000)
  from space 18048K,   2% used [0x00000000c9f00000, 0x00000000c9f5ce20, 0x00000000cb0a0000)
  to   space 18048K,   0% used [0x00000000c8d60000, 0x00000000c8d60000, 0x00000000c9f00000)
 tenured generation   total 361560K, used 346728K [0x00000000d5550000, 0x00000000eb666000, 0x0000000100000000)
   the space 361560K,  95% used [0x00000000d5550000, 0x00000000ea7ea3f0, 0x00000000ea7ea400, 0x00000000eb666000)
 Metaspace       used 77087K, capacity 84627K, committed 84864K, reserved 1122304K
  class space    used 10830K, capacity 12624K, committed 12672K, reserved 1048576K
Event: 81.121 GC heap after
Heap after GC invocations=277 (full 8):
 def new generation   total 162816K, used 383K [0x00000000c0000000, 0x00000000cb0a0000, 0x00000000d5550000)
  eden space 144768K,   0% used [0x00000000c0000000, 0x00000000c0000000, 0x00000000c8d60000)
  from space 18048K,   2% used [0x00000000c8d60000, 0x00000000c8dbfe60, 0x00000000c9f00000)
  to   space 18048K,   0% used [0x00000000c9f00000, 0x00000000c9f00000, 0x00000000cb0a0000)
 tenured generation   total 361560K, used 346739K [0x00000000d5550000, 0x00000000eb666000, 0x0000000100000000)
   the space 361560K,  95% used [0x00000000d5550000, 0x00000000ea7ecef0, 0x00000000ea7ed000, 0x00000000eb666000)
 Metaspace       used 77087K, capacity 84627K, committed 84864K, reserved 1122304K
  class space    used 10830K, capacity 12624K, committed 12672K, reserved 1048576K
}
Event: 81.271 GC heap before
{Heap before GC invocations=277 (full 8):
 def new generation   total 162816K, used 145151K [0x00000000c0000000, 0x00000000cb0a0000, 0x00000000d5550000)
  eden space 144768K, 100% used [0x00000000c0000000, 0x00000000c8d60000, 0x00000000c8d60000)
  from space 18048K,   2% used [0x00000000c8d60000, 0x00000000c8dbfe60, 0x00000000c9f00000)
  to   space 18048K,   0% used [0x00000000c9f00000, 0x00000000c9f00000, 0x00000000cb0a0000)
 tenured generation   total 361560K, used 346739K [0x00000000d5550000, 0x00000000eb666000, 0x0000000100000000)
   the space 361560K,  95% used [0x00000000d5550000, 0x00000000ea7ecef0, 0x00000000ea7ed000, 0x00000000eb666000)
 Metaspace       used 77087K, capacity 84627K, committed 84864K, reserved 1122304K
  class space    used 10830K, capacity 12624K, committed 12672K, reserved 1048576K
Event: 81.275 GC heap after
Heap after GC invocations=278 (full 8):
 def new generation   total 162816K, used 344K [0x00000000c0000000, 0x00000000cb0a0000, 0x00000000d5550000)
  eden space 144768K,   0% used [0x00000000c0000000, 0x00000000c0000000, 0x00000000c8d60000)
  from space 18048K,   1% used [0x00000000c9f00000, 0x00000000c9f563a8, 0x00000000cb0a0000)
  to   space 18048K,   0% used [0x00000000c8d60000, 0x00000000c8d60000, 0x00000000c9f00000)
 tenured generation   total 361560K, used 346788K [0x00000000d5550000, 0x00000000eb666000, 0x0000000100000000)
   the space 361560K,  95% used [0x00000000d5550000, 0x00000000ea7f9108, 0x00000000ea7f9200, 0x00000000eb666000)
 Metaspace       used 77087K, capacity 84627K, committed 84864K, reserved 1122304K
  class space    used 10830K, capacity 12624K, committed 12672K, reserved 1048576K
}
Event: 81.502 GC heap before
{Heap before GC invocations=278 (full 8):
 def new generation   total 162816K, used 145112K [0x00000000c0000000, 0x00000000cb0a0000, 0x00000000d5550000)
  eden space 144768K, 100% used [0x00000000c0000000, 0x00000000c8d60000, 0x00000000c8d60000)
  from space 18048K,   1% used [0x00000000c9f00000, 0x00000000c9f563a8, 0x00000000cb0a0000)
  to   space 18048K,   0% used [0x00000000c8d60000, 0x00000000c8d60000, 0x00000000c9f00000)
 tenured generation   total 361560K, used 346788K [0x00000000d5550000, 0x00000000eb666000, 0x0000000100000000)
   the space 361560K,  95% used [0x00000000d5550000, 0x00000000ea7f9108, 0x00000000ea7f9200, 0x00000000eb666000)
 Metaspace       used 77088K, capacity 84627K, committed 84864K, reserved 1122304K
  class space    used 10830K, capacity 12624K, committed 12672K, reserved 1048576K
Event: 81.506 GC heap after
Heap after GC invocations=279 (full 8):
 def new generation   total 162816K, used 396K [0x00000000c0000000, 0x00000000cb0a0000, 0x00000000d5550000)
  eden space 144768K,   0% used [0x00000000c0000000, 0x00000000c0000000, 0x00000000c8d60000)
  from space 18048K,   2% used [0x00000000c8d60000, 0x00000000c8dc3110, 0x00000000c9f00000)
  to   space 18048K,   0% used [0x00000000c9f00000, 0x00000000c9f00000, 0x00000000cb0a0000)
 tenured generation   total 361560K, used 346788K [0x00000000d5550000, 0x00000000eb666000, 0x0000000100000000)
   the space 361560K,  95% used [0x00000000d5550000, 0x00000000ea7f9148, 0x00000000ea7f9200, 0x00000000eb666000)
 Metaspace       used 77088K, capacity 84627K, committed 84864K, reserved 1122304K
  class space    used 10830K, capacity 12624K, committed 12672K, reserved 1048576K
}
Event: 81.669 GC heap before
{Heap before GC invocations=279 (full 8):
 def new generation   total 162816K, used 145164K [0x00000000c0000000, 0x00000000cb0a0000, 0x00000000d5550000)
  eden space 144768K, 100% used [0x00000000c0000000, 0x00000000c8d60000, 0x00000000c8d60000)
  from space 18048K,   2% used [0x00000000c8d60000, 0x00000000c8dc3110, 0x00000000c9f00000)
  to   space 18048K,   0% used [0x00000000c9f00000, 0x00000000c9f00000, 0x00000000cb0a0000)
 tenured generation   total 361560K, used 346788K [0x00000000d5550000, 0x00000000eb666000, 0x0000000100000000)
   the space 361560K,  95% used [0x00000000d5550000, 0x00000000ea7f9148, 0x00000000ea7f9200, 0x00000000eb666000)
 Metaspace       used 77088K, capacity 84627K, committed 84864K, reserved 1122304K
  class space    used 10830K, capacity 12624K, committed 12672K, reserved 1048576K
Event: 81.673 GC heap after
Heap after GC invocations=280 (full 8):
 def new generation   total 162816K, used 381K [0x00000000c0000000, 0x00000000cb0a0000, 0x00000000d5550000)
  eden space 144768K,   0% used [0x00000000c0000000, 0x00000000c0000000, 0x00000000c8d60000)
  from space 18048K,   2% used [0x00000000c9f00000, 0x00000000c9f5f4f8, 0x00000000cb0a0000)
  to   space 18048K,   0% used [0x00000000c8d60000, 0x00000000c8d60000, 0x00000000c9f00000)
 tenured generation   total 361560K, used 346812K [0x00000000d5550000, 0x00000000eb666000, 0x0000000100000000)
   the space 361560K,  95% used [0x00000000d5550000, 0x00000000ea7ff240, 0x00000000ea7ff400, 0x00000000eb666000)
 Metaspace       used 77088K, capacity 84627K, committed 84864K, reserved 1122304K
  class space    used 10830K, capacity 12624K, committed 12672K, reserved 1048576K
}
Event: 81.796 GC heap before
{Heap before GC invocations=280 (full 8):
 def new generation   total 162816K, used 145149K [0x00000000c0000000, 0x00000000cb0a0000, 0x00000000d5550000)
  eden space 144768K, 100% used [0x00000000c0000000, 0x00000000c8d60000, 0x00000000c8d60000)
  from space 18048K,   2% used [0x00000000c9f00000, 0x00000000c9f5f4f8, 0x00000000cb0a0000)
  to   space 18048K,   0% used [0x00000000c8d60000, 0x00000000c8d60000, 0x00000000c9f00000)
 tenured generation   total 361560K, used 346812K [0x00000000d5550000, 0x00000000eb666000, 0x0000000100000000)
   the space 361560K,  95% used [0x00000000d5550000, 0x00000000ea7ff240, 0x00000000ea7ff400, 0x00000000eb666000)
 Metaspace       used 77088K, capacity 84627K, committed 84864K, reserved 1122304K
  class space    used 10830K, capacity 12624K, committed 12672K, reserved 1048576K
Event: 81.800 GC heap after
Heap after GC invocations=281 (full 8):
 def new generation   total 162816K, used 382K [0x00000000c0000000, 0x00000000cb0a0000, 0x00000000d5550000)
  eden space 144768K,   0% used [0x00000000c0000000, 0x00000000c0000000, 0x00000000c8d60000)
  from space 18048K,   2% used [0x00000000c8d60000, 0x00000000c8dbf8f0, 0x00000000c9f00000)
  to   space 18048K,   0% used [0x00000000c9f00000, 0x00000000c9f00000, 0x00000000cb0a0000)
 tenured generation   total 361560K, used 346818K [0x00000000d5550000, 0x00000000eb666000, 0x0000000100000000)
   the space 361560K,  95% used [0x00000000d5550000, 0x00000000ea800b60, 0x00000000ea800c00, 0x00000000eb666000)
 Metaspace       used 77088K, capacity 84627K, committed 84864K, reserved 1122304K
  class space    used 10830K, capacity 12624K, committed 12672K, reserved 1048576K
}
Event: 82.093 GC heap before
{Heap before GC invocations=281 (full 8):
 def new generation   total 162816K, used 145150K [0x00000000c0000000, 0x00000000cb0a0000, 0x00000000d5550000)
  eden space 144768K, 100% used [0x00000000c0000000, 0x00000000c8d60000, 0x00000000c8d60000)
  from space 18048K,   2% used [0x00000000c8d60000, 0x00000000c8dbf8f0, 0x00000000c9f00000)
  to   space 18048K,   0% used [0x00000000c9f00000, 0x00000000c9f00000, 0x00000000cb0a0000)
 tenured generation   total 361560K, used 346818K [0x00000000d5550000, 0x00000000eb666000, 0x0000000100000000)
   the space 361560K,  95% used [0x00000000d5550000, 0x00000000ea800b60, 0x00000000ea800c00, 0x00000000eb666000)
 Metaspace       used 77088K, capacity 84627K, committed 84864K, reserved 1122304K
  class space    used 10830K, capacity 12624K, committed 12672K, reserved 1048576K
Event: 82.096 GC heap after
Heap after GC invocations=282 (full 8):
 def new generation   total 162816K, used 373K [0x00000000c0000000, 0x00000000cb0a0000, 0x00000000d5550000)
  eden space 144768K,   0% used [0x00000000c0000000, 0x00000000c0000000, 0x00000000c8d60000)
  from space 18048K,   2% used [0x00000000c9f00000, 0x00000000c9f5d5f0, 0x00000000cb0a0000)
  to   space 18048K,   0% used [0x00000000c8d60000, 0x00000000c8d60000, 0x00000000c9f00000)
 tenured generation   total 361560K, used 346830K [0x00000000d5550000, 0x00000000eb666000, 0x0000000100000000)
   the space 361560K,  95% used [0x00000000d5550000, 0x00000000ea803bc8, 0x00000000ea803c00, 0x00000000eb666000)
 Metaspace       used 77088K, capacity 84627K, committed 84864K, reserved 1122304K
  class space    used 10830K, capacity 12624K, committed 12672K, reserved 1048576K
}
Event: 82.229 GC heap before
{Heap before GC invocations=282 (full 8):
 def new generation   total 162816K, used 145141K [0x00000000c0000000, 0x00000000cb0a0000, 0x00000000d5550000)
  eden space 144768K, 100% used [0x00000000c0000000, 0x00000000c8d60000, 0x00000000c8d60000)
  from space 18048K,   2% used [0x00000000c9f00000, 0x00000000c9f5d5f0, 0x00000000cb0a0000)
  to   space 18048K,   0% used [0x00000000c8d60000, 0x00000000c8d60000, 0x00000000c9f00000)
 tenured generation   total 361560K, used 346830K [0x00000000d5550000, 0x00000000eb666000, 0x0000000100000000)
   the space 361560K,  95% used [0x00000000d5550000, 0x00000000ea803bc8, 0x00000000ea803c00, 0x00000000eb666000)
 Metaspace       used 77088K, capacity 84627K, committed 84864K, reserved 1122304K
  class space    used 10830K, capacity 12624K, committed 12672K, reserved 1048576K
Event: 82.232 GC heap after
Heap after GC invocations=283 (full 8):
 def new generation   total 162816K, used 387K [0x00000000c0000000, 0x00000000cb0a0000, 0x00000000d5550000)
  eden space 144768K,   0% used [0x00000000c0000000, 0x00000000c0000000, 0x00000000c8d60000)
  from space 18048K,   2% used [0x00000000c8d60000, 0x00000000c8dc0d20, 0x00000000c9f00000)
  to   space 18048K,   0% used [0x00000000c9f00000, 0x00000000c9f00000, 0x00000000cb0a0000)
 tenured generation   total 361560K, used 346830K [0x00000000d5550000, 0x00000000eb666000, 0x0000000100000000)
   the space 361560K,  95% used [0x00000000d5550000, 0x00000000ea803bc8, 0x00000000ea803c00, 0x00000000eb666000)
 Metaspace       used 77088K, capacity 84627K, committed 84864K, reserved 1122304K
  class space    used 10830K, capacity 12624K, committed 12672K, reserved 1048576K
}
Event: 82.406 GC heap before
{Heap before GC invocations=283 (full 8):
 def new generation   total 162816K, used 145155K [0x00000000c0000000, 0x00000000cb0a0000, 0x00000000d5550000)
  eden space 144768K, 100% used [0x00000000c0000000, 0x00000000c8d60000, 0x00000000c8d60000)
  from space 18048K,   2% used [0x00000000c8d60000, 0x00000000c8dc0d20, 0x00000000c9f00000)
  to   space 18048K,   0% used [0x00000000c9f00000, 0x00000000c9f00000, 0x00000000cb0a0000)
 tenured generation   total 361560K, used 346830K [0x00000000d5550000, 0x00000000eb666000, 0x0000000100000000)
   the space 361560K,  95% used [0x00000000d5550000, 0x00000000ea803bc8, 0x00000000ea803c00, 0x00000000eb666000)
 Metaspace       used 77088K, capacity 84627K, committed 84864K, reserved 1122304K
  class space    used 10830K, capacity 12624K, committed 12672K, reserved 1048576K
Event: 82.410 GC heap after
Heap after GC invocations=284 (full 8):
 def new generation   total 162816K, used 376K [0x00000000c0000000, 0x00000000cb0a0000, 0x00000000d5550000)
  eden space 144768K,   0% used [0x00000000c0000000, 0x00000000c0000000, 0x00000000c8d60000)
  from space 18048K,   2% used [0x00000000c9f00000, 0x00000000c9f5e1e8, 0x00000000cb0a0000)
  to   space 18048K,   0% used [0x00000000c8d60000, 0x00000000c8d60000, 0x00000000c9f00000)
 tenured generation   total 361560K, used 346869K [0x00000000d5550000, 0x00000000eb666000, 0x0000000100000000)
   the space 361560K,  95% used [0x00000000d5550000, 0x00000000ea80d7f0, 0x00000000ea80d800, 0x00000000eb666000)
 Metaspace       used 77088K, capacity 84627K, committed 84864K, reserved 1122304K
  class space    used 10830K, capacity 12624K, committed 12672K, reserved 1048576K
}
Event: 82.737 GC heap before
{Heap before GC invocations=284 (full 8):
 def new generation   total 162816K, used 145144K [0x00000000c0000000, 0x00000000cb0a0000, 0x00000000d5550000)
  eden space 144768K, 100% used [0x00000000c0000000, 0x00000000c8d60000, 0x00000000c8d60000)
  from space 18048K,   2% used [0x00000000c9f00000, 0x00000000c9f5e1e8, 0x00000000cb0a0000)
  to   space 18048K,   0% used [0x00000000c8d60000, 0x00000000c8d60000, 0x00000000c9f00000)
 tenured generation   total 361560K, used 346869K [0x00000000d5550000, 0x00000000eb666000, 0x0000000100000000)
   the space 361560K,  95% used [0x00000000d5550000, 0x00000000ea80d7f0, 0x00000000ea80d800, 0x00000000eb666000)
 Metaspace       used 77088K, capacity 84627K, committed 84864K, reserved 1122304K
  class space    used 10830K, capacity 12624K, committed 12672K, reserved 1048576K
Event: 82.740 GC heap after
Heap after GC invocations=285 (full 8):
 def new generation   total 162816K, used 392K [0x00000000c0000000, 0x00000000cb0a0000, 0x00000000d5550000)
  eden space 144768K,   0% used [0x00000000c0000000, 0x00000000c0000000, 0x00000000c8d60000)
  from space 18048K,   2% used [0x00000000c8d60000, 0x00000000c8dc20e8, 0x00000000c9f00000)
  to   space 18048K,   0% used [0x00000000c9f00000, 0x00000000c9f00000, 0x00000000cb0a0000)
 tenured generation   total 361560K, used 346879K [0x00000000d5550000, 0x00000000eb666000, 0x0000000100000000)
   the space 361560K,  95% used [0x00000000d5550000, 0x00000000ea80fda0, 0x00000000ea80fe00, 0x00000000eb666000)
 Metaspace       used 77088K, capacity 84627K, committed 84864K, reserved 1122304K
  class space    used 10830K, capacity 12624K, committed 12672K, reserved 1048576K
}
Event: 83.009 GC heap before
{Heap before GC invocations=285 (full 8):
 def new generation   total 162816K, used 145160K [0x00000000c0000000, 0x00000000cb0a0000, 0x00000000d5550000)
  eden space 144768K, 100% used [0x00000000c0000000, 0x00000000c8d60000, 0x00000000c8d60000)
  from space 18048K,   2% used [0x00000000c8d60000, 0x00000000c8dc20e8, 0x00000000c9f00000)
  to   space 18048K,   0% used [0x00000000c9f00000, 0x00000000c9f00000, 0x00000000cb0a0000)
 tenured generation   total 361560K, used 346879K [0x00000000d5550000, 0x00000000eb666000, 0x0000000100000000)
   the space 361560K,  95% used [0x00000000d5550000, 0x00000000ea80fda0, 0x00000000ea80fe00, 0x00000000eb666000)
 Metaspace       used 77088K, capacity 84627K, committed 84864K, reserved 1122304K
  class space    used 10830K, capacity 12624K, committed 12672K, reserved 1048576K
Event: 83.013 GC heap after
Heap after GC invocations=286 (full 8):
 def new generation   total 162816K, used 369K [0x00000000c0000000, 0x00000000cb0a0000, 0x00000000d5550000)
  eden space 144768K,   0% used [0x00000000c0000000, 0x00000000c0000000, 0x00000000c8d60000)
  from space 18048K,   2% used [0x00000000c9f00000, 0x00000000c9f5c490, 0x00000000cb0a0000)
  to   space 18048K,   0% used [0x00000000c8d60000, 0x00000000c8d60000, 0x00000000c9f00000)
 tenured generation   total 361560K, used 346927K [0x00000000d5550000, 0x00000000eb666000, 0x0000000100000000)
   the space 361560K,  95% used [0x00000000d5550000, 0x00000000ea81bf38, 0x00000000ea81c000, 0x00000000eb666000)
 Metaspace       used 77088K, capacity 84627K, committed 84864K, reserved 1122304K
  class space    used 10830K, capacity 12624K, committed 12672K, reserved 1048576K
}
Event: 83.117 GC heap before
{Heap before GC invocations=286 (full 8):
 def new generation   total 162816K, used 145137K [0x00000000c0000000, 0x00000000cb0a0000, 0x00000000d5550000)
  eden space 144768K, 100% used [0x00000000c0000000, 0x00000000c8d60000, 0x00000000c8d60000)
  from space 18048K,   2% used [0x00000000c9f00000, 0x00000000c9f5c490, 0x00000000cb0a0000)
  to   space 18048K,   0% used [0x00000000c8d60000, 0x00000000c8d60000, 0x00000000c9f00000)
 tenured generation   total 361560K, used 346927K [0x00000000d5550000, 0x00000000eb666000, 0x0000000100000000)
   the space 361560K,  95% used [0x00000000d5550000, 0x00000000ea81bf38, 0x00000000ea81c000, 0x00000000eb666000)
 Metaspace       used 77088K, capacity 84627K, committed 84864K, reserved 1122304K
  class space    used 10830K, capacity 12624K, committed 12672K, reserved 1048576K
Event: 83.121 GC heap after
Heap after GC invocations=287 (full 8):
 def new generation   total 162816K, used 391K [0x00000000c0000000, 0x00000000cb0a0000, 0x00000000d5550000)
  eden space 144768K,   0% used [0x00000000c0000000, 0x00000000c0000000, 0x00000000c8d60000)
  from space 18048K,   2% used [0x00000000c8d60000, 0x00000000c8dc1c50, 0x00000000c9f00000)
  to   space 18048K,   0% used [0x00000000c9f00000, 0x00000000c9f00000, 0x00000000cb0a0000)
 tenured generation   total 361560K, used 346927K [0x00000000d5550000, 0x00000000eb666000, 0x0000000100000000)
   the space 361560K,  95% used [0x00000000d5550000, 0x00000000ea81bf38, 0x00000000ea81c000, 0x00000000eb666000)
 Metaspace       used 77088K, capacity 84627K, committed 84864K, reserved 1122304K
  class space    used 10830K, capacity 12624K, committed 12672K, reserved 1048576K
}
Event: 83.301 GC heap before
{Heap before GC invocations=287 (full 8):
 def new generation   total 162816K, used 145159K [0x00000000c0000000, 0x00000000cb0a0000, 0x00000000d5550000)
  eden space 144768K, 100% used [0x00000000c0000000, 0x00000000c8d60000, 0x00000000c8d60000)
  from space 18048K,   2% used [0x00000000c8d60000, 0x00000000c8dc1c50, 0x00000000c9f00000)
  to   space 18048K,   0% used [0x00000000c9f00000, 0x00000000c9f00000, 0x00000000cb0a0000)
 tenured generation   total 361560K, used 346927K [0x00000000d5550000, 0x00000000eb666000, 0x0000000100000000)
   the space 361560K,  95% used [0x00000000d5550000, 0x00000000ea81bf38, 0x00000000ea81c000, 0x00000000eb666000)
 Metaspace       used 77088K, capacity 84627K, committed 84864K, reserved 1122304K
  class space    used 10830K, capacity 12624K, committed 12672K, reserved 1048576K
Event: 83.305 GC heap after
Heap after GC invocations=288 (full 8):
 def new generation   total 162816K, used 392K [0x00000000c0000000, 0x00000000cb0a0000, 0x00000000d5550000)
  eden space 144768K,   0% used [0x00000000c0000000, 0x00000000c0000000, 0x00000000c8d60000)
  from space 18048K,   2% used [0x00000000c9f00000, 0x00000000c9f62260, 0x00000000cb0a0000)
  to   space 18048K,   0% used [0x00000000c8d60000, 0x00000000c8d60000, 0x00000000c9f00000)
 tenured generation   total 361560K, used 346951K [0x00000000d5550000, 0x00000000eb666000, 0x0000000100000000)
   the space 361560K,  95% used [0x00000000d5550000, 0x00000000ea821f88, 0x00000000ea822000, 0x00000000eb666000)
 Metaspace       used 77088K, capacity 84627K, committed 84864K, reserved 1122304K
  class space    used 10830K, capacity 12624K, committed 12672K, reserved 1048576K
}
Event: 83.474 GC heap before
{Heap before GC invocations=288 (full 8):
 def new generation   total 162816K, used 145160K [0x00000000c0000000, 0x00000000cb0a0000, 0x00000000d5550000)
  eden space 144768K, 100% used [0x00000000c0000000, 0x00000000c8d60000, 0x00000000c8d60000)
  from space 18048K,   2% used [0x00000000c9f00000, 0x00000000c9f62260, 0x00000000cb0a0000)
  to   space 18048K,   0% used [0x00000000c8d60000, 0x00000000c8d60000, 0x00000000c9f00000)
 tenured generation   total 361560K, used 346951K [0x00000000d5550000, 0x00000000eb666000, 0x0000000100000000)
   the space 361560K,  95% used [0x00000000d5550000, 0x00000000ea821f88, 0x00000000ea822000, 0x00000000eb666000)
 Metaspace       used 77088K, capacity 84627K, committed 84864K, reserved 1122304K
  class space    used 10830K, capacity 12624K, committed 12672K, reserved 1048576K
Event: 83.477 GC heap after
Heap after GC invocations=289 (full 8):
 def new generation   total 162816K, used 384K [0x00000000c0000000, 0x00000000cb0a0000, 0x00000000d5550000)
  eden space 144768K,   0% used [0x00000000c0000000, 0x00000000c0000000, 0x00000000c8d60000)
  from space 18048K,   2% used [0x00000000c8d60000, 0x00000000c8dc01d8, 0x00000000c9f00000)
  to   space 18048K,   0% used [0x00000000c9f00000, 0x00000000c9f00000, 0x00000000cb0a0000)
 tenured generation   total 361560K, used 346959K [0x00000000d5550000, 0x00000000eb666000, 0x0000000100000000)
   the space 361560K,  95% used [0x00000000d5550000, 0x00000000ea823e40, 0x00000000ea824000, 0x00000000eb666000)
 Metaspace       used 77088K, capacity 84627K, committed 84864K, reserved 1122304K
  class space    used 10830K, capacity 12624K, committed 12672K, reserved 1048576K
}
Event: 83.719 GC heap before
{Heap before GC invocations=289 (full 8):
 def new generation   total 162816K, used 145152K [0x00000000c0000000, 0x00000000cb0a0000, 0x00000000d5550000)
  eden space 144768K, 100% used [0x00000000c0000000, 0x00000000c8d60000, 0x00000000c8d60000)
  from space 18048K,   2% used [0x00000000c8d60000, 0x00000000c8dc01d8, 0x00000000c9f00000)
  to   space 18048K,   0% used [0x00000000c9f00000, 0x00000000c9f00000, 0x00000000cb0a0000)
 tenured generation   total 361560K, used 346959K [0x00000000d5550000, 0x00000000eb666000, 0x0000000100000000)
   the space 361560K,  95% used [0x00000000d5550000, 0x00000000ea823e40, 0x00000000ea824000, 0x00000000eb666000)
 Metaspace       used 77088K, capacity 84627K, committed 84864K, reserved 1122304K
  class space    used 10830K, capacity 12624K, committed 12672K, reserved 1048576K
Event: 83.723 GC heap after
Heap after GC invocations=290 (full 8):
 def new generation   total 162816K, used 390K [0x00000000c0000000, 0x00000000cb0a0000, 0x00000000d5550000)
  eden space 144768K,   0% used [0x00000000c0000000, 0x00000000c0000000, 0x00000000c8d60000)
  from space 18048K,   2% used [0x00000000c9f00000, 0x00000000c9f61830, 0x00000000cb0a0000)
  to   space 18048K,   0% used [0x00000000c8d60000, 0x00000000c8d60000, 0x00000000c9f00000)
 tenured generation   total 361560K, used 346970K [0x00000000d5550000, 0x00000000eb666000, 0x0000000100000000)
   the space 361560K,  95% used [0x00000000d5550000, 0x00000000ea826990, 0x00000000ea826a00, 0x00000000eb666000)
 Metaspace       used 77088K, capacity 84627K, committed 84864K, reserved 1122304K
  class space    used 10830K, capacity 12624K, committed 12672K, reserved 1048576K
}
Event: 83.852 GC heap before
{Heap before GC invocations=290 (full 8):
 def new generation   total 162816K, used 145158K [0x00000000c0000000, 0x00000000cb0a0000, 0x00000000d5550000)
  eden space 144768K, 100% used [0x00000000c0000000, 0x00000000c8d60000, 0x00000000c8d60000)
  from space 18048K,   2% used [0x00000000c9f00000, 0x00000000c9f61830, 0x00000000cb0a0000)
  to   space 18048K,   0% used [0x00000000c8d60000, 0x00000000c8d60000, 0x00000000c9f00000)
 tenured generation   total 361560K, used 346970K [0x00000000d5550000, 0x00000000eb666000, 0x0000000100000000)
   the space 361560K,  95% used [0x00000000d5550000, 0x00000000ea826990, 0x00000000ea826a00, 0x00000000eb666000)
 Metaspace       used 77088K, capacity 84627K, committed 84864K, reserved 1122304K
  class space    used 10830K, capacity 12624K, committed 12672K, reserved 1048576K
Event: 83.855 GC heap after
Heap after GC invocations=291 (full 8):
 def new generation   total 162816K, used 368K [0x00000000c0000000, 0x00000000cb0a0000, 0x00000000d5550000)
  eden space 144768K,   0% used [0x00000000c0000000, 0x00000000c0000000, 0x00000000c8d60000)
  from space 18048K,   2% used [0x00000000c8d60000, 0x00000000c8dbc0a0, 0x00000000c9f00000)
  to   space 18048K,   0% used [0x00000000c9f00000, 0x00000000c9f00000, 0x00000000cb0a0000)
 tenured generation   total 361560K, used 346993K [0x00000000d5550000, 0x00000000eb666000, 0x0000000100000000)
   the space 361560K,  95% used [0x00000000d5550000, 0x00000000ea82c7c8, 0x00000000ea82c800, 0x00000000eb666000)
 Metaspace       used 77088K, capacity 84627K, committed 84864K, reserved 1122304K
  class space    used 10830K, capacity 12624K, committed 12672K, reserved 1048576K
}
Event: 84.173 GC heap before
{Heap before GC invocations=291 (full 8):
 def new generation   total 162816K, used 145136K [0x00000000c0000000, 0x00000000cb0a0000, 0x00000000d5550000)
  eden space 144768K, 100% used [0x00000000c0000000, 0x00000000c8d60000, 0x00000000c8d60000)
  from space 18048K,   2% used [0x00000000c8d60000, 0x00000000c8dbc0a0, 0x00000000c9f00000)
  to   space 18048K,   0% used [0x00000000c9f00000, 0x00000000c9f00000, 0x00000000cb0a0000)
 tenured generation   total 361560K, used 346993K [0x00000000d5550000, 0x00000000eb666000, 0x0000000100000000)
   the space 361560K,  95% used [0x00000000d5550000, 0x00000000ea82c7c8, 0x00000000ea82c800, 0x00000000eb666000)
 Metaspace       used 77088K, capacity 84627K, committed 84864K, reserved 1122304K
  class space    used 10830K, capacity 12624K, committed 12672K, reserved 1048576K
Event: 84.177 GC heap after
Heap after GC invocations=292 (full 8):
 def new generation   total 162816K, used 387K [0x00000000c0000000, 0x00000000cb0a0000, 0x00000000d5550000)
  eden space 144768K,   0% used [0x00000000c0000000, 0x00000000c0000000, 0x00000000c8d60000)
  from space 18048K,   2% used [0x00000000c9f00000, 0x00000000c9f60c80, 0x00000000cb0a0000)
  to   space 18048K,   0% used [0x00000000c8d60000, 0x00000000c8d60000, 0x00000000c9f00000)
 tenured generation   total 361560K, used 347017K [0x00000000d5550000, 0x00000000eb666000, 0x0000000100000000)
   the space 361560K,  95% used [0x00000000d5550000, 0x00000000ea832780, 0x00000000ea832800, 0x00000000eb666000)
 Metaspace       used 77088K, capacity 84627K, committed 84864K, reserved 1122304K
  class space    used 10830K, capacity 12624K, committed 12672K, reserved 1048576K
}
Event: 84.316 GC heap before
{Heap before GC invocations=292 (full 8):
 def new generation   total 162816K, used 145155K [0x00000000c0000000, 0x00000000cb0a0000, 0x00000000d5550000)
  eden space 144768K, 100% used [0x00000000c0000000, 0x00000000c8d60000, 0x00000000c8d60000)
  from space 18048K,   2% used [0x00000000c9f00000, 0x00000000c9f60c80, 0x00000000cb0a0000)
  to   space 18048K,   0% used [0x00000000c8d60000, 0x00000000c8d60000, 0x00000000c9f00000)
 tenured generation   total 361560K, used 347017K [0x00000000d5550000, 0x00000000eb666000, 0x0000000100000000)
   the space 361560K,  95% used [0x00000000d5550000, 0x00000000ea832780, 0x00000000ea832800, 0x00000000eb666000)
 Metaspace       used 77088K, capacity 84627K, committed 84864K, reserved 1122304K
  class space    used 10830K, capacity 12624K, committed 12672K, reserved 1048576K
Event: 84.320 GC heap after
Heap after GC invocations=293 (full 8):
 def new generation   total 162816K, used 384K [0x00000000c0000000, 0x00000000cb0a0000, 0x00000000d5550000)
  eden space 144768K,   0% used [0x00000000c0000000, 0x00000000c0000000, 0x00000000c8d60000)
  from space 18048K,   2% used [0x00000000c8d60000, 0x00000000c8dc0030, 0x00000000c9f00000)
  to   space 18048K,   0% used [0x00000000c9f00000, 0x00000000c9f00000, 0x00000000cb0a0000)
 tenured generation   total 361560K, used 347031K [0x00000000d5550000, 0x00000000eb666000, 0x0000000100000000)
   the space 361560K,  95% used [0x00000000d5550000, 0x00000000ea835d78, 0x00000000ea835e00, 0x00000000eb666000)
 Metaspace       used 77088K, capacity 84627K, committed 84864K, reserved 1122304K
  class space    used 10830K, capacity 12624K, committed 12672K, reserved 1048576K
}
Event: 84.732 GC heap before
{Heap before GC invocations=293 (full 8):
 def new generation   total 162816K, used 145152K [0x00000000c0000000, 0x00000000cb0a0000, 0x00000000d5550000)
  eden space 144768K, 100% used [0x00000000c0000000, 0x00000000c8d60000, 0x00000000c8d60000)
  from space 18048K,   2% used [0x00000000c8d60000, 0x00000000c8dc0030, 0x00000000c9f00000)
  to   space 18048K,   0% used [0x00000000c9f00000, 0x00000000c9f00000, 0x00000000cb0a0000)
 tenured generation   total 361560K, used 347031K [0x00000000d5550000, 0x00000000eb666000, 0x0000000100000000)
   the space 361560K,  95% used [0x00000000d5550000, 0x00000000ea835d78, 0x00000000ea835e00, 0x00000000eb666000)
 Metaspace       used 77089K, capacity 84627K, committed 84864K, reserved 1122304K
  class space    used 10830K, capacity 12624K, committed 12672K, reserved 1048576K
Event: 84.736 GC heap after
Heap after GC invocations=294 (full 8):
 def new generation   total 162816K, used 398K [0x00000000c0000000, 0x00000000cb0a0000, 0x00000000d5550000)
  eden space 144768K,   0% used [0x00000000c0000000, 0x00000000c0000000, 0x00000000c8d60000)
  from space 18048K,   2% used [0x00000000c9f00000, 0x00000000c9f63b50, 0x00000000cb0a0000)
  to   space 18048K,   0% used [0x00000000c8d60000, 0x00000000c8d60000, 0x00000000c9f00000)
 tenured generation   total 361560K, used 347066K [0x00000000d5550000, 0x00000000eb666000, 0x0000000100000000)
   the space 361560K,  95% used [0x00000000d5550000, 0x00000000ea83eb68, 0x00000000ea83ec00, 0x00000000eb666000)
 Metaspace       used 77089K, capacity 84627K, committed 84864K, reserved 1122304K
  class space    used 10830K, capacity 12624K, committed 12672K, reserved 1048576K
}
Event: 84.919 GC heap before
{Heap before GC invocations=294 (full 8):
 def new generation   total 162816K, used 145166K [0x00000000c0000000, 0x00000000cb0a0000, 0x00000000d5550000)
  eden space 144768K, 100% used [0x00000000c0000000, 0x00000000c8d60000, 0x00000000c8d60000)
  from space 18048K,   2% used [0x00000000c9f00000, 0x00000000c9f63b50, 0x00000000cb0a0000)
  to   space 18048K,   0% used [0x00000000c8d60000, 0x00000000c8d60000, 0x00000000c9f00000)
 tenured generation   total 361560K, used 347066K [0x00000000d5550000, 0x00000000eb666000, 0x0000000100000000)
   the space 361560K,  95% used [0x00000000d5550000, 0x00000000ea83eb68, 0x00000000ea83ec00, 0x00000000eb666000)
 Metaspace       used 77089K, capacity 84627K, committed 84864K, reserved 1122304K
  class space    used 10830K, capacity 12624K, committed 12672K, reserved 1048576K
Event: 84.922 GC heap after
Heap after GC invocations=295 (full 8):
 def new generation   total 162816K, used 394K [0x00000000c0000000, 0x00000000cb0a0000, 0x00000000d5550000)
  eden space 144768K,   0% used [0x00000000c0000000, 0x00000000c0000000, 0x00000000c8d60000)
  from space 18048K,   2% used [0x00000000c8d60000, 0x00000000c8dc2a20, 0x00000000c9f00000)
  to   space 18048K,   0% used [0x00000000c9f00000, 0x00000000c9f00000, 0x00000000cb0a0000)
 tenured generation   total 361560K, used 347090K [0x00000000d5550000, 0x00000000eb666000, 0x0000000100000000)
   the space 361560K,  95% used [0x00000000d5550000, 0x00000000ea844b00, 0x00000000ea844c00, 0x00000000eb666000)
 Metaspace       used 77089K, capacity 84627K, committed 84864K, reserved 1122304K
  class space    used 10830K, capacity 12624K, committed 12672K, reserved 1048576K
}
Event: 85.032 GC heap before
{Heap before GC invocations=295 (full 8):
 def new generation   total 162816K, used 145162K [0x00000000c0000000, 0x00000000cb0a0000, 0x00000000d5550000)
  eden space 144768K, 100% used [0x00000000c0000000, 0x00000000c8d60000, 0x00000000c8d60000)
  from space 18048K,   2% used [0x00000000c8d60000, 0x00000000c8dc2a20, 0x00000000c9f00000)
  to   space 18048K,   0% used [0x00000000c9f00000, 0x00000000c9f00000, 0x00000000cb0a0000)
 tenured generation   total 361560K, used 347090K [0x00000000d5550000, 0x00000000eb666000, 0x0000000100000000)
   the space 361560K,  95% used [0x00000000d5550000, 0x00000000ea844b00, 0x00000000ea844c00, 0x00000000eb666000)
 Metaspace       used 77089K, capacity 84627K, committed 84864K, reserved 1122304K
  class space    used 10830K, capacity 12624K, committed 12672K, reserved 1048576K
Event: 85.035 GC heap after
Heap after GC invocations=296 (full 8):
 def new generation   total 162816K, used 401K [0x00000000c0000000, 0x00000000cb0a0000, 0x00000000d5550000)
  eden space 144768K,   0% used [0x00000000c0000000, 0x00000000c0000000, 0x00000000c8d60000)
  from space 18048K,   2% used [0x00000000c9f00000, 0x00000000c9f64448, 0x00000000cb0a0000)
  to   space 18048K,   0% used [0x00000000c8d60000, 0x00000000c8d60000, 0x00000000c9f00000)
 tenured generation   total 361560K, used 347090K [0x00000000d5550000, 0x00000000eb666000, 0x0000000100000000)
   the space 361560K,  95% used [0x00000000d5550000, 0x00000000ea844be8, 0x00000000ea844c00, 0x00000000eb666000)
 Metaspace       used 77089K, capacity 84627K, committed 84864K, reserved 1122304K
  class space    used 10830K, capacity 12624K, committed 12672K, reserved 1048576K
}
Event: 85.335 GC heap before
{Heap before GC invocations=296 (full 8):
 def new generation   total 162816K, used 145169K [0x00000000c0000000, 0x00000000cb0a0000, 0x00000000d5550000)
  eden space 144768K, 100% used [0x00000000c0000000, 0x00000000c8d60000, 0x00000000c8d60000)
  from space 18048K,   2% used [0x00000000c9f00000, 0x00000000c9f64448, 0x00000000cb0a0000)
  to   space 18048K,   0% used [0x00000000c8d60000, 0x00000000c8d60000, 0x00000000c9f00000)
 tenured generation   total 361560K, used 347090K [0x00000000d5550000, 0x00000000eb666000, 0x0000000100000000)
   the space 361560K,  95% used [0x00000000d5550000, 0x00000000ea844be8, 0x00000000ea844c00, 0x00000000eb666000)
 Metaspace       used 77089K, capacity 84627K, committed 84864K, reserved 1122304K
  class space    used 10830K, capacity 12624K, committed 12672K, reserved 1048576K
Event: 85.338 GC heap after
Heap after GC invocations=297 (full 8):
 def new generation   total 162816K, used 402K [0x00000000c0000000, 0x00000000cb0a0000, 0x00000000d5550000)
  eden space 144768K,   0% used [0x00000000c0000000, 0x00000000c0000000, 0x00000000c8d60000)
  from space 18048K,   2% used [0x00000000c8d60000, 0x00000000c8dc4a90, 0x00000000c9f00000)
  to   space 18048K,   0% used [0x00000000c9f00000, 0x00000000c9f00000, 0x00000000cb0a0000)
 tenured generation   total 361560K, used 347106K [0x00000000d5550000, 0x00000000eb666000, 0x0000000100000000)
   the space 361560K,  96% used [0x00000000d5550000, 0x00000000ea848880, 0x00000000ea848a00, 0x00000000eb666000)
 Metaspace       used 77089K, capacity 84627K, committed 84864K, reserved 1122304K
  class space    used 10830K, capacity 12624K, committed 12672K, reserved 1048576K
}
Event: 85.491 GC heap before
{Heap before GC invocations=297 (full 8):
 def new generation   total 162816K, used 145170K [0x00000000c0000000, 0x00000000cb0a0000, 0x00000000d5550000)
  eden space 144768K, 100% used [0x00000000c0000000, 0x00000000c8d60000, 0x00000000c8d60000)
  from space 18048K,   2% used [0x00000000c8d60000, 0x00000000c8dc4a90, 0x00000000c9f00000)
  to   space 18048K,   0% used [0x00000000c9f00000, 0x00000000c9f00000, 0x00000000cb0a0000)
 tenured generation   total 361560K, used 347106K [0x00000000d5550000, 0x00000000eb666000, 0x0000000100000000)
   the space 361560K,  96% used [0x00000000d5550000, 0x00000000ea848880, 0x00000000ea848a00, 0x00000000eb666000)
 Metaspace       used 77089K, capacity 84627K, committed 84864K, reserved 1122304K
  class space    used 10830K, capacity 12624K, committed 12672K, reserved 1048576K
Event: 85.495 GC heap after
Heap after GC invocations=298 (full 8):
 def new generation   total 162816K, used 446K [0x00000000c0000000, 0x00000000cb0a0000, 0x00000000d5550000)
  eden space 144768K,   0% used [0x00000000c0000000, 0x00000000c0000000, 0x00000000c8d60000)
  from space 18048K,   2% used [0x00000000c9f00000, 0x00000000c9f6faf0, 0x00000000cb0a0000)
  to   space 18048K,   0% used [0x00000000c8d60000, 0x00000000c8d60000, 0x00000000c9f00000)
 tenured generation   total 361560K, used 347109K [0x00000000d5550000, 0x00000000eb666000, 0x0000000100000000)
   the space 361560K,  96% used [0x00000000d5550000, 0x00000000ea8494d8, 0x00000000ea849600, 0x00000000eb666000)
 Metaspace       used 77089K, capacity 84627K, committed 84864K, reserved 1122304K
  class space    used 10830K, capacity 12624K, committed 12672K, reserved 1048576K
}
Event: 85.794 GC heap before
{Heap before GC invocations=298 (full 8):
 def new generation   total 162816K, used 145214K [0x00000000c0000000, 0x00000000cb0a0000, 0x00000000d5550000)
  eden space 144768K, 100% used [0x00000000c0000000, 0x00000000c8d60000, 0x00000000c8d60000)
  from space 18048K,   2% used [0x00000000c9f00000, 0x00000000c9f6faf0, 0x00000000cb0a0000)
  to   space 18048K,   0% used [0x00000000c8d60000, 0x00000000c8d60000, 0x00000000c9f00000)
 tenured generation   total 361560K, used 347109K [0x00000000d5550000, 0x00000000eb666000, 0x0000000100000000)
   the space 361560K,  96% used [0x00000000d5550000, 0x00000000ea8494d8, 0x00000000ea849600, 0x00000000eb666000)
 Metaspace       used 77089K, capacity 84627K, committed 84864K, reserved 1122304K
  class space    used 10830K, capacity 12624K, committed 12672K, reserved 1048576K
Event: 85.798 GC heap after
Heap after GC invocations=299 (full 8):
 def new generation   total 162816K, used 445K [0x00000000c0000000, 0x00000000cb0a0000, 0x00000000d5550000)
  eden space 144768K,   0% used [0x00000000c0000000, 0x00000000c0000000, 0x00000000c8d60000)
  from space 18048K,   2% used [0x00000000c8d60000, 0x00000000c8dcf458, 0x00000000c9f00000)
  to   space 18048K,   0% used [0x00000000c9f00000, 0x00000000c9f00000, 0x00000000cb0a0000)
 tenured generation   total 361560K, used 347134K [0x00000000d5550000, 0x00000000eb666000, 0x0000000100000000)
   the space 361560K,  96% used [0x00000000d5550000, 0x00000000ea84f850, 0x00000000ea84fa00, 0x00000000eb666000)
 Metaspace       used 77089K, capacity 84627K, committed 84864K, reserved 1122304K
  class space    used 10830K, capacity 12624K, committed 12672K, reserved 1048576K
}
Event: 85.934 GC heap before
{Heap before GC invocations=299 (full 8):
 def new generation   total 162816K, used 145213K [0x00000000c0000000, 0x00000000cb0a0000, 0x00000000d5550000)
  eden space 144768K, 100% used [0x00000000c0000000, 0x00000000c8d60000, 0x00000000c8d60000)
  from space 18048K,   2% used [0x00000000c8d60000, 0x00000000c8dcf458, 0x00000000c9f00000)
  to   space 18048K,   0% used [0x00000000c9f00000, 0x00000000c9f00000, 0x00000000cb0a0000)
 tenured generation   total 361560K, used 347134K [0x00000000d5550000, 0x00000000eb666000, 0x0000000100000000)
   the space 361560K,  96% used [0x00000000d5550000, 0x00000000ea84f850, 0x00000000ea84fa00, 0x00000000eb666000)
 Metaspace       used 77089K, capacity 84627K, committed 84864K, reserved 1122304K
  class space    used 10830K, capacity 12624K, committed 12672K, reserved 1048576K
Event: 85.937 GC heap after
Heap after GC invocations=300 (full 8):
 def new generation   total 162816K, used 439K [0x00000000c0000000, 0x00000000cb0a0000, 0x00000000d5550000)
  eden space 144768K,   0% used [0x00000000c0000000, 0x00000000c0000000, 0x00000000c8d60000)
  from space 18048K,   2% used [0x00000000c9f00000, 0x00000000c9f6dcd8, 0x00000000cb0a0000)
  to   space 18048K,   0% used [0x00000000c8d60000, 0x00000000c8d60000, 0x00000000c9f00000)
 tenured generation   total 361560K, used 347157K [0x00000000d5550000, 0x00000000eb666000, 0x0000000100000000)
   the space 361560K,  96% used [0x00000000d5550000, 0x00000000ea855560, 0x00000000ea855600, 0x00000000eb666000)
 Metaspace       used 77089K, capacity 84627K, committed 84864K, reserved 1122304K
  class space    used 10830K, capacity 12624K, committed 12672K, reserved 1048576K
}
Event: 86.193 GC heap before
{Heap before GC invocations=300 (full 8):
 def new generation   total 162816K, used 145207K [0x00000000c0000000, 0x00000000cb0a0000, 0x00000000d5550000)
  eden space 144768K, 100% used [0x00000000c0000000, 0x00000000c8d60000, 0x00000000c8d60000)
  from space 18048K,   2% used [0x00000000c9f00000, 0x00000000c9f6dcd8, 0x00000000cb0a0000)
  to   space 18048K,   0% used [0x00000000c8d60000, 0x00000000c8d60000, 0x00000000c9f00000)
 tenured generation   total 361560K, used 347157K [0x00000000d5550000, 0x00000000eb666000, 0x0000000100000000)
   the space 361560K,  96% used [0x00000000d5550000, 0x00000000ea855560, 0x00000000ea855600, 0x00000000eb666000)
 Metaspace       used 77089K, capacity 84627K, committed 84864K, reserved 1122304K
  class space    used 10830K, capacity 12624K, committed 12672K, reserved 1048576K
Event: 86.197 GC heap after
Heap after GC invocations=301 (full 8):
 def new generation   total 162816K, used 441K [0x00000000c0000000, 0x00000000cb0a0000, 0x00000000d5550000)
  eden space 144768K,   0% used [0x00000000c0000000, 0x00000000c0000000, 0x00000000c8d60000)
  from space 18048K,   2% used [0x00000000c8d60000, 0x00000000c8dce6f0, 0x00000000c9f00000)
  to   space 18048K,   0% used [0x00000000c9f00000, 0x00000000c9f00000, 0x00000000cb0a0000)
 tenured generation   total 361560K, used 347203K [0x00000000d5550000, 0x00000000eb666000, 0x0000000100000000)
   the space 361560K,  96% used [0x00000000d5550000, 0x00000000ea860cc0, 0x00000000ea860e00, 0x00000000eb666000)
 Metaspace       used 77089K, capacity 84627K, committed 84864K, reserved 1122304K
  class space    used 10830K, capacity 12624K, committed 12672K, reserved 1048576K
}
Event: 86.391 GC heap before
{Heap before GC invocations=301 (full 8):
 def new generation   total 162816K, used 145209K [0x00000000c0000000, 0x00000000cb0a0000, 0x00000000d5550000)
  eden space 144768K, 100% used [0x00000000c0000000, 0x00000000c8d60000, 0x00000000c8d60000)
  from space 18048K,   2% used [0x00000000c8d60000, 0x00000000c8dce6f0, 0x00000000c9f00000)
  to   space 18048K,   0% used [0x00000000c9f00000, 0x00000000c9f00000, 0x00000000cb0a0000)
 tenured generation   total 361560K, used 347203K [0x00000000d5550000, 0x00000000eb666000, 0x0000000100000000)
   the space 361560K,  96% used [0x00000000d5550000, 0x00000000ea860cc0, 0x00000000ea860e00, 0x00000000eb666000)
 Metaspace       used 77094K, capacity 84627K, committed 84864K, reserved 1122304K
  class space    used 10830K, capacity 12624K, committed 12672K, reserved 1048576K
Event: 86.395 GC heap after
Heap after GC invocations=302 (full 8):
 def new generation   total 162816K, used 452K [0x00000000c0000000, 0x00000000cb0a0000, 0x00000000d5550000)
  eden space 144768K,   0% used [0x00000000c0000000, 0x00000000c0000000, 0x00000000c8d60000)
  from space 18048K,   2% used [0x00000000c9f00000, 0x00000000c9f71368, 0x00000000cb0a0000)
  to   space 18048K,   0% used [0x00000000c8d60000, 0x00000000c8d60000, 0x00000000c9f00000)
 tenured generation   total 361560K, used 347205K [0x00000000d5550000, 0x00000000eb666000, 0x0000000100000000)
   the space 361560K,  96% used [0x00000000d5550000, 0x00000000ea861620, 0x00000000ea861800, 0x00000000eb666000)
 Metaspace       used 77094K, capacity 84627K, committed 84864K, reserved 1122304K
  class space    used 10830K, capacity 12624K, committed 12672K, reserved 1048576K
}
Event: 86.561 GC heap before
{Heap before GC invocations=302 (full 8):
 def new generation   total 162816K, used 145220K [0x00000000c0000000, 0x00000000cb0a0000, 0x00000000d5550000)
  eden space 144768K, 100% used [0x00000000c0000000, 0x00000000c8d60000, 0x00000000c8d60000)
  from space 18048K,   2% used [0x00000000c9f00000, 0x00000000c9f71368, 0x00000000cb0a0000)
  to   space 18048K,   0% used [0x00000000c8d60000, 0x00000000c8d60000, 0x00000000c9f00000)
 tenured generation   total 361560K, used 347205K [0x00000000d5550000, 0x00000000eb666000, 0x0000000100000000)
   the space 361560K,  96% used [0x00000000d5550000, 0x00000000ea861620, 0x00000000ea861800, 0x00000000eb666000)
 Metaspace       used 77094K, capacity 84627K, committed 84864K, reserved 1122304K
  class space    used 10830K, capacity 12624K, committed 12672K, reserved 1048576K
Event: 86.565 GC heap after
Heap after GC invocations=303 (full 8):
 def new generation   total 162816K, used 434K [0x00000000c0000000, 0x00000000cb0a0000, 0x00000000d5550000)
  eden space 144768K,   0% used [0x00000000c0000000, 0x00000000c0000000, 0x00000000c8d60000)
  from space 18048K,   2% used [0x00000000c8d60000, 0x00000000c8dccb48, 0x00000000c9f00000)
  to   space 18048K,   0% used [0x00000000c9f00000, 0x00000000c9f00000, 0x00000000cb0a0000)
 tenured generation   total 361560K, used 347229K [0x00000000d5550000, 0x00000000eb666000, 0x0000000100000000)
   the space 361560K,  96% used [0x00000000d5550000, 0x00000000ea8675d0, 0x00000000ea867600, 0x00000000eb666000)
 Metaspace       used 77094K, capacity 84627K, committed 84864K, reserved 1122304K
  class space    used 10830K, capacity 12624K, committed 12672K, reserved 1048576K
}
Event: 87.157 GC heap before
{Heap before GC invocations=303 (full 8):
 def new generation   total 162816K, used 145202K [0x00000000c0000000, 0x00000000cb0a0000, 0x00000000d5550000)
  eden space 144768K, 100% used [0x00000000c0000000, 0x00000000c8d60000, 0x00000000c8d60000)
  from space 18048K,   2% used [0x00000000c8d60000, 0x00000000c8dccb48, 0x00000000c9f00000)
  to   space 18048K,   0% used [0x00000000c9f00000, 0x00000000c9f00000, 0x00000000cb0a0000)
 tenured generation   total 361560K, used 347229K [0x00000000d5550000, 0x00000000eb666000, 0x0000000100000000)
   the space 361560K,  96% used [0x00000000d5550000, 0x00000000ea8675d0, 0x00000000ea867600, 0x00000000eb666000)
 Metaspace       used 77094K, capacity 84627K, committed 84864K, reserved 1122304K
  class space    used 10830K, capacity 12624K, committed 12672K, reserved 1048576K
Event: 87.161 GC heap after
Heap after GC invocations=304 (full 8):
 def new generation   total 162816K, used 445K [0x00000000c0000000, 0x00000000cb0a0000, 0x00000000d5550000)
  eden space 144768K,   0% used [0x00000000c0000000, 0x00000000c0000000, 0x00000000c8d60000)
  from space 18048K,   2% used [0x00000000c9f00000, 0x00000000c9f6f5d8, 0x00000000cb0a0000)
  to   space 18048K,   0% used [0x00000000c8d60000, 0x00000000c8d60000, 0x00000000c9f00000)
 tenured generation   total 361560K, used 347235K [0x00000000d5550000, 0x00000000eb666000, 0x0000000100000000)
   the space 361560K,  96% used [0x00000000d5550000, 0x00000000ea868fc8, 0x00000000ea869000, 0x00000000eb666000)
 Metaspace       used 77094K, capacity 84627K, committed 84864K, reserved 1122304K
  class space    used 10830K, capacity 12624K, committed 12672K, reserved 1048576K
}
Event: 87.358 GC heap before
{Heap before GC invocations=304 (full 8):
 def new generation   total 162816K, used 145213K [0x00000000c0000000, 0x00000000cb0a0000, 0x00000000d5550000)
  eden space 144768K, 100% used [0x00000000c0000000, 0x00000000c8d60000, 0x00000000c8d60000)
  from space 18048K,   2% used [0x00000000c9f00000, 0x00000000c9f6f5d8, 0x00000000cb0a0000)
  to   space 18048K,   0% used [0x00000000c8d60000, 0x00000000c8d60000, 0x00000000c9f00000)
 tenured generation   total 361560K, used 347235K [0x00000000d5550000, 0x00000000eb666000, 0x0000000100000000)
   the space 361560K,  96% used [0x00000000d5550000, 0x00000000ea868fc8, 0x00000000ea869000, 0x00000000eb666000)
 Metaspace       used 77094K, capacity 84627K, committed 84864K, reserved 1122304K
  class space    used 10830K, capacity 12624K, committed 12672K, reserved 1048576K
Event: 87.361 GC heap after
Heap after GC invocations=305 (full 8):
 def new generation   total 162816K, used 443K [0x00000000c0000000, 0x00000000cb0a0000, 0x00000000d5550000)
  eden space 144768K,   0% used [0x00000000c0000000, 0x00000000c0000000, 0x00000000c8d60000)
  from space 18048K,   2% used [0x00000000c8d60000, 0x00000000c8dcedf0, 0x00000000c9f00000)
  to   space 18048K,   0% used [0x00000000c9f00000, 0x00000000c9f00000, 0x00000000cb0a0000)
 tenured generation   total 361560K, used 347247K [0x00000000d5550000, 0x00000000eb666000, 0x0000000100000000)
   the space 361560K,  96% used [0x00000000d5550000, 0x00000000ea86bf78, 0x00000000ea86c000, 0x00000000eb666000)
 Metaspace       used 77094K, capacity 84627K, committed 84864K, reserved 1122304K
  class space    used 10830K, capacity 12624K, committed 12672K, reserved 1048576K
}
Event: 87.991 GC heap before
{Heap before GC invocations=305 (full 8):
 def new generation   total 162816K, used 145211K [0x00000000c0000000, 0x00000000cb0a0000, 0x00000000d5550000)
  eden space 144768K, 100% used [0x00000000c0000000, 0x00000000c8d60000, 0x00000000c8d60000)
  from space 18048K,   2% used [0x00000000c8d60000, 0x00000000c8dcedf0, 0x00000000c9f00000)
  to   space 18048K,   0% used [0x00000000c9f00000, 0x00000000c9f00000, 0x00000000cb0a0000)
 tenured generation   total 361560K, used 347247K [0x00000000d5550000, 0x00000000eb666000, 0x0000000100000000)
   the space 361560K,  96% used [0x00000000d5550000, 0x00000000ea86bf78, 0x00000000ea86c000, 0x00000000eb666000)
 Metaspace       used 77098K, capacity 84627K, committed 84864K, reserved 1122304K
  class space    used 10830K, capacity 12624K, committed 12672K, reserved 1048576K
Event: 87.995 GC heap after
Heap after GC invocations=306 (full 8):
 def new generation   total 162816K, used 455K [0x00000000c0000000, 0x00000000cb0a0000, 0x00000000d5550000)
  eden space 144768K,   0% used [0x00000000c0000000, 0x00000000c0000000, 0x00000000c8d60000)
  from space 18048K,   2% used [0x00000000c9f00000, 0x00000000c9f71ca8, 0x00000000cb0a0000)
  to   space 18048K,   0% used [0x00000000c8d60000, 0x00000000c8d60000, 0x00000000c9f00000)
 tenured generation   total 361560K, used 347261K [0x00000000d5550000, 0x00000000eb666000, 0x0000000100000000)
   the space 361560K,  96% used [0x00000000d5550000, 0x00000000ea86f4f8, 0x00000000ea86f600, 0x00000000eb666000)
 Metaspace       used 77098K, capacity 84627K, committed 84864K, reserved 1122304K
  class space    used 10830K, capacity 12624K, committed 12672K, reserved 1048576K
}
Event: 88.097 GC heap before
{Heap before GC invocations=306 (full 8):
 def new generation   total 162816K, used 145223K [0x00000000c0000000, 0x00000000cb0a0000, 0x00000000d5550000)
  eden space 144768K, 100% used [0x00000000c0000000, 0x00000000c8d60000, 0x00000000c8d60000)
  from space 18048K,   2% used [0x00000000c9f00000, 0x00000000c9f71ca8, 0x00000000cb0a0000)
  to   space 18048K,   0% used [0x00000000c8d60000, 0x00000000c8d60000, 0x00000000c9f00000)
 tenured generation   total 361560K, used 347261K [0x00000000d5550000, 0x00000000eb666000, 0x0000000100000000)
   the space 361560K,  96% used [0x00000000d5550000, 0x00000000ea86f4f8, 0x00000000ea86f600, 0x00000000eb666000)
 Metaspace       used 77098K, capacity 84627K, committed 84864K, reserved 1122304K
  class space    used 10830K, capacity 12624K, committed 12672K, reserved 1048576K
Event: 88.100 GC heap after
Heap after GC invocations=307 (full 8):
 def new generation   total 162816K, used 439K [0x00000000c0000000, 0x00000000cb0a0000, 0x00000000d5550000)
  eden space 144768K,   0% used [0x00000000c0000000, 0x00000000c0000000, 0x00000000c8d60000)
  from space 18048K,   2% used [0x00000000c8d60000, 0x00000000c8dcde70, 0x00000000c9f00000)
  to   space 18048K,   0% used [0x00000000c9f00000, 0x00000000c9f00000, 0x00000000cb0a0000)
 tenured generation   total 361560K, used 347296K [0x00000000d5550000, 0x00000000eb666000, 0x0000000100000000)
   the space 361560K,  96% used [0x00000000d5550000, 0x00000000ea8780a8, 0x00000000ea878200, 0x00000000eb666000)
 Metaspace       used 77098K, capacity 84627K, committed 84864K, reserved 1122304K
  class space    used 10830K, capacity 12624K, committed 12672K, reserved 1048576K
}
Event: 88.358 GC heap before
{Heap before GC invocations=307 (full 8):
 def new generation   total 162816K, used 145207K [0x00000000c0000000, 0x00000000cb0a0000, 0x00000000d5550000)
  eden space 144768K, 100% used [0x00000000c0000000, 0x00000000c8d60000, 0x00000000c8d60000)
  from space 18048K,   2% used [0x00000000c8d60000, 0x00000000c8dcde70, 0x00000000c9f00000)
  to   space 18048K,   0% used [0x00000000c9f00000, 0x00000000c9f00000, 0x00000000cb0a0000)
 tenured generation   total 361560K, used 347296K [0x00000000d5550000, 0x00000000eb666000, 0x0000000100000000)
   the space 361560K,  96% used [0x00000000d5550000, 0x00000000ea8780a8, 0x00000000ea878200, 0x00000000eb666000)
 Metaspace       used 77099K, capacity 84627K, committed 84864K, reserved 1122304K
  class space    used 10830K, capacity 12624K, committed 12672K, reserved 1048576K
Event: 88.362 GC heap after
Heap after GC invocations=308 (full 8):
 def new generation   total 162816K, used 477K [0x00000000c0000000, 0x00000000cb0a0000, 0x00000000d5550000)
  eden space 144768K,   0% used [0x00000000c0000000, 0x00000000c0000000, 0x00000000c8d60000)
  from space 18048K,   2% used [0x00000000c9f00000, 0x00000000c9f77710, 0x00000000cb0a0000)
  to   space 18048K,   0% used [0x00000000c8d60000, 0x00000000c8d60000, 0x00000000c9f00000)
 tenured generation   total 361560K, used 347309K [0x00000000d5550000, 0x00000000eb666000, 0x0000000100000000)
   the space 361560K,  96% used [0x00000000d5550000, 0x00000000ea87b5b8, 0x00000000ea87b600, 0x00000000eb666000)
 Metaspace       used 77099K, capacity 84627K, committed 84864K, reserved 1122304K
  class space    used 10830K, capacity 12624K, committed 12672K, reserved 1048576K
}
Event: 88.541 GC heap before
{Heap before GC invocations=308 (full 8):
 def new generation   total 162816K, used 145245K [0x00000000c0000000, 0x00000000cb0a0000, 0x00000000d5550000)
  eden space 144768K, 100% used [0x00000000c0000000, 0x00000000c8d60000, 0x00000000c8d60000)
  from space 18048K,   2% used [0x00000000c9f00000, 0x00000000c9f77710, 0x00000000cb0a0000)
  to   space 18048K,   0% used [0x00000000c8d60000, 0x00000000c8d60000, 0x00000000c9f00000)
 tenured generation   total 361560K, used 347309K [0x00000000d5550000, 0x00000000eb666000, 0x0000000100000000)
   the space 361560K,  96% used [0x00000000d5550000, 0x00000000ea87b5b8, 0x00000000ea87b600, 0x00000000eb666000)
 Metaspace       used 77101K, capacity 84627K, committed 84864K, reserved 1122304K
  class space    used 10830K, capacity 12624K, committed 12672K, reserved 1048576K
Event: 88.545 GC heap after
Heap after GC invocations=309 (full 8):
 def new generation   total 162816K, used 449K [0x00000000c0000000, 0x00000000cb0a0000, 0x00000000d5550000)
  eden space 144768K,   0% used [0x00000000c0000000, 0x00000000c0000000, 0x00000000c8d60000)
  from space 18048K,   2% used [0x00000000c8d60000, 0x00000000c8dd0580, 0x00000000c9f00000)
  to   space 18048K,   0% used [0x00000000c9f00000, 0x00000000c9f00000, 0x00000000cb0a0000)
 tenured generation   total 361560K, used 347357K [0x00000000d5550000, 0x00000000eb666000, 0x0000000100000000)
   the space 361560K,  96% used [0x00000000d5550000, 0x00000000ea887668, 0x00000000ea887800, 0x00000000eb666000)
 Metaspace       used 77101K, capacity 84627K, committed 84864K, reserved 1122304K
  class space    used 10830K, capacity 12624K, committed 12672K, reserved 1048576K
}
Event: 88.665 GC heap before
{Heap before GC invocations=309 (full 8):
 def new generation   total 162816K, used 145217K [0x00000000c0000000, 0x00000000cb0a0000, 0x00000000d5550000)
  eden space 144768K, 100% used [0x00000000c0000000, 0x00000000c8d60000, 0x00000000c8d60000)
  from space 18048K,   2% used [0x00000000c8d60000, 0x00000000c8dd0580, 0x00000000c9f00000)
  to   space 18048K,   0% used [0x00000000c9f00000, 0x00000000c9f00000, 0x00000000cb0a0000)
 tenured generation   total 361560K, used 347357K [0x00000000d5550000, 0x00000000eb666000, 0x0000000100000000)
   the space 361560K,  96% used [0x00000000d5550000, 0x00000000ea887668, 0x00000000ea887800, 0x00000000eb666000)
 Metaspace       used 77101K, capacity 84627K, committed 84864K, reserved 1122304K
  class space    used 10830K, capacity 12624K, committed 12672K, reserved 1048576K
Event: 88.668 GC heap after
Heap after GC invocations=310 (full 8):
 def new generation   total 162816K, used 429K [0x00000000c0000000, 0x00000000cb0a0000, 0x00000000d5550000)
  eden space 144768K,   0% used [0x00000000c0000000, 0x00000000c0000000, 0x00000000c8d60000)
  from space 18048K,   2% used [0x00000000c9f00000, 0x00000000c9f6b4a0, 0x00000000cb0a0000)
  to   space 18048K,   0% used [0x00000000c8d60000, 0x00000000c8d60000, 0x00000000c9f00000)
 tenured generation   total 361560K, used 347381K [0x00000000d5550000, 0x00000000eb666000, 0x0000000100000000)
   the space 361560K,  96% used [0x00000000d5550000, 0x00000000ea88d498, 0x00000000ea88d600, 0x00000000eb666000)
 Metaspace       used 77101K, capacity 84627K, committed 84864K, reserved 1122304K
  class space    used 10830K, capacity 12624K, committed 12672K, reserved 1048576K
}
Event: 88.938 GC heap before
{Heap before GC invocations=310 (full 8):
 def new generation   total 162816K, used 145197K [0x00000000c0000000, 0x00000000cb0a0000, 0x00000000d5550000)
  eden space 144768K, 100% used [0x00000000c0000000, 0x00000000c8d60000, 0x00000000c8d60000)
  from space 18048K,   2% used [0x00000000c9f00000, 0x00000000c9f6b4a0, 0x00000000cb0a0000)
  to   space 18048K,   0% used [0x00000000c8d60000, 0x00000000c8d60000, 0x00000000c9f00000)
 tenured generation   total 361560K, used 347381K [0x00000000d5550000, 0x00000000eb666000, 0x0000000100000000)
   the space 361560K,  96% used [0x00000000d5550000, 0x00000000ea88d498, 0x00000000ea88d600, 0x00000000eb666000)
 Metaspace       used 77101K, capacity 84627K, committed 84864K, reserved 1122304K
  class space    used 10830K, capacity 12624K, committed 12672K, reserved 1048576K
Event: 88.942 GC heap after
Heap after GC invocations=311 (full 8):
 def new generation   total 162816K, used 452K [0x00000000c0000000, 0x00000000cb0a0000, 0x00000000d5550000)
  eden space 144768K,   0% used [0x00000000c0000000, 0x00000000c0000000, 0x00000000c8d60000)
  from space 18048K,   2% used [0x00000000c8d60000, 0x00000000c8dd1398, 0x00000000c9f00000)
  to   space 18048K,   0% used [0x00000000c9f00000, 0x00000000c9f00000, 0x00000000cb0a0000)
 tenured generation   total 361560K, used 347381K [0x00000000d5550000, 0x00000000eb666000, 0x0000000100000000)
   the space 361560K,  96% used [0x00000000d5550000, 0x00000000ea88d5c0, 0x00000000ea88d600, 0x00000000eb666000)
 Metaspace       used 77101K, capacity 84627K, committed 84864K, reserved 1122304K
  class space    used 10830K, capacity 12624K, committed 12672K, reserved 1048576K
}
Event: 89.081 GC heap before
{Heap before GC invocations=311 (full 8):
 def new generation   total 162816K, used 145220K [0x00000000c0000000, 0x00000000cb0a0000, 0x00000000d5550000)
  eden space 144768K, 100% used [0x00000000c0000000, 0x00000000c8d60000, 0x00000000c8d60000)
  from space 18048K,   2% used [0x00000000c8d60000, 0x00000000c8dd1398, 0x00000000c9f00000)
  to   space 18048K,   0% used [0x00000000c9f00000, 0x00000000c9f00000, 0x00000000cb0a0000)
 tenured generation   total 361560K, used 347381K [0x00000000d5550000, 0x00000000eb666000, 0x0000000100000000)
   the space 361560K,  96% used [0x00000000d5550000, 0x00000000ea88d5c0, 0x00000000ea88d600, 0x00000000eb666000)
 Metaspace       used 77101K, capacity 84627K, committed 84864K, reserved 1122304K
  class space    used 10830K, capacity 12624K, committed 12672K, reserved 1048576K
Event: 89.085 GC heap after
Heap after GC invocations=312 (full 8):
 def new generation   total 162816K, used 449K [0x00000000c0000000, 0x00000000cb0a0000, 0x00000000d5550000)
  eden space 144768K,   0% used [0x00000000c0000000, 0x00000000c0000000, 0x00000000c8d60000)
  from space 18048K,   2% used [0x00000000c9f00000, 0x00000000c9f707c8, 0x00000000cb0a0000)
  to   space 18048K,   0% used [0x00000000c8d60000, 0x00000000c8d60000, 0x00000000c9f00000)
 tenured generation   total 361560K, used 347399K [0x00000000d5550000, 0x00000000eb666000, 0x0000000100000000)
   the space 361560K,  96% used [0x00000000d5550000, 0x00000000ea891e50, 0x00000000ea892000, 0x00000000eb666000)
 Metaspace       used 77101K, capacity 84627K, committed 84864K, reserved 1122304K
  class space    used 10830K, capacity 12624K, committed 12672K, reserved 1048576K
}
Event: 89.376 GC heap before
{Heap before GC invocations=312 (full 8):
 def new generation   total 162816K, used 145217K [0x00000000c0000000, 0x00000000cb0a0000, 0x00000000d5550000)
  eden space 144768K, 100% used [0x00000000c0000000, 0x00000000c8d60000, 0x00000000c8d60000)
  from space 18048K,   2% used [0x00000000c9f00000, 0x00000000c9f707c8, 0x00000000cb0a0000)
  to   space 18048K,   0% used [0x00000000c8d60000, 0x00000000c8d60000, 0x00000000c9f00000)
 tenured generation   total 361560K, used 347399K [0x00000000d5550000, 0x00000000eb666000, 0x0000000100000000)
   the space 361560K,  96% used [0x00000000d5550000, 0x00000000ea891e50, 0x00000000ea892000, 0x00000000eb666000)
 Metaspace       used 77101K, capacity 84627K, committed 84864K, reserved 1122304K
  class space    used 10830K, capacity 12624K, committed 12672K, reserved 1048576K
Event: 89.380 GC heap after
Heap after GC invocations=313 (full 8):
 def new generation   total 162816K, used 443K [0x00000000c0000000, 0x00000000cb0a0000, 0x00000000d5550000)
  eden space 144768K,   0% used [0x00000000c0000000, 0x00000000c0000000, 0x00000000c8d60000)
  from space 18048K,   2% used [0x00000000c8d60000, 0x00000000c8dced50, 0x00000000c9f00000)
  to   space 18048K,   0% used [0x00000000c9f00000, 0x00000000c9f00000, 0x00000000cb0a0000)
 tenured generation   total 361560K, used 347435K [0x00000000d5550000, 0x00000000eb666000, 0x0000000100000000)
   the space 361560K,  96% used [0x00000000d5550000, 0x00000000ea89ae58, 0x00000000ea89b000, 0x00000000eb666000)
 Metaspace       used 77101K, capacity 84627K, committed 84864K, reserved 1122304K
  class space    used 10830K, capacity 12624K, committed 12672K, reserved 1048576K
}
Event: 89.569 GC heap before
{Heap before GC invocations=313 (full 8):
 def new generation   total 162816K, used 145211K [0x00000000c0000000, 0x00000000cb0a0000, 0x00000000d5550000)
  eden space 144768K, 100% used [0x00000000c0000000, 0x00000000c8d60000, 0x00000000c8d60000)
  from space 18048K,   2% used [0x00000000c8d60000, 0x00000000c8dced50, 0x00000000c9f00000)
  to   space 18048K,   0% used [0x00000000c9f00000, 0x00000000c9f00000, 0x00000000cb0a0000)
 tenured generation   total 361560K, used 347435K [0x00000000d5550000, 0x00000000eb666000, 0x0000000100000000)
   the space 361560K,  96% used [0x00000000d5550000, 0x00000000ea89ae58, 0x00000000ea89b000, 0x00000000eb666000)
 Metaspace       used 77107K, capacity 84631K, committed 84864K, reserved 1122304K
  class space    used 10830K, capacity 12624K, committed 12672K, reserved 1048576K
Event: 89.573 GC heap after
Heap after GC invocations=314 (full 8):
 def new generation   total 162816K, used 455K [0x00000000c0000000, 0x00000000cb0a0000, 0x00000000d5550000)
  eden space 144768K,   0% used [0x00000000c0000000, 0x00000000c0000000, 0x00000000c8d60000)
  from space 18048K,   2% used [0x00000000c9f00000, 0x00000000c9f71ff0, 0x00000000cb0a0000)
  to   space 18048K,   0% used [0x00000000c8d60000, 0x00000000c8d60000, 0x00000000c9f00000)
 tenured generation   total 361560K, used 347473K [0x00000000d5550000, 0x00000000eb666000, 0x0000000100000000)
   the space 361560K,  96% used [0x00000000d5550000, 0x00000000ea8a4780, 0x00000000ea8a4800, 0x00000000eb666000)
 Metaspace       used 77107K, capacity 84631K, committed 84864K, reserved 1122304K
  class space    used 10830K, capacity 12624K, committed 12672K, reserved 1048576K
}
Event: 89.764 GC heap before
{Heap before GC invocations=314 (full 8):
 def new generation   total 162816K, used 145223K [0x00000000c0000000, 0x00000000cb0a0000, 0x00000000d5550000)
  eden space 144768K, 100% used [0x00000000c0000000, 0x00000000c8d60000, 0x00000000c8d60000)
  from space 18048K,   2% used [0x00000000c9f00000, 0x00000000c9f71ff0, 0x00000000cb0a0000)
  to   space 18048K,   0% used [0x00000000c8d60000, 0x00000000c8d60000, 0x00000000c9f00000)
 tenured generation   total 361560K, used 347473K [0x00000000d5550000, 0x00000000eb666000, 0x0000000100000000)
   the space 361560K,  96% used [0x00000000d5550000, 0x00000000ea8a4780, 0x00000000ea8a4800, 0x00000000eb666000)
 Metaspace       used 77107K, capacity 84631K, committed 84864K, reserved 1122304K
  class space    used 10830K, capacity 12624K, committed 12672K, reserved 1048576K
Event: 89.768 GC heap after
Heap after GC invocations=315 (full 8):
 def new generation   total 162816K, used 480K [0x00000000c0000000, 0x00000000cb0a0000, 0x00000000d5550000)
  eden space 144768K,   0% used [0x00000000c0000000, 0x00000000c0000000, 0x00000000c8d60000)
  from space 18048K,   2% used [0x00000000c8d60000, 0x00000000c8dd82b0, 0x00000000c9f00000)
  to   space 18048K,   0% used [0x00000000c9f00000, 0x00000000c9f00000, 0x00000000cb0a0000)
 tenured generation   total 361560K, used 347482K [0x00000000d5550000, 0x00000000eb666000, 0x0000000100000000)
   the space 361560K,  96% used [0x00000000d5550000, 0x00000000ea8a6b90, 0x00000000ea8a6c00, 0x00000000eb666000)
 Metaspace       used 77107K, capacity 84631K, committed 84864K, reserved 1122304K
  class space    used 10830K, capacity 12624K, committed 12672K, reserved 1048576K
}
Event: 89.940 GC heap before
{Heap before GC invocations=315 (full 8):
 def new generation   total 162816K, used 145248K [0x00000000c0000000, 0x00000000cb0a0000, 0x00000000d5550000)
  eden space 144768K, 100% used [0x00000000c0000000, 0x00000000c8d60000, 0x00000000c8d60000)
  from space 18048K,   2% used [0x00000000c8d60000, 0x00000000c8dd82b0, 0x00000000c9f00000)
  to   space 18048K,   0% used [0x00000000c9f00000, 0x00000000c9f00000, 0x00000000cb0a0000)
 tenured generation   total 361560K, used 347482K [0x00000000d5550000, 0x00000000eb666000, 0x0000000100000000)
   the space 361560K,  96% used [0x00000000d5550000, 0x00000000ea8a6b90, 0x00000000ea8a6c00, 0x00000000eb666000)
 Metaspace       used 77107K, capacity 84631K, committed 84864K, reserved 1122304K
  class space    used 10830K, capacity 12624K, committed 12672K, reserved 1048576K
Event: 89.944 GC heap after
Heap after GC invocations=316 (full 8):
 def new generation   total 162816K, used 443K [0x00000000c0000000, 0x00000000cb0a0000, 0x00000000d5550000)
  eden space 144768K,   0% used [0x00000000c0000000, 0x00000000c0000000, 0x00000000c8d60000)
  from space 18048K,   2% used [0x00000000c9f00000, 0x00000000c9f6ef08, 0x00000000cb0a0000)
  to   space 18048K,   0% used [0x00000000c8d60000, 0x00000000c8d60000, 0x00000000c9f00000)
 tenured generation   total 361560K, used 347530K [0x00000000d5550000, 0x00000000eb666000, 0x0000000100000000)
   the space 361560K,  96% used [0x00000000d5550000, 0x00000000ea8b2a38, 0x00000000ea8b2c00, 0x00000000eb666000)
 Metaspace       used 77107K, capacity 84631K, committed 84864K, reserved 1122304K
  class space    used 10830K, capacity 12624K, committed 12672K, reserved 1048576K
}
Event: 90.119 GC heap before
{Heap before GC invocations=316 (full 8):
 def new generation   total 162816K, used 145211K [0x00000000c0000000, 0x00000000cb0a0000, 0x00000000d5550000)
  eden space 144768K, 100% used [0x00000000c0000000, 0x00000000c8d60000, 0x00000000c8d60000)
  from space 18048K,   2% used [0x00000000c9f00000, 0x00000000c9f6ef08, 0x00000000cb0a0000)
  to   space 18048K,   0% used [0x00000000c8d60000, 0x00000000c8d60000, 0x00000000c9f00000)
 tenured generation   total 361560K, used 347530K [0x00000000d5550000, 0x00000000eb666000, 0x0000000100000000)
   the space 361560K,  96% used [0x00000000d5550000, 0x00000000ea8b2a38, 0x00000000ea8b2c00, 0x00000000eb666000)
 Metaspace       used 77109K, capacity 84631K, committed 84864K, reserved 1122304K
  class space    used 10830K, capacity 12624K, committed 12672K, reserved 1048576K
Event: 90.123 GC heap after
Heap after GC invocations=317 (full 8):
 def new generation   total 162816K, used 423K [0x00000000c0000000, 0x00000000cb0a0000, 0x00000000d5550000)
  eden space 144768K,   0% used [0x00000000c0000000, 0x00000000c0000000, 0x00000000c8d60000)
  from space 18048K,   2% used [0x00000000c8d60000, 0x00000000c8dc9ea0, 0x00000000c9f00000)
  to   space 18048K,   0% used [0x00000000c9f00000, 0x00000000c9f00000, 0x00000000cb0a0000)
 tenured generation   total 361560K, used 347554K [0x00000000d5550000, 0x00000000eb666000, 0x0000000100000000)
   the space 361560K,  96% used [0x00000000d5550000, 0x00000000ea8b88d0, 0x00000000ea8b8a00, 0x00000000eb666000)
 Metaspace       used 77109K, capacity 84631K, committed 84864K, reserved 1122304K
  class space    used 10830K, capacity 12624K, committed 12672K, reserved 1048576K
}
Event: 90.335 GC heap before
{Heap before GC invocations=317 (full 8):
 def new generation   total 162816K, used 145191K [0x00000000c0000000, 0x00000000cb0a0000, 0x00000000d5550000)
  eden space 144768K, 100% used [0x00000000c0000000, 0x00000000c8d60000, 0x00000000c8d60000)
  from space 18048K,   2% used [0x00000000c8d60000, 0x00000000c8dc9ea0, 0x00000000c9f00000)
  to   space 18048K,   0% used [0x00000000c9f00000, 0x00000000c9f00000, 0x00000000cb0a0000)
 tenured generation   total 361560K, used 347554K [0x00000000d5550000, 0x00000000eb666000, 0x0000000100000000)
   the space 361560K,  96% used [0x00000000d5550000, 0x00000000ea8b88d0, 0x00000000ea8b8a00, 0x00000000eb666000)
 Metaspace       used 77114K, capacity 84631K, committed 84864K, reserved 1122304K
  class space    used 10830K, capacity 12624K, committed 12672K, reserved 1048576K
Event: 90.338 GC heap after
Heap after GC invocations=318 (full 8):
 def new generation   total 162816K, used 437K [0x00000000c0000000, 0x00000000cb0a0000, 0x00000000d5550000)
  eden space 144768K,   0% used [0x00000000c0000000, 0x00000000c0000000, 0x00000000c8d60000)
  from space 18048K,   2% used [0x00000000c9f00000, 0x00000000c9f6d7e8, 0x00000000cb0a0000)
  to   space 18048K,   0% used [0x00000000c8d60000, 0x00000000c8d60000, 0x00000000c9f00000)
 tenured generation   total 361560K, used 347554K [0x00000000d5550000, 0x00000000eb666000, 0x0000000100000000)
   the space 361560K,  96% used [0x00000000d5550000, 0x00000000ea8b8a10, 0x00000000ea8b8c00, 0x00000000eb666000)
 Metaspace       used 77114K, capacity 84631K, committed 84864K, reserved 1122304K
  class space    used 10830K, capacity 12624K, committed 12672K, reserved 1048576K
}
Event: 90.504 GC heap before
{Heap before GC invocations=318 (full 8):
 def new generation   total 162816K, used 145205K [0x00000000c0000000, 0x00000000cb0a0000, 0x00000000d5550000)
  eden space 144768K, 100% used [0x00000000c0000000, 0x00000000c8d60000, 0x00000000c8d60000)
  from space 18048K,   2% used [0x00000000c9f00000, 0x00000000c9f6d7e8, 0x00000000cb0a0000)
  to   space 18048K,   0% used [0x00000000c8d60000, 0x00000000c8d60000, 0x00000000c9f00000)
 tenured generation   total 361560K, used 347554K [0x00000000d5550000, 0x00000000eb666000, 0x0000000100000000)
   the space 361560K,  96% used [0x00000000d5550000, 0x00000000ea8b8a10, 0x00000000ea8b8c00, 0x00000000eb666000)
 Metaspace       used 77124K, capacity 84635K, committed 84864K, reserved 1122304K
  class space    used 10830K, capacity 12624K, committed 12672K, reserved 1048576K
Event: 90.508 GC heap after
Heap after GC invocations=319 (full 8):
 def new generation   total 162816K, used 453K [0x00000000c0000000, 0x00000000cb0a0000, 0x00000000d5550000)
  eden space 144768K,   0% used [0x00000000c0000000, 0x00000000c0000000, 0x00000000c8d60000)
  from space 18048K,   2% used [0x00000000c8d60000, 0x00000000c8dd1740, 0x00000000c9f00000)
  to   space 18048K,   0% used [0x00000000c9f00000, 0x00000000c9f00000, 0x00000000cb0a0000)
 tenured generation   total 361560K, used 347572K [0x00000000d5550000, 0x00000000eb666000, 0x0000000100000000)
   the space 361560K,  96% used [0x00000000d5550000, 0x00000000ea8bd178, 0x00000000ea8bd200, 0x00000000eb666000)
 Metaspace       used 77124K, capacity 84635K, committed 84864K, reserved 1122304K
  class space    used 10830K, capacity 12624K, committed 12672K, reserved 1048576K
}
Event: 90.764 GC heap before
{Heap before GC invocations=319 (full 8):
 def new generation   total 162816K, used 145221K [0x00000000c0000000, 0x00000000cb0a0000, 0x00000000d5550000)
  eden space 144768K, 100% used [0x00000000c0000000, 0x00000000c8d60000, 0x00000000c8d60000)
  from space 18048K,   2% used [0x00000000c8d60000, 0x00000000c8dd1740, 0x00000000c9f00000)
  to   space 18048K,   0% used [0x00000000c9f00000, 0x00000000c9f00000, 0x00000000cb0a0000)
 tenured generation   total 361560K, used 347572K [0x00000000d5550000, 0x00000000eb666000, 0x0000000100000000)
   the space 361560K,  96% used [0x00000000d5550000, 0x00000000ea8bd178, 0x00000000ea8bd200, 0x00000000eb666000)
 Metaspace       used 77124K, capacity 84635K, committed 84864K, reserved 1122304K
  class space    used 10830K, capacity 12624K, committed 12672K, reserved 1048576K
Event: 90.768 GC heap after
Heap after GC invocations=320 (full 8):
 def new generation   total 162816K, used 478K [0x00000000c0000000, 0x00000000cb0a0000, 0x00000000d5550000)
  eden space 144768K,   0% used [0x00000000c0000000, 0x00000000c0000000, 0x00000000c8d60000)
  from space 18048K,   2% used [0x00000000c9f00000, 0x00000000c9f77ab0, 0x00000000cb0a0000)
  to   space 18048K,   0% used [0x00000000c8d60000, 0x00000000c8d60000, 0x00000000c9f00000)
 tenured generation   total 361560K, used 347572K [0x00000000d5550000, 0x00000000eb666000, 0x0000000100000000)
   the space 361560K,  96% used [0x00000000d5550000, 0x00000000ea8bd178, 0x00000000ea8bd200, 0x00000000eb666000)
 Metaspace       used 77124K, capacity 84635K, committed 84864K, reserved 1122304K
  class space    used 10830K, capacity 12624K, committed 12672K, reserved 1048576K
}
Event: 91.012 GC heap before
{Heap before GC invocations=320 (full 8):
 def new generation   total 162816K, used 145246K [0x00000000c0000000, 0x00000000cb0a0000, 0x00000000d5550000)
  eden space 144768K, 100% used [0x00000000c0000000, 0x00000000c8d60000, 0x00000000c8d60000)
  from space 18048K,   2% used [0x00000000c9f00000, 0x00000000c9f77ab0, 0x00000000cb0a0000)
  to   space 18048K,   0% used [0x00000000c8d60000, 0x00000000c8d60000, 0x00000000c9f00000)
 tenured generation   total 361560K, used 347572K [0x00000000d5550000, 0x00000000eb666000, 0x0000000100000000)
   the space 361560K,  96% used [0x00000000d5550000, 0x00000000ea8bd178, 0x00000000ea8bd200, 0x00000000eb666000)
 Metaspace       used 77124K, capacity 84635K, committed 84864K, reserved 1122304K
  class space    used 10830K, capacity 12624K, committed 12672K, reserved 1048576K
Event: 91.015 GC heap after
Heap after GC invocations=321 (full 8):
 def new generation   total 162816K, used 471K [0x00000000c0000000, 0x00000000cb0a0000, 0x00000000d5550000)
  eden space 144768K,   0% used [0x00000000c0000000, 0x00000000c0000000, 0x00000000c8d60000)
  from space 18048K,   2% used [0x00000000c8d60000, 0x00000000c8dd5f50, 0x00000000c9f00000)
  to   space 18048K,   0% used [0x00000000c9f00000, 0x00000000c9f00000, 0x00000000cb0a0000)
 tenured generation   total 361560K, used 347619K [0x00000000d5550000, 0x00000000eb666000, 0x0000000100000000)
   the space 361560K,  96% used [0x00000000d5550000, 0x00000000ea8c8e10, 0x00000000ea8c9000, 0x00000000eb666000)
 Metaspace       used 77124K, capacity 84635K, committed 84864K, reserved 1122304K
  class space    used 10830K, capacity 12624K, committed 12672K, reserved 1048576K
}
Event: 91.116 GC heap before
{Heap before GC invocations=321 (full 8):
 def new generation   total 162816K, used 145239K [0x00000000c0000000, 0x00000000cb0a0000, 0x00000000d5550000)
  eden space 144768K, 100% used [0x00000000c0000000, 0x00000000c8d60000, 0x00000000c8d60000)
  from space 18048K,   2% used [0x00000000c8d60000, 0x00000000c8dd5f50, 0x00000000c9f00000)
  to   space 18048K,   0% used [0x00000000c9f00000, 0x00000000c9f00000, 0x00000000cb0a0000)
 tenured generation   total 361560K, used 347619K [0x00000000d5550000, 0x00000000eb666000, 0x0000000100000000)
   the space 361560K,  96% used [0x00000000d5550000, 0x00000000ea8c8e10, 0x00000000ea8c9000, 0x00000000eb666000)
 Metaspace       used 77124K, capacity 84635K, committed 84864K, reserved 1122304K
  class space    used 10830K, capacity 12624K, committed 12672K, reserved 1048576K
Event: 91.119 GC heap after
Heap after GC invocations=322 (full 8):
 def new generation   total 162816K, used 477K [0x00000000c0000000, 0x00000000cb0a0000, 0x00000000d5550000)
  eden space 144768K,   0% used [0x00000000c0000000, 0x00000000c0000000, 0x00000000c8d60000)
  from space 18048K,   2% used [0x00000000c9f00000, 0x00000000c9f77580, 0x00000000cb0a0000)
  to   space 18048K,   0% used [0x00000000c8d60000, 0x00000000c8d60000, 0x00000000c9f00000)
 tenured generation   total 361560K, used 347622K [0x00000000d5550000, 0x00000000eb666000, 0x0000000100000000)
   the space 361560K,  96% used [0x00000000d5550000, 0x00000000ea8c9ad8, 0x00000000ea8c9c00, 0x00000000eb666000)
 Metaspace       used 77124K, capacity 84635K, committed 84864K, reserved 1122304K
  class space    used 10830K, capacity 12624K, committed 12672K, reserved 1048576K
}
Event: 91.302 GC heap before
{Heap before GC invocations=322 (full 8):
 def new generation   total 162816K, used 145245K [0x00000000c0000000, 0x00000000cb0a0000, 0x00000000d5550000)
  eden space 144768K, 100% used [0x00000000c0000000, 0x00000000c8d60000, 0x00000000c8d60000)
  from space 18048K,   2% used [0x00000000c9f00000, 0x00000000c9f77580, 0x00000000cb0a0000)
  to   space 18048K,   0% used [0x00000000c8d60000, 0x00000000c8d60000, 0x00000000c9f00000)
 tenured generation   total 361560K, used 347622K [0x00000000d5550000, 0x00000000eb666000, 0x0000000100000000)
   the space 361560K,  96% used [0x00000000d5550000, 0x00000000ea8c9ad8, 0x00000000ea8c9c00, 0x00000000eb666000)
 Metaspace       used 77124K, capacity 84635K, committed 84864K, reserved 1122304K
  class space    used 10830K, capacity 12624K, committed 12672K, reserved 1048576K
Event: 91.305 GC heap after
Heap after GC invocations=323 (full 8):
 def new generation   total 162816K, used 446K [0x00000000c0000000, 0x00000000cb0a0000, 0x00000000d5550000)
  eden space 144768K,   0% used [0x00000000c0000000, 0x00000000c0000000, 0x00000000c8d60000)
  from space 18048K,   2% used [0x00000000c8d60000, 0x00000000c8dcfa58, 0x00000000c9f00000)
  to   space 18048K,   0% used [0x00000000c9f00000, 0x00000000c9f00000, 0x00000000cb0a0000)
 tenured generation   total 361560K, used 347675K [0x00000000d5550000, 0x00000000eb666000, 0x0000000100000000)
   the space 361560K,  96% used [0x00000000d5550000, 0x00000000ea8d6f30, 0x00000000ea8d7000, 0x00000000eb666000)
 Metaspace       used 77124K, capacity 84635K, committed 84864K, reserved 1122304K
  class space    used 10830K, capacity 12624K, committed 12672K, reserved 1048576K
}
Event: 91.615 GC heap before
{Heap before GC invocations=323 (full 8):
 def new generation   total 162816K, used 145214K [0x00000000c0000000, 0x00000000cb0a0000, 0x00000000d5550000)
  eden space 144768K, 100% used [0x00000000c0000000, 0x00000000c8d60000, 0x00000000c8d60000)
  from space 18048K,   2% used [0x00000000c8d60000, 0x00000000c8dcfa58, 0x00000000c9f00000)
  to   space 18048K,   0% used [0x00000000c9f00000, 0x00000000c9f00000, 0x00000000cb0a0000)
 tenured generation   total 361560K, used 347675K [0x00000000d5550000, 0x00000000eb666000, 0x0000000100000000)
   the space 361560K,  96% used [0x00000000d5550000, 0x00000000ea8d6f30, 0x00000000ea8d7000, 0x00000000eb666000)
 Metaspace       used 77124K, capacity 84635K, committed 84864K, reserved 1122304K
  class space    used 10830K, capacity 12624K, committed 12672K, reserved 1048576K
Event: 91.618 GC heap after
Heap after GC invocations=324 (full 8):
 def new generation   total 162816K, used 424K [0x00000000c0000000, 0x00000000cb0a0000, 0x00000000d5550000)
  eden space 144768K,   0% used [0x00000000c0000000, 0x00000000c0000000, 0x00000000c8d60000)
  from space 18048K,   2% used [0x00000000c9f00000, 0x00000000c9f6a1e8, 0x00000000cb0a0000)
  to   space 18048K,   0% used [0x00000000c8d60000, 0x00000000c8d60000, 0x00000000c9f00000)
 tenured generation   total 361560K, used 347701K [0x00000000d5550000, 0x00000000eb666000, 0x0000000100000000)
   the space 361560K,  96% used [0x00000000d5550000, 0x00000000ea8dd638, 0x00000000ea8dd800, 0x00000000eb666000)
 Metaspace       used 77124K, capacity 84635K, committed 84864K, reserved 1122304K
  class space    used 10830K, capacity 12624K, committed 12672K, reserved 1048576K
}
Event: 91.731 GC heap before
{Heap before GC invocations=324 (full 8):
 def new generation   total 162816K, used 145192K [0x00000000c0000000, 0x00000000cb0a0000, 0x00000000d5550000)
  eden space 144768K, 100% used [0x00000000c0000000, 0x00000000c8d60000, 0x00000000c8d60000)
  from space 18048K,   2% used [0x00000000c9f00000, 0x00000000c9f6a1e8, 0x00000000cb0a0000)
  to   space 18048K,   0% used [0x00000000c8d60000, 0x00000000c8d60000, 0x00000000c9f00000)
 tenured generation   total 361560K, used 347701K [0x00000000d5550000, 0x00000000eb666000, 0x0000000100000000)
   the space 361560K,  96% used [0x00000000d5550000, 0x00000000ea8dd638, 0x00000000ea8dd800, 0x00000000eb666000)
 Metaspace       used 77124K, capacity 84635K, committed 84864K, reserved 1122304K
  class space    used 10830K, capacity 12624K, committed 12672K, reserved 1048576K
Event: 91.735 GC heap after
Heap after GC invocations=325 (full 8):
 def new generation   total 162816K, used 442K [0x00000000c0000000, 0x00000000cb0a0000, 0x00000000d5550000)
  eden space 144768K,   0% used [0x00000000c0000000, 0x00000000c0000000, 0x00000000c8d60000)
  from space 18048K,   2% used [0x00000000c8d60000, 0x00000000c8dce858, 0x00000000c9f00000)
  to   space 18048K,   0% used [0x00000000c9f00000, 0x00000000c9f00000, 0x00000000cb0a0000)
 tenured generation   total 361560K, used 347703K [0x00000000d5550000, 0x00000000eb666000, 0x0000000100000000)
   the space 361560K,  96% used [0x00000000d5550000, 0x00000000ea8ddfb8, 0x00000000ea8de000, 0x00000000eb666000)
 Metaspace       used 77124K, capacity 84635K, committed 84864K, reserved 1122304K
  class space    used 10830K, capacity 12624K, committed 12672K, reserved 1048576K
}
Event: 92.037 GC heap before
{Heap before GC invocations=325 (full 8):
 def new generation   total 162816K, used 145210K [0x00000000c0000000, 0x00000000cb0a0000, 0x00000000d5550000)
  eden space 144768K, 100% used [0x00000000c0000000, 0x00000000c8d60000, 0x00000000c8d60000)
  from space 18048K,   2% used [0x00000000c8d60000, 0x00000000c8dce858, 0x00000000c9f00000)
  to   space 18048K,   0% used [0x00000000c9f00000, 0x00000000c9f00000, 0x00000000cb0a0000)
 tenured generation   total 361560K, used 347703K [0x00000000d5550000, 0x00000000eb666000, 0x0000000100000000)
   the space 361560K,  96% used [0x00000000d5550000, 0x00000000ea8ddfb8, 0x00000000ea8de000, 0x00000000eb666000)
 Metaspace       used 77124K, capacity 84635K, committed 84864K, reserved 1122304K
  class space    used 10830K, capacity 12624K, committed 12672K, reserved 1048576K
Event: 92.041 GC heap after
Heap after GC invocations=326 (full 8):
 def new generation   total 162816K, used 458K [0x00000000c0000000, 0x00000000cb0a0000, 0x00000000d5550000)
  eden space 144768K,   0% used [0x00000000c0000000, 0x00000000c0000000, 0x00000000c8d60000)
  from space 18048K,   2% used [0x00000000c9f00000, 0x00000000c9f729c8, 0x00000000cb0a0000)
  to   space 18048K,   0% used [0x00000000c8d60000, 0x00000000c8d60000, 0x00000000c9f00000)
 tenured generation   total 361560K, used 347721K [0x00000000d5550000, 0x00000000eb666000, 0x0000000100000000)
   the space 361560K,  96% used [0x00000000d5550000, 0x00000000ea8e24a0, 0x00000000ea8e2600, 0x00000000eb666000)
 Metaspace       used 77124K, capacity 84635K, committed 84864K, reserved 1122304K
  class space    used 10830K, capacity 12624K, committed 12672K, reserved 1048576K
}
Event: 92.161 GC heap before
{Heap before GC invocations=326 (full 8):
 def new generation   total 162816K, used 145226K [0x00000000c0000000, 0x00000000cb0a0000, 0x00000000d5550000)
  eden space 144768K, 100% used [0x00000000c0000000, 0x00000000c8d60000, 0x00000000c8d60000)
  from space 18048K,   2% used [0x00000000c9f00000, 0x00000000c9f729c8, 0x00000000cb0a0000)
  to   space 18048K,   0% used [0x00000000c8d60000, 0x00000000c8d60000, 0x00000000c9f00000)
 tenured generation   total 361560K, used 347721K [0x00000000d5550000, 0x00000000eb666000, 0x0000000100000000)
   the space 361560K,  96% used [0x00000000d5550000, 0x00000000ea8e24a0, 0x00000000ea8e2600, 0x00000000eb666000)
 Metaspace       used 77124K, capacity 84635K, committed 84864K, reserved 1122304K
  class space    used 10830K, capacity 12624K, committed 12672K, reserved 1048576K
Event: 92.164 GC heap after
Heap after GC invocations=327 (full 8):
 def new generation   total 162816K, used 450K [0x00000000c0000000, 0x00000000cb0a0000, 0x00000000d5550000)
  eden space 144768K,   0% used [0x00000000c0000000, 0x00000000c0000000, 0x00000000c8d60000)
  from space 18048K,   2% used [0x00000000c8d60000, 0x00000000c8dd08a8, 0x00000000c9f00000)
  to   space 18048K,   0% used [0x00000000c9f00000, 0x00000000c9f00000, 0x00000000cb0a0000)
 tenured generation   total 361560K, used 347744K [0x00000000d5550000, 0x00000000eb666000, 0x0000000100000000)
   the space 361560K,  96% used [0x00000000d5550000, 0x00000000ea8e8020, 0x00000000ea8e8200, 0x00000000eb666000)
 Metaspace       used 77124K, capacity 84635K, committed 84864K, reserved 1122304K
  class space    used 10830K, capacity 12624K, committed 12672K, reserved 1048576K
}
Event: 92.397 GC heap before
{Heap before GC invocations=327 (full 8):
 def new generation   total 162816K, used 145218K [0x00000000c0000000, 0x00000000cb0a0000, 0x00000000d5550000)
  eden space 144768K, 100% used [0x00000000c0000000, 0x00000000c8d60000, 0x00000000c8d60000)
  from space 18048K,   2% used [0x00000000c8d60000, 0x00000000c8dd08a8, 0x00000000c9f00000)
  to   space 18048K,   0% used [0x00000000c9f00000, 0x00000000c9f00000, 0x00000000cb0a0000)
 tenured generation   total 361560K, used 347744K [0x00000000d5550000, 0x00000000eb666000, 0x0000000100000000)
   the space 361560K,  96% used [0x00000000d5550000, 0x00000000ea8e8020, 0x00000000ea8e8200, 0x00000000eb666000)
 Metaspace       used 77124K, capacity 84635K, committed 84864K, reserved 1122304K
  class space    used 10830K, capacity 12624K, committed 12672K, reserved 1048576K
Event: 92.401 GC heap after
Heap after GC invocations=328 (full 8):
 def new generation   total 162816K, used 478K [0x00000000c0000000, 0x00000000cb0a0000, 0x00000000d5550000)
  eden space 144768K,   0% used [0x00000000c0000000, 0x00000000c0000000, 0x00000000c8d60000)
  from space 18048K,   2% used [0x00000000c9f00000, 0x00000000c9f77858, 0x00000000cb0a0000)
  to   space 18048K,   0% used [0x00000000c8d60000, 0x00000000c8d60000, 0x00000000c9f00000)
 tenured generation   total 361560K, used 347767K [0x00000000d5550000, 0x00000000eb666000, 0x0000000100000000)
   the space 361560K,  96% used [0x00000000d5550000, 0x00000000ea8edd78, 0x00000000ea8ede00, 0x00000000eb666000)
 Metaspace       used 77124K, capacity 84635K, committed 84864K, reserved 1122304K
  class space    used 10830K, capacity 12624K, committed 12672K, reserved 1048576K
}
Event: 92.564 GC heap before
{Heap before GC invocations=328 (full 8):
 def new generation   total 162816K, used 145246K [0x00000000c0000000, 0x00000000cb0a0000, 0x00000000d5550000)
  eden space 144768K, 100% used [0x00000000c0000000, 0x00000000c8d60000, 0x00000000c8d60000)
  from space 18048K,   2% used [0x00000000c9f00000, 0x00000000c9f77858, 0x00000000cb0a0000)
  to   space 18048K,   0% used [0x00000000c8d60000, 0x00000000c8d60000, 0x00000000c9f00000)
 tenured generation   total 361560K, used 347767K [0x00000000d5550000, 0x00000000eb666000, 0x0000000100000000)
   the space 361560K,  96% used [0x00000000d5550000, 0x00000000ea8edd78, 0x00000000ea8ede00, 0x00000000eb666000)
 Metaspace       used 77124K, capacity 84635K, committed 84864K, reserved 1122304K
  class space    used 10830K, capacity 12624K, committed 12672K, reserved 1048576K
Event: 92.567 GC heap after
Heap after GC invocations=329 (full 8):
 def new generation   total 162816K, used 438K [0x00000000c0000000, 0x00000000cb0a0000, 0x00000000d5550000)
  eden space 144768K,   0% used [0x00000000c0000000, 0x00000000c0000000, 0x00000000c8d60000)
  from space 18048K,   2% used [0x00000000c8d60000, 0x00000000c8dcda78, 0x00000000c9f00000)
  to   space 18048K,   0% used [0x00000000c9f00000, 0x00000000c9f00000, 0x00000000cb0a0000)
 tenured generation   total 361560K, used 347822K [0x00000000d5550000, 0x00000000eb666000, 0x0000000100000000)
   the space 361560K,  96% used [0x00000000d5550000, 0x00000000ea8fb980, 0x00000000ea8fba00, 0x00000000eb666000)
 Metaspace       used 77124K, capacity 84635K, committed 84864K, reserved 1122304K
  class space    used 10830K, capacity 12624K, committed 12672K, reserved 1048576K
}
Event: 92.737 GC heap before
{Heap before GC invocations=329 (full 8):
 def new generation   total 162816K, used 145206K [0x00000000c0000000, 0x00000000cb0a0000, 0x00000000d5550000)
  eden space 144768K, 100% used [0x00000000c0000000, 0x00000000c8d60000, 0x00000000c8d60000)
  from space 18048K,   2% used [0x00000000c8d60000, 0x00000000c8dcda78, 0x00000000c9f00000)
  to   space 18048K,   0% used [0x00000000c9f00000, 0x00000000c9f00000, 0x00000000cb0a0000)
 tenured generation   total 361560K, used 347822K [0x00000000d5550000, 0x00000000eb666000, 0x0000000100000000)
   the space 361560K,  96% used [0x00000000d5550000, 0x00000000ea8fb980, 0x00000000ea8fba00, 0x00000000eb666000)
 Metaspace       used 77124K, capacity 84635K, committed 84864K, reserved 1122304K
  class space    used 10830K, capacity 12624K, committed 12672K, reserved 1048576K
Event: 92.740 GC heap after
Heap after GC invocations=330 (full 8):
 def new generation   total 162816K, used 420K [0x00000000c0000000, 0x00000000cb0a0000, 0x00000000d5550000)
  eden space 144768K,   0% used [0x00000000c0000000, 0x00000000c0000000, 0x00000000c8d60000)
  from space 18048K,   2% used [0x00000000c9f00000, 0x00000000c9f69390, 0x00000000cb0a0000)
  to   space 18048K,   0% used [0x00000000c8d60000, 0x00000000c8d60000, 0x00000000c9f00000)
 tenured generation   total 361560K, used 347843K [0x00000000d5550000, 0x00000000eb666000, 0x0000000100000000)
   the space 361560K,  96% used [0x00000000d5550000, 0x00000000ea900f70, 0x00000000ea901000, 0x00000000eb666000)
 Metaspace       used 77124K, capacity 84635K, committed 84864K, reserved 1122304K
  class space    used 10830K, capacity 12624K, committed 12672K, reserved 1048576K
}
Event: 92.931 GC heap before
{Heap before GC invocations=330 (full 8):
 def new generation   total 162816K, used 145188K [0x00000000c0000000, 0x00000000cb0a0000, 0x00000000d5550000)
  eden space 144768K, 100% used [0x00000000c0000000, 0x00000000c8d60000, 0x00000000c8d60000)
  from space 18048K,   2% used [0x00000000c9f00000, 0x00000000c9f69390, 0x00000000cb0a0000)
  to   space 18048K,   0% used [0x00000000c8d60000, 0x00000000c8d60000, 0x00000000c9f00000)
 tenured generation   total 361560K, used 347843K [0x00000000d5550000, 0x00000000eb666000, 0x0000000100000000)
   the space 361560K,  96% used [0x00000000d5550000, 0x00000000ea900f70, 0x00000000ea901000, 0x00000000eb666000)
 Metaspace       used 77124K, capacity 84635K, committed 84864K, reserved 1122304K
  class space    used 10830K, capacity 12624K, committed 12672K, reserved 1048576K
Event: 92.934 GC heap after
Heap after GC invocations=331 (full 8):
 def new generation   total 162816K, used 416K [0x00000000c0000000, 0x00000000cb0a0000, 0x00000000d5550000)
  eden space 144768K,   0% used [0x00000000c0000000, 0x00000000c0000000, 0x00000000c8d60000)
  from space 18048K,   2% used [0x00000000c8d60000, 0x00000000c8dc8118, 0x00000000c9f00000)
  to   space 18048K,   0% used [0x00000000c9f00000, 0x00000000c9f00000, 0x00000000cb0a0000)
 tenured generation   total 361560K, used 347866K [0x00000000d5550000, 0x00000000eb666000, 0x0000000100000000)
   the space 361560K,  96% used [0x00000000d5550000, 0x00000000ea906be8, 0x00000000ea906c00, 0x00000000eb666000)
 Metaspace       used 77124K, capacity 84635K, committed 84864K, reserved 1122304K
  class space    used 10830K, capacity 12624K, committed 12672K, reserved 1048576K
}
Event: 93.111 GC heap before
{Heap before GC invocations=331 (full 8):
 def new generation   total 162816K, used 145184K [0x00000000c0000000, 0x00000000cb0a0000, 0x00000000d5550000)
  eden space 144768K, 100% used [0x00000000c0000000, 0x00000000c8d60000, 0x00000000c8d60000)
  from space 18048K,   2% used [0x00000000c8d60000, 0x00000000c8dc8118, 0x00000000c9f00000)
  to   space 18048K,   0% used [0x00000000c9f00000, 0x00000000c9f00000, 0x00000000cb0a0000)
 tenured generation   total 361560K, used 347866K [0x00000000d5550000, 0x00000000eb666000, 0x0000000100000000)
   the space 361560K,  96% used [0x00000000d5550000, 0x00000000ea906be8, 0x00000000ea906c00, 0x00000000eb666000)
 Metaspace       used 77124K, capacity 84635K, committed 84864K, reserved 1122304K
  class space    used 10830K, capacity 12624K, committed 12672K, reserved 1048576K
Event: 93.115 GC heap after
Heap after GC invocations=332 (full 8):
 def new generation   total 162816K, used 435K [0x00000000c0000000, 0x00000000cb0a0000, 0x00000000d5550000)
  eden space 144768K,   0% used [0x00000000c0000000, 0x00000000c0000000, 0x00000000c8d60000)
  from space 18048K,   2% used [0x00000000c9f00000, 0x00000000c9f6cda8, 0x00000000cb0a0000)
  to   space 18048K,   0% used [0x00000000c8d60000, 0x00000000c8d60000, 0x00000000c9f00000)
 tenured generation   total 361560K, used 347873K [0x00000000d5550000, 0x00000000eb666000, 0x0000000100000000)
   the space 361560K,  96% used [0x00000000d5550000, 0x00000000ea9084e8, 0x00000000ea908600, 0x00000000eb666000)
 Metaspace       used 77124K, capacity 84635K, committed 84864K, reserved 1122304K
  class space    used 10830K, capacity 12624K, committed 12672K, reserved 1048576K
}
Event: 93.337 GC heap before
{Heap before GC invocations=332 (full 8):
 def new generation   total 162816K, used 145203K [0x00000000c0000000, 0x00000000cb0a0000, 0x00000000d5550000)
  eden space 144768K, 100% used [0x00000000c0000000, 0x00000000c8d60000, 0x00000000c8d60000)
  from space 18048K,   2% used [0x00000000c9f00000, 0x00000000c9f6cda8, 0x00000000cb0a0000)
  to   space 18048K,   0% used [0x00000000c8d60000, 0x00000000c8d60000, 0x00000000c9f00000)
 tenured generation   total 361560K, used 347873K [0x00000000d5550000, 0x00000000eb666000, 0x0000000100000000)
   the space 361560K,  96% used [0x00000000d5550000, 0x00000000ea9084e8, 0x00000000ea908600, 0x00000000eb666000)
 Metaspace       used 77124K, capacity 84635K, committed 84864K, reserved 1122304K
  class space    used 10830K, capacity 12624K, committed 12672K, reserved 1048576K
Event: 93.341 GC heap after
Heap after GC invocations=333 (full 8):
 def new generation   total 162816K, used 446K [0x00000000c0000000, 0x00000000cb0a0000, 0x00000000d5550000)
  eden space 144768K,   0% used [0x00000000c0000000, 0x00000000c0000000, 0x00000000c8d60000)
  from space 18048K,   2% used [0x00000000c8d60000, 0x00000000c8dcfb08, 0x00000000c9f00000)
  to   space 18048K,   0% used [0x00000000c9f00000, 0x00000000c9f00000, 0x00000000cb0a0000)
 tenured generation   total 361560K, used 347884K [0x00000000d5550000, 0x00000000eb666000, 0x0000000100000000)
   the space 361560K,  96% used [0x00000000d5550000, 0x00000000ea90b1e8, 0x00000000ea90b200, 0x00000000eb666000)
 Metaspace       used 77124K, capacity 84635K, committed 84864K, reserved 1122304K
  class space    used 10830K, capacity 12624K, committed 12672K, reserved 1048576K
}
Event: 93.595 GC heap before
{Heap before GC invocations=333 (full 8):
 def new generation   total 162816K, used 145214K [0x00000000c0000000, 0x00000000cb0a0000, 0x00000000d5550000)
  eden space 144768K, 100% used [0x00000000c0000000, 0x00000000c8d60000, 0x00000000c8d60000)
  from space 18048K,   2% used [0x00000000c8d60000, 0x00000000c8dcfb08, 0x00000000c9f00000)
  to   space 18048K,   0% used [0x00000000c9f00000, 0x00000000c9f00000, 0x00000000cb0a0000)
 tenured generation   total 361560K, used 347884K [0x00000000d5550000, 0x00000000eb666000, 0x0000000100000000)
   the space 361560K,  96% used [0x00000000d5550000, 0x00000000ea90b1e8, 0x00000000ea90b200, 0x00000000eb666000)
 Metaspace       used 77124K, capacity 84635K, committed 84864K, reserved 1122304K
  class space    used 10830K, capacity 12624K, committed 12672K, reserved 1048576K
Event: 93.599 GC heap after
Heap after GC invocations=334 (full 8):
 def new generation   total 162816K, used 464K [0x00000000c0000000, 0x00000000cb0a0000, 0x00000000d5550000)
  eden space 144768K,   0% used [0x00000000c0000000, 0x00000000c0000000, 0x00000000c8d60000)
  from space 18048K,   2% used [0x00000000c9f00000, 0x00000000c9f74288, 0x00000000cb0a0000)
  to   space 18048K,   0% used [0x00000000c8d60000, 0x00000000c8d60000, 0x00000000c9f00000)
 tenured generation   total 361560K, used 347914K [0x00000000d5550000, 0x00000000eb666000, 0x0000000100000000)
   the space 361560K,  96% used [0x00000000d5550000, 0x00000000ea912a58, 0x00000000ea912c00, 0x00000000eb666000)
 Metaspace       used 77124K, capacity 84635K, committed 84864K, reserved 1122304K
  class space    used 10830K, capacity 12624K, committed 12672K, reserved 1048576K
}
Event: 93.759 GC heap before
{Heap before GC invocations=334 (full 8):
 def new generation   total 162816K, used 145232K [0x00000000c0000000, 0x00000000cb0a0000, 0x00000000d5550000)
  eden space 144768K, 100% used [0x00000000c0000000, 0x00000000c8d60000, 0x00000000c8d60000)
  from space 18048K,   2% used [0x00000000c9f00000, 0x00000000c9f74288, 0x00000000cb0a0000)
  to   space 18048K,   0% used [0x00000000c8d60000, 0x00000000c8d60000, 0x00000000c9f00000)
 tenured generation   total 361560K, used 347914K [0x00000000d5550000, 0x00000000eb666000, 0x0000000100000000)
   the space 361560K,  96% used [0x00000000d5550000, 0x00000000ea912a58, 0x00000000ea912c00, 0x00000000eb666000)
 Metaspace       used 77124K, capacity 84635K, committed 84864K, reserved 1122304K
  class space    used 10830K, capacity 12624K, committed 12672K, reserved 1048576K
Event: 93.763 GC heap after
Heap after GC invocations=335 (full 8):
 def new generation   total 162816K, used 461K [0x00000000c0000000, 0x00000000cb0a0000, 0x00000000d5550000)
  eden space 144768K,   0% used [0x00000000c0000000, 0x00000000c0000000, 0x00000000c8d60000)
  from space 18048K,   2% used [0x00000000c8d60000, 0x00000000c8dd3720, 0x00000000c9f00000)
  to   space 18048K,   0% used [0x00000000c9f00000, 0x00000000c9f00000, 0x00000000cb0a0000)
 tenured generation   total 361560K, used 347937K [0x00000000d5550000, 0x00000000eb666000, 0x0000000100000000)
   the space 361560K,  96% used [0x00000000d5550000, 0x00000000ea918520, 0x00000000ea918600, 0x00000000eb666000)
 Metaspace       used 77124K, capacity 84635K, committed 84864K, reserved 1122304K
  class space    used 10830K, capacity 12624K, committed 12672K, reserved 1048576K
}
Event: 93.882 GC heap before
{Heap before GC invocations=335 (full 8):
 def new generation   total 162816K, used 145229K [0x00000000c0000000, 0x00000000cb0a0000, 0x00000000d5550000)
  eden space 144768K, 100% used [0x00000000c0000000, 0x00000000c8d60000, 0x00000000c8d60000)
  from space 18048K,   2% used [0x00000000c8d60000, 0x00000000c8dd3720, 0x00000000c9f00000)
  to   space 18048K,   0% used [0x00000000c9f00000, 0x00000000c9f00000, 0x00000000cb0a0000)
 tenured generation   total 361560K, used 347937K [0x00000000d5550000, 0x00000000eb666000, 0x0000000100000000)
   the space 361560K,  96% used [0x00000000d5550000, 0x00000000ea918520, 0x00000000ea918600, 0x00000000eb666000)
 Metaspace       used 77124K, capacity 84635K, committed 84864K, reserved 1122304K
  class space    used 10830K, capacity 12624K, committed 12672K, reserved 1048576K
Event: 93.885 GC heap after
Heap after GC invocations=336 (full 8):
 def new generation   total 162816K, used 418K [0x00000000c0000000, 0x00000000cb0a0000, 0x00000000d5550000)
  eden space 144768K,   0% used [0x00000000c0000000, 0x00000000c0000000, 0x00000000c8d60000)
  from space 18048K,   2% used [0x00000000c9f00000, 0x00000000c9f68a30, 0x00000000cb0a0000)
  to   space 18048K,   0% used [0x00000000c8d60000, 0x00000000c8d60000, 0x00000000c9f00000)
 tenured generation   total 361560K, used 347984K [0x00000000d5550000, 0x00000000eb666000, 0x0000000100000000)
   the space 361560K,  96% used [0x00000000d5550000, 0x00000000ea924040, 0x00000000ea924200, 0x00000000eb666000)
 Metaspace       used 77124K, capacity 84635K, committed 84864K, reserved 1122304K
  class space    used 10830K, capacity 12624K, committed 12672K, reserved 1048576K
}
Event: 94.306 GC heap before
{Heap before GC invocations=336 (full 8):
 def new generation   total 162816K, used 145186K [0x00000000c0000000, 0x00000000cb0a0000, 0x00000000d5550000)
  eden space 144768K, 100% used [0x00000000c0000000, 0x00000000c8d60000, 0x00000000c8d60000)
  from space 18048K,   2% used [0x00000000c9f00000, 0x00000000c9f68a30, 0x00000000cb0a0000)
  to   space 18048K,   0% used [0x00000000c8d60000, 0x00000000c8d60000, 0x00000000c9f00000)
 tenured generation   total 361560K, used 347984K [0x00000000d5550000, 0x00000000eb666000, 0x0000000100000000)
   the space 361560K,  96% used [0x00000000d5550000, 0x00000000ea924040, 0x00000000ea924200, 0x00000000eb666000)
 Metaspace       used 77124K, capacity 84635K, committed 84864K, reserved 1122304K
  class space    used 10830K, capacity 12624K, committed 12672K, reserved 1048576K
Event: 94.310 GC heap after
Heap after GC invocations=337 (full 8):
 def new generation   total 162816K, used 448K [0x00000000c0000000, 0x00000000cb0a0000, 0x00000000d5550000)
  eden space 144768K,   0% used [0x00000000c0000000, 0x00000000c0000000, 0x00000000c8d60000)
  from space 18048K,   2% used [0x00000000c8d60000, 0x00000000c8dd0388, 0x00000000c9f00000)
  to   space 18048K,   0% used [0x00000000c9f00000, 0x00000000c9f00000, 0x00000000cb0a0000)
 tenured generation   total 361560K, used 347984K [0x00000000d5550000, 0x00000000eb666000, 0x0000000100000000)
   the space 361560K,  96% used [0x00000000d5550000, 0x00000000ea924040, 0x00000000ea924200, 0x00000000eb666000)
 Metaspace       used 77124K, capacity 84635K, committed 84864K, reserved 1122304K
  class space    used 10830K, capacity 12624K, committed 12672K, reserved 1048576K
}
Event: 94.588 GC heap before
{Heap before GC invocations=337 (full 8):
 def new generation   total 162816K, used 145216K [0x00000000c0000000, 0x00000000cb0a0000, 0x00000000d5550000)
  eden space 144768K, 100% used [0x00000000c0000000, 0x00000000c8d60000, 0x00000000c8d60000)
  from space 18048K,   2% used [0x00000000c8d60000, 0x00000000c8dd0388, 0x00000000c9f00000)
  to   space 18048K,   0% used [0x00000000c9f00000, 0x00000000c9f00000, 0x00000000cb0a0000)
 tenured generation   total 361560K, used 347984K [0x00000000d5550000, 0x00000000eb666000, 0x0000000100000000)
   the space 361560K,  96% used [0x00000000d5550000, 0x00000000ea924040, 0x00000000ea924200, 0x00000000eb666000)
 Metaspace       used 77124K, capacity 84635K, committed 84864K, reserved 1122304K
  class space    used 10830K, capacity 12624K, committed 12672K, reserved 1048576K
Event: 94.592 GC heap after
Heap after GC invocations=338 (full 8):
 def new generation   total 162816K, used 438K [0x00000000c0000000, 0x00000000cb0a0000, 0x00000000d5550000)
  eden space 144768K,   0% used [0x00000000c0000000, 0x00000000c0000000, 0x00000000c8d60000)
  from space 18048K,   2% used [0x00000000c9f00000, 0x00000000c9f6dbc0, 0x00000000cb0a0000)
  to   space 18048K,   0% used [0x00000000c8d60000, 0x00000000c8d60000, 0x00000000c9f00000)
 tenured generation   total 361560K, used 348007K [0x00000000d5550000, 0x00000000eb666000, 0x0000000100000000)
   the space 361560K,  96% used [0x00000000d5550000, 0x00000000ea929c98, 0x00000000ea929e00, 0x00000000eb666000)
 Metaspace       used 77124K, capacity 84635K, committed 84864K, reserved 1122304K
  class space    used 10830K, capacity 12624K, committed 12672K, reserved 1048576K
}
Event: 94.841 GC heap before
{Heap before GC invocations=338 (full 8):
 def new generation   total 162816K, used 145206K [0x00000000c0000000, 0x00000000cb0a0000, 0x00000000d5550000)
  eden space 144768K, 100% used [0x00000000c0000000, 0x00000000c8d60000, 0x00000000c8d60000)
  from space 18048K,   2% used [0x00000000c9f00000, 0x00000000c9f6dbc0, 0x00000000cb0a0000)
  to   space 18048K,   0% used [0x00000000c8d60000, 0x00000000c8d60000, 0x00000000c9f00000)
 tenured generation   total 361560K, used 348007K [0x00000000d5550000, 0x00000000eb666000, 0x0000000100000000)
   the space 361560K,  96% used [0x00000000d5550000, 0x00000000ea929c98, 0x00000000ea929e00, 0x00000000eb666000)
 Metaspace       used 77124K, capacity 84635K, committed 84864K, reserved 1122304K
  class space    used 10830K, capacity 12624K, committed 12672K, reserved 1048576K
Event: 94.844 GC heap after
Heap after GC invocations=339 (full 8):
 def new generation   total 162816K, used 438K [0x00000000c0000000, 0x00000000cb0a0000, 0x00000000d5550000)
  eden space 144768K,   0% used [0x00000000c0000000, 0x00000000c0000000, 0x00000000c8d60000)
  from space 18048K,   2% used [0x00000000c8d60000, 0x00000000c8dcd9a0, 0x00000000c9f00000)
  to   space 18048K,   0% used [0x00000000c9f00000, 0x00000000c9f00000, 0x00000000cb0a0000)
 tenured generation   total 361560K, used 348028K [0x00000000d5550000, 0x00000000eb666000, 0x0000000100000000)
   the space 361560K,  96% used [0x00000000d5550000, 0x00000000ea92f338, 0x00000000ea92f400, 0x00000000eb666000)
 Metaspace       used 77124K, capacity 84635K, committed 84864K, reserved 1122304K
  class space    used 10830K, capacity 12624K, committed 12672K, reserved 1048576K
}
Event: 95.081 GC heap before
{Heap before GC invocations=339 (full 8):
 def new generation   total 162816K, used 145206K [0x00000000c0000000, 0x00000000cb0a0000, 0x00000000d5550000)
  eden space 144768K, 100% used [0x00000000c0000000, 0x00000000c8d60000, 0x00000000c8d60000)
  from space 18048K,   2% used [0x00000000c8d60000, 0x00000000c8dcd9a0, 0x00000000c9f00000)
  to   space 18048K,   0% used [0x00000000c9f00000, 0x00000000c9f00000, 0x00000000cb0a0000)
 tenured generation   total 361560K, used 348028K [0x00000000d5550000, 0x00000000eb666000, 0x0000000100000000)
   the space 361560K,  96% used [0x00000000d5550000, 0x00000000ea92f338, 0x00000000ea92f400, 0x00000000eb666000)
 Metaspace       used 77124K, capacity 84635K, committed 84864K, reserved 1122304K
  class space    used 10830K, capacity 12624K, committed 12672K, reserved 1048576K
Event: 95.085 GC heap after
Heap after GC invocations=340 (full 8):
 def new generation   total 162816K, used 484K [0x00000000c0000000, 0x00000000cb0a0000, 0x00000000d5550000)
  eden space 144768K,   0% used [0x00000000c0000000, 0x00000000c0000000, 0x00000000c8d60000)
  from space 18048K,   2% used [0x00000000c9f00000, 0x00000000c9f79228, 0x00000000cb0a0000)
  to   space 18048K,   0% used [0x00000000c8d60000, 0x00000000c8d60000, 0x00000000c9f00000)
 tenured generation   total 361560K, used 348030K [0x00000000d5550000, 0x00000000eb666000, 0x0000000100000000)
   the space 361560K,  96% used [0x00000000d5550000, 0x00000000ea92fbb8, 0x00000000ea92fc00, 0x00000000eb666000)
 Metaspace       used 77124K, capacity 84635K, committed 84864K, reserved 1122304K
  class space    used 10830K, capacity 12624K, committed 12672K, reserved 1048576K
}
Event: 95.227 GC heap before
{Heap before GC invocations=340 (full 8):
 def new generation   total 162816K, used 145252K [0x00000000c0000000, 0x00000000cb0a0000, 0x00000000d5550000)
  eden space 144768K, 100% used [0x00000000c0000000, 0x00000000c8d60000, 0x00000000c8d60000)
  from space 18048K,   2% used [0x00000000c9f00000, 0x00000000c9f79228, 0x00000000cb0a0000)
  to   space 18048K,   0% used [0x00000000c8d60000, 0x00000000c8d60000, 0x00000000c9f00000)
 tenured generation   total 361560K, used 348030K [0x00000000d5550000, 0x00000000eb666000, 0x0000000100000000)
   the space 361560K,  96% used [0x00000000d5550000, 0x00000000ea92fbb8, 0x00000000ea92fc00, 0x00000000eb666000)
 Metaspace       used 77124K, capacity 84635K, committed 84864K, reserved 1122304K
  class space    used 10830K, capacity 12624K, committed 12672K, reserved 1048576K
Event: 95.230 GC heap after
Heap after GC invocations=341 (full 8):
 def new generation   total 162816K, used 444K [0x00000000c0000000, 0x00000000cb0a0000, 0x00000000d5550000)
  eden space 144768K,   0% used [0x00000000c0000000, 0x00000000c0000000, 0x00000000c8d60000)
  from space 18048K,   2% used [0x00000000c8d60000, 0x00000000c8dcf290, 0x00000000c9f00000)
  to   space 18048K,   0% used [0x00000000c9f00000, 0x00000000c9f00000, 0x00000000cb0a0000)
 tenured generation   total 361560K, used 348082K [0x00000000d5550000, 0x00000000eb666000, 0x0000000100000000)
   the space 361560K,  96% used [0x00000000d5550000, 0x00000000ea93c8c0, 0x00000000ea93ca00, 0x00000000eb666000)
 Metaspace       used 77124K, capacity 84635K, committed 84864K, reserved 1122304K
  class space    used 10830K, capacity 12624K, committed 12672K, reserved 1048576K
}
Event: 95.392 GC heap before
{Heap before GC invocations=341 (full 8):
 def new generation   total 162816K, used 145212K [0x00000000c0000000, 0x00000000cb0a0000, 0x00000000d5550000)
  eden space 144768K, 100% used [0x00000000c0000000, 0x00000000c8d60000, 0x00000000c8d60000)
  from space 18048K,   2% used [0x00000000c8d60000, 0x00000000c8dcf290, 0x00000000c9f00000)
  to   space 18048K,   0% used [0x00000000c9f00000, 0x00000000c9f00000, 0x00000000cb0a0000)
 tenured generation   total 361560K, used 348082K [0x00000000d5550000, 0x00000000eb666000, 0x0000000100000000)
   the space 361560K,  96% used [0x00000000d5550000, 0x00000000ea93c8c0, 0x00000000ea93ca00, 0x00000000eb666000)
 Metaspace       used 77125K, capacity 84635K, committed 84864K, reserved 1122304K
  class space    used 10830K, capacity 12624K, committed 12672K, reserved 1048576K
Event: 95.396 GC heap after
Heap after GC invocations=342 (full 8):
 def new generation   total 162816K, used 455K [0x00000000c0000000, 0x00000000cb0a0000, 0x00000000d5550000)
  eden space 144768K,   0% used [0x00000000c0000000, 0x00000000c0000000, 0x00000000c8d60000)
  from space 18048K,   2% used [0x00000000c9f00000, 0x00000000c9f71f40, 0x00000000cb0a0000)
  to   space 18048K,   0% used [0x00000000c8d60000, 0x00000000c8d60000, 0x00000000c9f00000)
 tenured generation   total 361560K, used 348092K [0x00000000d5550000, 0x00000000eb666000, 0x0000000100000000)
   the space 361560K,  96% used [0x00000000d5550000, 0x00000000ea93f248, 0x00000000ea93f400, 0x00000000eb666000)
 Metaspace       used 77125K, capacity 84635K, committed 84864K, reserved 1122304K
  class space    used 10830K, capacity 12624K, committed 12672K, reserved 1048576K
}
Event: 95.660 GC heap before
{Heap before GC invocations=342 (full 8):
 def new generation   total 162816K, used 145223K [0x00000000c0000000, 0x00000000cb0a0000, 0x00000000d5550000)
  eden space 144768K, 100% used [0x00000000c0000000, 0x00000000c8d60000, 0x00000000c8d60000)
  from space 18048K,   2% used [0x00000000c9f00000, 0x00000000c9f71f40, 0x00000000cb0a0000)
  to   space 18048K,   0% used [0x00000000c8d60000, 0x00000000c8d60000, 0x00000000c9f00000)
 tenured generation   total 361560K, used 348092K [0x00000000d5550000, 0x00000000eb666000, 0x0000000100000000)
   the space 361560K,  96% used [0x00000000d5550000, 0x00000000ea93f248, 0x00000000ea93f400, 0x00000000eb666000)
 Metaspace       used 77125K, capacity 84635K, committed 84864K, reserved 1122304K
  class space    used 10830K, capacity 12624K, committed 12672K, reserved 1048576K
Event: 95.664 GC heap after
Heap after GC invocations=343 (full 8):
 def new generation   total 162816K, used 430K [0x00000000c0000000, 0x00000000cb0a0000, 0x00000000d5550000)
  eden space 144768K,   0% used [0x00000000c0000000, 0x00000000c0000000, 0x00000000c8d60000)
  from space 18048K,   2% used [0x00000000c8d60000, 0x00000000c8dcb890, 0x00000000c9f00000)
  to   space 18048K,   0% used [0x00000000c9f00000, 0x00000000c9f00000, 0x00000000cb0a0000)
 tenured generation   total 361560K, used 348131K [0x00000000d5550000, 0x00000000eb666000, 0x0000000100000000)
   the space 361560K,  96% used [0x00000000d5550000, 0x00000000ea948e60, 0x00000000ea949000, 0x00000000eb666000)
 Metaspace       used 77125K, capacity 84635K, committed 84864K, reserved 1122304K
  class space    used 10830K, capacity 12624K, committed 12672K, reserved 1048576K
}
Event: 95.964 GC heap before
{Heap before GC invocations=343 (full 8):
 def new generation   total 162816K, used 145198K [0x00000000c0000000, 0x00000000cb0a0000, 0x00000000d5550000)
  eden space 144768K, 100% used [0x00000000c0000000, 0x00000000c8d60000, 0x00000000c8d60000)
  from space 18048K,   2% used [0x00000000c8d60000, 0x00000000c8dcb890, 0x00000000c9f00000)
  to   space 18048K,   0% used [0x00000000c9f00000, 0x00000000c9f00000, 0x00000000cb0a0000)
 tenured generation   total 361560K, used 348131K [0x00000000d5550000, 0x00000000eb666000, 0x0000000100000000)
   the space 361560K,  96% used [0x00000000d5550000, 0x00000000ea948e60, 0x00000000ea949000, 0x00000000eb666000)
 Metaspace       used 78095K, capacity 85665K, committed 85888K, reserved 1122304K
  class space    used 10997K, capacity 12835K, committed 12928K, reserved 1048576K
Event: 95.972 GC heap after
Heap after GC invocations=344 (full 8):
 def new generation   total 162816K, used 1261K [0x00000000c0000000, 0x00000000cb0a0000, 0x00000000d5550000)
  eden space 144768K,   0% used [0x00000000c0000000, 0x00000000c0000000, 0x00000000c8d60000)
  from space 18048K,   6% used [0x00000000c9f00000, 0x00000000ca03b4d8, 0x00000000cb0a0000)
  to   space 18048K,   0% used [0x00000000c8d60000, 0x00000000c8d60000, 0x00000000c9f00000)
 tenured generation   total 361560K, used 348154K [0x00000000d5550000, 0x00000000eb666000, 0x0000000100000000)
   the space 361560K,  96% used [0x00000000d5550000, 0x00000000ea94e990, 0x00000000ea94ea00, 0x00000000eb666000)
 Metaspace       used 78095K, capacity 85665K, committed 85888K, reserved 1122304K
  class space    used 10997K, capacity 12835K, committed 12928K, reserved 1048576K
}
Event: 96.498 GC heap before
{Heap before GC invocations=344 (full 8):
 def new generation   total 162816K, used 146029K [0x00000000c0000000, 0x00000000cb0a0000, 0x00000000d5550000)
  eden space 144768K, 100% used [0x00000000c0000000, 0x00000000c8d60000, 0x00000000c8d60000)
  from space 18048K,   6% used [0x00000000c9f00000, 0x00000000ca03b4d8, 0x00000000cb0a0000)
  to   space 18048K,   0% used [0x00000000c8d60000, 0x00000000c8d60000, 0x00000000c9f00000)
 tenured generation   total 361560K, used 348154K [0x00000000d5550000, 0x00000000eb666000, 0x0000000100000000)
   the space 361560K,  96% used [0x00000000d5550000, 0x00000000ea94e990, 0x00000000ea94ea00, 0x00000000eb666000)
 Metaspace       used 78806K, capacity 86435K, committed 86528K, reserved 1122304K
  class space    used 11132K, capacity 13040K, committed 13056K, reserved 1048576K
Event: 96.505 GC heap after
Heap after GC invocations=345 (full 8):
 def new generation   total 162816K, used 1996K [0x00000000c0000000, 0x00000000cb0a0000, 0x00000000d5550000)
  eden space 144768K,   0% used [0x00000000c0000000, 0x00000000c0000000, 0x00000000c8d60000)
  from space 18048K,  11% used [0x00000000c8d60000, 0x00000000c8f53288, 0x00000000c9f00000)
  to   space 18048K,   0% used [0x00000000c9f00000, 0x00000000c9f00000, 0x00000000cb0a0000)
 tenured generation   total 361560K, used 348160K [0x00000000d5550000, 0x00000000eb666000, 0x0000000100000000)
   the space 361560K,  96% used [0x00000000d5550000, 0x00000000ea950270, 0x00000000ea950400, 0x00000000eb666000)
 Metaspace       used 78806K, capacity 86435K, committed 86528K, reserved 1122304K
  class space    used 11132K, capacity 13040K, committed 13056K, reserved 1048576K
}
Event: 96.655 GC heap before
{Heap before GC invocations=345 (full 8):
 def new generation   total 162816K, used 146764K [0x00000000c0000000, 0x00000000cb0a0000, 0x00000000d5550000)
  eden space 144768K, 100% used [0x00000000c0000000, 0x00000000c8d60000, 0x00000000c8d60000)
  from space 18048K,  11% used [0x00000000c8d60000, 0x00000000c8f53288, 0x00000000c9f00000)
  to   space 18048K,   0% used [0x00000000c9f00000, 0x00000000c9f00000, 0x00000000cb0a0000)
 tenured generation   total 361560K, used 348160K [0x00000000d5550000, 0x00000000eb666000, 0x0000000100000000)
   the space 361560K,  96% used [0x00000000d5550000, 0x00000000ea950270, 0x00000000ea950400, 0x00000000eb666000)
 Metaspace       used 78806K, capacity 86435K, committed 86528K, reserved 1122304K
  class space    used 11132K, capacity 13040K, committed 13056K, reserved 1048576K
Event: 96.660 GC heap after
Heap after GC invocations=346 (full 8):
 def new generation   total 162816K, used 1549K [0x00000000c0000000, 0x00000000cb0a0000, 0x00000000d5550000)
  eden space 144768K,   0% used [0x00000000c0000000, 0x00000000c0000000, 0x00000000c8d60000)
  from space 18048K,   8% used [0x00000000c9f00000, 0x00000000ca083690, 0x00000000cb0a0000)
  to   space 18048K,   0% used [0x00000000c8d60000, 0x00000000c8d60000, 0x00000000c9f00000)
 tenured generation   total 361560K, used 348171K [0x00000000d5550000, 0x00000000eb666000, 0x0000000100000000)
   the space 361560K,  96% used [0x00000000d5550000, 0x00000000ea952c78, 0x00000000ea952e00, 0x00000000eb666000)
 Metaspace       used 78806K, capacity 86435K, committed 86528K, reserved 1122304K
  class space    used 11132K, capacity 13040K, committed 13056K, reserved 1048576K
}
Event: 96.856 GC heap before
{Heap before GC invocations=346 (full 8):
 def new generation   total 162816K, used 146317K [0x00000000c0000000, 0x00000000cb0a0000, 0x00000000d5550000)
  eden space 144768K, 100% used [0x00000000c0000000, 0x00000000c8d60000, 0x00000000c8d60000)
  from space 18048K,   8% used [0x00000000c9f00000, 0x00000000ca083690, 0x00000000cb0a0000)
  to   space 18048K,   0% used [0x00000000c8d60000, 0x00000000c8d60000, 0x00000000c9f00000)
 tenured generation   total 361560K, used 348171K [0x00000000d5550000, 0x00000000eb666000, 0x0000000100000000)
   the space 361560K,  96% used [0x00000000d5550000, 0x00000000ea952c78, 0x00000000ea952e00, 0x00000000eb666000)
 Metaspace       used 78810K, capacity 86503K, committed 86528K, reserved 1122304K
  class space    used 11132K, capacity 13040K, committed 13056K, reserved 1048576K
Event: 96.862 GC heap after
Heap after GC invocations=347 (full 8):
 def new generation   total 162816K, used 1538K [0x00000000c0000000, 0x00000000cb0a0000, 0x00000000d5550000)
  eden space 144768K,   0% used [0x00000000c0000000, 0x00000000c0000000, 0x00000000c8d60000)
  from space 18048K,   8% used [0x00000000c8d60000, 0x00000000c8ee0848, 0x00000000c9f00000)
  to   space 18048K,   0% used [0x00000000c9f00000, 0x00000000c9f00000, 0x00000000cb0a0000)
 tenured generation   total 361560K, used 348203K [0x00000000d5550000, 0x00000000eb666000, 0x0000000100000000)
   the space 361560K,  96% used [0x00000000d5550000, 0x00000000ea95aeb8, 0x00000000ea95b000, 0x00000000eb666000)
 Metaspace       used 78810K, capacity 86503K, committed 86528K, reserved 1122304K
  class space    used 11132K, capacity 13040K, committed 13056K, reserved 1048576K
}
Event: 97.022 GC heap before
{Heap before GC invocations=347 (full 8):
 def new generation   total 162816K, used 146306K [0x00000000c0000000, 0x00000000cb0a0000, 0x00000000d5550000)
  eden space 144768K, 100% used [0x00000000c0000000, 0x00000000c8d60000, 0x00000000c8d60000)
  from space 18048K,   8% used [0x00000000c8d60000, 0x00000000c8ee0848, 0x00000000c9f00000)
  to   space 18048K,   0% used [0x00000000c9f00000, 0x00000000c9f00000, 0x00000000cb0a0000)
 tenured generation   total 361560K, used 348203K [0x00000000d5550000, 0x00000000eb666000, 0x0000000100000000)
   the space 361560K,  96% used [0x00000000d5550000, 0x00000000ea95aeb8, 0x00000000ea95b000, 0x00000000eb666000)
 Metaspace       used 78811K, capacity 86503K, committed 86528K, reserved 1122304K
  class space    used 11132K, capacity 13040K, committed 13056K, reserved 1048576K
Event: 97.028 GC heap after
Heap after GC invocations=348 (full 8):
 def new generation   total 162816K, used 1546K [0x00000000c0000000, 0x00000000cb0a0000, 0x00000000d5550000)
  eden space 144768K,   0% used [0x00000000c0000000, 0x00000000c0000000, 0x00000000c8d60000)
  from space 18048K,   8% used [0x00000000c9f00000, 0x00000000ca082b30, 0x00000000cb0a0000)
  to   space 18048K,   0% used [0x00000000c8d60000, 0x00000000c8d60000, 0x00000000c9f00000)
 tenured generation   total 361560K, used 348218K [0x00000000d5550000, 0x00000000eb666000, 0x0000000100000000)
   the space 361560K,  96% used [0x00000000d5550000, 0x00000000ea95ea08, 0x00000000ea95ec00, 0x00000000eb666000)
 Metaspace       used 78811K, capacity 86503K, committed 86528K, reserved 1122304K
  class space    used 11132K, capacity 13040K, committed 13056K, reserved 1048576K
}
Event: 97.250 GC heap before
{Heap before GC invocations=348 (full 8):
 def new generation   total 162816K, used 146314K [0x00000000c0000000, 0x00000000cb0a0000, 0x00000000d5550000)
  eden space 144768K, 100% used [0x00000000c0000000, 0x00000000c8d60000, 0x00000000c8d60000)
  from space 18048K,   8% used [0x00000000c9f00000, 0x00000000ca082b30, 0x00000000cb0a0000)
  to   space 18048K,   0% used [0x00000000c8d60000, 0x00000000c8d60000, 0x00000000c9f00000)
 tenured generation   total 361560K, used 348218K [0x00000000d5550000, 0x00000000eb666000, 0x0000000100000000)
   the space 361560K,  96% used [0x00000000d5550000, 0x00000000ea95ea08, 0x00000000ea95ec00, 0x00000000eb666000)
 Metaspace       used 78815K, capacity 86503K, committed 86528K, reserved 1122304K
  class space    used 11132K, capacity 13040K, committed 13056K, reserved 1048576K
Event: 97.256 GC heap after
Heap after GC invocations=349 (full 8):
 def new generation   total 162816K, used 1498K [0x00000000c0000000, 0x00000000cb0a0000, 0x00000000d5550000)
  eden space 144768K,   0% used [0x00000000c0000000, 0x00000000c0000000, 0x00000000c8d60000)
  from space 18048K,   8% used [0x00000000c8d60000, 0x00000000c8ed6970, 0x00000000c9f00000)
  to   space 18048K,   0% used [0x00000000c9f00000, 0x00000000c9f00000, 0x00000000cb0a0000)
 tenured generation   total 361560K, used 348269K [0x00000000d5550000, 0x00000000eb666000, 0x0000000100000000)
   the space 361560K,  96% used [0x00000000d5550000, 0x00000000ea96b7c8, 0x00000000ea96b800, 0x00000000eb666000)
 Metaspace       used 78815K, capacity 86503K, committed 86528K, reserved 1122304K
  class space    used 11132K, capacity 13040K, committed 13056K, reserved 1048576K
}
Event: 97.399 GC heap before
{Heap before GC invocations=349 (full 8):
 def new generation   total 162816K, used 146266K [0x00000000c0000000, 0x00000000cb0a0000, 0x00000000d5550000)
  eden space 144768K, 100% used [0x00000000c0000000, 0x00000000c8d60000, 0x00000000c8d60000)
  from space 18048K,   8% used [0x00000000c8d60000, 0x00000000c8ed6970, 0x00000000c9f00000)
  to   space 18048K,   0% used [0x00000000c9f00000, 0x00000000c9f00000, 0x00000000cb0a0000)
 tenured generation   total 361560K, used 348269K [0x00000000d5550000, 0x00000000eb666000, 0x0000000100000000)
   the space 361560K,  96% used [0x00000000d5550000, 0x00000000ea96b7c8, 0x00000000ea96b800, 0x00000000eb666000)
 Metaspace       used 78815K, capacity 86503K, committed 86528K, reserved 1122304K
  class space    used 11132K, capacity 13040K, committed 13056K, reserved 1048576K
Event: 97.405 GC heap after
Heap after GC invocations=350 (full 8):
 def new generation   total 162816K, used 1501K [0x00000000c0000000, 0x00000000cb0a0000, 0x00000000d5550000)
  eden space 144768K,   0% used [0x00000000c0000000, 0x00000000c0000000, 0x00000000c8d60000)
  from space 18048K,   8% used [0x00000000c9f00000, 0x00000000ca077658, 0x00000000cb0a0000)
  to   space 18048K,   0% used [0x00000000c8d60000, 0x00000000c8d60000, 0x00000000c9f00000)
 tenured generation   total 361560K, used 348294K [0x00000000d5550000, 0x00000000eb666000, 0x0000000100000000)
   the space 361560K,  96% used [0x00000000d5550000, 0x00000000ea9718b8, 0x00000000ea971a00, 0x00000000eb666000)
 Metaspace       used 78815K, capacity 86503K, committed 86528K, reserved 1122304K
  class space    used 11132K, capacity 13040K, committed 13056K, reserved 1048576K
}
Event: 97.729 GC heap before
{Heap before GC invocations=350 (full 8):
 def new generation   total 162816K, used 146269K [0x00000000c0000000, 0x00000000cb0a0000, 0x00000000d5550000)
  eden space 144768K, 100% used [0x00000000c0000000, 0x00000000c8d60000, 0x00000000c8d60000)
  from space 18048K,   8% used [0x00000000c9f00000, 0x00000000ca077658, 0x00000000cb0a0000)
  to   space 18048K,   0% used [0x00000000c8d60000, 0x00000000c8d60000, 0x00000000c9f00000)
 tenured generation   total 361560K, used 348294K [0x00000000d5550000, 0x00000000eb666000, 0x0000000100000000)
   the space 361560K,  96% used [0x00000000d5550000, 0x00000000ea9718b8, 0x00000000ea971a00, 0x00000000eb666000)
 Metaspace       used 78815K, capacity 86503K, committed 86528K, reserved 1122304K
  class space    used 11132K, capacity 13040K, committed 13056K, reserved 1048576K
Event: 97.735 GC heap after
Heap after GC invocations=351 (full 8):
 def new generation   total 162816K, used 1563K [0x00000000c0000000, 0x00000000cb0a0000, 0x00000000d5550000)
  eden space 144768K,   0% used [0x00000000c0000000, 0x00000000c0000000, 0x00000000c8d60000)
  from space 18048K,   8% used [0x00000000c8d60000, 0x00000000c8ee6c68, 0x00000000c9f00000)
  to   space 18048K,   0% used [0x00000000c9f00000, 0x00000000c9f00000, 0x00000000cb0a0000)
 tenured generation   total 361560K, used 348296K [0x00000000d5550000, 0x00000000eb666000, 0x0000000100000000)
   the space 361560K,  96% used [0x00000000d5550000, 0x00000000ea9721f8, 0x00000000ea972200, 0x00000000eb666000)
 Metaspace       used 78815K, capacity 86503K, committed 86528K, reserved 1122304K
  class space    used 11132K, capacity 13040K, committed 13056K, reserved 1048576K
}
Event: 97.847 GC heap before
{Heap before GC invocations=351 (full 8):
 def new generation   total 162816K, used 146331K [0x00000000c0000000, 0x00000000cb0a0000, 0x00000000d5550000)
  eden space 144768K, 100% used [0x00000000c0000000, 0x00000000c8d60000, 0x00000000c8d60000)
  from space 18048K,   8% used [0x00000000c8d60000, 0x00000000c8ee6c68, 0x00000000c9f00000)
  to   space 18048K,   0% used [0x00000000c9f00000, 0x00000000c9f00000, 0x00000000cb0a0000)
 tenured generation   total 361560K, used 348296K [0x00000000d5550000, 0x00000000eb666000, 0x0000000100000000)
   the space 361560K,  96% used [0x00000000d5550000, 0x00000000ea9721f8, 0x00000000ea972200, 0x00000000eb666000)
 Metaspace       used 78815K, capacity 86503K, committed 86528K, reserved 1122304K
  class space    used 11132K, capacity 13040K, committed 13056K, reserved 1048576K
Event: 97.859 GC heap after
Heap after GC invocations=352 (full 8):
 def new generation   total 162816K, used 2687K [0x00000000c0000000, 0x00000000cb0a0000, 0x00000000d5550000)
  eden space 144768K,   0% used [0x00000000c0000000, 0x00000000c0000000, 0x00000000c8d60000)
  from space 18048K,  14% used [0x00000000c9f00000, 0x00000000ca19fdf8, 0x00000000cb0a0000)
  to   space 18048K,   0% used [0x00000000c8d60000, 0x00000000c8d60000, 0x00000000c9f00000)
 tenured generation   total 361560K, used 348312K [0x00000000d5550000, 0x00000000eb666000, 0x0000000100000000)
   the space 361560K,  96% used [0x00000000d5550000, 0x00000000ea976380, 0x00000000ea976400, 0x00000000eb666000)
 Metaspace       used 78815K, capacity 86503K, committed 86528K, reserved 1122304K
  class space    used 11132K, capacity 13040K, committed 13056K, reserved 1048576K
}
Event: 98.013 GC heap before
{Heap before GC invocations=352 (full 8):
 def new generation   total 162816K, used 147455K [0x00000000c0000000, 0x00000000cb0a0000, 0x00000000d5550000)
  eden space 144768K, 100% used [0x00000000c0000000, 0x00000000c8d60000, 0x00000000c8d60000)
  from space 18048K,  14% used [0x00000000c9f00000, 0x00000000ca19fdf8, 0x00000000cb0a0000)
  to   space 18048K,   0% used [0x00000000c8d60000, 0x00000000c8d60000, 0x00000000c9f00000)
 tenured generation   total 361560K, used 348312K [0x00000000d5550000, 0x00000000eb666000, 0x0000000100000000)
   the space 361560K,  96% used [0x00000000d5550000, 0x00000000ea976380, 0x00000000ea976400, 0x00000000eb666000)
 Metaspace       used 78816K, capacity 86503K, committed 86528K, reserved 1122304K
  class space    used 11132K, capacity 13040K, committed 13056K, reserved 1048576K
Event: 98.023 GC heap after
Heap after GC invocations=353 (full 8):
 def new generation   total 162816K, used 2674K [0x00000000c0000000, 0x00000000cb0a0000, 0x00000000d5550000)
  eden space 144768K,   0% used [0x00000000c0000000, 0x00000000c0000000, 0x00000000c8d60000)
  from space 18048K,  14% used [0x00000000c8d60000, 0x00000000c8ffc900, 0x00000000c9f00000)
  to   space 18048K,   0% used [0x00000000c9f00000, 0x00000000c9f00000, 0x00000000cb0a0000)
 tenured generation   total 361560K, used 348338K [0x00000000d5550000, 0x00000000eb666000, 0x0000000100000000)
   the space 361560K,  96% used [0x00000000d5550000, 0x00000000ea97c838, 0x00000000ea97ca00, 0x00000000eb666000)
 Metaspace       used 78816K, capacity 86503K, committed 86528K, reserved 1122304K
  class space    used 11132K, capacity 13040K, committed 13056K, reserved 1048576K
}
Event: 98.288 GC heap before
{Heap before GC invocations=353 (full 8):
 def new generation   total 162816K, used 147442K [0x00000000c0000000, 0x00000000cb0a0000, 0x00000000d5550000)
  eden space 144768K, 100% used [0x00000000c0000000, 0x00000000c8d60000, 0x00000000c8d60000)
  from space 18048K,  14% used [0x00000000c8d60000, 0x00000000c8ffc900, 0x00000000c9f00000)
  to   space 18048K,   0% used [0x00000000c9f00000, 0x00000000c9f00000, 0x00000000cb0a0000)
 tenured generation   total 361560K, used 348338K [0x00000000d5550000, 0x00000000eb666000, 0x0000000100000000)
   the space 361560K,  96% used [0x00000000d5550000, 0x00000000ea97c838, 0x00000000ea97ca00, 0x00000000eb666000)
 Metaspace       used 78817K, capacity 86503K, committed 86528K, reserved 1122304K
  class space    used 11132K, capacity 13040K, committed 13056K, reserved 1048576K
Event: 98.297 GC heap after
Heap after GC invocations=354 (full 8):
 def new generation   total 162816K, used 2676K [0x00000000c0000000, 0x00000000cb0a0000, 0x00000000d5550000)
  eden space 144768K,   0% used [0x00000000c0000000, 0x00000000c0000000, 0x00000000c8d60000)
  from space 18048K,  14% used [0x00000000c9f00000, 0x00000000ca19d078, 0x00000000cb0a0000)
  to   space 18048K,   0% used [0x00000000c8d60000, 0x00000000c8d60000, 0x00000000c9f00000)
 tenured generation   total 361560K, used 348359K [0x00000000d5550000, 0x00000000eb666000, 0x0000000100000000)
   the space 361560K,  96% used [0x00000000d5550000, 0x00000000ea981fd0, 0x00000000ea982000, 0x00000000eb666000)
 Metaspace       used 78817K, capacity 86503K, committed 86528K, reserved 1122304K
  class space    used 11132K, capacity 13040K, committed 13056K, reserved 1048576K
}
Event: 98.451 GC heap before
{Heap before GC invocations=354 (full 8):
 def new generation   total 162816K, used 147444K [0x00000000c0000000, 0x00000000cb0a0000, 0x00000000d5550000)
  eden space 144768K, 100% used [0x00000000c0000000, 0x00000000c8d60000, 0x00000000c8d60000)
  from space 18048K,  14% used [0x00000000c9f00000, 0x00000000ca19d078, 0x00000000cb0a0000)
  to   space 18048K,   0% used [0x00000000c8d60000, 0x00000000c8d60000, 0x00000000c9f00000)
 tenured generation   total 361560K, used 348359K [0x00000000d5550000, 0x00000000eb666000, 0x0000000100000000)
   the space 361560K,  96% used [0x00000000d5550000, 0x00000000ea981fd0, 0x00000000ea982000, 0x00000000eb666000)
 Metaspace       used 78820K, capacity 86503K, committed 86528K, reserved 1122304K
  class space    used 11132K, capacity 13040K, committed 13056K, reserved 1048576K
Event: 98.460 GC heap after
Heap after GC invocations=355 (full 8):
 def new generation   total 162816K, used 2644K [0x00000000c0000000, 0x00000000cb0a0000, 0x00000000d5550000)
  eden space 144768K,   0% used [0x00000000c0000000, 0x00000000c0000000, 0x00000000c8d60000)
  from space 18048K,  14% used [0x00000000c8d60000, 0x00000000c8ff5230, 0x00000000c9f00000)
  to   space 18048K,   0% used [0x00000000c9f00000, 0x00000000c9f00000, 0x00000000cb0a0000)
 tenured generation   total 361560K, used 348411K [0x00000000d5550000, 0x00000000eb666000, 0x0000000100000000)
   the space 361560K,  96% used [0x00000000d5550000, 0x00000000ea98ecc8, 0x00000000ea98ee00, 0x00000000eb666000)
 Metaspace       used 78820K, capacity 86503K, committed 86528K, reserved 1122304K
  class space    used 11132K, capacity 13040K, committed 13056K, reserved 1048576K
}
Event: 98.607 GC heap before
{Heap before GC invocations=355 (full 8):
 def new generation   total 162816K, used 147412K [0x00000000c0000000, 0x00000000cb0a0000, 0x00000000d5550000)
  eden space 144768K, 100% used [0x00000000c0000000, 0x00000000c8d60000, 0x00000000c8d60000)
  from space 18048K,  14% used [0x00000000c8d60000, 0x00000000c8ff5230, 0x00000000c9f00000)
  to   space 18048K,   0% used [0x00000000c9f00000, 0x00000000c9f00000, 0x00000000cb0a0000)
 tenured generation   total 361560K, used 348411K [0x00000000d5550000, 0x00000000eb666000, 0x0000000100000000)
   the space 361560K,  96% used [0x00000000d5550000, 0x00000000ea98ecc8, 0x00000000ea98ee00, 0x00000000eb666000)
 Metaspace       used 78820K, capacity 86503K, committed 86528K, reserved 1122304K
  class space    used 11132K, capacity 13040K, committed 13056K, reserved 1048576K
Event: 98.616 GC heap after
Heap after GC invocations=356 (full 8):
 def new generation   total 162816K, used 2651K [0x00000000c0000000, 0x00000000cb0a0000, 0x00000000d5550000)
  eden space 144768K,   0% used [0x00000000c0000000, 0x00000000c0000000, 0x00000000c8d60000)
  from space 18048K,  14% used [0x00000000c9f00000, 0x00000000ca196d58, 0x00000000cb0a0000)
  to   space 18048K,   0% used [0x00000000c8d60000, 0x00000000c8d60000, 0x00000000c9f00000)
 tenured generation   total 361560K, used 348424K [0x00000000d5550000, 0x00000000eb666000, 0x0000000100000000)
   the space 361560K,  96% used [0x00000000d5550000, 0x00000000ea992050, 0x00000000ea992200, 0x00000000eb666000)
 Metaspace       used 78820K, capacity 86503K, committed 86528K, reserved 1122304K
  class space    used 11132K, capacity 13040K, committed 13056K, reserved 1048576K
}
Event: 98.957 GC heap before
{Heap before GC invocations=356 (full 8):
 def new generation   total 162816K, used 147419K [0x00000000c0000000, 0x00000000cb0a0000, 0x00000000d5550000)
  eden space 144768K, 100% used [0x00000000c0000000, 0x00000000c8d60000, 0x00000000c8d60000)
  from space 18048K,  14% used [0x00000000c9f00000, 0x00000000ca196d58, 0x00000000cb0a0000)
  to   space 18048K,   0% used [0x00000000c8d60000, 0x00000000c8d60000, 0x00000000c9f00000)
 tenured generation   total 361560K, used 348424K [0x00000000d5550000, 0x00000000eb666000, 0x0000000100000000)
   the space 361560K,  96% used [0x00000000d5550000, 0x00000000ea992050, 0x00000000ea992200, 0x00000000eb666000)
 Metaspace       used 78820K, capacity 86503K, committed 86528K, reserved 1122304K
  class space    used 11132K, capacity 13040K, committed 13056K, reserved 1048576K
Event: 98.966 GC heap after
Heap after GC invocations=357 (full 8):
 def new generation   total 162816K, used 2677K [0x00000000c0000000, 0x00000000cb0a0000, 0x00000000d5550000)
  eden space 144768K,   0% used [0x00000000c0000000, 0x00000000c0000000, 0x00000000c8d60000)
  from space 18048K,  14% used [0x00000000c8d60000, 0x00000000c8ffd418, 0x00000000c9f00000)
  to   space 18048K,   0% used [0x00000000c9f00000, 0x00000000c9f00000, 0x00000000cb0a0000)
 tenured generation   total 361560K, used 348435K [0x00000000d5550000, 0x00000000eb666000, 0x0000000100000000)
   the space 361560K,  96% used [0x00000000d5550000, 0x00000000ea994f18, 0x00000000ea995000, 0x00000000eb666000)
 Metaspace       used 78820K, capacity 86503K, committed 86528K, reserved 1122304K
  class space    used 11132K, capacity 13040K, committed 13056K, reserved 1048576K
}
Event: 99.090 GC heap before
{Heap before GC invocations=357 (full 8):
 def new generation   total 162816K, used 147445K [0x00000000c0000000, 0x00000000cb0a0000, 0x00000000d5550000)
  eden space 144768K, 100% used [0x00000000c0000000, 0x00000000c8d60000, 0x00000000c8d60000)
  from space 18048K,  14% used [0x00000000c8d60000, 0x00000000c8ffd418, 0x00000000c9f00000)
  to   space 18048K,   0% used [0x00000000c9f00000, 0x00000000c9f00000, 0x00000000cb0a0000)
 tenured generation   total 361560K, used 348435K [0x00000000d5550000, 0x00000000eb666000, 0x0000000100000000)
   the space 361560K,  96% used [0x00000000d5550000, 0x00000000ea994f18, 0x00000000ea995000, 0x00000000eb666000)
 Metaspace       used 78820K, capacity 86503K, committed 86528K, reserved 1122304K
  class space    used 11132K, capacity 13040K, committed 13056K, reserved 1048576K
Event: 99.099 GC heap after
Heap after GC invocations=358 (full 8):
 def new generation   total 162816K, used 2679K [0x00000000c0000000, 0x00000000cb0a0000, 0x00000000d5550000)
  eden space 144768K,   0% used [0x00000000c0000000, 0x00000000c0000000, 0x00000000c8d60000)
  from space 18048K,  14% used [0x00000000c9f00000, 0x00000000ca19df90, 0x00000000cb0a0000)
  to   space 18048K,   0% used [0x00000000c8d60000, 0x00000000c8d60000, 0x00000000c9f00000)
 tenured generation   total 361560K, used 348454K [0x00000000d5550000, 0x00000000eb666000, 0x0000000100000000)
   the space 361560K,  96% used [0x00000000d5550000, 0x00000000ea999940, 0x00000000ea999a00, 0x00000000eb666000)
 Metaspace       used 78820K, capacity 86503K, committed 86528K, reserved 1122304K
  class space    used 11132K, capacity 13040K, committed 13056K, reserved 1048576K
}
Event: 99.253 GC heap before
{Heap before GC invocations=358 (full 8):
 def new generation   total 162816K, used 147447K [0x00000000c0000000, 0x00000000cb0a0000, 0x00000000d5550000)
  eden space 144768K, 100% used [0x00000000c0000000, 0x00000000c8d60000, 0x00000000c8d60000)
  from space 18048K,  14% used [0x00000000c9f00000, 0x00000000ca19df90, 0x00000000cb0a0000)
  to   space 18048K,   0% used [0x00000000c8d60000, 0x00000000c8d60000, 0x00000000c9f00000)
 tenured generation   total 361560K, used 348454K [0x00000000d5550000, 0x00000000eb666000, 0x0000000100000000)
   the space 361560K,  96% used [0x00000000d5550000, 0x00000000ea999940, 0x00000000ea999a00, 0x00000000eb666000)
 Metaspace       used 78827K, capacity 86509K, committed 86528K, reserved 1122304K
  class space    used 11134K, capacity 13041K, committed 13056K, reserved 1048576K
Event: 99.263 GC heap after
Heap after GC invocations=359 (full 8):
 def new generation   total 162816K, used 2490K [0x00000000c0000000, 0x00000000cb0a0000, 0x00000000d5550000)
  eden space 144768K,   0% used [0x00000000c0000000, 0x00000000c0000000, 0x00000000c8d60000)
  from space 18048K,  13% used [0x00000000c8d60000, 0x00000000c8fce830, 0x00000000c9f00000)
  to   space 18048K,   0% used [0x00000000c9f00000, 0x00000000c9f00000, 0x00000000cb0a0000)
 tenured generation   total 361560K, used 348666K [0x00000000d5550000, 0x00000000eb666000, 0x0000000100000000)
   the space 361560K,  96% used [0x00000000d5550000, 0x00000000ea9ceb98, 0x00000000ea9cec00, 0x00000000eb666000)
 Metaspace       used 78827K, capacity 86509K, committed 86528K, reserved 1122304K
  class space    used 11134K, capacity 13041K, committed 13056K, reserved 1048576K
}
Event: 99.536 GC heap before
{Heap before GC invocations=359 (full 8):
 def new generation   total 162816K, used 147258K [0x00000000c0000000, 0x00000000cb0a0000, 0x00000000d5550000)
  eden space 144768K, 100% used [0x00000000c0000000, 0x00000000c8d60000, 0x00000000c8d60000)
  from space 18048K,  13% used [0x00000000c8d60000, 0x00000000c8fce830, 0x00000000c9f00000)
  to   space 18048K,   0% used [0x00000000c9f00000, 0x00000000c9f00000, 0x00000000cb0a0000)
 tenured generation   total 361560K, used 348666K [0x00000000d5550000, 0x00000000eb666000, 0x0000000100000000)
   the space 361560K,  96% used [0x00000000d5550000, 0x00000000ea9ceb98, 0x00000000ea9cec00, 0x00000000eb666000)
 Metaspace       used 78828K, capacity 86509K, committed 86528K, reserved 1122304K
  class space    used 11134K, capacity 13041K, committed 13056K, reserved 1048576K
Event: 99.545 GC heap after
Heap after GC invocations=360 (full 8):
 def new generation   total 162816K, used 1791K [0x00000000c0000000, 0x00000000cb0a0000, 0x00000000d5550000)
  eden space 144768K,   0% used [0x00000000c0000000, 0x00000000c0000000, 0x00000000c8d60000)
  from space 18048K,   9% used [0x00000000c9f00000, 0x00000000ca0bfdf8, 0x00000000cb0a0000)
  to   space 18048K,   0% used [0x00000000c8d60000, 0x00000000c8d60000, 0x00000000c9f00000)
 tenured generation   total 361560K, used 349584K [0x00000000d5550000, 0x00000000eb666000, 0x0000000100000000)
   the space 361560K,  96% used [0x00000000d5550000, 0x00000000eaab4398, 0x00000000eaab4400, 0x00000000eb666000)
 Metaspace       used 78828K, capacity 86509K, committed 86528K, reserved 1122304K
  class space    used 11134K, capacity 13041K, committed 13056K, reserved 1048576K
}
Event: 99.688 GC heap before
{Heap before GC invocations=360 (full 8):
 def new generation   total 162816K, used 146559K [0x00000000c0000000, 0x00000000cb0a0000, 0x00000000d5550000)
  eden space 144768K, 100% used [0x00000000c0000000, 0x00000000c8d60000, 0x00000000c8d60000)
  from space 18048K,   9% used [0x00000000c9f00000, 0x00000000ca0bfdf8, 0x00000000cb0a0000)
  to   space 18048K,   0% used [0x00000000c8d60000, 0x00000000c8d60000, 0x00000000c9f00000)
 tenured generation   total 361560K, used 349584K [0x00000000d5550000, 0x00000000eb666000, 0x0000000100000000)
   the space 361560K,  96% used [0x00000000d5550000, 0x00000000eaab4398, 0x00000000eaab4400, 0x00000000eb666000)
 Metaspace       used 78828K, capacity 86509K, committed 86528K, reserved 1122304K
  class space    used 11134K, capacity 13041K, committed 13056K, reserved 1048576K
Event: 99.696 GC heap after
Heap after GC invocations=361 (full 8):
 def new generation   total 162816K, used 1792K [0x00000000c0000000, 0x00000000cb0a0000, 0x00000000d5550000)
  eden space 144768K,   0% used [0x00000000c0000000, 0x00000000c0000000, 0x00000000c8d60000)
  from space 18048K,   9% used [0x00000000c8d60000, 0x00000000c8f200b0, 0x00000000c9f00000)
  to   space 18048K,   0% used [0x00000000c9f00000, 0x00000000c9f00000, 0x00000000cb0a0000)
 tenured generation   total 361560K, used 349610K [0x00000000d5550000, 0x00000000eb666000, 0x0000000100000000)
   the space 361560K,  96% used [0x00000000d5550000, 0x00000000eaaba8e0, 0x00000000eaabaa00, 0x00000000eb666000)
 Metaspace       used 78828K, capacity 86509K, committed 86528K, reserved 1122304K
  class space    used 11134K, capacity 13041K, committed 13056K, reserved 1048576K
}
Event: 99.845 GC heap before
{Heap before GC invocations=361 (full 8):
 def new generation   total 162816K, used 146560K [0x00000000c0000000, 0x00000000cb0a0000, 0x00000000d5550000)
  eden space 144768K, 100% used [0x00000000c0000000, 0x00000000c8d60000, 0x00000000c8d60000)
  from space 18048K,   9% used [0x00000000c8d60000, 0x00000000c8f200b0, 0x00000000c9f00000)
  to   space 18048K,   0% used [0x00000000c9f00000, 0x00000000c9f00000, 0x00000000cb0a0000)
 tenured generation   total 361560K, used 349610K [0x00000000d5550000, 0x00000000eb666000, 0x0000000100000000)
   the space 361560K,  96% used [0x00000000d5550000, 0x00000000eaaba8e0, 0x00000000eaabaa00, 0x00000000eb666000)
 Metaspace       used 78828K, capacity 86509K, committed 86528K, reserved 1122304K
  class space    used 11134K, capacity 13041K, committed 13056K, reserved 1048576K
Event: 99.852 GC heap after
Heap after GC invocations=362 (full 8):
 def new generation   total 162816K, used 1797K [0x00000000c0000000, 0x00000000cb0a0000, 0x00000000d5550000)
  eden space 144768K,   0% used [0x00000000c0000000, 0x00000000c0000000, 0x00000000c8d60000)
  from space 18048K,   9% used [0x00000000c9f00000, 0x00000000ca0c15d8, 0x00000000cb0a0000)
  to   space 18048K,   0% used [0x00000000c8d60000, 0x00000000c8d60000, 0x00000000c9f00000)
 tenured generation   total 361560K, used 349630K [0x00000000d5550000, 0x00000000eb666000, 0x0000000100000000)
   the space 361560K,  96% used [0x00000000d5550000, 0x00000000eaabfb40, 0x00000000eaabfc00, 0x00000000eb666000)
 Metaspace       used 78828K, capacity 86509K, committed 86528K, reserved 1122304K
  class space    used 11134K, capacity 13041K, committed 13056K, reserved 1048576K
}
Event: 100.194 GC heap before
{Heap before GC invocations=362 (full 8):
 def new generation   total 162816K, used 146565K [0x00000000c0000000, 0x00000000cb0a0000, 0x00000000d5550000)
  eden space 144768K, 100% used [0x00000000c0000000, 0x00000000c8d60000, 0x00000000c8d60000)
  from space 18048K,   9% used [0x00000000c9f00000, 0x00000000ca0c15d8, 0x00000000cb0a0000)
  to   space 18048K,   0% used [0x00000000c8d60000, 0x00000000c8d60000, 0x00000000c9f00000)
 tenured generation   total 361560K, used 349630K [0x00000000d5550000, 0x00000000eb666000, 0x0000000100000000)
   the space 361560K,  96% used [0x00000000d5550000, 0x00000000eaabfb40, 0x00000000eaabfc00, 0x00000000eb666000)
 Metaspace       used 78828K, capacity 86509K, committed 86528K, reserved 1122304K
  class space    used 11134K, capacity 13041K, committed 13056K, reserved 1048576K
Event: 100.202 GC heap after
Heap after GC invocations=363 (full 8):
 def new generation   total 162816K, used 1812K [0x00000000c0000000, 0x00000000cb0a0000, 0x00000000d5550000)
  eden space 144768K,   0% used [0x00000000c0000000, 0x00000000c0000000, 0x00000000c8d60000)
  from space 18048K,  10% used [0x00000000c8d60000, 0x00000000c8f25160, 0x00000000c9f00000)
  to   space 18048K,   0% used [0x00000000c9f00000, 0x00000000c9f00000, 0x00000000cb0a0000)
 tenured generation   total 361560K, used 349653K [0x00000000d5550000, 0x00000000eb666000, 0x0000000100000000)
   the space 361560K,  96% used [0x00000000d5550000, 0x00000000eaac54f8, 0x00000000eaac5600, 0x00000000eb666000)
 Metaspace       used 78828K, capacity 86509K, committed 86528K, reserved 1122304K
  class space    used 11134K, capacity 13041K, committed 13056K, reserved 1048576K
}
Event: 100.326 GC heap before
{Heap before GC invocations=363 (full 8):
 def new generation   total 162816K, used 146580K [0x00000000c0000000, 0x00000000cb0a0000, 0x00000000d5550000)
  eden space 144768K, 100% used [0x00000000c0000000, 0x00000000c8d60000, 0x00000000c8d60000)
  from space 18048K,  10% used [0x00000000c8d60000, 0x00000000c8f25160, 0x00000000c9f00000)
  to   space 18048K,   0% used [0x00000000c9f00000, 0x00000000c9f00000, 0x00000000cb0a0000)
 tenured generation   total 361560K, used 349653K [0x00000000d5550000, 0x00000000eb666000, 0x0000000100000000)
   the space 361560K,  96% used [0x00000000d5550000, 0x00000000eaac54f8, 0x00000000eaac5600, 0x00000000eb666000)
 Metaspace       used 78829K, capacity 86509K, committed 86528K, reserved 1122304K
  class space    used 11134K, capacity 13041K, committed 13056K, reserved 1048576K
Event: 100.334 GC heap after
Heap after GC invocations=364 (full 8):
 def new generation   total 162816K, used 1838K [0x00000000c0000000, 0x00000000cb0a0000, 0x00000000d5550000)
  eden space 144768K,   0% used [0x00000000c0000000, 0x00000000c0000000, 0x00000000c8d60000)
  from space 18048K,  10% used [0x00000000c9f00000, 0x00000000ca0cb8c0, 0x00000000cb0a0000)
  to   space 18048K,   0% used [0x00000000c8d60000, 0x00000000c8d60000, 0x00000000c9f00000)
 tenured generation   total 361560K, used 349660K [0x00000000d5550000, 0x00000000eb666000, 0x0000000100000000)
   the space 361560K,  96% used [0x00000000d5550000, 0x00000000eaac7168, 0x00000000eaac7200, 0x00000000eb666000)
 Metaspace       used 78829K, capacity 86509K, committed 86528K, reserved 1122304K
  class space    used 11134K, capacity 13041K, committed 13056K, reserved 1048576K
}
Event: 100.481 GC heap before
{Heap before GC invocations=364 (full 8):
 def new generation   total 162816K, used 146606K [0x00000000c0000000, 0x00000000cb0a0000, 0x00000000d5550000)
  eden space 144768K, 100% used [0x00000000c0000000, 0x00000000c8d60000, 0x00000000c8d60000)
  from space 18048K,  10% used [0x00000000c9f00000, 0x00000000ca0cb8c0, 0x00000000cb0a0000)
  to   space 18048K,   0% used [0x00000000c8d60000, 0x00000000c8d60000, 0x00000000c9f00000)
 tenured generation   total 361560K, used 349660K [0x00000000d5550000, 0x00000000eb666000, 0x0000000100000000)
   the space 361560K,  96% used [0x00000000d5550000, 0x00000000eaac7168, 0x00000000eaac7200, 0x00000000eb666000)
 Metaspace       used 78830K, capacity 86513K, committed 86528K, reserved 1122304K
  class space    used 11134K, capacity 13041K, committed 13056K, reserved 1048576K
Event: 100.489 GC heap after
Heap after GC invocations=365 (full 8):
 def new generation   total 162816K, used 1836K [0x00000000c0000000, 0x00000000cb0a0000, 0x00000000d5550000)
  eden space 144768K,   0% used [0x00000000c0000000, 0x00000000c0000000, 0x00000000c8d60000)
  from space 18048K,  10% used [0x00000000c8d60000, 0x00000000c8f2b3f8, 0x00000000c9f00000)
  to   space 18048K,   0% used [0x00000000c9f00000, 0x00000000c9f00000, 0x00000000cb0a0000)
 tenured generation   total 361560K, used 349670K [0x00000000d5550000, 0x00000000eb666000, 0x0000000100000000)
   the space 361560K,  96% used [0x00000000d5550000, 0x00000000eaac9928, 0x00000000eaac9a00, 0x00000000eb666000)
 Metaspace       used 78830K, capacity 86513K, committed 86528K, reserved 1122304K
  class space    used 11134K, capacity 13041K, committed 13056K, reserved 1048576K
}
Event: 100.745 GC heap before
{Heap before GC invocations=365 (full 8):
 def new generation   total 162816K, used 146604K [0x00000000c0000000, 0x00000000cb0a0000, 0x00000000d5550000)
  eden space 144768K, 100% used [0x00000000c0000000, 0x00000000c8d60000, 0x00000000c8d60000)
  from space 18048K,  10% used [0x00000000c8d60000, 0x00000000c8f2b3f8, 0x00000000c9f00000)
  to   space 18048K,   0% used [0x00000000c9f00000, 0x00000000c9f00000, 0x00000000cb0a0000)
 tenured generation   total 361560K, used 349670K [0x00000000d5550000, 0x00000000eb666000, 0x0000000100000000)
   the space 361560K,  96% used [0x00000000d5550000, 0x00000000eaac9928, 0x00000000eaac9a00, 0x00000000eb666000)
 Metaspace       used 78830K, capacity 86513K, committed 86528K, reserved 1122304K
  class space    used 11134K, capacity 13041K, committed 13056K, reserved 1048576K
Event: 100.753 GC heap after
Heap after GC invocations=366 (full 8):
 def new generation   total 162816K, used 1761K [0x00000000c0000000, 0x00000000cb0a0000, 0x00000000d5550000)
  eden space 144768K,   0% used [0x00000000c0000000, 0x00000000c0000000, 0x00000000c8d60000)
  from space 18048K,   9% used [0x00000000c9f00000, 0x00000000ca0b8510, 0x00000000cb0a0000)
  to   space 18048K,   0% used [0x00000000c8d60000, 0x00000000c8d60000, 0x00000000c9f00000)
 tenured generation   total 361560K, used 349764K [0x00000000d5550000, 0x00000000eb666000, 0x0000000100000000)
   the space 361560K,  96% used [0x00000000d5550000, 0x00000000eaae11c0, 0x00000000eaae1200, 0x00000000eb666000)
 Metaspace       used 78830K, capacity 86513K, committed 86528K, reserved 1122304K
  class space    used 11134K, capacity 13041K, committed 13056K, reserved 1048576K
}
Event: 100.890 GC heap before
{Heap before GC invocations=366 (full 8):
 def new generation   total 162816K, used 146529K [0x00000000c0000000, 0x00000000cb0a0000, 0x00000000d5550000)
  eden space 144768K, 100% used [0x00000000c0000000, 0x00000000c8d60000, 0x00000000c8d60000)
  from space 18048K,   9% used [0x00000000c9f00000, 0x00000000ca0b8510, 0x00000000cb0a0000)
  to   space 18048K,   0% used [0x00000000c8d60000, 0x00000000c8d60000, 0x00000000c9f00000)
 tenured generation   total 361560K, used 349764K [0x00000000d5550000, 0x00000000eb666000, 0x0000000100000000)
   the space 361560K,  96% used [0x00000000d5550000, 0x00000000eaae11c0, 0x00000000eaae1200, 0x00000000eb666000)
 Metaspace       used 78830K, capacity 86513K, committed 86528K, reserved 1122304K
  class space    used 11134K, capacity 13041K, committed 13056K, reserved 1048576K
Event: 100.898 GC heap after
Heap after GC invocations=367 (full 8):
 def new generation   total 162816K, used 670K [0x00000000c0000000, 0x00000000cb0a0000, 0x00000000d5550000)
  eden space 144768K,   0% used [0x00000000c0000000, 0x00000000c0000000, 0x00000000c8d60000)
  from space 18048K,   3% used [0x00000000c8d60000, 0x00000000c8e07900, 0x00000000c9f00000)
  to   space 18048K,   0% used [0x00000000c9f00000, 0x00000000c9f00000, 0x00000000cb0a0000)
 tenured generation   total 361560K, used 350882K [0x00000000d5550000, 0x00000000eb666000, 0x0000000100000000)
   the space 361560K,  97% used [0x00000000d5550000, 0x00000000eabf8978, 0x00000000eabf8a00, 0x00000000eb666000)
 Metaspace       used 78830K, capacity 86513K, committed 86528K, reserved 1122304K
  class space    used 11134K, capacity 13041K, committed 13056K, reserved 1048576K
}
Event: 101.042 GC heap before
{Heap before GC invocations=367 (full 8):
 def new generation   total 162816K, used 145438K [0x00000000c0000000, 0x00000000cb0a0000, 0x00000000d5550000)
  eden space 144768K, 100% used [0x00000000c0000000, 0x00000000c8d60000, 0x00000000c8d60000)
  from space 18048K,   3% used [0x00000000c8d60000, 0x00000000c8e07900, 0x00000000c9f00000)
  to   space 18048K,   0% used [0x00000000c9f00000, 0x00000000c9f00000, 0x00000000cb0a0000)
 tenured generation   total 361560K, used 350882K [0x00000000d5550000, 0x00000000eb666000, 0x0000000100000000)
   the space 361560K,  97% used [0x00000000d5550000, 0x00000000eabf8978, 0x00000000eabf8a00, 0x00000000eb666000)
 Metaspace       used 78830K, capacity 86513K, committed 86528K, reserved 1122304K
  class space    used 11134K, capacity 13041K, committed 13056K, reserved 1048576K
Event: 101.046 GC heap after
Heap after GC invocations=368 (full 8):
 def new generation   total 162816K, used 678K [0x00000000c0000000, 0x00000000cb0a0000, 0x00000000d5550000)
  eden space 144768K,   0% used [0x00000000c0000000, 0x00000000c0000000, 0x00000000c8d60000)
  from space 18048K,   3% used [0x00000000c9f00000, 0x00000000c9fa9830, 0x00000000cb0a0000)
  to   space 18048K,   0% used [0x00000000c8d60000, 0x00000000c8d60000, 0x00000000c9f00000)
 tenured generation   total 361560K, used 350898K [0x00000000d5550000, 0x00000000eb666000, 0x0000000100000000)
   the space 361560K,  97% used [0x00000000d5550000, 0x00000000eabfcbf8, 0x00000000eabfcc00, 0x00000000eb666000)
 Metaspace       used 78830K, capacity 86513K, committed 86528K, reserved 1122304K
  class space    used 11134K, capacity 13041K, committed 13056K, reserved 1048576K
}
Event: 101.406 GC heap before
{Heap before GC invocations=368 (full 8):
 def new generation   total 162816K, used 145446K [0x00000000c0000000, 0x00000000cb0a0000, 0x00000000d5550000)
  eden space 144768K, 100% used [0x00000000c0000000, 0x00000000c8d60000, 0x00000000c8d60000)
  from space 18048K,   3% used [0x00000000c9f00000, 0x00000000c9fa9830, 0x00000000cb0a0000)
  to   space 18048K,   0% used [0x00000000c8d60000, 0x00000000c8d60000, 0x00000000c9f00000)
 tenured generation   total 361560K, used 350898K [0x00000000d5550000, 0x00000000eb666000, 0x0000000100000000)
   the space 361560K,  97% used [0x00000000d5550000, 0x00000000eabfcbf8, 0x00000000eabfcc00, 0x00000000eb666000)
 Metaspace       used 78831K, capacity 86513K, committed 86528K, reserved 1122304K
  class space    used 11134K, capacity 13041K, committed 13056K, reserved 1048576K
Event: 101.410 GC heap after
Heap after GC invocations=369 (full 8):
 def new generation   total 162816K, used 874K [0x00000000c0000000, 0x00000000cb0a0000, 0x00000000d5550000)
  eden space 144768K,   0% used [0x00000000c0000000, 0x00000000c0000000, 0x00000000c8d60000)
  from space 18048K,   4% used [0x00000000c8d60000, 0x00000000c8e3abb8, 0x00000000c9f00000)
  to   space 18048K,   0% used [0x00000000c9f00000, 0x00000000c9f00000, 0x00000000cb0a0000)
 tenured generation   total 361560K, used 350915K [0x00000000d5550000, 0x00000000eb666000, 0x0000000100000000)
   the space 361560K,  97% used [0x00000000d5550000, 0x00000000eac00d50, 0x00000000eac00e00, 0x00000000eb666000)
 Metaspace       used 78831K, capacity 86513K, committed 86528K, reserved 1122304K
  class space    used 11134K, capacity 13041K, committed 13056K, reserved 1048576K
}
Event: 101.644 GC heap before
{Heap before GC invocations=369 (full 8):
 def new generation   total 162816K, used 145642K [0x00000000c0000000, 0x00000000cb0a0000, 0x00000000d5550000)
  eden space 144768K, 100% used [0x00000000c0000000, 0x00000000c8d60000, 0x00000000c8d60000)
  from space 18048K,   4% used [0x00000000c8d60000, 0x00000000c8e3abb8, 0x00000000c9f00000)
  to   space 18048K,   0% used [0x00000000c9f00000, 0x00000000c9f00000, 0x00000000cb0a0000)
 tenured generation   total 361560K, used 350915K [0x00000000d5550000, 0x00000000eb666000, 0x0000000100000000)
   the space 361560K,  97% used [0x00000000d5550000, 0x00000000eac00d50, 0x00000000eac00e00, 0x00000000eb666000)
 Metaspace       used 79261K, capacity 86985K, committed 87168K, reserved 1124352K
  class space    used 11176K, capacity 13083K, committed 13184K, reserved 1048576K
Event: 101.652 GC heap after
Heap after GC invocations=370 (full 8):
 def new generation   total 162816K, used 1946K [0x00000000c0000000, 0x00000000cb0a0000, 0x00000000d5550000)
  eden space 144768K,   0% used [0x00000000c0000000, 0x00000000c0000000, 0x00000000c8d60000)
  from space 18048K,  10% used [0x00000000c9f00000, 0x00000000ca0e6930, 0x00000000cb0a0000)
  to   space 18048K,   0% used [0x00000000c8d60000, 0x00000000c8d60000, 0x00000000c9f00000)
 tenured generation   total 361560K, used 350945K [0x00000000d5550000, 0x00000000eb666000, 0x0000000100000000)
   the space 361560K,  97% used [0x00000000d5550000, 0x00000000eac08708, 0x00000000eac08800, 0x00000000eb666000)
 Metaspace       used 79261K, capacity 86985K, committed 87168K, reserved 1124352K
  class space    used 11176K, capacity 13083K, committed 13184K, reserved 1048576K
}
Event: 102.059 GC heap before
{Heap before GC invocations=370 (full 8):
 def new generation   total 162816K, used 146714K [0x00000000c0000000, 0x00000000cb0a0000, 0x00000000d5550000)
  eden space 144768K, 100% used [0x00000000c0000000, 0x00000000c8d60000, 0x00000000c8d60000)
  from space 18048K,  10% used [0x00000000c9f00000, 0x00000000ca0e6930, 0x00000000cb0a0000)
  to   space 18048K,   0% used [0x00000000c8d60000, 0x00000000c8d60000, 0x00000000c9f00000)
 tenured generation   total 361560K, used 350945K [0x00000000d5550000, 0x00000000eb666000, 0x0000000100000000)
   the space 361560K,  97% used [0x00000000d5550000, 0x00000000eac08708, 0x00000000eac08800, 0x00000000eb666000)
 Metaspace       used 79317K, capacity 86997K, committed 87168K, reserved 1124352K
  class space    used 11177K, capacity 13085K, committed 13184K, reserved 1048576K
Event: 102.070 GC heap after
Heap after GC invocations=371 (full 8):
 def new generation   total 162816K, used 1525K [0x00000000c0000000, 0x00000000cb0a0000, 0x00000000d5550000)
  eden space 144768K,   0% used [0x00000000c0000000, 0x00000000c0000000, 0x00000000c8d60000)
  from space 18048K,   8% used [0x00000000c8d60000, 0x00000000c8edd578, 0x00000000c9f00000)
  to   space 18048K,   0% used [0x00000000c9f00000, 0x00000000c9f00000, 0x00000000cb0a0000)
 tenured generation   total 361560K, used 350967K [0x00000000d5550000, 0x00000000eb666000, 0x0000000100000000)
   the space 361560K,  97% used [0x00000000d5550000, 0x00000000eac0de30, 0x00000000eac0e000, 0x00000000eb666000)
 Metaspace       used 79317K, capacity 86997K, committed 87168K, reserved 1124352K
  class space    used 11177K, capacity 13085K, committed 13184K, reserved 1048576K
}
Event: 103.404 GC heap before
{Heap before GC invocations=371 (full 8):
 def new generation   total 162816K, used 146293K [0x00000000c0000000, 0x00000000cb0a0000, 0x00000000d5550000)
  eden space 144768K, 100% used [0x00000000c0000000, 0x00000000c8d60000, 0x00000000c8d60000)
  from space 18048K,   8% used [0x00000000c8d60000, 0x00000000c8edd578, 0x00000000c9f00000)
  to   space 18048K,   0% used [0x00000000c9f00000, 0x00000000c9f00000, 0x00000000cb0a0000)
 tenured generation   total 361560K, used 350967K [0x00000000d5550000, 0x00000000eb666000, 0x0000000100000000)
   the space 361560K,  97% used [0x00000000d5550000, 0x00000000eac0de30, 0x00000000eac0e000, 0x00000000eb666000)
 Metaspace       used 80696K, capacity 88571K, committed 88832K, reserved 1124352K
  class space    used 11308K, capacity 13207K, committed 13312K, reserved 1048576K
Event: 103.416 GC heap after
Heap after GC invocations=372 (full 8):
 def new generation   total 162816K, used 5705K [0x00000000c0000000, 0x00000000cb0a0000, 0x00000000d5550000)
  eden space 144768K,   0% used [0x00000000c0000000, 0x00000000c0000000, 0x00000000c8d60000)
  from space 18048K,  31% used [0x00000000c9f00000, 0x00000000ca4926b0, 0x00000000cb0a0000)
  to   space 18048K,   0% used [0x00000000c8d60000, 0x00000000c8d60000, 0x00000000c9f00000)
 tenured generation   total 361560K, used 351012K [0x00000000d5550000, 0x00000000eb666000, 0x0000000100000000)
   the space 361560K,  97% used [0x00000000d5550000, 0x00000000eac191d8, 0x00000000eac19200, 0x00000000eb666000)
 Metaspace       used 80696K, capacity 88571K, committed 88832K, reserved 1124352K
  class space    used 11308K, capacity 13207K, committed 13312K, reserved 1048576K
}
Event: 103.910 GC heap before
{Heap before GC invocations=372 (full 8):
 def new generation   total 162816K, used 150473K [0x00000000c0000000, 0x00000000cb0a0000, 0x00000000d5550000)
  eden space 144768K, 100% used [0x00000000c0000000, 0x00000000c8d60000, 0x00000000c8d60000)
  from space 18048K,  31% used [0x00000000c9f00000, 0x00000000ca4926b0, 0x00000000cb0a0000)
  to   space 18048K,   0% used [0x00000000c8d60000, 0x00000000c8d60000, 0x00000000c9f00000)
 tenured generation   total 361560K, used 351012K [0x00000000d5550000, 0x00000000eb666000, 0x0000000100000000)
   the space 361560K,  97% used [0x00000000d5550000, 0x00000000eac191d8, 0x00000000eac19200, 0x00000000eb666000)
 Metaspace       used 81287K, capacity 89260K, committed 89472K, reserved 1126400K
  class space    used 11408K, capacity 13374K, committed 13440K, reserved 1048576K
Event: 103.951 GC heap after
Heap after GC invocations=373 (full 8):
 def new generation   total 162816K, used 5700K [0x00000000c0000000, 0x00000000cb0a0000, 0x00000000d5550000)
  eden space 144768K,   0% used [0x00000000c0000000, 0x00000000c0000000, 0x00000000c8d60000)
  from space 18048K,  31% used [0x00000000c8d60000, 0x00000000c92f13f8, 0x00000000c9f00000)
  to   space 18048K,   0% used [0x00000000c9f00000, 0x00000000c9f00000, 0x00000000cb0a0000)
 tenured generation   total 361560K, used 351032K [0x00000000d5550000, 0x00000000eb666000, 0x0000000100000000)
   the space 361560K,  97% used [0x00000000d5550000, 0x00000000eac1e210, 0x00000000eac1e400, 0x00000000eb666000)
 Metaspace       used 81287K, capacity 89260K, committed 89472K, reserved 1126400K
  class space    used 11408K, capacity 13374K, committed 13440K, reserved 1048576K
}
Event: 104.448 GC heap before
{Heap before GC invocations=373 (full 8):
 def new generation   total 162816K, used 150468K [0x00000000c0000000, 0x00000000cb0a0000, 0x00000000d5550000)
  eden space 144768K, 100% used [0x00000000c0000000, 0x00000000c8d60000, 0x00000000c8d60000)
  from space 18048K,  31% used [0x00000000c8d60000, 0x00000000c92f13f8, 0x00000000c9f00000)
  to   space 18048K,   0% used [0x00000000c9f00000, 0x00000000c9f00000, 0x00000000cb0a0000)
 tenured generation   total 361560K, used 351032K [0x00000000d5550000, 0x00000000eb666000, 0x0000000100000000)
   the space 361560K,  97% used [0x00000000d5550000, 0x00000000eac1e210, 0x00000000eac1e400, 0x00000000eb666000)
 Metaspace       used 81428K, capacity 89430K, committed 89728K, reserved 1126400K
  class space    used 11414K, capacity 13383K, committed 13440K, reserved 1048576K
Event: 104.469 GC heap after
Heap after GC invocations=374 (full 8):
 def new generation   total 162816K, used 8085K [0x00000000c0000000, 0x00000000cb0a0000, 0x00000000d5550000)
  eden space 144768K,   0% used [0x00000000c0000000, 0x00000000c0000000, 0x00000000c8d60000)
  from space 18048K,  44% used [0x00000000c9f00000, 0x00000000ca6e5660, 0x00000000cb0a0000)
  to   space 18048K,   0% used [0x00000000c8d60000, 0x00000000c8d60000, 0x00000000c9f00000)
 tenured generation   total 361560K, used 351044K [0x00000000d5550000, 0x00000000eb666000, 0x0000000100000000)
   the space 361560K,  97% used [0x00000000d5550000, 0x00000000eac21150, 0x00000000eac21200, 0x00000000eb666000)
 Metaspace       used 81428K, capacity 89430K, committed 89728K, reserved 1126400K
  class space    used 11414K, capacity 13383K, committed 13440K, reserved 1048576K
}
Event: 105.144 GC heap before
{Heap before GC invocations=374 (full 8):
 def new generation   total 162816K, used 152853K [0x00000000c0000000, 0x00000000cb0a0000, 0x00000000d5550000)
  eden space 144768K, 100% used [0x00000000c0000000, 0x00000000c8d60000, 0x00000000c8d60000)
  from space 18048K,  44% used [0x00000000c9f00000, 0x00000000ca6e5660, 0x00000000cb0a0000)
  to   space 18048K,   0% used [0x00000000c8d60000, 0x00000000c8d60000, 0x00000000c9f00000)
 tenured generation   total 361560K, used 351044K [0x00000000d5550000, 0x00000000eb666000, 0x0000000100000000)
   the space 361560K,  97% used [0x00000000d5550000, 0x00000000eac21150, 0x00000000eac21200, 0x00000000eb666000)
 Metaspace       used 81580K, capacity 89580K, committed 89728K, reserved 1126400K
  class space    used 11424K, capacity 13386K, committed 13440K, reserved 1048576K
Event: 105.166 GC heap after
Heap after GC invocations=375 (full 8):
 def new generation   total 162816K, used 11280K [0x00000000c0000000, 0x00000000cb0a0000, 0x00000000d5550000)
  eden space 144768K,   0% used [0x00000000c0000000, 0x00000000c0000000, 0x00000000c8d60000)
  from space 18048K,  62% used [0x00000000c8d60000, 0x00000000c98643f0, 0x00000000c9f00000)
  to   space 18048K,   0% used [0x00000000c9f00000, 0x00000000c9f00000, 0x00000000cb0a0000)
 tenured generation   total 361560K, used 351265K [0x00000000d5550000, 0x00000000eb666000, 0x0000000100000000)
   the space 361560K,  97% used [0x00000000d5550000, 0x00000000eac58738, 0x00000000eac58800, 0x00000000eb666000)
 Metaspace       used 81580K, capacity 89580K, committed 89728K, reserved 1126400K
  class space    used 11424K, capacity 13386K, committed 13440K, reserved 1048576K
}
Event: 105.890 GC heap before
{Heap before GC invocations=375 (full 8):
 def new generation   total 162816K, used 156048K [0x00000000c0000000, 0x00000000cb0a0000, 0x00000000d5550000)
  eden space 144768K, 100% used [0x00000000c0000000, 0x00000000c8d60000, 0x00000000c8d60000)
  from space 18048K,  62% used [0x00000000c8d60000, 0x00000000c98643f0, 0x00000000c9f00000)
  to   space 18048K,   0% used [0x00000000c9f00000, 0x00000000c9f00000, 0x00000000cb0a0000)
 tenured generation   total 361560K, used 351265K [0x00000000d5550000, 0x00000000eb666000, 0x0000000100000000)
   the space 361560K,  97% used [0x00000000d5550000, 0x00000000eac58738, 0x00000000eac58800, 0x00000000eb666000)
 Metaspace       used 81636K, capacity 89662K, committed 89728K, reserved 1126400K
  class space    used 11430K, capacity 13389K, committed 13440K, reserved 1048576K
Event: 105.906 GC heap after
Heap after GC invocations=376 (full 8):
 def new generation   total 162816K, used 8329K [0x00000000c0000000, 0x00000000cb0a0000, 0x00000000d5550000)
  eden space 144768K,   0% used [0x00000000c0000000, 0x00000000c0000000, 0x00000000c8d60000)
  from space 18048K,  46% used [0x00000000c9f00000, 0x00000000ca722778, 0x00000000cb0a0000)
  to   space 18048K,   0% used [0x00000000c8d60000, 0x00000000c8d60000, 0x00000000c9f00000)
 tenured generation   total 361560K, used 354479K [0x00000000d5550000, 0x00000000eb666000, 0x0000000100000000)
   the space 361560K,  98% used [0x00000000d5550000, 0x00000000eaf7bf90, 0x00000000eaf7c000, 0x00000000eb666000)
 Metaspace       used 81636K, capacity 89662K, committed 89728K, reserved 1126400K
  class space    used 11430K, capacity 13389K, committed 13440K, reserved 1048576K
}
Event: 106.254 GC heap before
{Heap before GC invocations=376 (full 8):
 def new generation   total 162816K, used 153097K [0x00000000c0000000, 0x00000000cb0a0000, 0x00000000d5550000)
  eden space 144768K, 100% used [0x00000000c0000000, 0x00000000c8d60000, 0x00000000c8d60000)
  from space 18048K,  46% used [0x00000000c9f00000, 0x00000000ca722778, 0x00000000cb0a0000)
  to   space 18048K,   0% used [0x00000000c8d60000, 0x00000000c8d60000, 0x00000000c9f00000)
 tenured generation   total 361560K, used 354479K [0x00000000d5550000, 0x00000000eb666000, 0x0000000100000000)
   the space 361560K,  98% used [0x00000000d5550000, 0x00000000eaf7bf90, 0x00000000eaf7c000, 0x00000000eb666000)
 Metaspace       used 81659K, capacity 89688K, committed 89984K, reserved 1126400K
  class space    used 11432K, capacity 13392K, committed 13440K, reserved 1048576K
Event: 106.268 GC heap after
Heap after GC invocations=377 (full 8):
 def new generation   total 162816K, used 8463K [0x00000000c0000000, 0x00000000cb0a0000, 0x00000000d5550000)
  eden space 144768K,   0% used [0x00000000c0000000, 0x00000000c0000000, 0x00000000c8d60000)
  from space 18048K,  46% used [0x00000000c8d60000, 0x00000000c95a3e08, 0x00000000c9f00000)
  to   space 18048K,   0% used [0x00000000c9f00000, 0x00000000c9f00000, 0x00000000cb0a0000)
 tenured generation   total 361560K, used 354479K [0x00000000d5550000, 0x00000000eb666000, 0x0000000100000000)
   the space 361560K,  98% used [0x00000000d5550000, 0x00000000eaf7bf90, 0x00000000eaf7c000, 0x00000000eb666000)
 Metaspace       used 81659K, capacity 89688K, committed 89984K, reserved 1126400K
  class space    used 11432K, capacity 13392K, committed 13440K, reserved 1048576K
}
Event: 106.677 GC heap before
{Heap before GC invocations=377 (full 8):
 def new generation   total 162816K, used 153231K [0x00000000c0000000, 0x00000000cb0a0000, 0x00000000d5550000)
  eden space 144768K, 100% used [0x00000000c0000000, 0x00000000c8d60000, 0x00000000c8d60000)
  from space 18048K,  46% used [0x00000000c8d60000, 0x00000000c95a3e08, 0x00000000c9f00000)
  to   space 18048K,   0% used [0x00000000c9f00000, 0x00000000c9f00000, 0x00000000cb0a0000)
 tenured generation   total 361560K, used 354479K [0x00000000d5550000, 0x00000000eb666000, 0x0000000100000000)
   the space 361560K,  98% used [0x00000000d5550000, 0x00000000eaf7bf90, 0x00000000eaf7c000, 0x00000000eb666000)
 Metaspace       used 81700K, capacity 89758K, committed 89984K, reserved 1126400K
  class space    used 11434K, capacity 13393K, committed 13440K, reserved 1048576K
Event: 106.687 GC heap after
Heap after GC invocations=378 (full 8):
 def new generation   total 162816K, used 8486K [0x00000000c0000000, 0x00000000cb0a0000, 0x00000000d5550000)
  eden space 144768K,   0% used [0x00000000c0000000, 0x00000000c0000000, 0x00000000c8d60000)
  from space 18048K,  47% used [0x00000000c9f00000, 0x00000000ca749b88, 0x00000000cb0a0000)
  to   space 18048K,   0% used [0x00000000c8d60000, 0x00000000c8d60000, 0x00000000c9f00000)
 tenured generation   total 361560K, used 354479K [0x00000000d5550000, 0x00000000eb666000, 0x0000000100000000)
   the space 361560K,  98% used [0x00000000d5550000, 0x00000000eaf7bf90, 0x00000000eaf7c000, 0x00000000eb666000)
 Metaspace       used 81700K, capacity 89758K, committed 89984K, reserved 1126400K
  class space    used 11434K, capacity 13393K, committed 13440K, reserved 1048576K
}
Event: 107.166 GC heap before
{Heap before GC invocations=378 (full 8):
 def new generation   total 162816K, used 153254K [0x00000000c0000000, 0x00000000cb0a0000, 0x00000000d5550000)
  eden space 144768K, 100% used [0x00000000c0000000, 0x00000000c8d60000, 0x00000000c8d60000)
  from space 18048K,  47% used [0x00000000c9f00000, 0x00000000ca749b88, 0x00000000cb0a0000)
  to   space 18048K,   0% used [0x00000000c8d60000, 0x00000000c8d60000, 0x00000000c9f00000)
 tenured generation   total 361560K, used 354479K [0x00000000d5550000, 0x00000000eb666000, 0x0000000100000000)
   the space 361560K,  98% used [0x00000000d5550000, 0x00000000eaf7bf90, 0x00000000eaf7c000, 0x00000000eb666000)
 Metaspace       used 81703K, capacity 89758K, committed 89984K, reserved 1126400K
  class space    used 11434K, capacity 13393K, committed 13440K, reserved 1048576K
Event: 107.180 GC heap after
Heap after GC invocations=379 (full 8):
 def new generation   total 162816K, used 8453K [0x00000000c0000000, 0x00000000cb0a0000, 0x00000000d5550000)
  eden space 144768K,   0% used [0x00000000c0000000, 0x00000000c0000000, 0x00000000c8d60000)
  from space 18048K,  46% used [0x00000000c8d60000, 0x00000000c95a15a0, 0x00000000c9f00000)
  to   space 18048K,   0% used [0x00000000c9f00000, 0x00000000c9f00000, 0x00000000cb0a0000)
 tenured generation   total 361560K, used 354479K [0x00000000d5550000, 0x00000000eb666000, 0x0000000100000000)
   the space 361560K,  98% used [0x00000000d5550000, 0x00000000eaf7bf90, 0x00000000eaf7c000, 0x00000000eb666000)
 Metaspace       used 81703K, capacity 89758K, committed 89984K, reserved 1126400K
  class space    used 11434K, capacity 13393K, committed 13440K, reserved 1048576K
}
Event: 107.415 GC heap before
{Heap before GC invocations=379 (full 8):
 def new generation   total 162816K, used 153221K [0x00000000c0000000, 0x00000000cb0a0000, 0x00000000d5550000)
  eden space 144768K, 100% used [0x00000000c0000000, 0x00000000c8d60000, 0x00000000c8d60000)
  from space 18048K,  46% used [0x00000000c8d60000, 0x00000000c95a15a0, 0x00000000c9f00000)
  to   space 18048K,   0% used [0x00000000c9f00000, 0x00000000c9f00000, 0x00000000cb0a0000)
 tenured generation   total 361560K, used 354479K [0x00000000d5550000, 0x00000000eb666000, 0x0000000100000000)
   the space 361560K,  98% used [0x00000000d5550000, 0x00000000eaf7bf90, 0x00000000eaf7c000, 0x00000000eb666000)
 Metaspace       used 81705K, capacity 89758K, committed 89984K, reserved 1126400K
  class space    used 11434K, capacity 13393K, committed 13440K, reserved 1048576K
Event: 107.433 GC heap after
Heap after GC invocations=380 (full 8):
 def new generation   total 162816K, used 8478K [0x00000000c0000000, 0x00000000cb0a0000, 0x00000000d5550000)
  eden space 144768K,   0% used [0x00000000c0000000, 0x00000000c0000000, 0x00000000c8d60000)
  from space 18048K,  46% used [0x00000000c9f00000, 0x00000000ca747bf0, 0x00000000cb0a0000)
  to   space 18048K,   0% used [0x00000000c8d60000, 0x00000000c8d60000, 0x00000000c9f00000)
 tenured generation   total 361560K, used 354479K [0x00000000d5550000, 0x00000000eb666000, 0x0000000100000000)
   the space 361560K,  98% used [0x00000000d5550000, 0x00000000eaf7bf90, 0x00000000eaf7c000, 0x00000000eb666000)
 Metaspace       used 81705K, capacity 89758K, committed 89984K, reserved 1126400K
  class space    used 11434K, capacity 13393K, committed 13440K, reserved 1048576K
}
Event: 107.698 GC heap before
{Heap before GC invocations=380 (full 8):
 def new generation   total 162816K, used 153246K [0x00000000c0000000, 0x00000000cb0a0000, 0x00000000d5550000)
  eden space 144768K, 100% used [0x00000000c0000000, 0x00000000c8d60000, 0x00000000c8d60000)
  from space 18048K,  46% used [0x00000000c9f00000, 0x00000000ca747bf0, 0x00000000cb0a0000)
  to   space 18048K,   0% used [0x00000000c8d60000, 0x00000000c8d60000, 0x00000000c9f00000)
 tenured generation   total 361560K, used 354479K [0x00000000d5550000, 0x00000000eb666000, 0x0000000100000000)
   the space 361560K,  98% used [0x00000000d5550000, 0x00000000eaf7bf90, 0x00000000eaf7c000, 0x00000000eb666000)
 Metaspace       used 81722K, capacity 89762K, committed 89984K, reserved 1126400K
  class space    used 11434K, capacity 13393K, committed 13440K, reserved 1048576K
Event: 107.708 GC heap after
Heap after GC invocations=381 (full 8):
 def new generation   total 162816K, used 8500K [0x00000000c0000000, 0x00000000cb0a0000, 0x00000000d5550000)
  eden space 144768K,   0% used [0x00000000c0000000, 0x00000000c0000000, 0x00000000c8d60000)
  from space 18048K,  47% used [0x00000000c8d60000, 0x00000000c95ad160, 0x00000000c9f00000)
  to   space 18048K,   0% used [0x00000000c9f00000, 0x00000000c9f00000, 0x00000000cb0a0000)
 tenured generation   total 361560K, used 354479K [0x00000000d5550000, 0x00000000eb666000, 0x0000000100000000)
   the space 361560K,  98% used [0x00000000d5550000, 0x00000000eaf7bf90, 0x00000000eaf7c000, 0x00000000eb666000)
 Metaspace       used 81722K, capacity 89762K, committed 89984K, reserved 1126400K
  class space    used 11434K, capacity 13393K, committed 13440K, reserved 1048576K
}
Event: 108.153 GC heap before
{Heap before GC invocations=381 (full 8):
 def new generation   total 162816K, used 153268K [0x00000000c0000000, 0x00000000cb0a0000, 0x00000000d5550000)
  eden space 144768K, 100% used [0x00000000c0000000, 0x00000000c8d60000, 0x00000000c8d60000)
  from space 18048K,  47% used [0x00000000c8d60000, 0x00000000c95ad160, 0x00000000c9f00000)
  to   space 18048K,   0% used [0x00000000c9f00000, 0x00000000c9f00000, 0x00000000cb0a0000)
 tenured generation   total 361560K, used 354479K [0x00000000d5550000, 0x00000000eb666000, 0x0000000100000000)
   the space 361560K,  98% used [0x00000000d5550000, 0x00000000eaf7bf90, 0x00000000eaf7c000, 0x00000000eb666000)
 Metaspace       used 81732K, capacity 89766K, committed 89984K, reserved 1126400K
  class space    used 11434K, capacity 13393K, committed 13440K, reserved 1048576K
Event: 108.170 GC heap after
Heap after GC invocations=382 (full 8):
 def new generation   total 162816K, used 8556K [0x00000000c0000000, 0x00000000cb0a0000, 0x00000000d5550000)
  eden space 144768K,   0% used [0x00000000c0000000, 0x00000000c0000000, 0x00000000c8d60000)
  from space 18048K,  47% used [0x00000000c9f00000, 0x00000000ca75b178, 0x00000000cb0a0000)
  to   space 18048K,   0% used [0x00000000c8d60000, 0x00000000c8d60000, 0x00000000c9f00000)
 tenured generation   total 361560K, used 354479K [0x00000000d5550000, 0x00000000eb666000, 0x0000000100000000)
   the space 361560K,  98% used [0x00000000d5550000, 0x00000000eaf7bf90, 0x00000000eaf7c000, 0x00000000eb666000)
 Metaspace       used 81732K, capacity 89766K, committed 89984K, reserved 1126400K
  class space    used 11434K, capacity 13393K, committed 13440K, reserved 1048576K
}
Event: 108.927 GC heap before
{Heap before GC invocations=382 (full 8):
 def new generation   total 162816K, used 153324K [0x00000000c0000000, 0x00000000cb0a0000, 0x00000000d5550000)
  eden space 144768K, 100% used [0x00000000c0000000, 0x00000000c8d60000, 0x00000000c8d60000)
  from space 18048K,  47% used [0x00000000c9f00000, 0x00000000ca75b178, 0x00000000cb0a0000)
  to   space 18048K,   0% used [0x00000000c8d60000, 0x00000000c8d60000, 0x00000000c9f00000)
 tenured generation   total 361560K, used 354479K [0x00000000d5550000, 0x00000000eb666000, 0x0000000100000000)
   the space 361560K,  98% used [0x00000000d5550000, 0x00000000eaf7bf90, 0x00000000eaf7c000, 0x00000000eb666000)
 Metaspace       used 81733K, capacity 89766K, committed 89984K, reserved 1126400K
  class space    used 11434K, capacity 13393K, committed 13440K, reserved 1048576K
Event: 108.948 GC heap after
Heap after GC invocations=383 (full 8):
 def new generation   total 162816K, used 8737K [0x00000000c0000000, 0x00000000cb0a0000, 0x00000000d5550000)
  eden space 144768K,   0% used [0x00000000c0000000, 0x00000000c0000000, 0x00000000c8d60000)
  from space 18048K,  48% used [0x00000000c8d60000, 0x00000000c95e8708, 0x00000000c9f00000)
  to   space 18048K,   0% used [0x00000000c9f00000, 0x00000000c9f00000, 0x00000000cb0a0000)
 tenured generation   total 361560K, used 354479K [0x00000000d5550000, 0x00000000eb666000, 0x0000000100000000)
   the space 361560K,  98% used [0x00000000d5550000, 0x00000000eaf7bf90, 0x00000000eaf7c000, 0x00000000eb666000)
 Metaspace       used 81733K, capacity 89766K, committed 89984K, reserved 1126400K
  class space    used 11434K, capacity 13393K, committed 13440K, reserved 1048576K
}
Event: 109.224 GC heap before
{Heap before GC invocations=383 (full 8):
 def new generation   total 162816K, used 153505K [0x00000000c0000000, 0x00000000cb0a0000, 0x00000000d5550000)
  eden space 144768K, 100% used [0x00000000c0000000, 0x00000000c8d60000, 0x00000000c8d60000)
  from space 18048K,  48% used [0x00000000c8d60000, 0x00000000c95e8708, 0x00000000c9f00000)
  to   space 18048K,   0% used [0x00000000c9f00000, 0x00000000c9f00000, 0x00000000cb0a0000)
 tenured generation   total 361560K, used 354479K [0x00000000d5550000, 0x00000000eb666000, 0x0000000100000000)
   the space 361560K,  98% used [0x00000000d5550000, 0x00000000eaf7bf90, 0x00000000eaf7c000, 0x00000000eb666000)
 Metaspace       used 81735K, capacity 89830K, committed 89984K, reserved 1126400K
  class space    used 11434K, capacity 13393K, committed 13440K, reserved 1048576K
Event: 109.234 GC heap after
Heap after GC invocations=384 (full 8):
 def new generation   total 162816K, used 8756K [0x00000000c0000000, 0x00000000cb0a0000, 0x00000000d5550000)
  eden space 144768K,   0% used [0x00000000c0000000, 0x00000000c0000000, 0x00000000c8d60000)
  from space 18048K,  48% used [0x00000000c9f00000, 0x00000000ca78d288, 0x00000000cb0a0000)
  to   space 18048K,   0% used [0x00000000c8d60000, 0x00000000c8d60000, 0x00000000c9f00000)
 tenured generation   total 361560K, used 354479K [0x00000000d5550000, 0x00000000eb666000, 0x0000000100000000)
   the space 361560K,  98% used [0x00000000d5550000, 0x00000000eaf7bf90, 0x00000000eaf7c000, 0x00000000eb666000)
 Metaspace       used 81735K, capacity 89830K, committed 89984K, reserved 1126400K
  class space    used 11434K, capacity 13393K, committed 13440K, reserved 1048576K
}
Event: 109.484 GC heap before
{Heap before GC invocations=384 (full 8):
 def new generation   total 162816K, used 153524K [0x00000000c0000000, 0x00000000cb0a0000, 0x00000000d5550000)
  eden space 144768K, 100% used [0x00000000c0000000, 0x00000000c8d60000, 0x00000000c8d60000)
  from space 18048K,  48% used [0x00000000c9f00000, 0x00000000ca78d288, 0x00000000cb0a0000)
  to   space 18048K,   0% used [0x00000000c8d60000, 0x00000000c8d60000, 0x00000000c9f00000)
 tenured generation   total 361560K, used 354479K [0x00000000d5550000, 0x00000000eb666000, 0x0000000100000000)
   the space 361560K,  98% used [0x00000000d5550000, 0x00000000eaf7bf90, 0x00000000eaf7c000, 0x00000000eb666000)
 Metaspace       used 81738K, capacity 89830K, committed 89984K, reserved 1126400K
  class space    used 11434K, capacity 13393K, committed 13440K, reserved 1048576K
Event: 109.499 GC heap after
Heap after GC invocations=385 (full 8):
 def new generation   total 162816K, used 8792K [0x00000000c0000000, 0x00000000cb0a0000, 0x00000000d5550000)
  eden space 144768K,   0% used [0x00000000c0000000, 0x00000000c0000000, 0x00000000c8d60000)
  from space 18048K,  48% used [0x00000000c8d60000, 0x00000000c95f63e0, 0x00000000c9f00000)
  to   space 18048K,   0% used [0x00000000c9f00000, 0x00000000c9f00000, 0x00000000cb0a0000)
 tenured generation   total 361560K, used 354479K [0x00000000d5550000, 0x00000000eb666000, 0x0000000100000000)
   the space 361560K,  98% used [0x00000000d5550000, 0x00000000eaf7bf90, 0x00000000eaf7c000, 0x00000000eb666000)
 Metaspace       used 81738K, capacity 89830K, committed 89984K, reserved 1126400K
  class space    used 11434K, capacity 13393K, committed 13440K, reserved 1048576K
}
Event: 110.040 GC heap before
{Heap before GC invocations=385 (full 8):
 def new generation   total 162816K, used 153560K [0x00000000c0000000, 0x00000000cb0a0000, 0x00000000d5550000)
  eden space 144768K, 100% used [0x00000000c0000000, 0x00000000c8d60000, 0x00000000c8d60000)
  from space 18048K,  48% used [0x00000000c8d60000, 0x00000000c95f63e0, 0x00000000c9f00000)
  to   space 18048K,   0% used [0x00000000c9f00000, 0x00000000c9f00000, 0x00000000cb0a0000)
 tenured generation   total 361560K, used 354479K [0x00000000d5550000, 0x00000000eb666000, 0x0000000100000000)
   the space 361560K,  98% used [0x00000000d5550000, 0x00000000eaf7bf90, 0x00000000eaf7c000, 0x00000000eb666000)
 Metaspace       used 81778K, capacity 89902K, committed 89984K, reserved 1126400K
  class space    used 11437K, capacity 13395K, committed 13440K, reserved 1048576K
Event: 110.059 GC heap after
Heap after GC invocations=386 (full 8):
 def new generation   total 162816K, used 8838K [0x00000000c0000000, 0x00000000cb0a0000, 0x00000000d5550000)
  eden space 144768K,   0% used [0x00000000c0000000, 0x00000000c0000000, 0x00000000c8d60000)
  from space 18048K,  48% used [0x00000000c9f00000, 0x00000000ca7a1b70, 0x00000000cb0a0000)
  to   space 18048K,   0% used [0x00000000c8d60000, 0x00000000c8d60000, 0x00000000c9f00000)
 tenured generation   total 361560K, used 354479K [0x00000000d5550000, 0x00000000eb666000, 0x0000000100000000)
   the space 361560K,  98% used [0x00000000d5550000, 0x00000000eaf7bf90, 0x00000000eaf7c000, 0x00000000eb666000)
 Metaspace       used 81778K, capacity 89902K, committed 89984K, reserved 1126400K
  class space    used 11437K, capacity 13395K, committed 13440K, reserved 1048576K
}
Event: 110.345 GC heap before
{Heap before GC invocations=386 (full 8):
 def new generation   total 162816K, used 153606K [0x00000000c0000000, 0x00000000cb0a0000, 0x00000000d5550000)
  eden space 144768K, 100% used [0x00000000c0000000, 0x00000000c8d60000, 0x00000000c8d60000)
  from space 18048K,  48% used [0x00000000c9f00000, 0x00000000ca7a1b70, 0x00000000cb0a0000)
  to   space 18048K,   0% used [0x00000000c8d60000, 0x00000000c8d60000, 0x00000000c9f00000)
 tenured generation   total 361560K, used 354479K [0x00000000d5550000, 0x00000000eb666000, 0x0000000100000000)
   the space 361560K,  98% used [0x00000000d5550000, 0x00000000eaf7bf90, 0x00000000eaf7c000, 0x00000000eb666000)
 Metaspace       used 81789K, capacity 89910K, committed 89984K, reserved 1126400K
  class space    used 11437K, capacity 13395K, committed 13440K, reserved 1048576K
Event: 110.364 GC heap after
Heap after GC invocations=387 (full 8):
 def new generation   total 162816K, used 8873K [0x00000000c0000000, 0x00000000cb0a0000, 0x00000000d5550000)
  eden space 144768K,   0% used [0x00000000c0000000, 0x00000000c0000000, 0x00000000c8d60000)
  from space 18048K,  49% used [0x00000000c8d60000, 0x00000000c960a5c8, 0x00000000c9f00000)
  to   space 18048K,   0% used [0x00000000c9f00000, 0x00000000c9f00000, 0x00000000cb0a0000)
 tenured generation   total 361560K, used 354479K [0x00000000d5550000, 0x00000000eb666000, 0x0000000100000000)
   the space 361560K,  98% used [0x00000000d5550000, 0x00000000eaf7bf90, 0x00000000eaf7c000, 0x00000000eb666000)
 Metaspace       used 81789K, capacity 89910K, committed 89984K, reserved 1126400K
  class space    used 11437K, capacity 13395K, committed 13440K, reserved 1048576K
}
Event: 110.757 GC heap before
{Heap before GC invocations=387 (full 8):
 def new generation   total 162816K, used 153641K [0x00000000c0000000, 0x00000000cb0a0000, 0x00000000d5550000)
  eden space 144768K, 100% used [0x00000000c0000000, 0x00000000c8d60000, 0x00000000c8d60000)
  from space 18048K,  49% used [0x00000000c8d60000, 0x00000000c960a5c8, 0x00000000c9f00000)
  to   space 18048K,   0% used [0x00000000c9f00000, 0x00000000c9f00000, 0x00000000cb0a0000)
 tenured generation   total 361560K, used 354479K [0x00000000d5550000, 0x00000000eb666000, 0x0000000100000000)
   the space 361560K,  98% used [0x00000000d5550000, 0x00000000eaf7bf90, 0x00000000eaf7c000, 0x00000000eb666000)
 Metaspace       used 81806K, capacity 89910K, committed 89984K, reserved 1126400K
  class space    used 11437K, capacity 13395K, committed 13440K, reserved 1048576K
Event: 110.776 GC heap after
Heap after GC invocations=388 (full 8):
 def new generation   total 162816K, used 8901K [0x00000000c0000000, 0x00000000cb0a0000, 0x00000000d5550000)
  eden space 144768K,   0% used [0x00000000c0000000, 0x00000000c0000000, 0x00000000c8d60000)
  from space 18048K,  49% used [0x00000000c9f00000, 0x00000000ca7b16f0, 0x00000000cb0a0000)
  to   space 18048K,   0% used [0x00000000c8d60000, 0x00000000c8d60000, 0x00000000c9f00000)
 tenured generation   total 361560K, used 354479K [0x00000000d5550000, 0x00000000eb666000, 0x0000000100000000)
   the space 361560K,  98% used [0x00000000d5550000, 0x00000000eaf7bf90, 0x00000000eaf7c000, 0x00000000eb666000)
 Metaspace       used 81806K, capacity 89910K, committed 89984K, reserved 1126400K
  class space    used 11437K, capacity 13395K, committed 13440K, reserved 1048576K
}
Event: 111.411 GC heap before
{Heap before GC invocations=388 (full 8):
 def new generation   total 162816K, used 153669K [0x00000000c0000000, 0x00000000cb0a0000, 0x00000000d5550000)
  eden space 144768K, 100% used [0x00000000c0000000, 0x00000000c8d60000, 0x00000000c8d60000)
  from space 18048K,  49% used [0x00000000c9f00000, 0x00000000ca7b16f0, 0x00000000cb0a0000)
  to   space 18048K,   0% used [0x00000000c8d60000, 0x00000000c8d60000, 0x00000000c9f00000)
 tenured generation   total 361560K, used 354479K [0x00000000d5550000, 0x00000000eb666000, 0x0000000100000000)
   the space 361560K,  98% used [0x00000000d5550000, 0x00000000eaf7bf90, 0x00000000eaf7c000, 0x00000000eb666000)
 Metaspace       used 81820K, capacity 89910K, committed 89984K, reserved 1126400K
  class space    used 11437K, capacity 13395K, committed 13440K, reserved 1048576K
Event: 111.436 GC heap after
Heap after GC invocations=389 (full 8):
 def new generation   total 162816K, used 6618K [0x00000000c0000000, 0x00000000cb0a0000, 0x00000000d5550000)
  eden space 144768K,   0% used [0x00000000c0000000, 0x00000000c0000000, 0x00000000c8d60000)
  from space 18048K,  36% used [0x00000000c8d60000, 0x00000000c93d6810, 0x00000000c9f00000)
  to   space 18048K,   0% used [0x00000000c9f00000, 0x00000000c9f00000, 0x00000000cb0a0000)
 tenured generation   total 361560K, used 357013K [0x00000000d5550000, 0x00000000eb666000, 0x0000000100000000)
   the space 361560K,  98% used [0x00000000d5550000, 0x00000000eb1f5560, 0x00000000eb1f5600, 0x00000000eb666000)
 Metaspace       used 81820K, capacity 89910K, committed 89984K, reserved 1126400K
  class space    used 11437K, capacity 13395K, committed 13440K, reserved 1048576K
}
Event: 111.738 GC heap before
{Heap before GC invocations=389 (full 8):
 def new generation   total 162816K, used 151386K [0x00000000c0000000, 0x00000000cb0a0000, 0x00000000d5550000)
  eden space 144768K, 100% used [0x00000000c0000000, 0x00000000c8d60000, 0x00000000c8d60000)
  from space 18048K,  36% used [0x00000000c8d60000, 0x00000000c93d6810, 0x00000000c9f00000)
  to   space 18048K,   0% used [0x00000000c9f00000, 0x00000000c9f00000, 0x00000000cb0a0000)
 tenured generation   total 361560K, used 357013K [0x00000000d5550000, 0x00000000eb666000, 0x0000000100000000)
   the space 361560K,  98% used [0x00000000d5550000, 0x00000000eb1f5560, 0x00000000eb1f5600, 0x00000000eb666000)
 Metaspace       used 81821K, capacity 89910K, committed 89984K, reserved 1126400K
  class space    used 11437K, capacity 13395K, committed 13440K, reserved 1048576K

