# JRE version: OpenJDK Runtime Environment (8.0_212-b01) (build 1.8.0_212-8u212-b01-1+rpi1-b01)
# Java VM: OpenJDK Client VM (25.212-b01 mixed mode linux-aarch32 )
Heap:
 def new generation   total 194176K, used 157682K [0x72e00000, 0x800b0000, 0x88350000)
  eden space 172608K,  90% used [0x72e00000, 0x7c64d4e0, 0x7d690000)
  from space 21568K,   7% used [0x7d690000, 0x7d83f3d0, 0x7eba0000)
  to   space 21568K,   0% used [0x7eba0000, 0x7eba0000, 0x800b0000)
 tenured generation   total 431316K, used 325356K [0x88350000, 0xa2885000, 0xb2e00000)
   the space 431316K,  75% used [0x88350000, 0x9c10b078, 0x9c10b200, 0xa2885000)
 Metaspace       used 52734K, capacity 60726K, committed 60800K, reserved 61744K
GC Heap History (10 events):
Event: 1543.723 GC heap before
{Heap before GC invocations=612 (full 4):
 def new generation   total 194176K, used 174760K [0x72e00000, 0x800b0000, 0x88350000)
  eden space 172608K, 100% used [0x72e00000, 0x7d690000, 0x7d690000)
  from space 21568K,   9% used [0x7eba0000, 0x7edba338, 0x800b0000)
  to   space 21568K,   0% used [0x7d690000, 0x7d690000, 0x7eba0000)
 tenured generation   total 431316K, used 325010K [0x88350000, 0xa2885000, 0xb2e00000)
   the space 431316K,  75% used [0x88350000, 0x9c0b4928, 0x9c0b4a00, 0xa2885000)
 Metaspace       used 52721K, capacity 60716K, committed 60800K, reserved 61744K
Event: 1543.740 GC heap after
Heap after GC invocations=613 (full 4):
 def new generation   total 194176K, used 2371K [0x72e00000, 0x800b0000, 0x88350000)
  eden space 172608K,   0% used [0x72e00000, 0x72e00000, 0x7d690000)
  from space 21568K,  10% used [0x7d690000, 0x7d8e0ea0, 0x7eba0000)
  to   space 21568K,   0% used [0x7eba0000, 0x7eba0000, 0x800b0000)
 tenured generation   total 431316K, used 325038K [0x88350000, 0xa2885000, 0xb2e00000)
   the space 431316K,  75% used [0x88350000, 0x9c0bb8f8, 0x9c0bba00, 0xa2885000)
 Metaspace       used 52721K, capacity 60716K, committed 60800K, reserved 61744K
}
Event: 1552.066 GC heap before
{Heap before GC invocations=613 (full 4):
 def new generation   total 194176K, used 174979K [0x72e00000, 0x800b0000, 0x88350000)
  eden space 172608K, 100% used [0x72e00000, 0x7d690000, 0x7d690000)
  from space 21568K,  10% used [0x7d690000, 0x7d8e0ea0, 0x7eba0000)
  to   space 21568K,   0% used [0x7eba0000, 0x7eba0000, 0x800b0000)
 tenured generation   total 431316K, used 325038K [0x88350000, 0xa2885000, 0xb2e00000)
   the space 431316K,  75% used [0x88350000, 0x9c0bb8f8, 0x9c0bba00, 0xa2885000)
 Metaspace       used 52725K, capacity 60721K, committed 60800K, reserved 61744K
Event: 1552.082 GC heap after
Heap after GC invocations=614 (full 4):
 def new generation   total 194176K, used 2257K [0x72e00000, 0x800b0000, 0x88350000)
  eden space 172608K,   0% used [0x72e00000, 0x72e00000, 0x7d690000)
  from space 21568K,  10% used [0x7eba0000, 0x7edd45a8, 0x800b0000)
  to   space 21568K,   0% used [0x7d690000, 0x7d690000, 0x7eba0000)
 tenured generation   total 431316K, used 325046K [0x88350000, 0xa2885000, 0xb2e00000)
   the space 431316K,  75% used [0x88350000, 0x9c0bdb78, 0x9c0bdc00, 0xa2885000)
 Metaspace       used 52725K, capacity 60721K, committed 60800K, reserved 61744K
}
Event: 1560.903 GC heap before
{Heap before GC invocations=614 (full 4):
 def new generation   total 194176K, used 174865K [0x72e00000, 0x800b0000, 0x88350000)
  eden space 172608K, 100% used [0x72e00000, 0x7d690000, 0x7d690000)
  from space 21568K,  10% used [0x7eba0000, 0x7edd45a8, 0x800b0000)
  to   space 21568K,   0% used [0x7d690000, 0x7d690000, 0x7eba0000)
 tenured generation   total 431316K, used 325046K [0x88350000, 0xa2885000, 0xb2e00000)
   the space 431316K,  75% used [0x88350000, 0x9c0bdb78, 0x9c0bdc00, 0xa2885000)
 Metaspace       used 52725K, capacity 60721K, committed 60800K, reserved 61744K
Event: 1560.919 GC heap after
Heap after GC invocations=615 (full 4):
 def new generation   total 194176K, used 2180K [0x72e00000, 0x800b0000, 0x88350000)
  eden space 172608K,   0% used [0x72e00000, 0x72e00000, 0x7d690000)
  from space 21568K,  10% used [0x7d690000, 0x7d8b10e8, 0x7eba0000)
  to   space 21568K,   0% used [0x7eba0000, 0x7eba0000, 0x800b0000)
 tenured generation   total 431316K, used 325079K [0x88350000, 0xa2885000, 0xb2e00000)
   the space 431316K,  75% used [0x88350000, 0x9c0c5d08, 0x9c0c5e00, 0xa2885000)
 Metaspace       used 52725K, capacity 60721K, committed 60800K, reserved 61744K
}
Event: 1569.318 GC heap before
{Heap before GC invocations=615 (full 4):
 def new generation   total 194176K, used 174788K [0x72e00000, 0x800b0000, 0x88350000)
  eden space 172608K, 100% used [0x72e00000, 0x7d690000, 0x7d690000)
  from space 21568K,  10% used [0x7d690000, 0x7d8b10e8, 0x7eba0000)
  to   space 21568K,   0% used [0x7eba0000, 0x7eba0000, 0x800b0000)
 tenured generation   total 431316K, used 325079K [0x88350000, 0xa2885000, 0xb2e00000)
   the space 431316K,  75% used [0x88350000, 0x9c0c5d08, 0x9c0c5e00, 0xa2885000)
 Metaspace       used 52725K, capacity 60721K, committed 60800K, reserved 61744K
Event: 1569.333 GC heap after
Heap after GC invocations=616 (full 4):
 def new generation   total 194176K, used 1777K [0x72e00000, 0x800b0000, 0x88350000)
  eden space 172608K,   0% used [0x72e00000, 0x72e00000, 0x7d690000)
  from space 21568K,   8% used [0x7eba0000, 0x7ed5c570, 0x800b0000)
  to   space 21568K,   0% used [0x7d690000, 0x7d690000, 0x7eba0000)
 tenured generation   total 431316K, used 325343K [0x88350000, 0xa2885000, 0xb2e00000)
   the space 431316K,  75% used [0x88350000, 0x9c107ff8, 0x9c108000, 0xa2885000)
 Metaspace       used 52725K, capacity 60721K, committed 60800K, reserved 61744K
}
Event: 1577.830 GC heap before
{Heap before GC invocations=616 (full 4):
 def new generation   total 194176K, used 174385K [0x72e00000, 0x800b0000, 0x88350000)
  eden space 172608K, 100% used [0x72e00000, 0x7d690000, 0x7d690000)
  from space 21568K,   8% used [0x7eba0000, 0x7ed5c570, 0x800b0000)
  to   space 21568K,   0% used [0x7d690000, 0x7d690000, 0x7eba0000)
 tenured generation   total 431316K, used 325343K [0x88350000, 0xa2885000, 0xb2e00000)
   the space 431316K,  75% used [0x88350000, 0x9c107ff8, 0x9c108000, 0xa2885000)
 Metaspace       used 52725K, capacity 60721K, committed 60800K, reserved 61744K
Event: 1577.845 GC heap after
Heap after GC invocations=617 (full 4):
 def new generation   total 194176K, used 1724K [0x72e00000, 0x800b0000, 0x88350000)
  eden space 172608K,   0% used [0x72e00000, 0x72e00000, 0x7d690000)
  from space 21568K,   7% used [0x7d690000, 0x7d83f3d0, 0x7eba0000)
  to   space 21568K,   0% used [0x7eba0000, 0x7eba0000, 0x800b0000)
 tenured generation   total 431316K, used 325356K [0x88350000, 0xa2885000, 0xb2e00000)
   the space 431316K,  75% used [0x88350000, 0x9c10b078, 0x9c10b200, 0xa2885000)
 Metaspace       used 52725K, capacity 60721K, committed 60800K, reserved 61744K
}

